#
# There is insufficient memory for the Java Runtime Environment to continue.
# Native memory allocation (mmap) failed to map 49283072 bytes for committing reserved memory.
# Possible reasons:
#   The system is out of physical RAM or swap space
#   In 32 bit mode, the process size limit was hit
# Possible solutions:
#   Reduce memory load on the system
#   Increase physical memory or swap space
#   Check if swap backing store is full
#   Use 64 bit Java on a 64 bit OS
#   Decrease Java heap size (-Xmx/-Xms)
#   Decrease number of Java threads
#   Decrease Java thread stack sizes (-Xss)
#   Set larger code cache with -XX:ReservedCodeCacheSize=
# This output file may be truncated or incomplete.
#
#  Out of Memory Error (os_linux.cpp:2627), pid=17415, tid=0x00007fe5daefe700
#
# JRE version: Java(TM) SE Runtime Environment (8.0_111-b14) (build 1.8.0_111-b14)
# Java VM: Java HotSpot(TM) 64-Bit Server VM (25.111-b14 mixed mode linux-amd64 compressed oops)
# Failed to write core dump. Core dumps have been disabled. To enable core dumping, try "ulimit -c unlimited" before starting Java again
#

---------------  T H R E A D  ---------------

Current thread (0x00007fe5ec078000):  VMThread [stack: 0x00007fe5dadfe000,0x00007fe5daeff000] [id=17423]

Stack: [0x00007fe5dadfe000,0x00007fe5daeff000],  sp=0x00007fe5daefd1e0,  free space=1020k
Native frames: (J=compiled Java code, j=interpreted, Vv=VM code, C=native code)
V  [libjvm.so+0xac5c2a]  VMError::report_and_die()+0x2ba
V  [libjvm.so+0x4fc50b]  report_vm_out_of_memory(char const*, int, unsigned long, VMErrorType, char const*)+0x8b
V  [libjvm.so+0x922ae3]  os::Linux::commit_memory_impl(char*, unsigned long, bool)+0x103
V  [libjvm.so+0x923039]  os::pd_commit_memory(char*, unsigned long, unsigned long, bool)+0x29
V  [libjvm.so+0x91d33a]  os::commit_memory(char*, unsigned long, unsigned long, bool)+0x2a
V  [libjvm.so+0x991ac3]  PSVirtualSpace::expand_by(unsigned long)+0x53
V  [libjvm.so+0x982380]  PSOldGen::expand(unsigned long)+0x170
V  [libjvm.so+0x98258b]  PSOldGen::resize(unsigned long)+0x1cb
V  [libjvm.so+0x98a291]  PSParallelCompact::invoke_no_policy(bool)+0x991
V  [libjvm.so+0x98fbed]  PSScavenge::invoke()+0x1ad
V  [libjvm.so+0x9467d0]  ParallelScavengeHeap::failed_mem_allocate(unsigned long)+0x70
V  [libjvm.so+0xac7647]  VM_ParallelGCFailedAllocation::doit()+0x97
V  [libjvm.so+0xacf125]  VM_Operation::evaluate()+0x55
V  [libjvm.so+0xacd4fa]  VMThread::evaluate_operation(VM_Operation*)+0xba
V  [libjvm.so+0xacd87e]  VMThread::loop()+0x1ce
V  [libjvm.so+0xacdcf0]  VMThread::run()+0x70
V  [libjvm.so+0x924ea8]  java_start(Thread*)+0x108

VM_Operation (0x00007fe5d87def00): ParallelGCFailedAllocation, mode: safepoint, requested by thread 0x00007fe598016800


---------------  P R O C E S S  ---------------

Java Threads: ( => current thread )
  0x00007fe560001800 JavaThread "process reaper" daemon [_thread_blocked, id=17658, stack(0x00007fe5d0fcf000,0x00007fe5d1008000)]
  0x00007fe564003000 JavaThread "process reaper" daemon [_thread_blocked, id=17657, stack(0x00007fe5d1008000,0x00007fe5d1041000)]
  0x00007fe578005000 JavaThread "process reaper" daemon [_thread_blocked, id=17656, stack(0x00007fe5d1041000,0x00007fe5d107a000)]
  0x00000000020b0800 JavaThread "process reaper" daemon [_thread_blocked, id=17655, stack(0x00007fe5d1e87000,0x00007fe5d1ec0000)]
  0x00007fe568001800 JavaThread "process reaper" daemon [_thread_blocked, id=17654, stack(0x00007fe5d812f000,0x00007fe5d8168000)]
  0x00007fe58c052800 JavaThread "pool-4-thread-3" [_thread_blocked, id=17648, stack(0x00007fe5d127c000,0x00007fe5d137d000)]
  0x00007fe58c0e5800 JavaThread "pool-4-thread-2" [_thread_blocked, id=17642, stack(0x00007fe5d157d000,0x00007fe5d167e000)]
  0x00007fe58c0e4800 JavaThread "pool-4-thread-1" [_thread_blocked, id=17641, stack(0x00007fe5d1b83000,0x00007fe5d1c84000)]
  0x00007fe58c017800 JavaThread "Stdin handler" [_thread_blocked, id=17636, stack(0x00007fe5d83e1000,0x00007fe5d84e2000)]
  0x00007fe58c016000 JavaThread "Asynchronous log dispatcher for org.gradle.launcher.daemon.server.DefaultDaemonConnection@18fd0594" [_thread_blocked, id=17635, stack(0x00007fe5d84e2000,0x00007fe5d85e3000)]
  0x00007fe598016800 JavaThread "Daemon worker Thread 2" [_thread_blocked, id=17633, stack(0x00007fe5d86e4000,0x00007fe5d87e5000)]
  0x00007fe59800c800 JavaThread "Cancel handler" [_thread_blocked, id=17632, stack(0x00007fe5d87e5000,0x00007fe5d88e6000)]
  0x00007fe598008000 JavaThread "Handler for socket connection from /127.0.0.1:48874 to /127.0.0.1:46362" [_thread_in_native, id=17631, stack(0x00007fe5d85e3000,0x00007fe5d86e4000)]
  0x00007fe594015000 JavaThread "Daemon Thread 2" [_thread_blocked, id=17630, stack(0x00007fe5d88e6000,0x00007fe5d89e7000)]
  0x00007fe584825000 JavaThread "pool-3-thread-2" [_thread_blocked, id=17476, stack(0x00007fe5d1981000,0x00007fe5d1a82000)]
  0x00007fe578002000 JavaThread "pool-3-thread-1" [_thread_blocked, id=17449, stack(0x00007fe5d1a82000,0x00007fe5d1b83000)]
  0x00007fe584ce8800 JavaThread "File lock request listener" [_thread_in_native, id=17445, stack(0x00007fe5d802e000,0x00007fe5d812f000)]
  0x00007fe5ecb6c800 JavaThread "Incoming local TCP Connector on port 48874" [_thread_in_native, id=17433, stack(0x00007fe5d8bee000,0x00007fe5d8cef000)]
  0x00007fe5ecb39000 JavaThread "pool-1-thread-1" [_thread_blocked, id=17432, stack(0x00007fe5d8cef000,0x00007fe5d8df0000)]
  0x00007fe5ec0c0000 JavaThread "Service Thread" daemon [_thread_blocked, id=17430, stack(0x00007fe5da015000,0x00007fe5da116000)]
  0x00007fe5ec0bd000 JavaThread "C1 CompilerThread2" daemon [_thread_blocked, id=17429, stack(0x00007fe5da116000,0x00007fe5da217000)]
  0x00007fe5ec0bb000 JavaThread "C2 CompilerThread1" daemon [_thread_blocked, id=17428, stack(0x00007fe5da217000,0x00007fe5da318000)]
  0x00007fe5ec0b8800 JavaThread "C2 CompilerThread0" daemon [_thread_blocked, id=17427, stack(0x00007fe5da318000,0x00007fe5da419000)]
  0x00007fe5ec0b7000 JavaThread "Signal Dispatcher" daemon [_thread_blocked, id=17426, stack(0x00007fe5da419000,0x00007fe5da51a000)]
  0x00007fe5ec084000 JavaThread "Finalizer" daemon [_thread_blocked, id=17425, stack(0x00007fe5dabfc000,0x00007fe5dacfd000)]
  0x00007fe5ec07f800 JavaThread "Reference Handler" daemon [_thread_blocked, id=17424, stack(0x00007fe5dacfd000,0x00007fe5dadfe000)]
  0x00007fe5ec00a000 JavaThread "main" [_thread_blocked, id=17416, stack(0x00007fe5f54e6000,0x00007fe5f55e7000)]

Other Threads:
=>0x00007fe5ec078000 VMThread [stack: 0x00007fe5dadfe000,0x00007fe5daeff000] [id=17423]
  0x00007fe5ec0c2800 WatcherThread [stack: 0x00007fe5d9f14000,0x00007fe5da015000] [id=17431]

VM state:at safepoint (normal execution)

VM Mutex/Monitor currently owned by a thread:  ([mutex/lock_event])
[0x00007fe5ec005c00] ExpandHeap_lock - owner thread: 0x00007fe5ec078000
[0x00007fe5ec006280] Threads_lock - owner thread: 0x00007fe5ec078000
[0x00007fe5ec006780] Heap_lock - owner thread: 0x00007fe598016800

Heap:
 PSYoungGen      total 164864K, used 5016K [0x00000000eab00000, 0x00000000f6780000, 0x0000000100000000)
  eden space 150528K, 0% used [0x00000000eab00000,0x00000000eab00000,0x00000000f3e00000)
  from space 14336K, 34% used [0x00000000f5980000,0x00000000f5e66170,0x00000000f6780000)
  to   space 18944K, 0% used [0x00000000f4280000,0x00000000f4280000,0x00000000f5500000)
 ParOldGen       total 53760K, used 53312K [0x00000000c0000000, 0x00000000c3480000, 0x00000000eab00000)
  object space 53760K, 99% used [0x00000000c0000000,0x00000000c3410008,0x00000000c3480000)
 Metaspace       used 64274K, capacity 65550K, committed 65792K, reserved 1105920K
  class space    used 8314K, capacity 8632K, committed 8704K, reserved 1048576K

Card table byte_map: [0x00007fe5f20a2000,0x00007fe5f22a3000] byte_map_base: 0x00007fe5f1aa2000

Marking Bits: (ParMarkBitMap*) 0x00007fe5f49c4220
 Begin Bits: [0x00007fe5db000000, 0x00007fe5dc000000)
 End Bits:   [0x00007fe5dc000000, 0x00007fe5dd000000)

Polling page: 0x00007fe5f560d000

CodeCache: size=245760Kb used=28351Kb max_used=28351Kb free=217408Kb
 bounds [0x00007fe5dd000000, 0x00007fe5debe0000, 0x00007fe5ec000000]
 total_blobs=9388 nmethods=8633 adapters=667
 compilation: enabled

Compilation events (10 events):
Event: 310.386 Thread 0x00007fe5ec0bd000 nmethod 10518 0x00007fe5debcbf50 code [0x00007fe5debcc300, 0x00007fe5debce918]
Event: 310.386 Thread 0x00007fe5ec0bd000 10509       3       org.eclipse.jdt.internal.compiler.parser.Parser::recoveryExitFromVariable (127 bytes)
Event: 310.386 Thread 0x00007fe5ec0bd000 nmethod 10509 0x00007fe5debba2d0 code [0x00007fe5debba4a0, 0x00007fe5debbaeb8]
Event: 310.386 Thread 0x00007fe5ec0bd000 10517       3       org.eclipse.jdt.internal.compiler.parser.Parser::updateSourceDeclarationParts (107 bytes)
Event: 310.387 Thread 0x00007fe5ec0bd000 nmethod 10517 0x00007fe5debbf690 code [0x00007fe5debbf820, 0x00007fe5debbfcb0]
Event: 310.387 Thread 0x00007fe5ec0bd000 10512       3       org.eclipse.jdt.internal.compiler.parser.Parser::consumeExitVariableWithInitialization (70 bytes)
Event: 310.387 Thread 0x00007fe5ec0bd000 nmethod 10512 0x00007fe5debbef90 code [0x00007fe5debbf120, 0x00007fe5debbf4a8]
Event: 310.387 Thread 0x00007fe5ec0bd000 10534       2       org.eclipse.jdt.internal.compiler.parser.JavadocParser::parseSimpleTag (367 bytes)
Event: 310.388 Thread 0x00007fe5ec0bd000 nmethod 10534 0x00007fe5debbe0d0 code [0x00007fe5debbe300, 0x00007fe5debbe948]
Event: 310.388 Thread 0x00007fe5ec0bd000 10532       2       org.eclipse.jdt.internal.compiler.parser.Scanner::recordComment (165 bytes)

GC Heap History (10 events):
Event: 24.969 GC heap after
Heap after GC invocations=17 (full 2):
 PSYoungGen      total 138752K, used 6114K [0x00000000eab00000, 0x00000000f4580000, 0x0000000100000000)
  eden space 122368K, 0% used [0x00000000eab00000,0x00000000eab00000,0x00000000f2280000)
  from space 16384K, 37% used [0x00000000f2280000,0x00000000f2878960,0x00000000f3280000)
  to   space 15872K, 0% used [0x00000000f3600000,0x00000000f3600000,0x00000000f4580000)
 ParOldGen       total 53760K, used 39688K [0x00000000c0000000, 0x00000000c3480000, 0x00000000eab00000)
  object space 53760K, 73% used [0x00000000c0000000,0x00000000c26c2078,0x00000000c3480000)
 Metaspace       used 53825K, capacity 54826K, committed 55040K, reserved 1097728K
  class space    used 7345K, capacity 7628K, committed 7680K, reserved 1048576K
}
Event: 24.969 GC heap before
{Heap before GC invocations=18 (full 3):
 PSYoungGen      total 138752K, used 6114K [0x00000000eab00000, 0x00000000f4580000, 0x0000000100000000)
  eden space 122368K, 0% used [0x00000000eab00000,0x00000000eab00000,0x00000000f2280000)
  from space 16384K, 37% used [0x00000000f2280000,0x00000000f2878960,0x00000000f3280000)
  to   space 15872K, 0% used [0x00000000f3600000,0x00000000f3600000,0x00000000f4580000)
 ParOldGen       total 53760K, used 39688K [0x00000000c0000000, 0x00000000c3480000, 0x00000000eab00000)
  object space 53760K, 73% used [0x00000000c0000000,0x00000000c26c2078,0x00000000c3480000)
 Metaspace       used 53825K, capacity 54826K, committed 55040K, reserved 1097728K
  class space    used 7345K, capacity 7628K, committed 7680K, reserved 1048576K
Event: 25.265 GC heap after
Heap after GC invocations=18 (full 3):
 PSYoungGen      total 138752K, used 0K [0x00000000eab00000, 0x00000000f4580000, 0x0000000100000000)
  eden space 122368K, 0% used [0x00000000eab00000,0x00000000eab00000,0x00000000f2280000)
  from space 16384K, 0% used [0x00000000f2280000,0x00000000f2280000,0x00000000f3280000)
  to   space 15872K, 0% used [0x00000000f3600000,0x00000000f3600000,0x00000000f4580000)
 ParOldGen       total 53760K, used 34482K [0x00000000c0000000, 0x00000000c3480000, 0x00000000eab00000)
  object space 53760K, 64% used [0x00000000c0000000,0x00000000c21ac818,0x00000000c3480000)
 Metaspace       used 53825K, capacity 54826K, committed 55040K, reserved 1097728K
  class space    used 7345K, capacity 7628K, committed 7680K, reserved 1048576K
}
Event: 300.553 GC heap before
{Heap before GC invocations=19 (full 3):
 PSYoungGen      total 138752K, used 122368K [0x00000000eab00000, 0x00000000f4580000, 0x0000000100000000)
  eden space 122368K, 100% used [0x00000000eab00000,0x00000000f2280000,0x00000000f2280000)
  from space 16384K, 0% used [0x00000000f2280000,0x00000000f2280000,0x00000000f3280000)
  to   space 15872K, 0% used [0x00000000f3600000,0x00000000f3600000,0x00000000f4580000)
 ParOldGen       total 53760K, used 34482K [0x00000000c0000000, 0x00000000c3480000, 0x00000000eab00000)
  object space 53760K, 64% used [0x00000000c0000000,0x00000000c21ac818,0x00000000c3480000)
 Metaspace       used 54657K, capacity 55872K, committed 56192K, reserved 1097728K
  class space    used 7387K, capacity 7689K, committed 7808K, reserved 1048576K
Event: 300.565 GC heap after
Heap after GC invocations=19 (full 3):
 PSYoungGen      total 143360K, used 6862K [0x00000000eab00000, 0x00000000f6480000, 0x0000000100000000)
  eden space 127488K, 0% used [0x00000000eab00000,0x00000000eab00000,0x00000000f2780000)
  from space 15872K, 43% used [0x00000000f3600000,0x00000000f3cb3bb8,0x00000000f4580000)
  to   space 14848K, 0% used [0x00000000f2780000,0x00000000f2780000,0x00000000f3600000)
 ParOldGen       total 53760K, used 34490K [0x00000000c0000000, 0x00000000c3480000, 0x00000000eab00000)
  object space 53760K, 64% used [0x00000000c0000000,0x00000000c21ae818,0x00000000c3480000)
 Metaspace       used 54657K, capacity 55872K, committed 56192K, reserved 1097728K
  class space    used 7387K, capacity 7689K, committed 7808K, reserved 1048576K
}
Event: 305.493 GC heap before
{Heap before GC invocations=20 (full 3):
 PSYoungGen      total 143360K, used 134350K [0x00000000eab00000, 0x00000000f6480000, 0x0000000100000000)
  eden space 127488K, 100% used [0x00000000eab00000,0x00000000f2780000,0x00000000f2780000)
  from space 15872K, 43% used [0x00000000f3600000,0x00000000f3cb3bb8,0x00000000f4580000)
  to   space 14848K, 0% used [0x00000000f2780000,0x00000000f2780000,0x00000000f3600000)
 ParOldGen       total 53760K, used 34490K [0x00000000c0000000, 0x00000000c3480000, 0x00000000eab00000)
  object space 53760K, 64% used [0x00000000c0000000,0x00000000c21ae818,0x00000000c3480000)
 Metaspace       used 56579K, capacity 57758K, committed 57856K, reserved 1099776K
  class space    used 7570K, capacity 7886K, committed 7936K, reserved 1048576K
Event: 305.551 GC heap after
Heap after GC invocations=20 (full 3):
 PSYoungGen      total 142336K, used 6121K [0x00000000eab00000, 0x00000000f6780000, 0x0000000100000000)
  eden space 127488K, 0% used [0x00000000eab00000,0x00000000eab00000,0x00000000f2780000)
  from space 14848K, 41% used [0x00000000f2780000,0x00000000f2d7a400,0x00000000f3600000)
  to   space 14336K, 0% used [0x00000000f5980000,0x00000000f5980000,0x00000000f6780000)
 ParOldGen       total 53760K, used 39581K [0x00000000c0000000, 0x00000000c3480000, 0x00000000eab00000)
  object space 53760K, 73% used [0x00000000c0000000,0x00000000c26a7470,0x00000000c3480000)
 Metaspace       used 56579K, capacity 57758K, committed 57856K, reserved 1099776K
  class space    used 7570K, capacity 7886K, committed 7936K, reserved 1048576K
}
Event: 310.391 GC heap before
{Heap before GC invocations=21 (full 3):
 PSYoungGen      total 142336K, used 133609K [0x00000000eab00000, 0x00000000f6780000, 0x0000000100000000)
  eden space 127488K, 100% used [0x00000000eab00000,0x00000000f2780000,0x00000000f2780000)
  from space 14848K, 41% used [0x00000000f2780000,0x00000000f2d7a400,0x00000000f3600000)
  to   space 14336K, 0% used [0x00000000f5980000,0x00000000f5980000,0x00000000f6780000)
 ParOldGen       total 53760K, used 39581K [0x00000000c0000000, 0x00000000c3480000, 0x00000000eab00000)
  object space 53760K, 73% used [0x00000000c0000000,0x00000000c26a7470,0x00000000c3480000)
 Metaspace       used 64274K, capacity 65550K, committed 65792K, reserved 1105920K
  class space    used 8314K, capacity 8632K, committed 8704K, reserved 1048576K
Event: 310.457 GC heap after
Heap after GC invocations=21 (full 3):
 PSYoungGen      total 164864K, used 14305K [0x00000000eab00000, 0x00000000f6780000, 0x0000000100000000)
  eden space 150528K, 0% used [0x00000000eab00000,0x00000000eab00000,0x00000000f3e00000)
  from space 14336K, 99% used [0x00000000f5980000,0x00000000f6778668,0x00000000f6780000)
  to   space 18944K, 0% used [0x00000000f4280000,0x00000000f4280000,0x00000000f5500000)
 ParOldGen       total 53760K, used 46497K [0x00000000c0000000, 0x00000000c3480000, 0x00000000eab00000)
  object space 53760K, 86% used [0x00000000c0000000,0x00000000c2d68478,0x00000000c3480000)
 Metaspace       used 64274K, capacity 65550K, committed 65792K, reserved 1105920K
  class space    used 8314K, capacity 8632K, committed 8704K, reserved 1048576K
}
Event: 310.492 GC heap before
{Heap before GC invocations=22 (full 4):
 PSYoungGen      total 164864K, used 14305K [0x00000000eab00000, 0x00000000f6780000, 0x0000000100000000)
  eden space 150528K, 0% used [0x00000000eab00000,0x00000000eab00000,0x00000000f3e00000)
  from space 14336K, 99% used [0x00000000f5980000,0x00000000f6778668,0x00000000f6780000)
  to   space 18944K, 0% used [0x00000000f4280000,0x00000000f4280000,0x00000000f5500000)
 ParOldGen       total 53760K, used 46497K [0x00000000c0000000, 0x00000000c3480000, 0x00000000eab00000)
  object space 53760K, 86% used [0x00000000c0000000,0x00000000c2d68478,0x00000000c3480000)
 Metaspace       used 64274K, capacity 65550K, committed 65792K, reserved 1105920K
  class space    used 8314K, capacity 8632K, committed 8704K, reserved 1048576K

Deoptimization events (10 events):
Event: 308.663 Thread 0x00007fe598016800 Uncommon trap: reason=unstable_if action=reinterpret pc=0x00007fe5ddac6070 method=org.codehaus.groovy.util.ReferenceManager$2.afterReferenceCreation(Lorg/codehaus/groovy/util/Reference;)V @ 8
Event: 309.203 Thread 0x00007fe598016800 Uncommon trap: reason=bimorphic action=maybe_recompile pc=0x00007fe5de6bb4b4 method=com.sun.org.apache.xerces.internal.dom.NamedNodeMapImpl.findNamePoint(Ljava/lang/String;I)I @ 57
Event: 309.204 Thread 0x00007fe598016800 Uncommon trap: reason=bimorphic action=maybe_recompile pc=0x00007fe5de7da404 method=com.sun.org.apache.xerces.internal.dom.NamedNodeMapImpl.findNamePoint(Ljava/lang/String;I)I @ 57
Event: 309.204 Thread 0x00007fe598016800 Uncommon trap: reason=bimorphic action=maybe_recompile pc=0x00007fe5de7da404 method=com.sun.org.apache.xerces.internal.dom.NamedNodeMapImpl.findNamePoint(Ljava/lang/String;I)I @ 57
Event: 309.204 Thread 0x00007fe598016800 Uncommon trap: reason=bimorphic action=maybe_recompile pc=0x00007fe5de7da404 method=com.sun.org.apache.xerces.internal.dom.NamedNodeMapImpl.findNamePoint(Ljava/lang/String;I)I @ 57
Event: 309.236 Thread 0x00007fe598016800 Uncommon trap: reason=bimorphic action=maybe_recompile pc=0x00007fe5de6bb4b4 method=com.sun.org.apache.xerces.internal.dom.NamedNodeMapImpl.findNamePoint(Ljava/lang/String;I)I @ 57
Event: 309.237 Thread 0x00007fe598016800 Uncommon trap: reason=unstable_if action=reinterpret pc=0x00007fe5de78d1f8 method=com.sun.org.apache.xerces.internal.util.SymbolTable.addSymbol([CII)Ljava/lang/String; @ 64
Event: 309.237 Thread 0x00007fe598016800 Uncommon trap: reason=unstable_if action=reinterpret pc=0x00007fe5de716534 method=com.sun.org.apache.xerces.internal.util.SymbolTable.addSymbol([CII)Ljava/lang/String; @ 64
Event: 309.298 Thread 0x00007fe598016800 Uncommon trap: reason=unstable_if action=reinterpret pc=0x00007fe5dd8abd84 method=java.lang.String.lastIndexOf([CII[CIII)I @ 17
Event: 309.433 Thread 0x00007fe598016800 Uncommon trap: reason=unstable_if action=reinterpret pc=0x00007fe5ddbeab1c method=java.lang.CharacterData.of(I)Ljava/lang/CharacterData; @ 4

Internal exceptions (10 events):
Event: 310.214 Thread 0x00007fe598016800 Exception <a 'java/lang/ArrayIndexOutOfBoundsException': 2324> (0x00000000f25b9910) thrown at [/HUDSON3/workspace/8-2-build-linux-amd64/jdk8u111/7883/hotspot/src/share/vm/interpreter/interpreterRuntime.cpp, line 366]
Event: 310.239 Thread 0x00007fe598016800 Exception <a 'java/lang/ArrayIndexOutOfBoundsException': 44465> (0x00000000f25cc908) thrown at [/HUDSON3/workspace/8-2-build-linux-amd64/jdk8u111/7883/hotspot/src/share/vm/interpreter/interpreterRuntime.cpp, line 366]
Event: 310.242 Thread 0x00007fe598016800 Exception <a 'java/lang/ArrayIndexOutOfBoundsException': 5276> (0x00000000f25d0468) thrown at [/HUDSON3/workspace/8-2-build-linux-amd64/jdk8u111/7883/hotspot/src/share/vm/interpreter/interpreterRuntime.cpp, line 366]
Event: 310.243 Thread 0x00007fe598016800 Exception <a 'java/lang/ArrayIndexOutOfBoundsException': 2333> (0x00000000f25d2260) thrown at [/HUDSON3/workspace/8-2-build-linux-amd64/jdk8u111/7883/hotspot/src/share/vm/interpreter/interpreterRuntime.cpp, line 366]
Event: 310.246 Thread 0x00007fe598016800 Exception <a 'java/lang/ArrayIndexOutOfBoundsException': 2316> (0x00000000f25d4688) thrown at [/HUDSON3/workspace/8-2-build-linux-amd64/jdk8u111/7883/hotspot/src/share/vm/interpreter/interpreterRuntime.cpp, line 366]
Event: 310.250 Thread 0x00007fe598016800 Exception <a 'java/lang/ArrayIndexOutOfBoundsException': 4451> (0x00000000f25d6bc0) thrown at [/HUDSON3/workspace/8-2-build-linux-amd64/jdk8u111/7883/hotspot/src/share/vm/interpreter/interpreterRuntime.cpp, line 366]
Event: 310.254 Thread 0x00007fe598016800 Exception <a 'java/lang/ArrayIndexOutOfBoundsException': 7120> (0x00000000f25d92c8) thrown at [/HUDSON3/workspace/8-2-build-linux-amd64/jdk8u111/7883/hotspot/src/share/vm/interpreter/interpreterRuntime.cpp, line 366]
Event: 310.263 Thread 0x00007fe598016800 Exception <a 'java/lang/ArrayIndexOutOfBoundsException': 2306> (0x00000000f25dd690) thrown at [/HUDSON3/workspace/8-2-build-linux-amd64/jdk8u111/7883/hotspot/src/share/vm/interpreter/interpreterRuntime.cpp, line 366]
Event: 310.271 Thread 0x00007fe598016800 Exception <a 'java/lang/ArrayIndexOutOfBoundsException': 2914> (0x00000000f25e4678) thrown at [/HUDSON3/workspace/8-2-build-linux-amd64/jdk8u111/7883/hotspot/src/share/vm/interpreter/interpreterRuntime.cpp, line 366]
Event: 310.370 Thread 0x00007fe598016800 Exception <a 'java/lang/ArrayIndexOutOfBoundsException'> (0x00000000f2737fa0) thrown at [/HUDSON3/workspace/8-2-build-linux-amd64/jdk8u111/7883/hotspot/src/share/vm/runtime/sharedRuntime.cpp, line 605]

Events (10 events):
Event: 310.178 loading class org/eclipse/jdt/internal/compiler/lookup/SyntheticMethodBinding done
Event: 310.182 loading class org/eclipse/jdt/internal/compiler/ast/IntLiteralMinValue
Event: 310.182 loading class org/eclipse/jdt/internal/compiler/ast/IntLiteralMinValue done
Event: 310.184 loading class org/eclipse/jdt/internal/compiler/impl/IntConstant
Event: 310.184 loading class org/eclipse/jdt/internal/compiler/impl/IntConstant done
Event: 310.200 loading class org/eclipse/jdt/internal/compiler/impl/Constant
Event: 310.200 loading class org/eclipse/jdt/internal/compiler/impl/Constant done
Event: 310.212 loading class org/eclipse/jdt/internal/compiler/impl/DoubleConstant
Event: 310.212 loading class org/eclipse/jdt/internal/compiler/impl/DoubleConstant done
Event: 310.388 Executing VM operation: ParallelGCFailedAllocation


Dynamic libraries:
00400000-00401000 r-xp 00000000 08:07 550402                             /usr/lib/jvm/java-8-oracle/bin/java
00600000-00601000 rw-p 00000000 08:07 550402                             /usr/lib/jvm/java-8-oracle/bin/java
020ae000-020cf000 rw-p 00000000 00:00 0                                  [heap]
c0000000-c3480000 rw-p 00000000 00:00 0 
c6380000-eab00000 ---p 00000000 00:00 0 
eab00000-f6780000 rw-p 00000000 00:00 0 
f6780000-100000000 ---p 00000000 00:00 0 
100000000-100880000 rw-p 00000000 00:00 0 
100880000-140000000 ---p 00000000 00:00 0 
7fe55bc00000-7fe55bdc0000 rw-p 00000000 00:00 0 
7fe55bdc0000-7fe55be00000 ---p 00000000 00:00 0 
7fe55be00000-7fe55c000000 rw-p 00000000 00:00 0 
7fe55c000000-7fe55c021000 rw-p 00000000 00:00 0 
7fe55c021000-7fe560000000 ---p 00000000 00:00 0 
7fe560000000-7fe560021000 rw-p 00000000 00:00 0 
7fe560021000-7fe564000000 ---p 00000000 00:00 0 
7fe564000000-7fe564021000 rw-p 00000000 00:00 0 
7fe564021000-7fe568000000 ---p 00000000 00:00 0 
7fe568000000-7fe568021000 rw-p 00000000 00:00 0 
7fe568021000-7fe56c000000 ---p 00000000 00:00 0 
7fe56c000000-7fe56c021000 rw-p 00000000 00:00 0 
7fe56c021000-7fe570000000 ---p 00000000 00:00 0 
7fe570000000-7fe570021000 rw-p 00000000 00:00 0 
7fe570021000-7fe574000000 ---p 00000000 00:00 0 
7fe574000000-7fe574021000 rw-p 00000000 00:00 0 
7fe574021000-7fe578000000 ---p 00000000 00:00 0 
7fe578000000-7fe578021000 rw-p 00000000 00:00 0 
7fe578021000-7fe57c000000 ---p 00000000 00:00 0 
7fe57c000000-7fe57c021000 rw-p 00000000 00:00 0 
7fe57c021000-7fe580000000 ---p 00000000 00:00 0 
7fe580000000-7fe580021000 rw-p 00000000 00:00 0 
7fe580021000-7fe584000000 ---p 00000000 00:00 0 
7fe584000000-7fe585283000 rw-p 00000000 00:00 0 
7fe585283000-7fe588000000 ---p 00000000 00:00 0 
7fe588000000-7fe588021000 rw-p 00000000 00:00 0 
7fe588021000-7fe58c000000 ---p 00000000 00:00 0 
7fe58c000000-7fe58c704000 rw-p 00000000 00:00 0 
7fe58c704000-7fe590000000 ---p 00000000 00:00 0 
7fe590000000-7fe590021000 rw-p 00000000 00:00 0 
7fe590021000-7fe594000000 ---p 00000000 00:00 0 
7fe594000000-7fe594066000 rw-p 00000000 00:00 0 
7fe594066000-7fe598000000 ---p 00000000 00:00 0 
7fe598000000-7fe598032000 rw-p 00000000 00:00 0 
7fe598032000-7fe59c000000 ---p 00000000 00:00 0 
7fe59c000000-7fe59c021000 rw-p 00000000 00:00 0 
7fe59c021000-7fe5a0000000 ---p 00000000 00:00 0 
7fe5a0000000-7fe5a0021000 rw-p 00000000 00:00 0 
7fe5a0021000-7fe5a4000000 ---p 00000000 00:00 0 
7fe5a4000000-7fe5a4d58000 rw-p 00000000 00:00 0 
7fe5a4d58000-7fe5a8000000 ---p 00000000 00:00 0 
7fe5a8000000-7fe5a8021000 rw-p 00000000 00:00 0 
7fe5a8021000-7fe5ac000000 ---p 00000000 00:00 0 
7fe5ac000000-7fe5ae2ba000 rw-p 00000000 00:00 0 
7fe5ae2ba000-7fe5b0000000 ---p 00000000 00:00 0 
7fe5b0000000-7fe5b1bb0000 rw-p 00000000 00:00 0 
7fe5b1bb0000-7fe5b4000000 ---p 00000000 00:00 0 
7fe5b4000000-7fe5b4021000 rw-p 00000000 00:00 0 
7fe5b4021000-7fe5b8000000 ---p 00000000 00:00 0 
7fe5b8000000-7fe5b8021000 rw-p 00000000 00:00 0 
7fe5b8021000-7fe5bc000000 ---p 00000000 00:00 0 
7fe5bc000000-7fe5bc28e000 rw-p 00000000 00:00 0 
7fe5bc28e000-7fe5c0000000 ---p 00000000 00:00 0 
7fe5c0000000-7fe5c0021000 rw-p 00000000 00:00 0 
7fe5c0021000-7fe5c4000000 ---p 00000000 00:00 0 
7fe5c4000000-7fe5c4021000 rw-p 00000000 00:00 0 
7fe5c4021000-7fe5c8000000 ---p 00000000 00:00 0 
7fe5c8000000-7fe5c8028000 rw-p 00000000 00:00 0 
7fe5c8028000-7fe5cc000000 ---p 00000000 00:00 0 
7fe5cc000000-7fe5cc035000 rw-p 00000000 00:00 0 
7fe5cc035000-7fe5d0000000 ---p 00000000 00:00 0 
7fe5d00a1000-7fe5d00a2000 rw-p 00000000 00:00 0 
7fe5d00a2000-7fe5d00a4000 r--s 00005000 08:08 1048986                    /home/suraj/.gradle/caches/modules-2/files-2.1/de.robv.android.xposed/api/82/35866b507b360d4789ff389ad7386b6e8bbf6cc4/api-82.jar
7fe5d00a4000-7fe5d00ae000 r--s 00046000 08:08 948179                     /home/suraj/AndroidstudioProjects/INC16 User/XposedTest/app/build/intermediates/exploded-aar/com.android.support/support-v4/23.4.0/jars/libs/internal_impl-23.4.0.jar
7fe5d00ae000-7fe5d00af000 r--s 00006000 08:08 959507                     /home/suraj/AndroidstudioProjects/INC16 User/XposedTest/app/libs/library-1.2.1.jar
7fe5d00af000-7fe5d00b0000 r--s 00006000 08:08 948187                     /home/suraj/AndroidstudioProjects/INC16 User/XposedTest/app/build/intermediates/exploded-aar/com.rarepebble/colorpicker/2.0.0/jars/classes.jar
7fe5d00b0000-7fe5d00b2000 r--s 00003000 08:08 942248                     /home/suraj/android/android-sdk-linux/extras/android/m2repository/com/android/support/support-annotations/23.4.0/support-annotations-23.4.0.jar
7fe5d00b2000-7fe5d00c8000 r--s 000f1000 08:08 948178                     /home/suraj/AndroidstudioProjects/INC16 User/XposedTest/app/build/intermediates/exploded-aar/com.android.support/support-v4/23.4.0/jars/classes.jar
7fe5d00c8000-7fe5d00ce000 r--s 00041000 08:08 948128                     /home/suraj/AndroidstudioProjects/INC16 User/XposedTest/app/build/intermediates/exploded-aar/com.android.support/design/23.4.0/jars/classes.jar
7fe5d00ce000-7fe5d00d2000 r--s 00045000 08:08 948162                     /home/suraj/AndroidstudioProjects/INC16 User/XposedTest/app/build/intermediates/exploded-aar/com.android.support/recyclerview-v7/23.4.0/jars/classes.jar
7fe5d00d2000-7fe5d00db000 r--s 0008c000 08:08 935370                     /home/suraj/AndroidstudioProjects/INC16 User/XposedTest/app/build/intermediates/exploded-aar/com.android.support/appcompat-v7/23.4.0/jars/classes.jar
7fe5d00db000-7fe5d01c5000 r--s 015ed000 08:08 524501                     /home/suraj/android/android-sdk-linux/platforms/android-23/android.jar
7fe5d01c5000-7fe5d03c5000 rw-p 00000000 00:00 0 
7fe5d03c5000-7fe5d03c8000 ---p 00000000 00:00 0 
7fe5d03c8000-7fe5d04c6000 rw-p 00000000 00:00 0 
7fe5d04c6000-7fe5d04c9000 ---p 00000000 00:00 0 
7fe5d04c9000-7fe5d05c7000 rw-p 00000000 00:00 0 
7fe5d05c7000-7fe5d05ca000 ---p 00000000 00:00 0 
7fe5d05ca000-7fe5d06c8000 rw-p 00000000 00:00 0 
7fe5d06c8000-7fe5d06cb000 ---p 00000000 00:00 0 
7fe5d06cb000-7fe5d07c9000 rw-p 00000000 00:00 0 
7fe5d07c9000-7fe5d07cc000 ---p 00000000 00:00 0 
7fe5d07cc000-7fe5d08ca000 rw-p 00000000 00:00 0 
7fe5d08ca000-7fe5d08cd000 ---p 00000000 00:00 0 
7fe5d08cd000-7fe5d09cb000 rw-p 00000000 00:00 0 
7fe5d09cb000-7fe5d09ce000 ---p 00000000 00:00 0 
7fe5d09ce000-7fe5d0acc000 rw-p 00000000 00:00 0 
7fe5d0acc000-7fe5d0acf000 ---p 00000000 00:00 0 
7fe5d0acf000-7fe5d0bcd000 rw-p 00000000 00:00 0 
7fe5d0bcd000-7fe5d0bd0000 ---p 00000000 00:00 0 
7fe5d0bd0000-7fe5d0cce000 rw-p 00000000 00:00 0 
7fe5d0cce000-7fe5d0cd1000 ---p 00000000 00:00 0 
7fe5d0cd1000-7fe5d0fcf000 rw-p 00000000 00:00 0 
7fe5d0fcf000-7fe5d0fd2000 ---p 00000000 00:00 0 
7fe5d0fd2000-7fe5d1008000 rw-p 00000000 00:00 0                          [stack:17658]
7fe5d1008000-7fe5d100b000 ---p 00000000 00:00 0 
7fe5d100b000-7fe5d1041000 rw-p 00000000 00:00 0                          [stack:17657]
7fe5d1041000-7fe5d1044000 ---p 00000000 00:00 0 
7fe5d1044000-7fe5d107a000 rw-p 00000000 00:00 0                          [stack:17656]
7fe5d107a000-7fe5d107d000 ---p 00000000 00:00 0 
7fe5d107d000-7fe5d117b000 rw-p 00000000 00:00 0 
7fe5d117b000-7fe5d117e000 ---p 00000000 00:00 0 
7fe5d117e000-7fe5d127c000 rw-p 00000000 00:00 0 
7fe5d127c000-7fe5d127f000 ---p 00000000 00:00 0 
7fe5d127f000-7fe5d157d000 rw-p 00000000 00:00 0                          [stack:17648]
7fe5d157d000-7fe5d1580000 ---p 00000000 00:00 0 
7fe5d1580000-7fe5d167e000 rw-p 00000000 00:00 0                          [stack:17642]
7fe5d167e000-7fe5d1681000 ---p 00000000 00:00 0 
7fe5d1681000-7fe5d177f000 rw-p 00000000 00:00 0 
7fe5d177f000-7fe5d1782000 ---p 00000000 00:00 0 
7fe5d1782000-7fe5d1880000 rw-p 00000000 00:00 0 
7fe5d1880000-7fe5d1883000 ---p 00000000 00:00 0 
7fe5d1883000-7fe5d1981000 rw-p 00000000 00:00 0 
7fe5d1981000-7fe5d1984000 ---p 00000000 00:00 0 
7fe5d1984000-7fe5d1a82000 rw-p 00000000 00:00 0                          [stack:17476]
7fe5d1a82000-7fe5d1a85000 ---p 00000000 00:00 0 
7fe5d1a85000-7fe5d1b83000 rw-p 00000000 00:00 0                          [stack:17449]
7fe5d1b83000-7fe5d1b86000 ---p 00000000 00:00 0 
7fe5d1b86000-7fe5d1e84000 rw-p 00000000 00:00 0                          [stack:17641]
7fe5d1e84000-7fe5d1e85000 r--s 00009000 08:08 948183                     /home/suraj/AndroidstudioProjects/INC16 User/XposedTest/app/build/intermediates/exploded-aar/com.android.support/support-vector-drawable/23.4.0/jars/classes.jar
7fe5d1e85000-7fe5d1e86000 r--s 00002000 08:08 921944                     /home/suraj/AndroidstudioProjects/INC16 User/XposedTest/app/build/intermediates/exploded-aar/com.android.support/animated-vector-drawable/23.4.0/jars/classes.jar
7fe5d1e86000-7fe5d1e87000 r--s 0000a000 08:08 948200                     /home/suraj/AndroidstudioProjects/INC16 User/XposedTest/app/build/intermediates/exploded-aar/com.soundcloud.android/android-crop/1.0.1/jars/classes.jar
7fe5d1e87000-7fe5d1e8a000 ---p 00000000 00:00 0 
7fe5d1e8a000-7fe5d20c0000 rw-p 00000000 00:00 0                          [stack:17655]
7fe5d20c0000-7fe5d22c0000 rw-p 00000000 00:00 0 
7fe5d22c0000-7fe5d24c0000 rw-p 00000000 00:00 0 
7fe5d24c0000-7fe5d26c0000 rw-p 00000000 00:00 0 
7fe5d26c0000-7fe5d28c0000 rw-p 00000000 00:00 0 
7fe5d28c0000-7fe5d2ac0000 rw-p 00000000 00:00 0 
7fe5d2ac0000-7fe5d2ad3000 r--s 00345000 08:07 911722                     /usr/lib/jvm/java-8-oracle/jre/lib/resources.jar
7fe5d2ad3000-7fe5d2cd3000 rw-p 00000000 00:00 0 
7fe5d2cd3000-7fe5d2ed3000 rw-p 00000000 00:00 0 
7fe5d2ed3000-7fe5d30d3000 rw-p 00000000 00:00 0 
7fe5d30d3000-7fe5d32d3000 rw-p 00000000 00:00 0 
7fe5d32d3000-7fe5d32d5000 r--s 00005000 08:08 717692                     /home/suraj/android-studio/gradle/m2repository/org/abego/treelayout/org.abego.treelayout.core/1.0.1/org.abego.treelayout.core-1.0.1.jar
7fe5d32d5000-7fe5d32dd000 r--s 000a8000 08:08 717801                     /home/suraj/android-studio/gradle/m2repository/com/android/tools/external/lombok/lombok-ast/0.2.3/lombok-ast-0.2.3.jar
7fe5d32dd000-7fe5d32df000 r--s 0000d000 08:08 717856                     /home/suraj/android-studio/gradle/m2repository/commons-codec/commons-codec/1.4/commons-codec-1.4.jar
7fe5d32df000-7fe5d32e1000 r--s 0000d000 08:08 587770                     /home/suraj/android-studio/gradle/m2repository/commons-logging/commons-logging/1.1.1/commons-logging-1.1.1.jar
7fe5d32e1000-7fe5d32e6000 r--s 00028000 08:08 717668                     /home/suraj/android-studio/gradle/m2repository/org/apache/httpcomponents/httpcore/4.1/httpcore-4.1.jar
7fe5d32e6000-7fe5d32e7000 r--s 00004000 08:08 717703                     /home/suraj/android-studio/gradle/m2repository/com/intellij/annotations/12.0/annotations-12.0.jar
7fe5d32e7000-7fe5d32eb000 r--s 00037000 08:08 717634                     /home/suraj/android-studio/gradle/m2repository/org/antlr/ST4/4.0.8/ST4-4.0.8.jar
7fe5d32eb000-7fe5d32ee000 r--s 00026000 08:08 717642                     /home/suraj/android-studio/gradle/m2repository/org/antlr/antlr-runtime/3.5.2/antlr-runtime-3.5.2.jar
7fe5d32ee000-7fe5d32ef000 r--s 00002000 08:08 717696                     /home/suraj/android-studio/gradle/m2repository/com/tunnelvisionlabs/antlr4-annotations/4.5/antlr4-annotations-4.5.jar
7fe5d32ef000-7fe5d32f6000 r--s 00062000 08:08 587824                     /home/suraj/android-studio/gradle/m2repository/com/tunnelvisionlabs/antlr4-runtime/4.5/antlr4-runtime-4.5.jar
7fe5d32f6000-7fe5d32f7000 r--s 00004000 08:08 587790                     /home/suraj/android-studio/gradle/m2repository/org/ow2/asm/asm-analysis/5.0.3/asm-analysis-5.0.3.jar
7fe5d32f7000-7fe5d32fa000 r--s 00030000 08:08 717817                     /home/suraj/android-studio/gradle/m2repository/com/android/tools/lint/lint-api/25.1.3/lint-api-25.1.3.jar
7fe5d32fa000-7fe5d32fc000 r--s 00005000 08:08 717664                     /home/suraj/android-studio/gradle/m2repository/org/apache/httpcomponents/httpmime/4.1/httpmime-4.1.jar
7fe5d32fc000-7fe5d3304000 r--s 0004e000 08:08 717675                     /home/suraj/android-studio/gradle/m2repository/org/apache/httpcomponents/httpclient/4.1.1/httpclient-4.1.1.jar
7fe5d3304000-7fe5d330b000 r--s 00053000 08:08 717682                     /home/suraj/android-studio/gradle/m2repository/org/apache/commons/commons-compress/1.8.1/commons-compress-1.8.1.jar
7fe5d330b000-7fe5d3310000 r--s 0002a000 08:08 717719                     /home/suraj/android-studio/gradle/m2repository/com/google/code/gson/gson/2.2.4/gson-2.2.4.jar
7fe5d3310000-7fe5d3314000 r--s 00026000 08:08 717805                     /home/suraj/android-studio/gradle/m2repository/com/android/tools/repository/25.1.3/repository-25.1.3.jar
7fe5d3314000-7fe5d3317000 r--s 00014000 08:08 717774                     /home/suraj/android-studio/gradle/m2repository/com/android/tools/layoutlib/layoutlib-api/25.1.3/layoutlib-api-25.1.3.jar
7fe5d3317000-7fe5d3327000 r--s 000d6000 08:08 717839                     /home/suraj/android-studio/gradle/m2repository/net/sf/proguard/proguard-base/5.2.1/proguard-base-5.2.1.jar
7fe5d3327000-7fe5d3352000 r--s 001f9000 08:08 717715                     /home/suraj/android-studio/gradle/m2repository/com/google/guava/guava/17.0/guava-17.0.jar
7fe5d3352000-7fe5d3552000 rw-p 00000000 00:00 0 
7fe5d3552000-7fe5d3752000 rw-p 00000000 00:00 0 
7fe5d3752000-7fe5d3753000 r--s 0000a000 08:08 587827                     /home/suraj/android-studio/gradle/m2repository/net/sf/kxml/kxml2/2.3.0/kxml2-2.3.0.jar
7fe5d3753000-7fe5d3754000 r--s 00005000 08:08 717793                     /home/suraj/android-studio/gradle/m2repository/com/android/tools/dvlib/25.1.3/dvlib-25.1.3.jar
7fe5d3754000-7fe5d3759000 r--s 00058000 08:08 587776                     /home/suraj/android-studio/gradle/m2repository/org/ow2/asm/asm-debug-all/5.0.4/asm-debug-all-5.0.4.jar
7fe5d3759000-7fe5d375c000 r--s 00033000 08:08 717706                     /home/suraj/android-studio/gradle/m2repository/com/googlecode/juniversalchardet/juniversalchardet/1.0.3/juniversalchardet-1.0.3.jar
7fe5d375c000-7fe5d3760000 r--s 0002a000 08:08 587766                     /home/suraj/android-studio/gradle/m2repository/commons-io/commons-io/2.4/commons-io-2.4.jar
7fe5d3760000-7fe5d376a000 r--s 00099000 08:08 717699                     /home/suraj/android-studio/gradle/m2repository/com/tunnelvisionlabs/antlr4/4.5/antlr4-4.5.jar
7fe5d376a000-7fe5d376b000 r--s 00002000 08:08 717722                     /home/suraj/android-studio/gradle/m2repository/com/android/databinding/baseLibrary/2.1.3/baseLibrary-2.1.3.jar
7fe5d376b000-7fe5d376c000 r--s 00001000 08:08 717733                     /home/suraj/android-studio/gradle/m2repository/com/android/tools/annotations/25.1.3/annotations-25.1.3.jar
7fe5d376c000-7fe5d377e000 r--s 00223000 08:08 587818                     /home/suraj/android-studio/gradle/m2repository/org/eclipse/jdt/core/compiler/ecj/4.4.2/ecj-4.4.2.jar
7fe5d377e000-7fe5d3785000 r--s 000be000 08:08 717809                     /home/suraj/android-studio/gradle/m2repository/com/android/tools/lint/lint-checks/25.1.3/lint-checks-25.1.3.jar
7fe5d3785000-7fe5d3787000 r--s 00006000 08:08 587799                     /home/suraj/android-studio/gradle/m2repository/org/ow2/asm/asm-tree/5.0.3/asm-tree-5.0.3.jar
7fe5d3787000-7fe5d37ba000 r--s 00203000 08:08 717646                     /home/suraj/android-studio/gradle/m2repository/org/bouncycastle/bcprov-jdk15on/1.48/bcprov-jdk15on-1.48.jar
7fe5d37ba000-7fe5d37c8000 r--s 00081000 08:08 717649                     /home/suraj/android-studio/gradle/m2repository/org/bouncycastle/bcpkix-jdk15on/1.48/bcpkix-jdk15on-1.48.jar
7fe5d37c8000-7fe5d37ca000 r--s 00002000 08:08 717711                     /home/suraj/android-studio/gradle/m2repository/com/squareup/javawriter/2.5.0/javawriter-2.5.0.jar
7fe5d37ca000-7fe5d37cb000 r--s 00001000 08:08 717778                     /home/suraj/android-studio/gradle/m2repository/com/android/tools/jill/jill-api/0.10.0/jill-api-0.10.0.jar
7fe5d37cb000-7fe5d37cd000 r--s 00003000 08:08 717825                     /home/suraj/android-studio/gradle/m2repository/com/android/tools/jack/jack-api/0.10.0/jack-api-0.10.0.jar
7fe5d37cd000-7fe5d37d3000 r--s 0004a000 08:08 717789                     /home/suraj/android-studio/gradle/m2repository/com/android/tools/ddms/ddmlib/25.1.3/ddmlib-25.1.3.jar
7fe5d37d3000-7fe5d37d6000 r--s 00028000 08:08 717754                     /home/suraj/android-studio/gradle/m2repository/com/android/tools/build/manifest-merger/25.1.3/manifest-merger-25.1.3.jar
7fe5d37d6000-7fe5d37d8000 r--s 00018000 08:08 717830                     /home/suraj/android-studio/gradle/m2repository/com/android/tools/common/25.1.3/common-25.1.3.jar
7fe5d37d8000-7fe5d37e0000 r--s 0007c000 08:08 717784                     /home/suraj/android-studio/gradle/m2repository/com/android/tools/sdk-common/25.1.3/sdk-common-25.1.3.jar
7fe5d37e0000-7fe5d37e8000 r--s 00078000 08:08 717821                     /home/suraj/android-studio/gradle/m2repository/com/android/tools/sdklib/25.1.3/sdklib-25.1.3.jar
7fe5d37e8000-7fe5d37ec000 r--s 0001e000 08:08 717656                     /home/suraj/android-studio/gradle/m2repository/org/jacoco/org.jacoco.core/0.7.6.201602180812/org.jacoco.core-0.7.6.201602180812.jar
7fe5d37ec000-7fe5d3800000 r--s 00130000 08:08 717742                     /home/suraj/android-studio/gradle/m2repository/com/android/tools/build/builder/2.1.3/builder-2.1.3.jar
7fe5d3800000-7fe5d3a00000 rw-p 00000000 00:00 0 
7fe5d3a00000-7fe5d3c00000 rw-p 00000000 00:00 0 
7fe5d3c00000-7fe5d3e00000 rw-p 00000000 00:00 0 
7fe5d3e00000-7fe5d4000000 rw-p 00000000 00:00 0 
7fe5d4000000-7fe5d403e000 rw-p 00000000 00:00 0 
7fe5d403e000-7fe5d8000000 ---p 00000000 00:00 0 
7fe5d8000000-7fe5d8001000 r--s 00002000 08:08 717745                     /home/suraj/android-studio/gradle/m2repository/com/android/tools/build/builder-test-api/2.1.3/builder-test-api-2.1.3.jar
7fe5d8001000-7fe5d8003000 r--s 00005000 08:08 717766                     /home/suraj/android-studio/gradle/m2repository/com/android/tools/build/builder-model/2.1.3/builder-model-2.1.3.jar
7fe5d8003000-7fe5d8004000 r--s 00002000 08:08 717849                     /home/suraj/android-studio/gradle/m2repository/net/sf/proguard/proguard-gradle/5.2.1/proguard-gradle-5.2.1.jar
7fe5d8004000-7fe5d8006000 r--s 00009000 08:08 587803                     /home/suraj/android-studio/gradle/m2repository/org/ow2/asm/asm-commons/5.0.3/asm-commons-5.0.3.jar
7fe5d8006000-7fe5d8007000 r--s 0000c000 08:08 587809                     /home/suraj/android-studio/gradle/m2repository/org/ow2/asm/asm/5.0.3/asm-5.0.3.jar
7fe5d8007000-7fe5d800b000 r--s 0002b000 08:08 717729                     /home/suraj/android-studio/gradle/m2repository/com/android/databinding/compilerCommon/2.1.3/compilerCommon-2.1.3.jar
7fe5d800b000-7fe5d800c000 r--s 00002000 08:08 717749                     /home/suraj/android-studio/gradle/m2repository/com/android/tools/build/gradle-api/2.1.3/gradle-api-2.1.3.jar
7fe5d800c000-7fe5d800d000 r--s 00000000 08:08 717761                     /home/suraj/android-studio/gradle/m2repository/com/android/tools/build/transform-api/2.0.0-deprecated-use-gradle-api/transform-api-2.0.0-deprecated-use-gradle-api.jar
7fe5d800d000-7fe5d800f000 r--s 00023000 08:08 717813                     /home/suraj/android-studio/gradle/m2repository/com/android/tools/lint/lint/25.1.3/lint-25.1.3.jar
7fe5d800f000-7fe5d802c000 r--s 0017c000 08:08 717758                     /home/suraj/android-studio/gradle/m2repository/com/android/tools/build/gradle-core/2.1.3/gradle-core-2.1.3.jar
7fe5d802c000-7fe5d802e000 r--s 0000c000 08:08 717771                     /home/suraj/android-studio/gradle/m2repository/com/android/tools/build/gradle/2.1.3/gradle-2.1.3.jar
7fe5d802e000-7fe5d8031000 ---p 00000000 00:00 0 
7fe5d8031000-7fe5d812f000 rw-p 00000000 00:00 0                          [stack:17445]
7fe5d812f000-7fe5d8132000 ---p 00000000 00:00 0 
7fe5d8132000-7fe5d8168000 rw-p 00000000 00:00 0                          [stack:17654]
7fe5d8168000-7fe5d8169000 r--p 00000000 00:00 0 
7fe5d8169000-7fe5d81e1000 r--s 010e6000 08:07 616879                     /usr/lib/jvm/java-8-oracle/lib/tools.jar
7fe5d81e1000-7fe5d83e1000 rw-p 00000000 00:00 0 
7fe5d83e1000-7fe5d83e4000 ---p 00000000 00:00 0 
7fe5d83e4000-7fe5d84e2000 rw-p 00000000 00:00 0                          [stack:17636]
7fe5d84e2000-7fe5d84e5000 ---p 00000000 00:00 0 
7fe5d84e5000-7fe5d85e3000 rw-p 00000000 00:00 0                          [stack:17635]
7fe5d85e3000-7fe5d85e6000 ---p 00000000 00:00 0 
7fe5d85e6000-7fe5d86e4000 rw-p 00000000 00:00 0                          [stack:17631]
7fe5d86e4000-7fe5d86e7000 ---p 00000000 00:00 0 
7fe5d86e7000-7fe5d87e5000 rw-p 00000000 00:00 0                          [stack:17633]
7fe5d87e5000-7fe5d87e8000 ---p 00000000 00:00 0 
7fe5d87e8000-7fe5d88e6000 rw-p 00000000 00:00 0                          [stack:17632]
7fe5d88e6000-7fe5d88e9000 ---p 00000000 00:00 0 
7fe5d88e9000-7fe5d89e7000 rw-p 00000000 00:00 0                          [stack:17630]
7fe5d89e7000-7fe5d89ee000 r--s 00000000 08:07 532835                     /usr/lib/x86_64-linux-gnu/gconv/gconv-modules.cache
7fe5d89ee000-7fe5d8bee000 rw-p 00000000 00:00 0 
7fe5d8bee000-7fe5d8bf1000 ---p 00000000 00:00 0 
7fe5d8bf1000-7fe5d8cef000 rw-p 00000000 00:00 0                          [stack:17433]
7fe5d8cef000-7fe5d8cf2000 ---p 00000000 00:00 0 
7fe5d8cf2000-7fe5d8df0000 rw-p 00000000 00:00 0                          [stack:17432]
7fe5d8df0000-7fe5d8df9000 r-xp 00000000 08:07 911490                     /usr/lib/jvm/java-8-oracle/jre/lib/amd64/libmanagement.so
7fe5d8df9000-7fe5d8ff8000 ---p 00009000 08:07 911490                     /usr/lib/jvm/java-8-oracle/jre/lib/amd64/libmanagement.so
7fe5d8ff8000-7fe5d8ff9000 rw-p 00008000 08:07 911490                     /usr/lib/jvm/java-8-oracle/jre/lib/amd64/libmanagement.so
7fe5d8ff9000-7fe5d8ffd000 r--s 00097000 08:07 911289                     /usr/lib/jvm/java-8-oracle/jre/lib/jsse.jar
7fe5d8ffd000-7fe5d8fff000 r--s 00007000 08:08 587637                     /home/suraj/android-studio/gradle/gradle-2.14.1/lib/plugins/gradle-tooling-api-builders-2.14.1.jar
7fe5d8fff000-7fe5d9002000 r--s 00008000 08:08 587631                     /home/suraj/android-studio/gradle/gradle-2.14.1/lib/plugins/gradle-testing-native-2.14.1.jar
7fe5d9002000-7fe5d9004000 r--s 00009000 08:08 587712                     /home/suraj/android-studio/gradle/gradle-2.14.1/lib/plugins/hamcrest-core-1.3.jar
7fe5d9004000-7fe5d900a000 r--s 00033000 08:08 587642                     /home/suraj/android-studio/gradle/gradle-2.14.1/lib/plugins/snakeyaml-1.6.jar
7fe5d900a000-7fe5d900c000 r--s 00006000 08:08 587663                     /home/suraj/android-studio/gradle/gradle-2.14.1/lib/plugins/jcommander-1.12.jar
7fe5d900c000-7fe5d9011000 r--s 00040000 08:08 587640                     /home/suraj/android-studio/gradle/gradle-2.14.1/lib/plugins/bsh-2.0b4.jar
7fe5d9011000-7fe5d901a000 r--s 00089000 08:08 587666                     /home/suraj/android-studio/gradle/gradle-2.14.1/lib/plugins/testng-6.3.1.jar
7fe5d901a000-7fe5d9022000 r--s 00045000 08:08 587671                     /home/suraj/android-studio/gradle/gradle-2.14.1/lib/plugins/junit-4.12.jar
7fe5d9022000-7fe5d9028000 r--s 0002e000 08:08 587647                     /home/suraj/android-studio/gradle/gradle-2.14.1/lib/plugins/gradle-testing-jvm-2.14.1.jar
7fe5d9028000-7fe5d902d000 r--s 00015000 08:08 587656                     /home/suraj/android-studio/gradle/gradle-2.14.1/lib/plugins/gradle-testing-base-2.14.1.jar
7fe5d902d000-7fe5d902e000 r--s 00002000 08:08 587669                     /home/suraj/android-studio/gradle/gradle-2.14.1/lib/plugins/sonar-batch-bootstrapper-2.9.jar
7fe5d902e000-7fe5d9031000 r--s 00015000 08:08 587646                     /home/suraj/android-studio/gradle/gradle-2.14.1/lib/plugins/gradle-sonar-2.14.1.jar
7fe5d9031000-7fe5d9038000 r--s 00038000 08:08 587687                     /home/suraj/android-studio/gradle/gradle-2.14.1/lib/plugins/bcpg-jdk15on-1.51.jar
7fe5d9038000-7fe5d903a000 r--s 0000d000 08:08 587693                     /home/suraj/android-studio/gradle/gradle-2.14.1/lib/plugins/gradle-signing-2.14.1.jar
7fe5d903a000-7fe5d903d000 r--s 00009000 08:08 587676                     /home/suraj/android-studio/gradle/gradle-2.14.1/lib/plugins/gradle-scala-2.14.1.jar
7fe5d903d000-7fe5d903e000 r--s 00004000 08:08 587700                     /home/suraj/android-studio/gradle/gradle-2.14.1/lib/plugins/gradle-resources-sftp-2.14.1.jar
7fe5d903e000-7fe5d904e000 r--s 00088000 08:08 587653                     /home/suraj/android-studio/gradle/gradle-2.14.1/lib/plugins/joda-time-2.8.2.jar
7fe5d904e000-7fe5d905f000 r--s 000cf000 08:08 587719                     /home/suraj/android-studio/gradle/gradle-2.14.1/lib/plugins/jackson-databind-2.3.2.jar
7fe5d905f000-7fe5d9061000 r--s 00007000 08:08 587682                     /home/suraj/android-studio/gradle/gradle-2.14.1/lib/plugins/jackson-annotations-2.3.2.jar
7fe5d9061000-7fe5d9064000 r--s 0002e000 08:08 587689                     /home/suraj/android-studio/gradle/gradle-2.14.1/lib/plugins/jackson-core-2.3.2.jar
7fe5d9064000-7fe5d906f000 r--s 0006b000 08:08 587735                     /home/suraj/android-studio/gradle/gradle-2.14.1/lib/plugins/aws-java-sdk-core-1.9.19.jar
7fe5d906f000-7fe5d9075000 r--s 00036000 08:08 587681                     /home/suraj/android-studio/gradle/gradle-2.14.1/lib/plugins/aws-java-sdk-kms-1.9.19.jar
7fe5d9075000-7fe5d9080000 r--s 00079000 08:08 587668                     /home/suraj/android-studio/gradle/gradle-2.14.1/lib/plugins/aws-java-sdk-s3-1.9.19.jar
7fe5d9080000-7fe5d9081000 r--s 00003000 08:08 587715                     /home/suraj/android-studio/gradle/gradle-2.14.1/lib/plugins/gradle-resources-s3-2.14.1.jar
7fe5d9081000-7fe5d9083000 r--s 00005000 08:08 587710                     /home/suraj/android-studio/gradle/gradle-2.14.1/lib/plugins/jatl-0.2.2.jar
7fe5d9083000-7fe5d9085000 r--s 0000f000 08:08 587727                     /home/suraj/android-studio/gradle/gradle-2.14.1/lib/plugins/gradle-reporting-2.14.1.jar
7fe5d9085000-7fe5d9087000 r--s 00002000 08:08 587686                     /home/suraj/android-studio/gradle/gradle-2.14.1/lib/plugins/gradle-publish-2.14.1.jar
7fe5d9087000-7fe5d9089000 r--s 00009000 08:08 587659                     /home/suraj/android-studio/gradle/gradle-2.14.1/lib/plugins/commons-cli-1.2.jar
7fe5d9089000-7fe5d908f000 r--s 00033000 08:08 587670                     /home/suraj/android-studio/gradle/gradle-2.14.1/lib/plugins/gradle-plugins-2.14.1.jar
7fe5d908f000-7fe5d9091000 r--s 00007000 08:08 587634                     /home/suraj/android-studio/gradle/gradle-2.14.1/lib/plugins/gradle-plugin-development-2.14.1.jar
7fe5d9091000-7fe5d9097000 r--s 0002a000 08:08 587692                     /home/suraj/android-studio/gradle/gradle-2.14.1/lib/plugins/gradle-platform-play-2.14.1.jar
7fe5d9097000-7fe5d90a4000 r--s 0004d000 08:08 587691                     /home/suraj/android-studio/gradle/gradle-2.14.1/lib/plugins/gradle-platform-native-2.14.1.jar
7fe5d90a4000-7fe5d90a8000 r--s 0001a000 08:08 587713                     /home/suraj/android-studio/gradle/gradle-2.14.1/lib/plugins/gradle-platform-jvm-2.14.1.jar
7fe5d90a8000-7fe5d90af000 r--s 00029000 08:08 587662                     /home/suraj/android-studio/gradle/gradle-2.14.1/lib/plugins/gradle-platform-base-2.14.1.jar
7fe5d90af000-7fe5d90d0000 r--s 001c3000 08:08 587638                     /home/suraj/android-studio/gradle/gradle-2.14.1/lib/plugins/bndlib-2.4.0.jar
7fe5d90d0000-7fe5d90d2000 r--s 00003000 08:08 587718                     /home/suraj/android-studio/gradle/gradle-2.14.1/lib/plugins/gradle-osgi-2.14.1.jar
7fe5d90d2000-7fe5d90d5000 r--s 0000c000 08:08 587722                     /home/suraj/android-studio/gradle/gradle-2.14.1/lib/plugins/pmaven-groovy-0.8-20100325.jar
7fe5d90d5000-7fe5d90d6000 r--s 00004000 08:08 587708                     /home/suraj/android-studio/gradle/gradle-2.14.1/lib/plugins/pmaven-common-0.8-20100325.jar
7fe5d90d6000-7fe5d90dc000 r--s 00022000 08:08 587661                     /home/suraj/android-studio/gradle/gradle-2.14.1/lib/plugins/gradle-maven-2.14.1.jar
7fe5d90dc000-7fe5d90de000 r--s 0000a000 08:08 587643                     /home/suraj/android-studio/gradle/gradle-2.14.1/lib/plugins/gradle-language-scala-2.14.1.jar
7fe5d90de000-7fe5d90e4000 r--s 0001a000 08:08 587648                     /home/suraj/android-studio/gradle/gradle-2.14.1/lib/plugins/gradle-language-native-2.14.1.jar
7fe5d90e4000-7fe5d90e6000 r--s 00008000 08:08 587636                     /home/suraj/android-studio/gradle/gradle-2.14.1/lib/plugins/gradle-language-jvm-2.14.1.jar
7fe5d90e6000-7fe5d90ec000 r--s 00024000 08:08 587709                     /home/suraj/android-studio/gradle/gradle-2.14.1/lib/plugins/gradle-language-java-2.14.1.jar
7fe5d90ec000-7fe5d90ee000 r--s 0000a000 08:08 587690                     /home/suraj/android-studio/gradle/gradle-2.14.1/lib/plugins/gradle-language-groovy-2.14.1.jar
7fe5d90ee000-7fe5d90f1000 r--s 0001e000 08:08 587630                     /home/suraj/android-studio/gradle/gradle-2.14.1/lib/plugins/jsp-api-2.1-6.1.14.jar
7fe5d90f1000-7fe5d9114000 r--s 00344000 08:08 587683                     /home/suraj/android-studio/gradle/gradle-2.14.1/lib/plugins/core-3.1.1.jar
7fe5d9114000-7fe5d9115000 r--s 00006000 08:08 587720                     /home/suraj/android-studio/gradle/gradle-2.14.1/lib/plugins/jetty-naming-6.1.25.jar
7fe5d9115000-7fe5d9116000 r--s 00002000 08:08 587678                     /home/suraj/android-studio/gradle/gradle-2.14.1/lib/plugins/geronimo-annotation_1.0_spec-1.0.jar
7fe5d9116000-7fe5d9118000 r--s 00002000 08:08 587716                     /home/suraj/android-studio/gradle/gradle-2.14.1/lib/plugins/jetty-annotations-6.1.25.jar
7fe5d9118000-7fe5d9129000 r--s 000ea000 08:08 587729                     /home/suraj/android-studio/gradle/gradle-2.14.1/lib/plugins/jsp-2.1-6.1.14.jar
7fe5d9129000-7fe5d912b000 r--s 0000d000 08:08 587684                     /home/suraj/android-studio/gradle/gradle-2.14.1/lib/plugins/jetty-plus-6.1.25.jar
7fe5d912b000-7fe5d912d000 r--s 0001f000 08:08 587742                     /home/suraj/android-studio/gradle/gradle-2.14.1/lib/plugins/servlet-api-2.5-20081211.jar
7fe5d912d000-7fe5d9131000 r--s 00028000 08:08 587664                     /home/suraj/android-studio/gradle/gradle-2.14.1/lib/plugins/jetty-util-6.1.25.jar
7fe5d9131000-7fe5d9138000 r--s 0007d000 08:08 587672                     /home/suraj/android-studio/gradle/gradle-2.14.1/lib/plugins/jetty-6.1.25.jar
7fe5d9138000-7fe5d913a000 r--s 00009000 08:08 587725                     /home/suraj/android-studio/gradle/gradle-2.14.1/lib/plugins/gradle-jetty-2.14.1.jar
7fe5d913a000-7fe5d9141000 r--s 00035000 08:08 587738                     /home/suraj/android-studio/gradle/gradle-2.14.1/lib/plugins/simple-4.1.21.jar
7fe5d9141000-7fe5d914d000 r--s 00100000 08:08 587654                     /home/suraj/android-studio/gradle/gradle-2.14.1/lib/plugins/rhino-1.7R3.jar
7fe5d914d000-7fe5d9151000 r--s 00011000 08:08 587707                     /home/suraj/android-studio/gradle/gradle-2.14.1/lib/plugins/gradle-javascript-2.14.1.jar
7fe5d9151000-7fe5d9153000 r--s 0000c000 08:08 587740                     /home/suraj/android-studio/gradle/gradle-2.14.1/lib/plugins/gradle-jacoco-2.14.1.jar
7fe5d9153000-7fe5d9156000 r--s 0000e000 08:08 587737                     /home/suraj/android-studio/gradle/gradle-2.14.1/lib/plugins/gradle-ivy-2.14.1.jar
7fe5d9156000-7fe5d9157000 r--s 00002000 08:08 587730                     /home/suraj/android-studio/gradle/gradle-2.14.1/lib/plugins/gradle-ide-play-2.14.1.jar
7fe5d9157000-7fe5d915c000 r--s 0002b000 08:08 587726                     /home/suraj/android-studio/gradle/gradle-2.14.1/lib/plugins/gradle-ide-native-2.14.1.jar
7fe5d915c000-7fe5d9167000 r--s 00066000 08:08 587644                     /home/suraj/android-studio/gradle/gradle-2.14.1/lib/plugins/gradle-ide-2.14.1.jar
7fe5d9167000-7fe5d9168000 r--s 00008000 08:08 587641                     /home/suraj/android-studio/gradle/gradle-2.14.1/lib/plugins/gradle-ear-2.14.1.jar
7fe5d9168000-7fe5d916e000 r--s 00032000 08:08 587652                     /home/suraj/android-studio/gradle/gradle-2.14.1/lib/plugins/gradle-diagnostics-2.14.1.jar
7fe5d916e000-7fe5d9172000 r--s 00021000 08:08 587728                     /home/suraj/android-studio/gradle/gradle-2.14.1/lib/plugins/gradle-code-quality-2.14.1.jar
7fe5d9172000-7fe5d9176000 r--s 0001f000 08:08 587651                     /home/suraj/android-studio/gradle/gradle-2.14.1/lib/plugins/gradle-build-init-2.14.1.jar
7fe5d9176000-7fe5d917d000 r--s 0008e000 08:08 587734                     /home/suraj/android-studio/gradle/gradle-2.14.1/lib/plugins/gradle-build-comparison-2.14.1.jar
7fe5d917d000-7fe5d917f000 r--s 00008000 08:08 587711                     /home/suraj/android-studio/gradle/gradle-2.14.1/lib/plugins/gradle-antlr-2.14.1.jar
7fe5d917f000-7fe5d9181000 r--s 00004000 08:08 587736                     /home/suraj/android-studio/gradle/gradle-2.14.1/lib/plugins/gradle-announce-2.14.1.jar
7fe5d9181000-7fe5d9199000 r--s 00115000 08:08 587675                     /home/suraj/android-studio/gradle/gradle-2.14.1/lib/plugins/xercesImpl-2.9.1.jar
7fe5d9199000-7fe5d91a1000 r--s 00028000 08:08 587703                     /home/suraj/android-studio/gradle/gradle-2.14.1/lib/plugins/xml-apis-1.3.04.jar
7fe5d91a1000-7fe5d91a7000 r--s 0005b000 08:08 587694                     /home/suraj/android-studio/gradle/gradle-2.14.1/lib/plugins/jcifs-1.3.17.jar
7fe5d91a7000-7fe5d91ae000 r--s 00049000 08:08 587705                     /home/suraj/android-studio/gradle/gradle-2.14.1/lib/plugins/httpcore-4.4.4.jar
7fe5d91ae000-7fe5d91b4000 r--s 00033000 08:08 587650                     /home/suraj/android-studio/gradle/gradle-2.14.1/lib/plugins/commons-codec-1.6.jar
7fe5d91b4000-7fe5d91b7000 r--s 0001c000 08:08 587645                     /home/suraj/android-studio/gradle/gradle-2.14.1/lib/plugins/nekohtml-1.9.14.jar
7fe5d91b7000-7fe5d91c4000 r--s 000a4000 08:08 587723                     /home/suraj/android-studio/gradle/gradle-2.14.1/lib/plugins/httpclient-4.4.1.jar
7fe5d91c4000-7fe5d91c6000 r--s 0000a000 08:08 587632                     /home/suraj/android-studio/gradle/gradle-2.14.1/lib/plugins/gradle-resources-http-2.14.1.jar
7fe5d91c6000-7fe5d91ca000 r--s 00014000 08:08 587697                     /home/suraj/android-studio/gradle/gradle-2.14.1/lib/plugins/gradle-plugin-use-2.14.1.jar
7fe5d91ca000-7fe5d91cb000 r--s 00000000 08:08 587589                     /home/suraj/android-studio/gradle/gradle-2.14.1/lib/gradle-installation-beacon-2.14.1.jar
7fe5d91cb000-7fe5d91cc000 r--s 00007000 08:08 587660                     /home/suraj/android-studio/gradle/gradle-2.14.1/lib/plugins/wagon-http-shared4-2.4.jar
7fe5d91cc000-7fe5d91d0000 r--s 00033000 08:08 587714                     /home/suraj/android-studio/gradle/gradle-2.14.1/lib/plugins/plexus-utils-2.0.6.jar
7fe5d91d0000-7fe5d91d4000 r--s 00021000 08:08 587696                     /home/suraj/android-studio/gradle/gradle-2.14.1/lib/plugins/maven-model-builder-3.0.4.jar
7fe5d91d4000-7fe5d91d5000 r--s 00002000 08:08 587649                     /home/suraj/android-studio/gradle/gradle-2.14.1/lib/plugins/wagon-file-2.4.jar
7fe5d91d5000-7fe5d91d7000 r--s 00002000 08:08 587706                     /home/suraj/android-studio/gradle/gradle-2.14.1/lib/plugins/plexus-cipher-1.7.jar
7fe5d91d7000-7fe5d91da000 r--s 00013000 08:08 587741                     /home/suraj/android-studio/gradle/gradle-2.14.1/lib/plugins/aether-api-1.13.1.jar
7fe5d91da000-7fe5d91dc000 r--s 0000a000 08:08 587665                     /home/suraj/android-studio/gradle/gradle-2.14.1/lib/plugins/maven-settings-3.0.4.jar
7fe5d91dc000-7fe5d91de000 r--s 0000d000 08:08 587698                     /home/suraj/android-studio/gradle/gradle-2.14.1/lib/plugins/plexus-interpolation-1.14.jar
7fe5d91de000-7fe5d91e0000 r--s 0000b000 08:08 587721                     /home/suraj/android-studio/gradle/gradle-2.14.1/lib/plugins/maven-artifact-3.0.4.jar
7fe5d91e0000-7fe5d91e7000 r--s 0002e000 08:08 587657                     /home/suraj/android-studio/gradle/gradle-2.14.1/lib/plugins/plexus-container-default-1.5.5.jar
7fe5d91e7000-7fe5d91e9000 r--s 0000b000 08:08 587685                     /home/suraj/android-studio/gradle/gradle-2.14.1/lib/plugins/maven-plugin-api-3.0.4.jar
7fe5d91e9000-7fe5d91eb000 r--s 00000000 08:08 587688                     /home/suraj/android-studio/gradle/gradle-2.14.1/lib/plugins/plexus-component-annotations-1.5.5.jar
7fe5d91eb000-7fe5d91f1000 r--s 0003f000 08:08 587699                     /home/suraj/android-studio/gradle/gradle-2.14.1/lib/plugins/maven-compat-3.0.4.jar
7fe5d91f1000-7fe5d91f4000 r--s 00008000 08:08 587673                     /home/suraj/android-studio/gradle/gradle-2.14.1/lib/plugins/maven-settings-builder-3.0.4.jar
7fe5d91f4000-7fe5d91f5000 r--s 00002000 08:08 587629                     /home/suraj/android-studio/gradle/gradle-2.14.1/lib/plugins/wagon-http-2.4.jar
7fe5d91f5000-7fe5d91f7000 r--s 00026000 08:08 587739                     /home/suraj/android-studio/gradle/gradle-2.14.1/lib/plugins/maven-model-3.0.4.jar
7fe5d91f7000-7fe5d91f9000 r--s 00006000 08:08 587717                     /home/suraj/android-studio/gradle/gradle-2.14.1/lib/plugins/aether-connector-wagon-1.13.1.jar
7fe5d91f9000-7fe5d91fb000 r--s 0000a000 08:08 587658                     /home/suraj/android-studio/gradle/gradle-2.14.1/lib/plugins/plexus-classworlds-2.4.jar
7fe5d91fb000-7fe5d91fd000 r--s 00006000 08:08 587701                     /home/suraj/android-studio/gradle/gradle-2.14.1/lib/plugins/maven-repository-metadata-3.0.4.jar
7fe5d91fd000-7fe5d91ff000 r--s 0000c000 08:08 587677                     /home/suraj/android-studio/gradle/gradle-2.14.1/lib/plugins/maven-aether-provider-3.0.4.jar
7fe5d91ff000-7fe5d9201000 r--s 0000b000 08:08 587667                     /home/suraj/android-studio/gradle/gradle-2.14.1/lib/plugins/wagon-provider-api-2.4.jar
7fe5d9201000-7fe5d9205000 r--s 0001c000 08:08 587731                     /home/suraj/android-studio/gradle/gradle-2.14.1/lib/plugins/aether-util-1.13.1.jar
7fe5d9205000-7fe5d9208000 r--s 0001d000 08:08 587695                     /home/suraj/android-studio/gradle/gradle-2.14.1/lib/plugins/aether-impl-1.13.1.jar
7fe5d9208000-7fe5d920d000 r--s 00040000 08:08 587635                     /home/suraj/android-studio/gradle/gradle-2.14.1/lib/plugins/jsch-0.1.53.jar
7fe5d920d000-7fe5d924d000 r--s 00277000 08:08 587639                     /home/suraj/android-studio/gradle/gradle-2.14.1/lib/plugins/bcprov-jdk15on-1.51.jar
7fe5d924d000-7fe5d9251000 r--s 0001d000 08:08 587680                     /home/suraj/android-studio/gradle/gradle-2.14.1/lib/plugins/xbean-reflect-3.4.jar
7fe5d9251000-7fe5d925d000 r--s 0007d000 08:08 587704                     /home/suraj/android-studio/gradle/gradle-2.14.1/lib/plugins/maven-core-3.0.4.jar
7fe5d925d000-7fe5d926c000 r--s 000d9000 08:08 587655                     /home/suraj/android-studio/gradle/gradle-2.14.1/lib/plugins/ivy-2.2.0.jar
7fe5d926c000-7fe5d9282000 r-xp 00000000 08:07 66                         /lib/x86_64-linux-gnu/libgcc_s.so.1
7fe5d9282000-7fe5d9481000 ---p 00016000 08:07 66                         /lib/x86_64-linux-gnu/libgcc_s.so.1
7fe5d9481000-7fe5d9482000 rw-p 00015000 08:07 66                         /lib/x86_64-linux-gnu/libgcc_s.so.1
7fe5d9482000-7fe5d9568000 r-xp 00000000 08:07 392980                     /usr/lib/x86_64-linux-gnu/libstdc++.so.6.0.19
7fe5d9568000-7fe5d9767000 ---p 000e6000 08:07 392980                     /usr/lib/x86_64-linux-gnu/libstdc++.so.6.0.19
7fe5d9767000-7fe5d976f000 r--p 000e5000 08:07 392980                     /usr/lib/x86_64-linux-gnu/libstdc++.so.6.0.19
7fe5d976f000-7fe5d9771000 rw-p 000ed000 08:07 392980                     /usr/lib/x86_64-linux-gnu/libstdc++.so.6.0.19
7fe5d9771000-7fe5d9786000 rw-p 00000000 00:00 0 
7fe5d9786000-7fe5d9787000 r--s 00003000 08:08 587633                     /home/suraj/android-studio/gradle/gradle-2.14.1/lib/plugins/aether-spi-1.13.1.jar
7fe5d9787000-7fe5d9788000 r--s 00006000 08:08 587702                     /home/suraj/android-studio/gradle/gradle-2.14.1/lib/plugins/plexus-sec-dispatcher-1.3.jar
7fe5d9788000-7fe5d978d000 r--s 0002a000 08:08 587674                     /home/suraj/android-studio/gradle/gradle-2.14.1/lib/plugins/gson-2.2.4.jar
7fe5d978d000-7fe5d97a9000 r--s 000d3000 08:08 587679                     /home/suraj/android-studio/gradle/gradle-2.14.1/lib/plugins/gradle-dependency-management-2.14.1.jar
7fe5d97a9000-7fe5d97ad000 r-xp 00000000 08:08 1064375                    /home/suraj/.gradle/native/19/linux-amd64/libnative-platform.so
7fe5d97ad000-7fe5d99ac000 ---p 00004000 08:08 1064375                    /home/suraj/.gradle/native/19/linux-amd64/libnative-platform.so
7fe5d99ac000-7fe5d99ad000 rw-p 00003000 08:08 1064375                    /home/suraj/.gradle/native/19/linux-amd64/libnative-platform.so
7fe5d99ad000-7fe5d99be000 r-xp 00000000 08:07 911462                     /usr/lib/jvm/java-8-oracle/jre/lib/amd64/libnio.so
7fe5d99be000-7fe5d9bbd000 ---p 00011000 08:07 911462                     /usr/lib/jvm/java-8-oracle/jre/lib/amd64/libnio.so
7fe5d9bbd000-7fe5d9bbe000 rw-p 00010000 08:07 911462                     /usr/lib/jvm/java-8-oracle/jre/lib/amd64/libnio.so
7fe5d9bbe000-7fe5d9bd4000 r-xp 00000000 08:07 911482                     /usr/lib/jvm/java-8-oracle/jre/lib/amd64/libnet.so
7fe5d9bd4000-7fe5d9dd4000 ---p 00016000 08:07 911482                     /usr/lib/jvm/java-8-oracle/jre/lib/amd64/libnet.so
7fe5d9dd4000-7fe5d9dd5000 rw-p 00016000 08:07 911482                     /usr/lib/jvm/java-8-oracle/jre/lib/amd64/libnet.so
7fe5d9dd5000-7fe5d9dd7000 r--s 00005000 08:08 587599                     /home/suraj/android-studio/gradle/gradle-2.14.1/lib/gradle-wrapper-2.14.1.jar
7fe5d9dd7000-7fe5d9de5000 r--s 0004f000 08:08 587584                     /home/suraj/android-studio/gradle/gradle-2.14.1/lib/gradle-tooling-api-2.14.1.jar
7fe5d9de5000-7fe5d9de7000 r--s 00002000 08:08 587588                     /home/suraj/android-studio/gradle/gradle-2.14.1/lib/gradle-open-api-2.14.1.jar
7fe5d9de7000-7fe5d9ded000 r--s 00032000 08:08 587622                     /home/suraj/android-studio/gradle/gradle-2.14.1/lib/jaxen-1.1.jar
7fe5d9ded000-7fe5d9df2000 r--s 00048000 08:08 587587                     /home/suraj/android-studio/gradle/gradle-2.14.1/lib/dom4j-1.6.1.jar
7fe5d9df2000-7fe5d9dfd000 r--s 00059000 08:08 587616                     /home/suraj/android-studio/gradle/gradle-2.14.1/lib/gradle-ui-2.14.1.jar
7fe5d9dfd000-7fe5d9e00000 r--s 0000b000 08:08 587743                     /home/suraj/android-studio/gradle/gradle-2.14.1/lib/gradle-resources-2.14.1.jar
7fe5d9e00000-7fe5d9e02000 r--s 00003000 08:08 587625                     /home/suraj/android-studio/gradle/gradle-2.14.1/lib/jcl-over-slf4j-1.7.10.jar
7fe5d9e02000-7fe5d9e03000 r--s 00005000 08:08 587619                     /home/suraj/android-studio/gradle/gradle-2.14.1/lib/log4j-over-slf4j-1.7.10.jar
7fe5d9e03000-7fe5d9e05000 r--s 00000000 08:08 587744                     /home/suraj/android-studio/gradle/gradle-2.14.1/lib/jul-to-slf4j-1.7.10.jar
7fe5d9e05000-7fe5d9e0a000 r--s 0001c000 08:08 587597                     /home/suraj/android-studio/gradle/gradle-2.14.1/lib/gradle-logging-2.14.1.jar
7fe5d9e0a000-7fe5d9e0c000 r--s 00007000 08:08 587628                     /home/suraj/android-studio/gradle/gradle-2.14.1/lib/objenesis-1.2.jar
7fe5d9e0c000-7fe5d9e0e000 r--s 00000000 08:08 587592                     /home/suraj/android-studio/gradle/gradle-2.14.1/lib/minlog-1.2.jar
7fe5d9e0e000-7fe5d9e10000 r--s 0000f000 08:08 587603                     /home/suraj/android-studio/gradle/gradle-2.14.1/lib/reflectasm-1.07-shaded.jar
7fe5d9e10000-7fe5d9e14000 r--s 00026000 08:08 587617                     /home/suraj/android-studio/gradle/gradle-2.14.1/lib/kryo-2.20.jar
7fe5d9e14000-7fe5d9e1a000 r--s 00025000 08:08 587586                     /home/suraj/android-studio/gradle/gradle-2.14.1/lib/gradle-messaging-2.14.1.jar
7fe5d9e1a000-7fe5d9e1b000 r--s 00003000 08:08 587624                     /home/suraj/android-studio/gradle/gradle-2.14.1/lib/native-platform-freebsd-amd64-0.10.jar
7fe5d9e1b000-7fe5d9e1c000 r--s 00003000 08:08 587606                     /home/suraj/android-studio/gradle/gradle-2.14.1/lib/native-platform-freebsd-i386-0.10.jar
7fe5d9e1c000-7fe5d9e1d000 r--s 00005000 08:08 587594                     /home/suraj/android-studio/gradle/gradle-2.14.1/lib/native-platform-windows-i386-0.10.jar
7fe5d9e1d000-7fe5d9e1e000 r--s 00005000 08:08 587593                     /home/suraj/android-studio/gradle/gradle-2.14.1/lib/native-platform-windows-amd64-0.10.jar
7fe5d9e1e000-7fe5d9e1f000 r--s 00003000 08:08 587607                     /home/suraj/android-studio/gradle/gradle-2.14.1/lib/native-platform-linux-i386-0.10.jar
7fe5d9e1f000-7fe5d9e20000 r--s 00003000 08:08 587591                     /home/suraj/android-studio/gradle/gradle-2.14.1/lib/native-platform-linux-amd64-0.10.jar
7fe5d9e20000-7fe5d9e21000 r--s 00002000 08:08 587590                     /home/suraj/android-studio/gradle/gradle-2.14.1/lib/native-platform-osx-amd64-0.10.jar
7fe5d9e21000-7fe5d9e22000 r--s 00002000 08:08 587620                     /home/suraj/android-studio/gradle/gradle-2.14.1/lib/native-platform-osx-i386-0.10.jar
7fe5d9e22000-7fe5d9e24000 r--s 00008000 08:08 587621                     /home/suraj/android-studio/gradle/gradle-2.14.1/lib/jansi-1.2.1.jar
7fe5d9e24000-7fe5d9e27000 r--s 0000d000 08:08 587615                     /home/suraj/android-studio/gradle/gradle-2.14.1/lib/native-platform-0.10.jar
7fe5d9e27000-7fe5d9e2b000 r--s 000e4000 08:08 587614                     /home/suraj/android-studio/gradle/gradle-2.14.1/lib/jna-3.2.7.jar
7fe5d9e2b000-7fe5d9e2d000 r--s 00009000 08:08 587626                     /home/suraj/android-studio/gradle/gradle-2.14.1/lib/gradle-native-2.14.1.jar
7fe5d9e2d000-7fe5d9e2f000 r--s 00005000 08:08 587627                     /home/suraj/android-studio/gradle/gradle-2.14.1/lib/gradle-cli-2.14.1.jar
7fe5d9e2f000-7fe5d9e31000 r--s 00007000 08:08 587596                     /home/suraj/android-studio/gradle/gradle-2.14.1/lib/gradle-model-groovy-2.14.1.jar
7fe5d9e31000-7fe5d9e40000 r--s 00080000 08:08 587612                     /home/suraj/android-studio/gradle/gradle-2.14.1/lib/gradle-model-core-2.14.1.jar
7fe5d9e40000-7fe5d9e44000 r--s 00027000 08:08 587618                     /home/suraj/android-studio/gradle/gradle-2.14.1/lib/commons-io-2.2.jar
7fe5d9e44000-7fe5d9e51000 r--s 00083000 08:08 587745                     /home/suraj/android-studio/gradle/gradle-2.14.1/lib/commons-collections-3.2.2.jar
7fe5d9e51000-7fe5d9e56000 r--s 00038000 08:08 587608                     /home/suraj/android-studio/gradle/gradle-2.14.1/lib/asm-all-5.1.jar
7fe5d9e56000-7fe5d9ec5000 r--s 0063e000 08:08 587747                     /home/suraj/android-studio/gradle/gradle-2.14.1/lib/groovy-all-2.4.4.jar
7fe5d9ec5000-7fe5d9eed000 r--s 001cf000 08:08 587600                     /home/suraj/android-studio/gradle/gradle-2.14.1/lib/guava-jdk5-17.0.jar
7fe5d9eed000-7fe5d9f0c000 r--s 001d1000 08:08 587598                     /home/suraj/android-studio/gradle/gradle-2.14.1/lib/ant-1.9.6.jar
7fe5d9f0c000-7fe5d9f14000 r--s 0003a000 08:08 587609                     /home/suraj/android-studio/gradle/gradle-2.14.1/lib/gradle-base-services-2.14.1.jar
7fe5d9f14000-7fe5d9f15000 ---p 00000000 00:00 0 
7fe5d9f15000-7fe5da015000 rw-p 00000000 00:00 0                          [stack:17431]
7fe5da015000-7fe5da018000 ---p 00000000 00:00 0 
7fe5da018000-7fe5da116000 rw-p 00000000 00:00 0                          [stack:17430]
7fe5da116000-7fe5da119000 ---p 00000000 00:00 0 
7fe5da119000-7fe5da217000 rw-p 00000000 00:00 0                          [stack:17429]
7fe5da217000-7fe5da21a000 ---p 00000000 00:00 0 
7fe5da21a000-7fe5da318000 rw-p 00000000 00:00 0                          [stack:17428]
7fe5da318000-7fe5da31b000 ---p 00000000 00:00 0 
7fe5da31b000-7fe5da419000 rw-p 00000000 00:00 0                          [stack:17427]
7fe5da419000-7fe5da41c000 ---p 00000000 00:00 0 
7fe5da41c000-7fe5da51a000 rw-p 00000000 00:00 0                          [stack:17426]
7fe5da51a000-7fe5dabfc000 r--p 00000000 08:07 400878                     /usr/lib/locale/locale-archive
7fe5dabfc000-7fe5dabff000 ---p 00000000 00:00 0 
7fe5dabff000-7fe5dacfd000 rw-p 00000000 00:00 0                          [stack:17425]
7fe5dacfd000-7fe5dad00000 ---p 00000000 00:00 0 
7fe5dad00000-7fe5dadfe000 rw-p 00000000 00:00 0                          [stack:17424]
7fe5dadfe000-7fe5dadff000 ---p 00000000 00:00 0 
7fe5dadff000-7fe5dd000000 rw-p 00000000 00:00 0                          [stack:17423]
7fe5dd000000-7fe5debe0000 rwxp 00000000 00:00 0 
7fe5debe0000-7fe5ec000000 ---p 00000000 00:00 0 
7fe5ec000000-7fe5ecbb2000 rw-p 00000000 00:00 0 
7fe5ecbb2000-7fe5f0000000 ---p 00000000 00:00 0 
7fe5f0000000-7fe5f0005000 r--s 00041000 08:08 587610                     /home/suraj/android-studio/gradle/gradle-2.14.1/lib/commons-lang-2.6.jar
7fe5f0005000-7fe5f003c000 r--s 001bd000 08:08 587601                     /home/suraj/android-studio/gradle/gradle-2.14.1/lib/gradle-core-2.14.1.jar
7fe5f003c000-7fe5f0047000 r--s 00051000 08:08 587605                     /home/suraj/android-studio/gradle/gradle-2.14.1/lib/gradle-launcher-2.14.1.jar
7fe5f0047000-7fe5f0efa000 rw-p 00000000 00:00 0 
7fe5f0efa000-7fe5f10d2000 r--s 03d2a000 08:07 911911                     /usr/lib/jvm/java-8-oracle/jre/lib/rt.jar
7fe5f10d2000-7fe5f1b48000 rw-p 00000000 00:00 0 
7fe5f1b48000-7fe5f1b49000 ---p 00000000 00:00 0 
7fe5f1b49000-7fe5f1c49000 rw-p 00000000 00:00 0                          [stack:17422]
7fe5f1c49000-7fe5f1c4a000 ---p 00000000 00:00 0 
7fe5f1c4a000-7fe5f1d4a000 rw-p 00000000 00:00 0                          [stack:17421]
7fe5f1d4a000-7fe5f1d4b000 ---p 00000000 00:00 0 
7fe5f1d4b000-7fe5f1e4b000 rw-p 00000000 00:00 0                          [stack:17420]
7fe5f1e4b000-7fe5f1e4c000 ---p 00000000 00:00 0 
7fe5f1e4c000-7fe5f1f67000 rw-p 00000000 00:00 0                          [stack:17419]
7fe5f1f67000-7fe5f20a2000 ---p 00000000 00:00 0 
7fe5f20a2000-7fe5f20bd000 rw-p 00000000 00:00 0 
7fe5f20bd000-7fe5f21f7000 ---p 00000000 00:00 0 
7fe5f21f7000-7fe5f2256000 rw-p 00000000 00:00 0 
7fe5f2256000-7fe5f22a2000 ---p 00000000 00:00 0 
7fe5f22a2000-7fe5f2313000 rw-p 00000000 00:00 0 
7fe5f2313000-7fe5f2663000 ---p 00000000 00:00 0 
7fe5f2663000-7fe5f267d000 r-xp 00000000 08:07 911506                     /usr/lib/jvm/java-8-oracle/jre/lib/amd64/libzip.so
7fe5f267d000-7fe5f287d000 ---p 0001a000 08:07 911506                     /usr/lib/jvm/java-8-oracle/jre/lib/amd64/libzip.so
7fe5f287d000-7fe5f287e000 rw-p 0001a000 08:07 911506                     /usr/lib/jvm/java-8-oracle/jre/lib/amd64/libzip.so
7fe5f287e000-7fe5f2888000 r-xp 00000000 08:07 12252                      /lib/x86_64-linux-gnu/libnss_files-2.19.so
7fe5f2888000-7fe5f2a87000 ---p 0000a000 08:07 12252                      /lib/x86_64-linux-gnu/libnss_files-2.19.so
7fe5f2a87000-7fe5f2a88000 r--p 00009000 08:07 12252                      /lib/x86_64-linux-gnu/libnss_files-2.19.so
7fe5f2a88000-7fe5f2a89000 rw-p 0000a000 08:07 12252                      /lib/x86_64-linux-gnu/libnss_files-2.19.so
7fe5f2a89000-7fe5f2a94000 r-xp 00000000 08:07 12244                      /lib/x86_64-linux-gnu/libnss_nis-2.19.so
7fe5f2a94000-7fe5f2c93000 ---p 0000b000 08:07 12244                      /lib/x86_64-linux-gnu/libnss_nis-2.19.so
7fe5f2c93000-7fe5f2c94000 r--p 0000a000 08:07 12244                      /lib/x86_64-linux-gnu/libnss_nis-2.19.so
7fe5f2c94000-7fe5f2c95000 rw-p 0000b000 08:07 12244                      /lib/x86_64-linux-gnu/libnss_nis-2.19.so
7fe5f2c95000-7fe5f2cac000 r-xp 00000000 08:07 12240                      /lib/x86_64-linux-gnu/libnsl-2.19.so
7fe5f2cac000-7fe5f2eab000 ---p 00017000 08:07 12240                      /lib/x86_64-linux-gnu/libnsl-2.19.so
7fe5f2eab000-7fe5f2eac000 r--p 00016000 08:07 12240                      /lib/x86_64-linux-gnu/libnsl-2.19.so
7fe5f2eac000-7fe5f2ead000 rw-p 00017000 08:07 12240                      /lib/x86_64-linux-gnu/libnsl-2.19.so
7fe5f2ead000-7fe5f2eaf000 rw-p 00000000 00:00 0 
7fe5f2eaf000-7fe5f2eb8000 r-xp 00000000 08:07 12239                      /lib/x86_64-linux-gnu/libnss_compat-2.19.so
7fe5f2eb8000-7fe5f30b7000 ---p 00009000 08:07 12239                      /lib/x86_64-linux-gnu/libnss_compat-2.19.so
7fe5f30b7000-7fe5f30b8000 r--p 00008000 08:07 12239                      /lib/x86_64-linux-gnu/libnss_compat-2.19.so
7fe5f30b8000-7fe5f30b9000 rw-p 00009000 08:07 12239                      /lib/x86_64-linux-gnu/libnss_compat-2.19.so
7fe5f30b9000-7fe5f30e4000 r-xp 00000000 08:07 911578                     /usr/lib/jvm/java-8-oracle/jre/lib/amd64/libjava.so
7fe5f30e4000-7fe5f32e3000 ---p 0002b000 08:07 911578                     /usr/lib/jvm/java-8-oracle/jre/lib/amd64/libjava.so
7fe5f32e3000-7fe5f32e5000 rw-p 0002a000 08:07 911578                     /usr/lib/jvm/java-8-oracle/jre/lib/amd64/libjava.so
7fe5f32e5000-7fe5f32f2000 r-xp 00000000 08:07 911690                     /usr/lib/jvm/java-8-oracle/jre/lib/amd64/libverify.so
7fe5f32f2000-7fe5f34f1000 ---p 0000d000 08:07 911690                     /usr/lib/jvm/java-8-oracle/jre/lib/amd64/libverify.so
7fe5f34f1000-7fe5f34f3000 rw-p 0000c000 08:07 911690                     /usr/lib/jvm/java-8-oracle/jre/lib/amd64/libverify.so
7fe5f34f3000-7fe5f34fa000 r-xp 00000000 08:07 12248                      /lib/x86_64-linux-gnu/librt-2.19.so
7fe5f34fa000-7fe5f36f9000 ---p 00007000 08:07 12248                      /lib/x86_64-linux-gnu/librt-2.19.so
7fe5f36f9000-7fe5f36fa000 r--p 00006000 08:07 12248                      /lib/x86_64-linux-gnu/librt-2.19.so
7fe5f36fa000-7fe5f36fb000 rw-p 00007000 08:07 12248                      /lib/x86_64-linux-gnu/librt-2.19.so
7fe5f36fb000-7fe5f3800000 r-xp 00000000 08:07 10642                      /lib/x86_64-linux-gnu/libm-2.19.so
7fe5f3800000-7fe5f39ff000 ---p 00105000 08:07 10642                      /lib/x86_64-linux-gnu/libm-2.19.so
7fe5f39ff000-7fe5f3a00000 r--p 00104000 08:07 10642                      /lib/x86_64-linux-gnu/libm-2.19.so
7fe5f3a00000-7fe5f3a01000 rw-p 00105000 08:07 10642                      /lib/x86_64-linux-gnu/libm-2.19.so
7fe5f3a01000-7fe5f46ce000 r-xp 00000000 08:07 911638                     /usr/lib/jvm/java-8-oracle/jre/lib/amd64/server/libjvm.so
7fe5f46ce000-7fe5f48cd000 ---p 00ccd000 08:07 911638                     /usr/lib/jvm/java-8-oracle/jre/lib/amd64/server/libjvm.so
7fe5f48cd000-7fe5f49a6000 rw-p 00ccc000 08:07 911638                     /usr/lib/jvm/java-8-oracle/jre/lib/amd64/server/libjvm.so
7fe5f49a6000-7fe5f49f1000 rw-p 00000000 00:00 0 
7fe5f49f1000-7fe5f4bab000 r-xp 00000000 08:07 12249                      /lib/x86_64-linux-gnu/libc-2.19.so
7fe5f4bab000-7fe5f4dab000 ---p 001ba000 08:07 12249                      /lib/x86_64-linux-gnu/libc-2.19.so
7fe5f4dab000-7fe5f4daf000 r--p 001ba000 08:07 12249                      /lib/x86_64-linux-gnu/libc-2.19.so
7fe5f4daf000-7fe5f4db1000 rw-p 001be000 08:07 12249                      /lib/x86_64-linux-gnu/libc-2.19.so
7fe5f4db1000-7fe5f4db6000 rw-p 00000000 00:00 0 
7fe5f4db6000-7fe5f4db9000 r-xp 00000000 08:07 12236                      /lib/x86_64-linux-gnu/libdl-2.19.so
7fe5f4db9000-7fe5f4fb8000 ---p 00003000 08:07 12236                      /lib/x86_64-linux-gnu/libdl-2.19.so
7fe5f4fb8000-7fe5f4fb9000 r--p 00002000 08:07 12236                      /lib/x86_64-linux-gnu/libdl-2.19.so
7fe5f4fb9000-7fe5f4fba000 rw-p 00003000 08:07 12236                      /lib/x86_64-linux-gnu/libdl-2.19.so
7fe5f4fba000-7fe5f4fcf000 r-xp 00000000 08:07 550623                     /usr/lib/jvm/java-8-oracle/lib/amd64/jli/libjli.so
7fe5f4fcf000-7fe5f51cf000 ---p 00015000 08:07 550623                     /usr/lib/jvm/java-8-oracle/lib/amd64/jli/libjli.so
7fe5f51cf000-7fe5f51d0000 rw-p 00015000 08:07 550623                     /usr/lib/jvm/java-8-oracle/lib/amd64/jli/libjli.so
7fe5f51d0000-7fe5f51e9000 r-xp 00000000 08:07 12241                      /lib/x86_64-linux-gnu/libpthread-2.19.so
7fe5f51e9000-7fe5f53e8000 ---p 00019000 08:07 12241                      /lib/x86_64-linux-gnu/libpthread-2.19.so
7fe5f53e8000-7fe5f53e9000 r--p 00018000 08:07 12241                      /lib/x86_64-linux-gnu/libpthread-2.19.so
7fe5f53e9000-7fe5f53ea000 rw-p 00019000 08:07 12241                      /lib/x86_64-linux-gnu/libpthread-2.19.so
7fe5f53ea000-7fe5f53ee000 rw-p 00000000 00:00 0 
7fe5f53ee000-7fe5f5411000 r-xp 00000000 08:07 12242                      /lib/x86_64-linux-gnu/ld-2.19.so
7fe5f5411000-7fe5f5412000 r--s 00006000 08:08 587611                     /home/suraj/android-studio/gradle/gradle-2.14.1/lib/gradle-base-services-groovy-2.14.1.jar
7fe5f5412000-7fe5f5413000 r--s 00002000 08:08 587604                     /home/suraj/android-studio/gradle/gradle-2.14.1/lib/gradle-docs-2.14.1.jar
7fe5f5413000-7fe5f5414000 r--s 00000000 08:08 587746                     /home/suraj/android-studio/gradle/gradle-2.14.1/lib/javax.inject-1.jar
7fe5f5414000-7fe5f54e6000 rw-p 00000000 00:00 0 
7fe5f54e6000-7fe5f54e9000 ---p 00000000 00:00 0 
7fe5f54e9000-7fe5f55eb000 rw-p 00000000 00:00 0                          [stack:17416]
7fe5f55eb000-7fe5f55ec000 r--s 00000000 08:08 587602                     /home/suraj/android-studio/gradle/gradle-2.14.1/lib/jcip-annotations-1.0.jar
7fe5f55ec000-7fe5f55ed000 r--s 00001000 08:08 587623                     /home/suraj/android-studio/gradle/gradle-2.14.1/lib/gradle-process-services-2.14.1.jar
7fe5f55ed000-7fe5f55ee000 r--s 00000000 08:08 587585                     /home/suraj/android-studio/gradle/gradle-2.14.1/lib/gradle-jvm-services-2.14.1.jar
7fe5f55ee000-7fe5f55ef000 r--s 00007000 08:08 587595                     /home/suraj/android-studio/gradle/gradle-2.14.1/lib/slf4j-api-1.7.10.jar
7fe5f55ef000-7fe5f55f0000 r--s 00004000 08:08 587613                     /home/suraj/android-studio/gradle/gradle-2.14.1/lib/ant-launcher-1.9.6.jar
7fe5f55f0000-7fe5f5604000 rw-p 00000000 00:00 0 
7fe5f5604000-7fe5f560c000 rw-s 00000000 08:07 131289                     /tmp/hsperfdata_suraj/17415
7fe5f560c000-7fe5f560d000 rw-p 00000000 00:00 0 
7fe5f560d000-7fe5f560e000 ---p 00000000 00:00 0 
7fe5f560e000-7fe5f5610000 rw-p 00000000 00:00 0 
7fe5f5610000-7fe5f5611000 r--p 00022000 08:07 12242                      /lib/x86_64-linux-gnu/ld-2.19.so
7fe5f5611000-7fe5f5612000 rw-p 00023000 08:07 12242                      /lib/x86_64-linux-gnu/ld-2.19.so
7fe5f5612000-7fe5f5613000 rw-p 00000000 00:00 0 
7fff9c78f000-7fff9c7b1000 rw-p 00000000 00:00 0                          [stack]
7fff9c7d0000-7fff9c7d2000 r--p 00000000 00:00 0                          [vvar]
7fff9c7d2000-7fff9c7d4000 r-xp 00000000 00:00 0                          [vdso]
ffffffffff600000-ffffffffff601000 r-xp 00000000 00:00 0                  [vsyscall]

VM Arguments:
jvm_args: -XX:MaxPermSize=256m -XX:+HeapDumpOnOutOfMemoryError -Xmx1024m -Dfile.encoding=UTF-8 -Duser.country=IN -Duser.language=en -Duser.variant 
java_command: org.gradle.launcher.daemon.bootstrap.GradleDaemon 2.14.1
java_class_path (initial): /home/suraj/android-studio/gradle/gradle-2.14.1/lib/gradle-launcher-2.14.1.jar
Launcher Type: SUN_STANDARD

Environment Variables:
JAVA_HOME=/usr/lib/jvm/java-8-oracle
PATH=/usr/local/heroku/bin:/home/suraj/.rbenv/plugins/ruby-build/bin:/home/suraj/.rbenv/shims:/home/suraj/.rbenv/bin:/usr/local/sbin:/usr/local/bin:/usr/sbin:/usr/bin:/sbin:/bin:/usr/games:/usr/local/games:/usr/lib/jvm/java-8-oracle/bin:/usr/lib/jvm/java-8-oracle/db/bin:/usr/lib/jvm/java-8-oracle/jre/bin:/home/suraj/scripts/:/home/suraj/scala-2.11.8/bin/:/home/suraj/android/toolchain/arm-cortex_a8-linux-gnueabi-linaro_4.7.4-2014.04/bin:/home/suraj/android/android-sdk-linux/tools:/home/suraj/android/android-sdk-linux/platform-tools
LD_LIBRARY_PATH=/home/suraj/android-studio/bin::/usr/local/lib
SHELL=/bin/bash
DISPLAY=:0
ARCH=arm

Signal Handlers:
SIGSEGV: [libjvm.so+0xac64b0], sa_mask[0]=11111111011111111101111111111110, sa_flags=SA_RESTART|SA_SIGINFO
SIGBUS: [libjvm.so+0xac64b0], sa_mask[0]=11111111011111111101111111111110, sa_flags=SA_RESTART|SA_SIGINFO
SIGFPE: [libjvm.so+0x91f950], sa_mask[0]=11111111011111111101111111111110, sa_flags=SA_RESTART|SA_SIGINFO
SIGPIPE: [libjvm.so+0x91f950], sa_mask[0]=11111111011111111101111111111110, sa_flags=SA_RESTART|SA_SIGINFO
SIGXFSZ: [libjvm.so+0x91f950], sa_mask[0]=11111111011111111101111111111110, sa_flags=SA_RESTART|SA_SIGINFO
SIGILL: [libjvm.so+0x91f950], sa_mask[0]=11111111011111111101111111111110, sa_flags=SA_RESTART|SA_SIGINFO
SIGUSR1: SIG_DFL, sa_mask[0]=00000000000000000000000000000000, sa_flags=none
SIGUSR2: [libjvm.so+0x920f80], sa_mask[0]=00100000000000000000000000000000, sa_flags=SA_RESTART|SA_SIGINFO
SIGHUP: [libjvm.so+0x922380], sa_mask[0]=11111111011111111101111111111110, sa_flags=SA_RESTART|SA_SIGINFO
SIGINT: [libjvm.so+0x922380], sa_mask[0]=11111111011111111101111111111110, sa_flags=SA_RESTART|SA_SIGINFO
SIGTERM: [libjvm.so+0x922380], sa_mask[0]=11111111011111111101111111111110, sa_flags=SA_RESTART|SA_SIGINFO
SIGQUIT: [libjvm.so+0x922380], sa_mask[0]=11111111011111111101111111111110, sa_flags=SA_RESTART|SA_SIGINFO


---------------  S Y S T E M  ---------------

OS:DISTRIB_ID=Ubuntu
DISTRIB_RELEASE=14.04
DISTRIB_CODENAME=trusty
DISTRIB_DESCRIPTION="Ubuntu 14.04.5 LTS"

uname:Linux 3.17.0-031700-generic #201410060605 SMP Mon Oct 6 10:07:09 UTC 2014 x86_64
libc:glibc 2.19 NPTL 2.19 
rlimit: STACK 8192k, CORE 0k, NPROC 15261, NOFILE 4096, AS infinity
load average:5.30 2.26 1.53

/proc/meminfo:
MemTotal:        3952400 kB
MemFree:          112612 kB
MemAvailable:      49444 kB
Buffers:             112 kB
Cached:           522260 kB
SwapCached:            0 kB
Active:          3120892 kB
Inactive:         497668 kB
Active(anon):    3118904 kB
Inactive(anon):   495280 kB
Active(file):       1988 kB
Inactive(file):     2388 kB
Unevictable:          32 kB
Mlocked:              32 kB
SwapTotal:             0 kB
SwapFree:              0 kB
Dirty:               140 kB
Writeback:             0 kB
AnonPages:       3096440 kB
Mapped:           103236 kB
Shmem:            517776 kB
Slab:              73264 kB
SReclaimable:      38212 kB
SUnreclaim:        35052 kB
KernelStack:       11056 kB
PageTables:        37592 kB
NFS_Unstable:          0 kB
Bounce:                0 kB
WritebackTmp:          0 kB
CommitLimit:     1976200 kB
Committed_AS:    7528432 kB
VmallocTotal:   34359738367 kB
VmallocUsed:      352420 kB
VmallocChunk:   34359294136 kB
HardwareCorrupted:     0 kB
AnonHugePages:    897024 kB
HugePages_Total:       0
HugePages_Free:        0
HugePages_Rsvd:        0
HugePages_Surp:        0
Hugepagesize:       2048 kB
DirectMap4k:       75028 kB
DirectMap2M:     1927168 kB
DirectMap1G:     2097152 kB


CPU:total 4 (2 cores per cpu, 2 threads per core) family 6 model 69 stepping 1, cmov, cx8, fxsr, mmx, sse, sse2, sse3, ssse3, sse4.1, sse4.2, popcnt, avx, avx2, aes, clmul, erms, lzcnt, ht, tsc, tscinvbit, bmi1, bmi2

/proc/cpuinfo:
processor	: 0
vendor_id	: GenuineIntel
cpu family	: 6
model		: 69
model name	: Intel(R) Core(TM) i5-4200U CPU @ 1.60GHz
stepping	: 1
microcode	: 0x16
cpu MHz		: 2300.000
cache size	: 3072 KB
physical id	: 0
siblings	: 4
core id		: 0
cpu cores	: 2
apicid		: 0
initial apicid	: 0
fpu		: yes
fpu_exception	: yes
cpuid level	: 13
wp		: yes
flags		: fpu vme de pse tsc msr pae mce cx8 apic sep mtrr pge mca cmov pat pse36 clflush dts acpi mmx fxsr sse sse2 ss ht tm pbe syscall nx pdpe1gb rdtscp lm constant_tsc arch_perfmon pebs bts rep_good nopl xtopology nonstop_tsc aperfmperf eagerfpu pni pclmulqdq dtes64 monitor ds_cpl vmx est tm2 ssse3 fma cx16 xtpr pdcm pcid sse4_1 sse4_2 movbe popcnt tsc_deadline_timer aes xsave avx f16c rdrand lahf_lm abm ida arat epb pln pts dtherm tpr_shadow vnmi flexpriority ept vpid fsgsbase tsc_adjust bmi1 avx2 smep bmi2 erms invpcid xsaveopt
bugs		:
bogomips	: 4588.96
clflush size	: 64
cache_alignment	: 64
address sizes	: 39 bits physical, 48 bits virtual
power management:

processor	: 1
vendor_id	: GenuineIntel
cpu family	: 6
model		: 69
model name	: Intel(R) Core(TM) i5-4200U CPU @ 1.60GHz
stepping	: 1
microcode	: 0x16
cpu MHz		: 2300.000
cache size	: 3072 KB
physical id	: 0
siblings	: 4
core id		: 1
cpu cores	: 2
apicid		: 2
initial apicid	: 2
fpu		: yes
fpu_exception	: yes
cpuid level	: 13
wp		: yes
flags		: fpu vme de pse tsc msr pae mce cx8 apic sep mtrr pge mca cmov pat pse36 clflush dts acpi mmx fxsr sse sse2 ss ht tm pbe syscall nx pdpe1gb rdtscp lm constant_tsc arch_perfmon pebs bts rep_good nopl xtopology nonstop_tsc aperfmperf eagerfpu pni pclmulqdq dtes64 monitor ds_cpl vmx est tm2 ssse3 fma cx16 xtpr pdcm pcid sse4_1 sse4_2 movbe popcnt tsc_deadline_timer aes xsave avx f16c rdrand lahf_lm abm ida arat epb pln pts dtherm tpr_shadow vnmi flexpriority ept vpid fsgsbase tsc_adjust bmi1 avx2 smep bmi2 erms invpcid xsaveopt
bugs		:
bogomips	: 4588.96
clflush size	: 64
cache_alignment	: 64
address sizes	: 39 bits physical, 48 bits virtual
power management:

processor	: 2
vendor_id	: GenuineIntel
cpu family	: 6
model		: 69
model name	: Intel(R) Core(TM) i5-4200U CPU @ 1.60GHz
stepping	: 1
microcode	: 0x16
cpu MHz		: 2300.000
cache size	: 3072 KB
physical id	: 0
siblings	: 4
core id		: 0
cpu cores	: 2
apicid		: 1
initial apicid	: 1
fpu		: yes
fpu_exception	: yes
cpuid level	: 13
wp		: yes
flags		: fpu vme de pse tsc msr pae mce cx8 apic sep mtrr pge mca cmov pat pse36 clflush dts acpi mmx fxsr sse sse2 ss ht tm pbe syscall nx pdpe1gb rdtscp lm constant_tsc arch_perfmon pebs bts rep_good nopl xtopology nonstop_tsc aperfmperf eagerfpu pni pclmulqdq dtes64 monitor ds_cpl vmx est tm2 ssse3 fma cx16 xtpr pdcm pcid sse4_1 sse4_2 movbe popcnt tsc_deadline_timer aes xsave avx f16c rdrand lahf_lm abm ida arat epb pln pts dtherm tpr_shadow vnmi flexpriority ept vpid fsgsbase tsc_adjust bmi1 avx2 smep bmi2 erms invpcid xsaveopt
bugs		:
bogomips	: 4588.96
clflush size	: 64
cache_alignment	: 64
address sizes	: 39 bits physical, 48 bits virtual
power management:

processor	: 3
vendor_id	: GenuineIntel
cpu family	: 6
model		: 69
model name	: Intel(R) Core(TM) i5-4200U CPU @ 1.60GHz
stepping	: 1
microcode	: 0x16
cpu MHz		: 2300.000
cache size	: 3072 KB
physical id	: 0
siblings	: 4
core id		: 1
cpu cores	: 2
apicid		: 3
initial apicid	: 3
fpu		: yes
fpu_exception	: yes
cpuid level	: 13
wp		: yes
flags		: fpu vme de pse tsc msr pae mce cx8 apic sep mtrr pge mca cmov pat pse36 clflush dts acpi mmx fxsr sse sse2 ss ht tm pbe syscall nx pdpe1gb rdtscp lm constant_tsc arch_perfmon pebs bts rep_good nopl xtopology nonstop_tsc aperfmperf eagerfpu pni pclmulqdq dtes64 monitor ds_cpl vmx est tm2 ssse3 fma cx16 xtpr pdcm pcid sse4_1 sse4_2 movbe popcnt tsc_deadline_timer aes xsave avx f16c rdrand lahf_lm abm ida arat epb pln pts dtherm tpr_shadow vnmi flexpriority ept vpid fsgsbase tsc_adjust bmi1 avx2 smep bmi2 erms invpcid xsaveopt
bugs		:
bogomips	: 4588.96
clflush size	: 64
cache_alignment	: 64
address sizes	: 39 bits physical, 48 bits virtual
power management:



Memory: 4k page, physical 3952400k(112204k free), swap 0k(0k free)

vm_info: Java HotSpot(TM) 64-Bit Server VM (25.111-b14) for linux-amd64 JRE (1.8.0_111-b14), built on Sep 22 2016 16:14:03 by "java_re" with gcc 4.3.0 20080428 (Red Hat 4.3.0-8)

time: Mon Nov 14 21:30:54 2016
elapsed time: 322 seconds (0d 0h 5m 22s)

