#
# There is insufficient memory for the Java Runtime Environment to continue.
# Native memory allocation (mmap) failed to map 32505856 bytes for committing reserved memory.
# Possible reasons:
#   The system is out of physical RAM or swap space
#   In 32 bit mode, the process size limit was hit
# Possible solutions:
#   Reduce memory load on the system
#   Increase physical memory or swap space
#   Check if swap backing store is full
#   Use 64 bit Java on a 64 bit OS
#   Decrease Java heap size (-Xmx/-Xms)
#   Decrease number of Java threads
#   Decrease Java thread stack sizes (-Xss)
#   Set larger code cache with -XX:ReservedCodeCacheSize=
# This output file may be truncated or incomplete.
#
#  Out of Memory Error (os_linux.cpp:2627), pid=18592, tid=0x00007f06a9fff700
#
# JRE version: Java(TM) SE Runtime Environment (8.0_121-b13) (build 1.8.0_121-b13)
# Java VM: Java HotSpot(TM) 64-Bit Server VM (25.121-b13 mixed mode linux-amd64 compressed oops)
# Failed to write core dump. Core dumps have been disabled. To enable core dumping, try "ulimit -c unlimited" before starting Java again
#

---------------  T H R E A D  ---------------

Current thread (0x00007f06cc078000):  VMThread [stack: 0x00007f06a9eff000,0x00007f06aa000000] [id=18603]

Stack: [0x00007f06a9eff000,0x00007f06aa000000],  sp=0x00007f06a9ffe0e0,  free space=1020k
Native frames: (J=compiled Java code, j=interpreted, Vv=VM code, C=native code)
V  [libjvm.so+0xac703a]  VMError::report_and_die()+0x2ba
V  [libjvm.so+0x4fc7eb]  report_vm_out_of_memory(char const*, int, unsigned long, VMErrorType, char const*)+0x8b
V  [libjvm.so+0x923c43]  os::Linux::commit_memory_impl(char*, unsigned long, bool)+0x103
V  [libjvm.so+0x924199]  os::pd_commit_memory(char*, unsigned long, unsigned long, bool)+0x29
V  [libjvm.so+0x91e4aa]  os::commit_memory(char*, unsigned long, unsigned long, bool)+0x2a
V  [libjvm.so+0x992f03]  PSVirtualSpace::expand_by(unsigned long)+0x53
V  [libjvm.so+0x994308]  PSYoungGen::resize_generation(unsigned long, unsigned long)+0xf8
V  [libjvm.so+0x993462]  PSYoungGen::resize(unsigned long, unsigned long)+0x22
V  [libjvm.so+0x99073b]  PSScavenge::invoke_no_policy()+0xf3b
V  [libjvm.so+0x990ec1]  PSScavenge::invoke()+0x41
V  [libjvm.so+0x947c10]  ParallelScavengeHeap::failed_mem_allocate(unsigned long)+0x70
V  [libjvm.so+0xac8a57]  VM_ParallelGCFailedAllocation::doit()+0x97
V  [libjvm.so+0xad0535]  VM_Operation::evaluate()+0x55
V  [libjvm.so+0xace90a]  VMThread::evaluate_operation(VM_Operation*)+0xba
V  [libjvm.so+0xacec8e]  VMThread::loop()+0x1ce
V  [libjvm.so+0xacf100]  VMThread::run()+0x70
V  [libjvm.so+0x926268]  java_start(Thread*)+0x108

VM_Operation (0x00007f06a8c0ec10): ParallelGCFailedAllocation, mode: safepoint, requested by thread 0x00007f06cc15e800


---------------  P R O C E S S  ---------------

Java Threads: ( => current thread )
  0x00007f06cc15e800 JavaThread "pool-1-thread-4" [_thread_blocked, id=18616, stack(0x00007f06a8b10000,0x00007f06a8c11000)]
  0x00007f06cc15c800 JavaThread "pool-1-thread-3" [_thread_blocked, id=18615, stack(0x00007f06a8c11000,0x00007f06a8d12000)]
  0x00007f06cc15b000 JavaThread "pool-1-thread-2" [_thread_blocked, id=18614, stack(0x00007f06a8d12000,0x00007f06a8e13000)]
  0x00007f06cc14d000 JavaThread "pool-2-thread-1" [_thread_blocked, id=18613, stack(0x00007f06a8e13000,0x00007f06a8f14000)]
  0x00007f06cc14c000 JavaThread "pool-1-thread-1" [_thread_blocked, id=18612, stack(0x00007f06a8f14000,0x00007f06a9015000)]
  0x00007f06cc0c0800 JavaThread "Service Thread" daemon [_thread_blocked, id=18610, stack(0x00007f06a9116000,0x00007f06a9217000)]
  0x00007f06cc0bd000 JavaThread "C1 CompilerThread2" daemon [_thread_blocked, id=18609, stack(0x00007f06a9217000,0x00007f06a9318000)]
  0x00007f06cc0bb800 JavaThread "C2 CompilerThread1" daemon [_thread_in_native, id=18608, stack(0x00007f06a9318000,0x00007f06a9419000)]
  0x00007f06cc0b8800 JavaThread "C2 CompilerThread0" daemon [_thread_blocked, id=18607, stack(0x00007f06a9419000,0x00007f06a951a000)]
  0x00007f06cc0b7000 JavaThread "Signal Dispatcher" daemon [_thread_blocked, id=18606, stack(0x00007f06a951a000,0x00007f06a961b000)]
  0x00007f06cc084000 JavaThread "Finalizer" daemon [_thread_blocked, id=18605, stack(0x00007f06a9cfd000,0x00007f06a9dfe000)]
  0x00007f06cc07f800 JavaThread "Reference Handler" daemon [_thread_blocked, id=18604, stack(0x00007f06a9dfe000,0x00007f06a9eff000)]
  0x00007f06cc00a000 JavaThread "main" [_thread_blocked, id=18598, stack(0x00007f06d45e1000,0x00007f06d46e2000)]

Other Threads:
=>0x00007f06cc078000 VMThread [stack: 0x00007f06a9eff000,0x00007f06aa000000] [id=18603]
  0x00007f06cc0c3000 WatcherThread [stack: 0x00007f06a9015000,0x00007f06a9116000] [id=18611]

VM state:at safepoint (normal execution)

VM Mutex/Monitor currently owned by a thread:  ([mutex/lock_event])
[0x00007f06cc0064d0] Threads_lock - owner thread: 0x00007f06cc078000
[0x00007f06cc0069d0] Heap_lock - owner thread: 0x00007f06cc15e800

Heap:
 PSYoungGen      total 34304K, used 2530K [0x00000000eab00000, 0x00000000ecf00000, 0x0000000100000000)
  eden space 31744K, 0% used [0x00000000eab00000,0x00000000eab00000,0x00000000eca00000)
  from space 2560K, 98% used [0x00000000eca00000,0x00000000ecc78b00,0x00000000ecc80000)
  to   space 2560K, 0% used [0x00000000ecc80000,0x00000000ecc80000,0x00000000ecf00000)
 ParOldGen       total 42496K, used 10285K [0x00000000c0000000, 0x00000000c2980000, 0x00000000eab00000)
  object space 42496K, 24% used [0x00000000c0000000,0x00000000c0a0b6c0,0x00000000c2980000)
 Metaspace       used 5771K, capacity 6832K, committed 7040K, reserved 1056768K
  class space    used 588K, capacity 616K, committed 640K, reserved 1048576K

Card table byte_map: [0x00007f06d119c000,0x00007f06d139d000] byte_map_base: 0x00007f06d0b9c000

Marking Bits: (ParMarkBitMap*) 0x00007f06d3abfc80
 Begin Bits: [0x00007f06aa000000, 0x00007f06ab000000)
 End Bits:   [0x00007f06ab000000, 0x00007f06ac000000)

Polling page: 0x00007f06d4709000

CodeCache: size=245760Kb used=3596Kb max_used=3596Kb free=242163Kb
 bounds [0x00007f06bd000000, 0x00007f06bd390000, 0x00007f06cc000000]
 total_blobs=1238 nmethods=977 adapters=175
 compilation: enabled

Compilation events (10 events):
Event: 1.408 Thread 0x00007f06cc0bd000 nmethod 1041 0x00007f06bd381e10 code [0x00007f06bd381f80, 0x00007f06bd3820e8]
Event: 1.408 Thread 0x00007f06cc0bd000 1097       2       com.android.dx.ssa.SsaConverter::nodeNeedsUniquePredecessor (32 bytes)
Event: 1.408 Thread 0x00007f06cc0bd000 nmethod 1097 0x00007f06bd381990 code [0x00007f06bd381b00, 0x00007f06bd381cb8]
Event: 1.409 Thread 0x00007f06cc0bd000 1095       2       com.android.dx.rop.code.BasicBlockList::forEachInsn (39 bytes)
Event: 1.412 Thread 0x00007f06cc0bd000 nmethod 1095 0x00007f06bd385190 code [0x00007f06bd385340, 0x00007f06bd385688]
Event: 1.412 Thread 0x00007f06cc0bd000 1046       2       com.android.dx.rop.code.Rops::opMove (77 bytes)
Event: 1.417 Thread 0x00007f06cc0bd000 nmethod 1046 0x00007f06bd385a10 code [0x00007f06bd385be0, 0x00007f06bd3860d8]
Event: 1.417 Thread 0x00007f06cc0bd000 1049       2       com.android.dx.rop.type.StdTypeList::getType (6 bytes)
Event: 1.417 Thread 0x00007f06cc0bd000 nmethod 1049 0x00007f06bd3863d0 code [0x00007f06bd386540, 0x00007f06bd3866e8]
Event: 1.417 Thread 0x00007f06cc0bd000 1081       2       com.android.dx.rop.type.Prototype::withFirstParameter (68 bytes)

GC Heap History (5 events):
Event: 0.656 GC heap before
{Heap before GC invocations=1 (full 0):
 PSYoungGen      total 18432K, used 15872K [0x00000000eab00000, 0x00000000ebf80000, 0x0000000100000000)
  eden space 15872K, 100% used [0x00000000eab00000,0x00000000eba80000,0x00000000eba80000)
  from space 2560K, 0% used [0x00000000ebd00000,0x00000000ebd00000,0x00000000ebf80000)
  to   space 2560K, 0% used [0x00000000eba80000,0x00000000eba80000,0x00000000ebd00000)
 ParOldGen       total 42496K, used 0K [0x00000000c0000000, 0x00000000c2980000, 0x00000000eab00000)
  object space 42496K, 0% used [0x00000000c0000000,0x00000000c0000000,0x00000000c2980000)
 Metaspace       used 5416K, capacity 6576K, committed 6784K, reserved 1056768K
  class space    used 576K, capacity 616K, committed 640K, reserved 1048576K
Event: 0.664 GC heap after
Heap after GC invocations=1 (full 0):
 PSYoungGen      total 18432K, used 2530K [0x00000000eab00000, 0x00000000ecf00000, 0x0000000100000000)
  eden space 15872K, 0% used [0x00000000eab00000,0x00000000eab00000,0x00000000eba80000)
  from space 2560K, 98% used [0x00000000eba80000,0x00000000ebcf8a48,0x00000000ebd00000)
  to   space 2560K, 0% used [0x00000000ecc80000,0x00000000ecc80000,0x00000000ecf00000)
 ParOldGen       total 42496K, used 1988K [0x00000000c0000000, 0x00000000c2980000, 0x00000000eab00000)
  object space 42496K, 4% used [0x00000000c0000000,0x00000000c01f1378,0x00000000c2980000)
 Metaspace       used 5416K, capacity 6576K, committed 6784K, reserved 1056768K
  class space    used 576K, capacity 616K, committed 640K, reserved 1048576K
}
Event: 0.996 GC heap before
{Heap before GC invocations=2 (full 0):
 PSYoungGen      total 18432K, used 18402K [0x00000000eab00000, 0x00000000ecf00000, 0x0000000100000000)
  eden space 15872K, 100% used [0x00000000eab00000,0x00000000eba80000,0x00000000eba80000)
  from space 2560K, 98% used [0x00000000eba80000,0x00000000ebcf8a48,0x00000000ebd00000)
  to   space 2560K, 0% used [0x00000000ecc80000,0x00000000ecc80000,0x00000000ecf00000)
 ParOldGen       total 42496K, used 1988K [0x00000000c0000000, 0x00000000c2980000, 0x00000000eab00000)
  object space 42496K, 4% used [0x00000000c0000000,0x00000000c01f1378,0x00000000c2980000)
 Metaspace       used 5690K, capacity 6768K, committed 7040K, reserved 1056768K
  class space    used 585K, capacity 616K, committed 640K, reserved 1048576K
Event: 1.023 GC heap after
Heap after GC invocations=2 (full 0):
 PSYoungGen      total 34304K, used 2528K [0x00000000eab00000, 0x00000000ecf00000, 0x0000000100000000)
  eden space 31744K, 0% used [0x00000000eab00000,0x00000000eab00000,0x00000000eca00000)
  from space 2560K, 98% used [0x00000000ecc80000,0x00000000ecef8208,0x00000000ecf00000)
  to   space 2560K, 0% used [0x00000000eca00000,0x00000000eca00000,0x00000000ecc80000)
 ParOldGen       total 42496K, used 4619K [0x00000000c0000000, 0x00000000c2980000, 0x00000000eab00000)
  object space 42496K, 10% used [0x00000000c0000000,0x00000000c0482f98,0x00000000c2980000)
 Metaspace       used 5690K, capacity 6768K, committed 7040K, reserved 1056768K
  class space    used 585K, capacity 616K, committed 640K, reserved 1048576K
}
Event: 1.421 GC heap before
{Heap before GC invocations=3 (full 0):
 PSYoungGen      total 34304K, used 34272K [0x00000000eab00000, 0x00000000ecf00000, 0x0000000100000000)
  eden space 31744K, 100% used [0x00000000eab00000,0x00000000eca00000,0x00000000eca00000)
  from space 2560K, 98% used [0x00000000ecc80000,0x00000000ecef8208,0x00000000ecf00000)
  to   space 2560K, 0% used [0x00000000eca00000,0x00000000eca00000,0x00000000ecc80000)
 ParOldGen       total 42496K, used 4619K [0x00000000c0000000, 0x00000000c2980000, 0x00000000eab00000)
  object space 42496K, 10% used [0x00000000c0000000,0x00000000c0482f98,0x00000000c2980000)
 Metaspace       used 5771K, capacity 6832K, committed 7040K, reserved 1056768K
  class space    used 588K, capacity 616K, committed 640K, reserved 1048576K

Deoptimization events (10 events):
Event: 0.621 Thread 0x00007f06cc15b000 Uncommon trap: reason=unstable_if action=reinterpret pc=0x00007f06bd1f3524 method=java.util.HashMap.getNode(ILjava/lang/Object;)Ljava/util/HashMap$Node; @ 62
Event: 0.745 Thread 0x00007f06cc00a000 Uncommon trap: reason=unstable_if action=reinterpret pc=0x00007f06bd18b468 method=java.lang.String.<init>([CII)V @ 18
Event: 0.834 Thread 0x00007f06cc00a000 Uncommon trap: reason=unstable_if action=reinterpret pc=0x00007f06bd1e45c0 method=com.android.dx.rop.cst.StdConstantPool.set(ILcom/android/dx/rop/cst/Constant;)V @ 12
Event: 0.858 Thread 0x00007f06cc00a000 Uncommon trap: reason=unstable_if action=reinterpret pc=0x00007f06bd27edc0 method=com.android.dx.rop.code.RegisterSpec.equals(ILcom/android/dx/rop/type/TypeBearer;Lcom/android/dx/rop/code/LocalItem;)Z @ 16
Event: 0.923 Thread 0x00007f06cc00a000 Uncommon trap: reason=unloaded action=reinterpret pc=0x00007f06bd29b7c0 method=com.android.dx.cf.cst.ConstantPoolParser.parse0(ILjava/util/BitSet;)Lcom/android/dx/rop/cst/Constant; @ 475
Event: 1.192 Thread 0x00007f06cc15c800 Uncommon trap: reason=class_check action=maybe_recompile pc=0x00007f06bd33d730 method=com.android.dx.ssa.SsaBasicBlock.forEachInsn(Lcom/android/dx/ssa/SsaInsn$Visitor;)V @ 23
Event: 1.192 Thread 0x00007f06cc15b000 Uncommon trap: reason=class_check action=maybe_recompile pc=0x00007f06bd33d730 method=com.android.dx.ssa.SsaBasicBlock.forEachInsn(Lcom/android/dx/ssa/SsaInsn$Visitor;)V @ 23
Event: 1.193 Thread 0x00007f06cc15b000 Uncommon trap: reason=class_check action=maybe_recompile pc=0x00007f06bd33d730 method=com.android.dx.ssa.SsaBasicBlock.forEachInsn(Lcom/android/dx/ssa/SsaInsn$Visitor;)V @ 23
Event: 1.193 Thread 0x00007f06cc15b000 Uncommon trap: reason=class_check action=maybe_recompile pc=0x00007f06bd33d730 method=com.android.dx.ssa.SsaBasicBlock.forEachInsn(Lcom/android/dx/ssa/SsaInsn$Visitor;)V @ 23
Event: 1.217 Thread 0x00007f06cc15b000 Uncommon trap: reason=unstable_if action=reinterpret pc=0x00007f06bd34c7d0 method=com.android.dx.rop.code.RegisterSpecSet.put(Lcom/android/dx/rop/code/RegisterSpec;)V @ 77

Internal exceptions (2 events):
Event: 0.062 Thread 0x00007f06cc00a000 Exception <a 'java/lang/NoSuchMethodError': Method sun.misc.Unsafe.defineClass(Ljava/lang/String;[BII)Ljava/lang/Class; name or signature does not match> (0x00000000eab07ca8) thrown at [/HUDSON3/workspace/8-2-build-linux-amd64/jdk8u121/8372/hotspot/src/sh
Event: 0.063 Thread 0x00007f06cc00a000 Exception <a 'java/lang/NoSuchMethodError': Method sun.misc.Unsafe.prefetchRead(Ljava/lang/Object;J)V name or signature does not match> (0x00000000eab07f90) thrown at [/HUDSON3/workspace/8-2-build-linux-amd64/jdk8u121/8372/hotspot/src/share/vm/prims/jni.c

Events (10 events):
Event: 1.375 loading class com/android/dx/cf/attrib/AttRuntimeInvisibleAnnotations done
Event: 1.376 loading class com/android/dx/cf/attrib/BaseAnnotations
Event: 1.376 loading class com/android/dx/cf/attrib/BaseAnnotations done
Event: 1.393 Thread 0x00007f06cc15c800 DEOPT PACKING pc=0x00007f06bd34d58b sp=0x00007f06a8d101c0
Event: 1.393 Thread 0x00007f06cc15c800 DEOPT UNPACKING pc=0x00007f06bd047633 sp=0x00007f06a8d0ff38 mode 0
Event: 1.407 Thread 0x00007f06cc15e800 DEOPT PACKING pc=0x00007f06bd2d9845 sp=0x00007f06a8c0f110
Event: 1.407 Thread 0x00007f06cc15e800 DEOPT UNPACKING pc=0x00007f06bd047633 sp=0x00007f06a8c0ee28 mode 0
Event: 1.412 Thread 0x00007f06cc15b000 DEOPT PACKING pc=0x00007f06bd2336f4 sp=0x00007f06a8e10df0
Event: 1.412 Thread 0x00007f06cc15b000 DEOPT UNPACKING pc=0x00007f06bd047633 sp=0x00007f06a8e10b38 mode 0
Event: 1.417 Executing VM operation: ParallelGCFailedAllocation


Dynamic libraries:
00400000-00401000 r-xp 00000000 08:07 832578                             /usr/lib/jvm/java-8-oracle/bin/java
00600000-00601000 rw-p 00000000 08:07 832578                             /usr/lib/jvm/java-8-oracle/bin/java
01598000-015b9000 rw-p 00000000 00:00 0                                  [heap]
c0000000-c2980000 rw-p 00000000 00:00 0 
c2980000-eab00000 ---p 00000000 00:00 0 
eab00000-ecf00000 rw-p 00000000 00:00 0 
eee00000-100000000 ---p 00000000 00:00 0 
100000000-1000a0000 rw-p 00000000 00:00 0 
1000a0000-140000000 ---p 00000000 00:00 0 
7f066c000000-7f066c035000 rw-p 00000000 00:00 0 
7f066c035000-7f0670000000 ---p 00000000 00:00 0 
7f0674000000-7f0674028000 rw-p 00000000 00:00 0 
7f0674028000-7f0678000000 ---p 00000000 00:00 0 
7f0678000000-7f0678058000 rw-p 00000000 00:00 0 
7f0678058000-7f067c000000 ---p 00000000 00:00 0 
7f067c000000-7f067c02f000 rw-p 00000000 00:00 0 
7f067c02f000-7f0680000000 ---p 00000000 00:00 0 
7f0680000000-7f0680021000 rw-p 00000000 00:00 0 
7f0680021000-7f0684000000 ---p 00000000 00:00 0 
7f0684000000-7f0684021000 rw-p 00000000 00:00 0 
7f0684021000-7f0688000000 ---p 00000000 00:00 0 
7f0688000000-7f0688021000 rw-p 00000000 00:00 0 
7f0688021000-7f068c000000 ---p 00000000 00:00 0 
7f068c000000-7f068c50e000 rw-p 00000000 00:00 0 
7f068c50e000-7f0690000000 ---p 00000000 00:00 0 
7f0690000000-7f06904ed000 rw-p 00000000 00:00 0 
7f06904ed000-7f0694000000 ---p 00000000 00:00 0 
7f0694000000-7f0694021000 rw-p 00000000 00:00 0 
7f0694021000-7f0698000000 ---p 00000000 00:00 0 
7f0698000000-7f0698389000 rw-p 00000000 00:00 0 
7f0698389000-7f069c000000 ---p 00000000 00:00 0 
7f069c000000-7f069c021000 rw-p 00000000 00:00 0 
7f069c021000-7f06a0000000 ---p 00000000 00:00 0 
7f06a0000000-7f06a0021000 rw-p 00000000 00:00 0 
7f06a0021000-7f06a4000000 ---p 00000000 00:00 0 
7f06a4000000-7f06a428d000 rw-p 00000000 00:00 0 
7f06a428d000-7f06a8000000 ---p 00000000 00:00 0 
7f06a8b10000-7f06a8b13000 ---p 00000000 00:00 0 
7f06a8b13000-7f06a8c11000 rw-p 00000000 00:00 0                          [stack:18616]
7f06a8c11000-7f06a8c14000 ---p 00000000 00:00 0 
7f06a8c14000-7f06a8d12000 rw-p 00000000 00:00 0                          [stack:18615]
7f06a8d12000-7f06a8d15000 ---p 00000000 00:00 0 
7f06a8d15000-7f06a8e13000 rw-p 00000000 00:00 0                          [stack:18614]
7f06a8e13000-7f06a8e16000 ---p 00000000 00:00 0 
7f06a8e16000-7f06a8f14000 rw-p 00000000 00:00 0                          [stack:18613]
7f06a8f14000-7f06a8f17000 ---p 00000000 00:00 0 
7f06a8f17000-7f06a9015000 rw-p 00000000 00:00 0                          [stack:18612]
7f06a9015000-7f06a9016000 ---p 00000000 00:00 0 
7f06a9016000-7f06a9116000 rw-p 00000000 00:00 0                          [stack:18611]
7f06a9116000-7f06a9119000 ---p 00000000 00:00 0 
7f06a9119000-7f06a9217000 rw-p 00000000 00:00 0                          [stack:18610]
7f06a9217000-7f06a921a000 ---p 00000000 00:00 0 
7f06a921a000-7f06a9318000 rw-p 00000000 00:00 0                          [stack:18609]
7f06a9318000-7f06a931b000 ---p 00000000 00:00 0 
7f06a931b000-7f06a9419000 rw-p 00000000 00:00 0                          [stack:18608]
7f06a9419000-7f06a941c000 ---p 00000000 00:00 0 
7f06a941c000-7f06a951a000 rw-p 00000000 00:00 0                          [stack:18607]
7f06a951a000-7f06a951d000 ---p 00000000 00:00 0 
7f06a951d000-7f06a961b000 rw-p 00000000 00:00 0                          [stack:18606]
7f06a961b000-7f06a9cfd000 r--p 00000000 08:07 400878                     /usr/lib/locale/locale-archive
7f06a9cfd000-7f06a9d00000 ---p 00000000 00:00 0 
7f06a9d00000-7f06a9dfe000 rw-p 00000000 00:00 0                          [stack:18605]
7f06a9dfe000-7f06a9e01000 ---p 00000000 00:00 0 
7f06a9e01000-7f06a9eff000 rw-p 00000000 00:00 0                          [stack:18604]
7f06a9eff000-7f06a9f00000 ---p 00000000 00:00 0 
7f06a9f00000-7f06ac000000 rw-p 00000000 00:00 0                          [stack:18603]
7f06ac000000-7f06ac021000 rw-p 00000000 00:00 0 
7f06ac021000-7f06b0000000 ---p 00000000 00:00 0 
7f06b0000000-7f06b0021000 rw-p 00000000 00:00 0 
7f06b0021000-7f06b4000000 ---p 00000000 00:00 0 
7f06b4000000-7f06b4021000 rw-p 00000000 00:00 0 
7f06b4021000-7f06b8000000 ---p 00000000 00:00 0 
7f06b8000000-7f06b8021000 rw-p 00000000 00:00 0 
7f06b8021000-7f06bc000000 ---p 00000000 00:00 0 
7f06bc019000-7f06bce27000 rw-p 00000000 00:00 0 
7f06bce27000-7f06bd000000 r--s 03d3e000 08:07 869640                     /usr/lib/jvm/java-8-oracle/jre/lib/rt.jar
7f06bd000000-7f06bd390000 rwxp 00000000 00:00 0 
7f06bd390000-7f06cc000000 ---p 00000000 00:00 0 
7f06cc000000-7f06cc3bf000 rw-p 00000000 00:00 0 
7f06cc3bf000-7f06d0000000 ---p 00000000 00:00 0 
7f06d0017000-7f06d0026000 r--s 000df000 08:08 674005                     /home/suraj/android/android-sdk-linux/build-tools/23.0.2/lib/dx.jar
7f06d0026000-7f06d0882000 rw-p 00000000 00:00 0 
7f06d0882000-7f06d0a42000 ---p 00000000 00:00 0 
7f06d0a42000-7f06d0c42000 rw-p 00000000 00:00 0 
7f06d0c42000-7f06d0c43000 ---p 00000000 00:00 0 
7f06d0c43000-7f06d0d43000 rw-p 00000000 00:00 0                          [stack:18602]
7f06d0d43000-7f06d0d44000 ---p 00000000 00:00 0 
7f06d0d44000-7f06d0e44000 rw-p 00000000 00:00 0                          [stack:18601]
7f06d0e44000-7f06d0e45000 ---p 00000000 00:00 0 
7f06d0e45000-7f06d0f45000 rw-p 00000000 00:00 0                          [stack:18600]
7f06d0f45000-7f06d0f46000 ---p 00000000 00:00 0 
7f06d0f46000-7f06d105b000 rw-p 00000000 00:00 0                          [stack:18599]
7f06d105b000-7f06d119c000 ---p 00000000 00:00 0 
7f06d119c000-7f06d11b1000 rw-p 00000000 00:00 0 
7f06d11b1000-7f06d12f1000 ---p 00000000 00:00 0 
7f06d12f1000-7f06d1304000 rw-p 00000000 00:00 0 
7f06d1304000-7f06d139c000 ---p 00000000 00:00 0 
7f06d139c000-7f06d13ac000 rw-p 00000000 00:00 0 
7f06d13ac000-7f06d175d000 ---p 00000000 00:00 0 
7f06d175d000-7f06d1777000 r-xp 00000000 08:07 869438                     /usr/lib/jvm/java-8-oracle/jre/lib/amd64/libzip.so
7f06d1777000-7f06d1977000 ---p 0001a000 08:07 869438                     /usr/lib/jvm/java-8-oracle/jre/lib/amd64/libzip.so
7f06d1977000-7f06d1978000 rw-p 0001a000 08:07 869438                     /usr/lib/jvm/java-8-oracle/jre/lib/amd64/libzip.so
7f06d1978000-7f06d1982000 r-xp 00000000 08:07 12252                      /lib/x86_64-linux-gnu/libnss_files-2.19.so
7f06d1982000-7f06d1b81000 ---p 0000a000 08:07 12252                      /lib/x86_64-linux-gnu/libnss_files-2.19.so
7f06d1b81000-7f06d1b82000 r--p 00009000 08:07 12252                      /lib/x86_64-linux-gnu/libnss_files-2.19.so
7f06d1b82000-7f06d1b83000 rw-p 0000a000 08:07 12252                      /lib/x86_64-linux-gnu/libnss_files-2.19.so
7f06d1b83000-7f06d1b8e000 r-xp 00000000 08:07 12244                      /lib/x86_64-linux-gnu/libnss_nis-2.19.so
7f06d1b8e000-7f06d1d8d000 ---p 0000b000 08:07 12244                      /lib/x86_64-linux-gnu/libnss_nis-2.19.so
7f06d1d8d000-7f06d1d8e000 r--p 0000a000 08:07 12244                      /lib/x86_64-linux-gnu/libnss_nis-2.19.so
7f06d1d8e000-7f06d1d8f000 rw-p 0000b000 08:07 12244                      /lib/x86_64-linux-gnu/libnss_nis-2.19.so
7f06d1d8f000-7f06d1da6000 r-xp 00000000 08:07 12240                      /lib/x86_64-linux-gnu/libnsl-2.19.so
7f06d1da6000-7f06d1fa5000 ---p 00017000 08:07 12240                      /lib/x86_64-linux-gnu/libnsl-2.19.so
7f06d1fa5000-7f06d1fa6000 r--p 00016000 08:07 12240                      /lib/x86_64-linux-gnu/libnsl-2.19.so
7f06d1fa6000-7f06d1fa7000 rw-p 00017000 08:07 12240                      /lib/x86_64-linux-gnu/libnsl-2.19.so
7f06d1fa7000-7f06d1fa9000 rw-p 00000000 00:00 0 
7f06d1fa9000-7f06d1fb2000 r-xp 00000000 08:07 12239                      /lib/x86_64-linux-gnu/libnss_compat-2.19.so
7f06d1fb2000-7f06d21b1000 ---p 00009000 08:07 12239                      /lib/x86_64-linux-gnu/libnss_compat-2.19.so
7f06d21b1000-7f06d21b2000 r--p 00008000 08:07 12239                      /lib/x86_64-linux-gnu/libnss_compat-2.19.so
7f06d21b2000-7f06d21b3000 rw-p 00009000 08:07 12239                      /lib/x86_64-linux-gnu/libnss_compat-2.19.so
7f06d21b3000-7f06d21de000 r-xp 00000000 08:07 869474                     /usr/lib/jvm/java-8-oracle/jre/lib/amd64/libjava.so
7f06d21de000-7f06d23dd000 ---p 0002b000 08:07 869474                     /usr/lib/jvm/java-8-oracle/jre/lib/amd64/libjava.so
7f06d23dd000-7f06d23df000 rw-p 0002a000 08:07 869474                     /usr/lib/jvm/java-8-oracle/jre/lib/amd64/libjava.so
7f06d23df000-7f06d23ec000 r-xp 00000000 08:07 869530                     /usr/lib/jvm/java-8-oracle/jre/lib/amd64/libverify.so
7f06d23ec000-7f06d25eb000 ---p 0000d000 08:07 869530                     /usr/lib/jvm/java-8-oracle/jre/lib/amd64/libverify.so
7f06d25eb000-7f06d25ed000 rw-p 0000c000 08:07 869530                     /usr/lib/jvm/java-8-oracle/jre/lib/amd64/libverify.so
7f06d25ed000-7f06d25f4000 r-xp 00000000 08:07 12248                      /lib/x86_64-linux-gnu/librt-2.19.so
7f06d25f4000-7f06d27f3000 ---p 00007000 08:07 12248                      /lib/x86_64-linux-gnu/librt-2.19.so
7f06d27f3000-7f06d27f4000 r--p 00006000 08:07 12248                      /lib/x86_64-linux-gnu/librt-2.19.so
7f06d27f4000-7f06d27f5000 rw-p 00007000 08:07 12248                      /lib/x86_64-linux-gnu/librt-2.19.so
7f06d27f5000-7f06d28fa000 r-xp 00000000 08:07 10642                      /lib/x86_64-linux-gnu/libm-2.19.so
7f06d28fa000-7f06d2af9000 ---p 00105000 08:07 10642                      /lib/x86_64-linux-gnu/libm-2.19.so
7f06d2af9000-7f06d2afa000 r--p 00104000 08:07 10642                      /lib/x86_64-linux-gnu/libm-2.19.so
7f06d2afa000-7f06d2afb000 rw-p 00105000 08:07 10642                      /lib/x86_64-linux-gnu/libm-2.19.so
7f06d2afb000-7f06d37c9000 r-xp 00000000 08:07 869504                     /usr/lib/jvm/java-8-oracle/jre/lib/amd64/server/libjvm.so
7f06d37c9000-7f06d39c9000 ---p 00cce000 08:07 869504                     /usr/lib/jvm/java-8-oracle/jre/lib/amd64/server/libjvm.so
7f06d39c9000-7f06d3aa2000 rw-p 00cce000 08:07 869504                     /usr/lib/jvm/java-8-oracle/jre/lib/amd64/server/libjvm.so
7f06d3aa2000-7f06d3aed000 rw-p 00000000 00:00 0 
7f06d3aed000-7f06d3ca7000 r-xp 00000000 08:07 12249                      /lib/x86_64-linux-gnu/libc-2.19.so
7f06d3ca7000-7f06d3ea7000 ---p 001ba000 08:07 12249                      /lib/x86_64-linux-gnu/libc-2.19.so
7f06d3ea7000-7f06d3eab000 r--p 001ba000 08:07 12249                      /lib/x86_64-linux-gnu/libc-2.19.so
7f06d3eab000-7f06d3ead000 rw-p 001be000 08:07 12249                      /lib/x86_64-linux-gnu/libc-2.19.so
7f06d3ead000-7f06d3eb2000 rw-p 00000000 00:00 0 
7f06d3eb2000-7f06d3eb5000 r-xp 00000000 08:07 12236                      /lib/x86_64-linux-gnu/libdl-2.19.so
7f06d3eb5000-7f06d40b4000 ---p 00003000 08:07 12236                      /lib/x86_64-linux-gnu/libdl-2.19.so
7f06d40b4000-7f06d40b5000 r--p 00002000 08:07 12236                      /lib/x86_64-linux-gnu/libdl-2.19.so
7f06d40b5000-7f06d40b6000 rw-p 00003000 08:07 12236                      /lib/x86_64-linux-gnu/libdl-2.19.so
7f06d40b6000-7f06d40cb000 r-xp 00000000 08:07 832690                     /usr/lib/jvm/java-8-oracle/lib/amd64/jli/libjli.so
7f06d40cb000-7f06d42cb000 ---p 00015000 08:07 832690                     /usr/lib/jvm/java-8-oracle/lib/amd64/jli/libjli.so
7f06d42cb000-7f06d42cc000 rw-p 00015000 08:07 832690                     /usr/lib/jvm/java-8-oracle/lib/amd64/jli/libjli.so
7f06d42cc000-7f06d42e5000 r-xp 00000000 08:07 12241                      /lib/x86_64-linux-gnu/libpthread-2.19.so
7f06d42e5000-7f06d44e4000 ---p 00019000 08:07 12241                      /lib/x86_64-linux-gnu/libpthread-2.19.so
7f06d44e4000-7f06d44e5000 r--p 00018000 08:07 12241                      /lib/x86_64-linux-gnu/libpthread-2.19.so
7f06d44e5000-7f06d44e6000 rw-p 00019000 08:07 12241                      /lib/x86_64-linux-gnu/libpthread-2.19.so
7f06d44e6000-7f06d44ea000 rw-p 00000000 00:00 0 
7f06d44ea000-7f06d450d000 r-xp 00000000 08:07 12242                      /lib/x86_64-linux-gnu/ld-2.19.so
7f06d450f000-7f06d45e1000 rw-p 00000000 00:00 0 
7f06d45e1000-7f06d45e4000 ---p 00000000 00:00 0 
7f06d45e4000-7f06d46e6000 rw-p 00000000 00:00 0                          [stack:18598]
7f06d46eb000-7f06d4700000 rw-p 00000000 00:00 0 
7f06d4700000-7f06d4708000 rw-s 00000000 08:07 209240                     /tmp/hsperfdata_suraj/18592
7f06d4708000-7f06d4709000 rw-p 00000000 00:00 0 
7f06d4709000-7f06d470a000 ---p 00000000 00:00 0 
7f06d470a000-7f06d470c000 rw-p 00000000 00:00 0 
7f06d470c000-7f06d470d000 r--p 00022000 08:07 12242                      /lib/x86_64-linux-gnu/ld-2.19.so
7f06d470d000-7f06d470e000 rw-p 00023000 08:07 12242                      /lib/x86_64-linux-gnu/ld-2.19.so
7f06d470e000-7f06d470f000 rw-p 00000000 00:00 0 
7fffd3f5e000-7fffd3f80000 rw-p 00000000 00:00 0                          [stack]
7fffd3ffc000-7fffd3ffe000 r--p 00000000 00:00 0                          [vvar]
7fffd3ffe000-7fffd4000000 r-xp 00000000 00:00 0                          [vdso]
ffffffffff600000-ffffffffff601000 r-xp 00000000 00:00 0                  [vsyscall]

VM Arguments:
jvm_args: -Djava.awt.headless=true -Xmx1024M -Dfile.encoding=UTF-8 -Duser.country=IN -Duser.language=en -Duser.variant 
java_command: com.android.dx.command.Main --dex --num-threads=4 --output /home/suraj/AndroidstudioProjects/INC16 User/XposedTest/app/build/intermediates/pre-dexed/debug/debug_a49f1966680b8c3065ab574a6ac6bbcc37a1639c.jar /home/suraj/AndroidstudioProjects/INC16 User/XposedTest/app/build/intermediates/classes/debug
java_class_path (initial): /home/suraj/android/android-sdk-linux/build-tools/23.0.2/lib/dx.jar
Launcher Type: SUN_STANDARD

Environment Variables:
JAVA_HOME=/usr/lib/jvm/java-8-oracle
PATH=/usr/local/heroku/bin:/home/suraj/.rbenv/plugins/ruby-build/bin:/home/suraj/.rbenv/shims:/home/suraj/.rbenv/bin:/usr/local/sbin:/usr/local/bin:/usr/sbin:/usr/bin:/sbin:/bin:/usr/games:/usr/local/games:/usr/lib/jvm/java-8-oracle/bin:/usr/lib/jvm/java-8-oracle/db/bin:/usr/lib/jvm/java-8-oracle/jre/bin:/home/suraj/scripts/:/home/suraj/scala-2.11.8/bin/:/home/suraj/android/toolchain/arm-cortex_a8-linux-gnueabi-linaro_4.7.4-2014.04/bin:/home/suraj/android/android-sdk-linux/tools:/home/suraj/android/android-sdk-linux/platform-tools
LD_LIBRARY_PATH=/home/suraj/android-studio/bin::/usr/local/lib
SHELL=/bin/bash
DISPLAY=:0
ARCH=arm

Signal Handlers:
SIGSEGV: [libjvm.so+0xac78c0], sa_mask[0]=11111111011111111101111111111110, sa_flags=SA_RESTART|SA_SIGINFO
SIGBUS: [libjvm.so+0xac78c0], sa_mask[0]=11111111011111111101111111111110, sa_flags=SA_RESTART|SA_SIGINFO
SIGFPE: [libjvm.so+0x920ac0], sa_mask[0]=11111111011111111101111111111110, sa_flags=SA_RESTART|SA_SIGINFO
SIGPIPE: [libjvm.so+0x920ac0], sa_mask[0]=11111111011111111101111111111110, sa_flags=SA_RESTART|SA_SIGINFO
SIGXFSZ: [libjvm.so+0x920ac0], sa_mask[0]=11111111011111111101111111111110, sa_flags=SA_RESTART|SA_SIGINFO
SIGILL: [libjvm.so+0x920ac0], sa_mask[0]=11111111011111111101111111111110, sa_flags=SA_RESTART|SA_SIGINFO
SIGUSR1: SIG_DFL, sa_mask[0]=00000000000000000000000000000000, sa_flags=none
SIGUSR2: [libjvm.so+0x922300], sa_mask[0]=00100000000000000000000000000000, sa_flags=SA_RESTART|SA_SIGINFO
SIGHUP: [libjvm.so+0x923700], sa_mask[0]=11111111011111111101111111111110, sa_flags=SA_RESTART|SA_SIGINFO
SIGINT: [libjvm.so+0x923700], sa_mask[0]=11111111011111111101111111111110, sa_flags=SA_RESTART|SA_SIGINFO
SIGTERM: [libjvm.so+0x923700], sa_mask[0]=11111111011111111101111111111110, sa_flags=SA_RESTART|SA_SIGINFO
SIGQUIT: [libjvm.so+0x923700], sa_mask[0]=11111111011111111101111111111110, sa_flags=SA_RESTART|SA_SIGINFO


---------------  S Y S T E M  ---------------

OS:DISTRIB_ID=Ubuntu
DISTRIB_RELEASE=14.04
DISTRIB_CODENAME=trusty
DISTRIB_DESCRIPTION="Ubuntu 14.04.5 LTS"

uname:Linux 3.17.0-031700-generic #201410060605 SMP Mon Oct 6 10:07:09 UTC 2014 x86_64
libc:glibc 2.19 NPTL 2.19 
rlimit: STACK 8192k, CORE 0k, NPROC 15258, NOFILE 4096, AS infinity
load average:3.42 1.23 0.84

/proc/meminfo:
MemTotal:        3952400 kB
MemFree:           96308 kB
MemAvailable:      36448 kB
Buffers:             380 kB
Cached:           467828 kB
SwapCached:            0 kB
Active:          3207884 kB
Inactive:         439924 kB
Active(anon):    3202168 kB
Inactive(anon):   434164 kB
Active(file):       5716 kB
Inactive(file):     5760 kB
Unevictable:          32 kB
Mlocked:              32 kB
SwapTotal:             0 kB
SwapFree:              0 kB
Dirty:                36 kB
Writeback:             8 kB
AnonPages:       3179776 kB
Mapped:           104012 kB
Shmem:            456440 kB
Slab:              72356 kB
SReclaimable:      37724 kB
SUnreclaim:        34632 kB
KernelStack:       11920 kB
PageTables:        37604 kB
NFS_Unstable:          0 kB
Bounce:                0 kB
WritebackTmp:          0 kB
CommitLimit:     1976200 kB
Committed_AS:    7726092 kB
VmallocTotal:   34359738367 kB
VmallocUsed:      352484 kB
VmallocChunk:   34359295120 kB
HardwareCorrupted:     0 kB
AnonHugePages:   1009664 kB
HugePages_Total:       0
HugePages_Free:        0
HugePages_Rsvd:        0
HugePages_Surp:        0
Hugepagesize:       2048 kB
DirectMap4k:       77076 kB
DirectMap2M:     1925120 kB
DirectMap1G:     2097152 kB


CPU:total 4 (2 cores per cpu, 2 threads per core) family 6 model 69 stepping 1, cmov, cx8, fxsr, mmx, sse, sse2, sse3, ssse3, sse4.1, sse4.2, popcnt, avx, avx2, aes, clmul, erms, lzcnt, ht, tsc, tscinvbit, bmi1, bmi2

/proc/cpuinfo:
processor	: 0
vendor_id	: GenuineIntel
cpu family	: 6
model		: 69
model name	: Intel(R) Core(TM) i5-4200U CPU @ 1.60GHz
stepping	: 1
microcode	: 0x16
cpu MHz		: 2299.910
cache size	: 3072 KB
physical id	: 0
siblings	: 4
core id		: 0
cpu cores	: 2
apicid		: 0
initial apicid	: 0
fpu		: yes
fpu_exception	: yes
cpuid level	: 13
wp		: yes
flags		: fpu vme de pse tsc msr pae mce cx8 apic sep mtrr pge mca cmov pat pse36 clflush dts acpi mmx fxsr sse sse2 ss ht tm pbe syscall nx pdpe1gb rdtscp lm constant_tsc arch_perfmon pebs bts rep_good nopl xtopology nonstop_tsc aperfmperf eagerfpu pni pclmulqdq dtes64 monitor ds_cpl vmx est tm2 ssse3 fma cx16 xtpr pdcm pcid sse4_1 sse4_2 movbe popcnt tsc_deadline_timer aes xsave avx f16c rdrand lahf_lm abm ida arat epb pln pts dtherm tpr_shadow vnmi flexpriority ept vpid fsgsbase tsc_adjust bmi1 avx2 smep bmi2 erms invpcid xsaveopt
bugs		:
bogomips	: 4589.24
clflush size	: 64
cache_alignment	: 64
address sizes	: 39 bits physical, 48 bits virtual
power management:

processor	: 1
vendor_id	: GenuineIntel
cpu family	: 6
model		: 69
model name	: Intel(R) Core(TM) i5-4200U CPU @ 1.60GHz
stepping	: 1
microcode	: 0x16
cpu MHz		: 2299.910
cache size	: 3072 KB
physical id	: 0
siblings	: 4
core id		: 1
cpu cores	: 2
apicid		: 2
initial apicid	: 2
fpu		: yes
fpu_exception	: yes
cpuid level	: 13
wp		: yes
flags		: fpu vme de pse tsc msr pae mce cx8 apic sep mtrr pge mca cmov pat pse36 clflush dts acpi mmx fxsr sse sse2 ss ht tm pbe syscall nx pdpe1gb rdtscp lm constant_tsc arch_perfmon pebs bts rep_good nopl xtopology nonstop_tsc aperfmperf eagerfpu pni pclmulqdq dtes64 monitor ds_cpl vmx est tm2 ssse3 fma cx16 xtpr pdcm pcid sse4_1 sse4_2 movbe popcnt tsc_deadline_timer aes xsave avx f16c rdrand lahf_lm abm ida arat epb pln pts dtherm tpr_shadow vnmi flexpriority ept vpid fsgsbase tsc_adjust bmi1 avx2 smep bmi2 erms invpcid xsaveopt
bugs		:
bogomips	: 4589.24
clflush size	: 64
cache_alignment	: 64
address sizes	: 39 bits physical, 48 bits virtual
power management:

processor	: 2
vendor_id	: GenuineIntel
cpu family	: 6
model		: 69
model name	: Intel(R) Core(TM) i5-4200U CPU @ 1.60GHz
stepping	: 1
microcode	: 0x16
cpu MHz		: 2299.910
cache size	: 3072 KB
physical id	: 0
siblings	: 4
core id		: 0
cpu cores	: 2
apicid		: 1
initial apicid	: 1
fpu		: yes
fpu_exception	: yes
cpuid level	: 13
wp		: yes
flags		: fpu vme de pse tsc msr pae mce cx8 apic sep mtrr pge mca cmov pat pse36 clflush dts acpi mmx fxsr sse sse2 ss ht tm pbe syscall nx pdpe1gb rdtscp lm constant_tsc arch_perfmon pebs bts rep_good nopl xtopology nonstop_tsc aperfmperf eagerfpu pni pclmulqdq dtes64 monitor ds_cpl vmx est tm2 ssse3 fma cx16 xtpr pdcm pcid sse4_1 sse4_2 movbe popcnt tsc_deadline_timer aes xsave avx f16c rdrand lahf_lm abm ida arat epb pln pts dtherm tpr_shadow vnmi flexpriority ept vpid fsgsbase tsc_adjust bmi1 avx2 smep bmi2 erms invpcid xsaveopt
bugs		:
bogomips	: 4589.24
clflush size	: 64
cache_alignment	: 64
address sizes	: 39 bits physical, 48 bits virtual
power management:

processor	: 3
vendor_id	: GenuineIntel
cpu family	: 6
model		: 69
model name	: Intel(R) Core(TM) i5-4200U CPU @ 1.60GHz
stepping	: 1
microcode	: 0x16
cpu MHz		: 2299.910
cache size	: 3072 KB
physical id	: 0
siblings	: 4
core id		: 1
cpu cores	: 2
apicid		: 3
initial apicid	: 3
fpu		: yes
fpu_exception	: yes
cpuid level	: 13
wp		: yes
flags		: fpu vme de pse tsc msr pae mce cx8 apic sep mtrr pge mca cmov pat pse36 clflush dts acpi mmx fxsr sse sse2 ss ht tm pbe syscall nx pdpe1gb rdtscp lm constant_tsc arch_perfmon pebs bts rep_good nopl xtopology nonstop_tsc aperfmperf eagerfpu pni pclmulqdq dtes64 monitor ds_cpl vmx est tm2 ssse3 fma cx16 xtpr pdcm pcid sse4_1 sse4_2 movbe popcnt tsc_deadline_timer aes xsave avx f16c rdrand lahf_lm abm ida arat epb pln pts dtherm tpr_shadow vnmi flexpriority ept vpid fsgsbase tsc_adjust bmi1 avx2 smep bmi2 erms invpcid xsaveopt
bugs		:
bogomips	: 4589.24
clflush size	: 64
cache_alignment	: 64
address sizes	: 39 bits physical, 48 bits virtual
power management:



Memory: 4k page, physical 3952400k(97584k free), swap 0k(0k free)

vm_info: Java HotSpot(TM) 64-Bit Server VM (25.121-b13) for linux-amd64 JRE (1.8.0_121-b13), built on Dec 12 2016 16:36:53 by "java_re" with gcc 4.3.0 20080428 (Red Hat 4.3.0-8)

time: Mon Jan 30 14:33:27 2017
elapsed time: 10 seconds (0d 0h 0m 10s)

