#
# There is insufficient memory for the Java Runtime Environment to continue.
# Native memory allocation (mmap) failed to map 88080384 bytes for committing reserved memory.
# Possible reasons:
#   The system is out of physical RAM or swap space
#   In 32 bit mode, the process size limit was hit
# Possible solutions:
#   Reduce memory load on the system
#   Increase physical memory or swap space
#   Check if swap backing store is full
#   Use 64 bit Java on a 64 bit OS
#   Decrease Java heap size (-Xmx/-Xms)
#   Decrease number of Java threads
#   Decrease Java thread stack sizes (-Xss)
#   Set larger code cache with -XX:ReservedCodeCacheSize=
# This output file may be truncated or incomplete.
#
#  Out of Memory Error (os_linux.cpp:2627), pid=14772, tid=0x00007f12cd0f2700
#
# JRE version: Java(TM) SE Runtime Environment (8.0_101-b13) (build 1.8.0_101-b13)
# Java VM: Java HotSpot(TM) 64-Bit Server VM (25.101-b13 mixed mode linux-amd64 compressed oops)
# Failed to write core dump. Core dumps have been disabled. To enable core dumping, try "ulimit -c unlimited" before starting Java again
#

---------------  T H R E A D  ---------------

Current thread (0x00007f12e0078000):  VMThread [stack: 0x00007f12ccff2000,0x00007f12cd0f3000] [id=14814]

Stack: [0x00007f12ccff2000,0x00007f12cd0f3000],  sp=0x00007f12cd0f12e0,  free space=1020k
Native frames: (J=compiled Java code, j=interpreted, Vv=VM code, C=native code)
V  [libjvm.so+0xac3f0a]  VMError::report_and_die()+0x2ba
V  [libjvm.so+0x4fbf9b]  report_vm_out_of_memory(char const*, int, unsigned long, VMErrorType, char const*)+0x8b
V  [libjvm.so+0x9222d3]  os::Linux::commit_memory_impl(char*, unsigned long, bool)+0x103
V  [libjvm.so+0x922829]  os::pd_commit_memory(char*, unsigned long, unsigned long, bool)+0x29
V  [libjvm.so+0x91cb2a]  os::commit_memory(char*, unsigned long, unsigned long, bool)+0x2a
V  [libjvm.so+0x991053]  PSVirtualSpace::expand_by(unsigned long)+0x53
V  [libjvm.so+0x992458]  PSYoungGen::resize_generation(unsigned long, unsigned long)+0xf8
V  [libjvm.so+0x9915b2]  PSYoungGen::resize(unsigned long, unsigned long)+0x22
V  [libjvm.so+0x98e88b]  PSScavenge::invoke_no_policy()+0xf3b
V  [libjvm.so+0x98f011]  PSScavenge::invoke()+0x41
V  [libjvm.so+0x945fc0]  ParallelScavengeHeap::failed_mem_allocate(unsigned long)+0x70
V  [libjvm.so+0xac5927]  VM_ParallelGCFailedAllocation::doit()+0x97
V  [libjvm.so+0xacd405]  VM_Operation::evaluate()+0x55
V  [libjvm.so+0xacb7da]  VMThread::evaluate_operation(VM_Operation*)+0xba
V  [libjvm.so+0xacbb5e]  VMThread::loop()+0x1ce
V  [libjvm.so+0xacbfd0]  VMThread::run()+0x70
V  [libjvm.so+0x924698]  java_start(Thread*)+0x108

VM_Operation (0x00007f1297cfaa20): ParallelGCFailedAllocation, mode: safepoint, requested by thread 0x00007f12e013d800


---------------  P R O C E S S  ---------------

Java Threads: ( => current thread )
  0x00007f12e013f000 JavaThread "pool-1-thread-4" [_thread_blocked, id=14871, stack(0x00007f1297afb000,0x00007f1297bfc000)]
  0x00007f12e013d800 JavaThread "pool-1-thread-3" [_thread_blocked, id=14869, stack(0x00007f1297bfc000,0x00007f1297cfd000)]
  0x00007f12e013c000 JavaThread "pool-1-thread-2" [_thread_blocked, id=14866, stack(0x00007f1297cfd000,0x00007f1297dfe000)]
  0x00007f12e013a800 JavaThread "pool-2-thread-1" [_thread_blocked, id=14865, stack(0x00007f1297dfe000,0x00007f1297eff000)]
  0x00007f12e0138000 JavaThread "pool-1-thread-1" [_thread_blocked, id=14862, stack(0x00007f1297eff000,0x00007f1298000000)]
  0x00007f12e00c0000 JavaThread "Service Thread" daemon [_thread_blocked, id=14846, stack(0x00007f12cc209000,0x00007f12cc30a000)]
  0x00007f12e00bd000 JavaThread "C1 CompilerThread2" daemon [_thread_blocked, id=14843, stack(0x00007f12cc30a000,0x00007f12cc40b000)]
  0x00007f12e00bb800 JavaThread "C2 CompilerThread1" daemon [_thread_blocked, id=14840, stack(0x00007f12cc40b000,0x00007f12cc50c000)]
  0x00007f12e00b8800 JavaThread "C2 CompilerThread0" daemon [_thread_blocked, id=14834, stack(0x00007f12cc50c000,0x00007f12cc60d000)]
  0x00007f12e00b7000 JavaThread "Signal Dispatcher" daemon [_thread_blocked, id=14830, stack(0x00007f12cc60d000,0x00007f12cc70e000)]
  0x00007f12e0084000 JavaThread "Finalizer" daemon [_thread_blocked, id=14826, stack(0x00007f12ccdf0000,0x00007f12ccef1000)]
  0x00007f12e007f800 JavaThread "Reference Handler" daemon [_thread_blocked, id=14817, stack(0x00007f12ccef1000,0x00007f12ccff2000)]
  0x00007f12e000a000 JavaThread "main" [_thread_blocked, id=14781, stack(0x00007f12e7693000,0x00007f12e7794000)]

Other Threads:
=>0x00007f12e0078000 VMThread [stack: 0x00007f12ccff2000,0x00007f12cd0f3000] [id=14814]
  0x00007f12e00c2800 WatcherThread [stack: 0x00007f12cc108000,0x00007f12cc209000] [id=14847]

VM state:at safepoint (normal execution)

VM Mutex/Monitor currently owned by a thread:  ([mutex/lock_event])
[0x00007f12e0006570] Threads_lock - owner thread: 0x00007f12e0078000
[0x00007f12e0006a70] Heap_lock - owner thread: 0x00007f12e013d800

Heap:
 PSYoungGen      total 66048K, used 2549K [0x00000000eab00000, 0x00000000eee00000, 0x0000000100000000)
  eden space 63488K, 0% used [0x00000000eab00000,0x00000000eab00000,0x00000000ee900000)
  from space 2560K, 99% used [0x00000000ee900000,0x00000000eeb7d570,0x00000000eeb80000)
  to   space 2560K, 0% used [0x00000000eeb80000,0x00000000eeb80000,0x00000000eee00000)
 ParOldGen       total 42496K, used 22902K [0x00000000c0000000, 0x00000000c2980000, 0x00000000eab00000)
  object space 42496K, 53% used [0x00000000c0000000,0x00000000c165d8e0,0x00000000c2980000)
 Metaspace       used 6039K, capacity 6936K, committed 7168K, reserved 1056768K
  class space    used 615K, capacity 656K, committed 768K, reserved 1048576K

Card table byte_map: [0x00007f12e4250000,0x00007f12e4451000] byte_map_base: 0x00007f12e3c50000

Marking Bits: (ParMarkBitMap*) 0x00007f12e6b71120
 Begin Bits: [0x00007f12cebfc000, 0x00007f12cfbfc000)
 End Bits:   [0x00007f12cfbfc000, 0x00007f12d0bfc000)

Polling page: 0x00007f12e77ba000

CodeCache: size=245760Kb used=4938Kb max_used=4938Kb free=240821Kb
 bounds [0x00007f12d1000000, 0x00007f12d14e0000, 0x00007f12e0000000]
 total_blobs=1499 nmethods=1231 adapters=182
 compilation: enabled

Compilation events (10 events):
Event: 5.626 Thread 0x00007f12e00bd000 1474   !   3       com.android.dx.cf.code.Simulator::simulate (74 bytes)
Event: 5.627 Thread 0x00007f12e00bd000 nmethod 1474 0x00007f12d14b9790 code [0x00007f12d14b9960, 0x00007f12d14ba218]
Event: 5.627 Thread 0x00007f12e00bd000 1471 %     3       com.android.dx.cf.code.BasicBlocker::getBlockList @ 21 (208 bytes)
Event: 5.644 Thread 0x00007f12e00bd000 nmethod 1471% 0x00007f12d14c88d0 code [0x00007f12d14c8b60, 0x00007f12d14c9e48]
Event: 5.645 Thread 0x00007f12e00bd000 1482       3       com.android.dx.cf.code.BaseMachine::storeResults (90 bytes)
Event: 5.645 Thread 0x00007f12e00bd000 nmethod 1482 0x00007f12d14ca9d0 code [0x00007f12d14cabe0, 0x00007f12d14cb688]
Event: 5.645 Thread 0x00007f12e00bd000 1483       3       com.android.dx.cf.code.RopperMachine::getSources (264 bytes)
Event: 5.668 Thread 0x00007f12e00b8800 nmethod 998 0x00007f12d14cf350 code [0x00007f12d14cf540, 0x00007f12d14d0088]
Event: 5.668 Thread 0x00007f12e00bd000 nmethod 1483 0x00007f12d14d0ed0 code [0x00007f12d14d14c0, 0x00007f12d14d5d58]
Event: 5.669 Thread 0x00007f12e00b8800 1459       4       com.android.dx.rop.code.InsnList::forEach (28 bytes)

GC Heap History (9 events):
Event: 1.241 GC heap before
{Heap before GC invocations=1 (full 0):
 PSYoungGen      total 18432K, used 15872K [0x00000000eab00000, 0x00000000ebf80000, 0x0000000100000000)
  eden space 15872K, 100% used [0x00000000eab00000,0x00000000eba80000,0x00000000eba80000)
  from space 2560K, 0% used [0x00000000ebd00000,0x00000000ebd00000,0x00000000ebf80000)
  to   space 2560K, 0% used [0x00000000eba80000,0x00000000eba80000,0x00000000ebd00000)
 ParOldGen       total 42496K, used 0K [0x00000000c0000000, 0x00000000c2980000, 0x00000000eab00000)
  object space 42496K, 0% used [0x00000000c0000000,0x00000000c0000000,0x00000000c2980000)
 Metaspace       used 5458K, capacity 6512K, committed 6784K, reserved 1056768K
  class space    used 588K, capacity 616K, committed 640K, reserved 1048576K
Event: 1.255 GC heap after
Heap after GC invocations=1 (full 0):
 PSYoungGen      total 18432K, used 2531K [0x00000000eab00000, 0x00000000ecf00000, 0x0000000100000000)
  eden space 15872K, 0% used [0x00000000eab00000,0x00000000eab00000,0x00000000eba80000)
  from space 2560K, 98% used [0x00000000eba80000,0x00000000ebcf8ec8,0x00000000ebd00000)
  to   space 2560K, 0% used [0x00000000ecc80000,0x00000000ecc80000,0x00000000ecf00000)
 ParOldGen       total 42496K, used 917K [0x00000000c0000000, 0x00000000c2980000, 0x00000000eab00000)
  object space 42496K, 2% used [0x00000000c0000000,0x00000000c00e54c0,0x00000000c2980000)
 Metaspace       used 5458K, capacity 6512K, committed 6784K, reserved 1056768K
  class space    used 588K, capacity 616K, committed 640K, reserved 1048576K
}
Event: 2.385 GC heap before
{Heap before GC invocations=2 (full 0):
 PSYoungGen      total 18432K, used 18403K [0x00000000eab00000, 0x00000000ecf00000, 0x0000000100000000)
  eden space 15872K, 100% used [0x00000000eab00000,0x00000000eba80000,0x00000000eba80000)
  from space 2560K, 98% used [0x00000000eba80000,0x00000000ebcf8ec8,0x00000000ebd00000)
  to   space 2560K, 0% used [0x00000000ecc80000,0x00000000ecc80000,0x00000000ecf00000)
 ParOldGen       total 42496K, used 917K [0x00000000c0000000, 0x00000000c2980000, 0x00000000eab00000)
  object space 42496K, 2% used [0x00000000c0000000,0x00000000c00e54c0,0x00000000c2980000)
 Metaspace       used 5782K, capacity 6768K, committed 7040K, reserved 1056768K
  class space    used 593K, capacity 616K, committed 640K, reserved 1048576K
Event: 2.600 GC heap after
Heap after GC invocations=2 (full 0):
 PSYoungGen      total 34304K, used 2538K [0x00000000eab00000, 0x00000000ecf00000, 0x0000000100000000)
  eden space 31744K, 0% used [0x00000000eab00000,0x00000000eab00000,0x00000000eca00000)
  from space 2560K, 99% used [0x00000000ecc80000,0x00000000ecefaaa8,0x00000000ecf00000)
  to   space 2560K, 0% used [0x00000000eca00000,0x00000000eca00000,0x00000000ecc80000)
 ParOldGen       total 42496K, used 2879K [0x00000000c0000000, 0x00000000c2980000, 0x00000000eab00000)
  object space 42496K, 6% used [0x00000000c0000000,0x00000000c02cfd68,0x00000000c2980000)
 Metaspace       used 5782K, capacity 6768K, committed 7040K, reserved 1056768K
  class space    used 593K, capacity 616K, committed 640K, reserved 1048576K
}
Event: 3.736 GC heap before
{Heap before GC invocations=3 (full 0):
 PSYoungGen      total 34304K, used 34282K [0x00000000eab00000, 0x00000000ecf00000, 0x0000000100000000)
  eden space 31744K, 100% used [0x00000000eab00000,0x00000000eca00000,0x00000000eca00000)
  from space 2560K, 99% used [0x00000000ecc80000,0x00000000ecefaaa8,0x00000000ecf00000)
  to   space 2560K, 0% used [0x00000000eca00000,0x00000000eca00000,0x00000000ecc80000)
 ParOldGen       total 42496K, used 2879K [0x00000000c0000000, 0x00000000c2980000, 0x00000000eab00000)
  object space 42496K, 6% used [0x00000000c0000000,0x00000000c02cfd68,0x00000000c2980000)
 Metaspace       used 5862K, capacity 6832K, committed 7040K, reserved 1056768K
  class space    used 594K, capacity 616K, committed 640K, reserved 1048576K
Event: 3.822 GC heap after
Heap after GC invocations=3 (full 0):
 PSYoungGen      total 34304K, used 2536K [0x00000000eab00000, 0x00000000eee00000, 0x0000000100000000)
  eden space 31744K, 0% used [0x00000000eab00000,0x00000000eab00000,0x00000000eca00000)
  from space 2560K, 99% used [0x00000000eca00000,0x00000000ecc7a1b0,0x00000000ecc80000)
  to   space 2560K, 0% used [0x00000000eeb80000,0x00000000eeb80000,0x00000000eee00000)
 ParOldGen       total 42496K, used 7459K [0x00000000c0000000, 0x00000000c2980000, 0x00000000eab00000)
  object space 42496K, 17% used [0x00000000c0000000,0x00000000c0748cf0,0x00000000c2980000)
 Metaspace       used 5862K, capacity 6832K, committed 7040K, reserved 1056768K
  class space    used 594K, capacity 616K, committed 640K, reserved 1048576K
}
Event: 4.503 GC heap before
{Heap before GC invocations=4 (full 0):
 PSYoungGen      total 34304K, used 34280K [0x00000000eab00000, 0x00000000eee00000, 0x0000000100000000)
  eden space 31744K, 100% used [0x00000000eab00000,0x00000000eca00000,0x00000000eca00000)
  from space 2560K, 99% used [0x00000000eca00000,0x00000000ecc7a1b0,0x00000000ecc80000)
  to   space 2560K, 0% used [0x00000000eeb80000,0x00000000eeb80000,0x00000000eee00000)
 ParOldGen       total 42496K, used 7459K [0x00000000c0000000, 0x00000000c2980000, 0x00000000eab00000)
  object space 42496K, 17% used [0x00000000c0000000,0x00000000c0748cf0,0x00000000c2980000)
 Metaspace       used 5933K, capacity 6896K, committed 7040K, reserved 1056768K
  class space    used 594K, capacity 616K, committed 640K, reserved 1048576K
Event: 4.538 GC heap after
Heap after GC invocations=4 (full 0):
 PSYoungGen      total 66048K, used 2554K [0x00000000eab00000, 0x00000000eee00000, 0x0000000100000000)
  eden space 63488K, 0% used [0x00000000eab00000,0x00000000eab00000,0x00000000ee900000)
  from space 2560K, 99% used [0x00000000eeb80000,0x00000000eedfe9e8,0x00000000eee00000)
  to   space 2560K, 0% used [0x00000000ee900000,0x00000000ee900000,0x00000000eeb80000)
 ParOldGen       total 42496K, used 12632K [0x00000000c0000000, 0x00000000c2980000, 0x00000000eab00000)
  object space 42496K, 29% used [0x00000000c0000000,0x00000000c0c56110,0x00000000c2980000)
 Metaspace       used 5933K, capacity 6896K, committed 7040K, reserved 1056768K
  class space    used 594K, capacity 616K, committed 640K, reserved 1048576K
}
Event: 5.677 GC heap before
{Heap before GC invocations=5 (full 0):
 PSYoungGen      total 66048K, used 66042K [0x00000000eab00000, 0x00000000eee00000, 0x0000000100000000)
  eden space 63488K, 100% used [0x00000000eab00000,0x00000000ee900000,0x00000000ee900000)
  from space 2560K, 99% used [0x00000000eeb80000,0x00000000eedfe9e8,0x00000000eee00000)
  to   space 2560K, 0% used [0x00000000ee900000,0x00000000ee900000,0x00000000eeb80000)
 ParOldGen       total 42496K, used 12632K [0x00000000c0000000, 0x00000000c2980000, 0x00000000eab00000)
  object space 42496K, 29% used [0x00000000c0000000,0x00000000c0c56110,0x00000000c2980000)
 Metaspace       used 6039K, capacity 6936K, committed 7168K, reserved 1056768K
  class space    used 615K, capacity 656K, committed 768K, reserved 1048576K

Deoptimization events (10 events):
Event: 0.537 Thread 0x00007f12e000a000 Uncommon trap: reason=unstable_if action=reinterpret pc=0x00007f12d114a9c8 method=java.lang.String.indexOf(II)I @ 49
Event: 1.199 Thread 0x00007f12e013f000 Uncommon trap: reason=unstable_if action=reinterpret pc=0x00007f12d11f97fc method=java.util.HashMap.getNode(ILjava/lang/Object;)Ljava/util/HashMap$Node; @ 62
Event: 2.770 Thread 0x00007f12e013d800 Uncommon trap: reason=null_check action=make_not_entrant pc=0x00007f12d12ced80 method=com.android.dx.ssa.SsaRenamer.getLocalForNewReg(I)Lcom/android/dx/rop/code/LocalItem; @ 19
Event: 2.789 Thread 0x00007f12e000a000 Uncommon trap: reason=unstable_if action=reinterpret pc=0x00007f12d1207664 method=java.util.HashMap.getNode(ILjava/lang/Object;)Ljava/util/HashMap$Node; @ 62
Event: 2.883 Thread 0x00007f12e013c000 Uncommon trap: reason=null_check action=make_not_entrant pc=0x00007f12d12dcb3c method=com.android.dx.ssa.SsaRenamer.getLocalForNewReg(I)Lcom/android/dx/rop/code/LocalItem; @ 19
Event: 3.652 Thread 0x00007f12e013f000 Uncommon trap: reason=unstable_if action=reinterpret pc=0x00007f12d12ad39c method=com.android.dx.rop.cst.Constant.compareTo(Lcom/android/dx/rop/cst/Constant;)I @ 12
Event: 4.724 Thread 0x00007f12e000a000 Uncommon trap: reason=unstable_if action=reinterpret pc=0x00007f12d1352e7c method=java.util.HashMap.putVal(ILjava/lang/Object;Ljava/lang/Object;ZZ)Ljava/lang/Object; @ 162
Event: 4.793 Thread 0x00007f12e000a000 Uncommon trap: reason=unstable_if action=reinterpret pc=0x00007f12d134a3ac method=java.util.HashMap.getNode(ILjava/lang/Object;)Ljava/util/HashMap$Node; @ 84
Event: 4.808 Thread 0x00007f12e013d800 Uncommon trap: reason=unstable_if action=reinterpret pc=0x00007f12d1245fb8 method=java.util.HashMap.getNode(ILjava/lang/Object;)Ljava/util/HashMap$Node; @ 84
Event: 5.480 Thread 0x00007f12e0138000 Uncommon trap: reason=unstable_if action=reinterpret pc=0x00007f12d14a7dc0 method=java.util.HashMap.getNode(ILjava/lang/Object;)Ljava/util/HashMap$Node; @ 84

Internal exceptions (7 events):
Event: 0.068 Thread 0x00007f12e000a000 Exception <a 'java/lang/NoSuchMethodError': Method sun.misc.Unsafe.defineClass(Ljava/lang/String;[BII)Ljava/lang/Class; name or signature does not match> (0x00000000eab07cc0) thrown at [/HUDSON3/workspace/8-2-build-linux-amd64/jdk8u101/7261/hotspot/src/sh
Event: 0.068 Thread 0x00007f12e000a000 Exception <a 'java/lang/NoSuchMethodError': Method sun.misc.Unsafe.prefetchRead(Ljava/lang/Object;J)V name or signature does not match> (0x00000000eab07fa8) thrown at [/HUDSON3/workspace/8-2-build-linux-amd64/jdk8u101/7261/hotspot/src/share/vm/prims/jni.c
Event: 2.770 Thread 0x00007f12e013d800 Implicit null exception at 0x00007f12d12cbd29 to 0x00007f12d12ced3d
Event: 2.883 Thread 0x00007f12e013c000 Implicit null exception at 0x00007f12d12da426 to 0x00007f12d12dcb19
Event: 4.766 Thread 0x00007f12e000a000 Exception <a 'java/lang/ArrayIndexOutOfBoundsException': 18> (0x00000000eb3aa580) thrown at [/HUDSON3/workspace/8-2-build-linux-amd64/jdk8u101/7261/hotspot/src/share/vm/interpreter/interpreterRuntime.cpp, line 366]
Event: 4.770 Thread 0x00007f12e000a000 Exception <a 'java/lang/ArrayIndexOutOfBoundsException': 145> (0x00000000eb3ac100) thrown at [/HUDSON3/workspace/8-2-build-linux-amd64/jdk8u101/7261/hotspot/src/share/vm/interpreter/interpreterRuntime.cpp, line 366]
Event: 4.784 Thread 0x00007f12e000a000 Exception <a 'java/lang/ArrayIndexOutOfBoundsException': 40> (0x00000000eb3ad3e8) thrown at [/HUDSON3/workspace/8-2-build-linux-amd64/jdk8u101/7261/hotspot/src/share/vm/interpreter/interpreterRuntime.cpp, line 366]

Events (10 events):
Event: 5.468 Thread 0x00007f12e013d800 DEOPT PACKING pc=0x00007f12d12298f9 sp=0x00007f1297cfaec0
Event: 5.468 Thread 0x00007f12e013d800 DEOPT UNPACKING pc=0x00007f12d1047633 sp=0x00007f1297cfac10 mode 0
Event: 5.480 Thread 0x00007f12e0138000 Uncommon trap: trap_request=0xffffff65 fr.pc=0x00007f12d14a7dc0
Event: 5.480 Thread 0x00007f12e0138000 DEOPT PACKING pc=0x00007f12d14a7dc0 sp=0x00007f1297ffde30
Event: 5.480 Thread 0x00007f12e0138000 DEOPT UNPACKING pc=0x00007f12d1005229 sp=0x00007f1297ffda48 mode 2
Event: 5.487 Thread 0x00007f12e0138000 DEOPT PACKING pc=0x00007f12d13c040c sp=0x00007f1297ffe150
Event: 5.487 Thread 0x00007f12e0138000 DEOPT UNPACKING pc=0x00007f12d1047633 sp=0x00007f1297ffdee0 mode 0
Event: 5.544 Thread 0x00007f12e000a000 DEOPT PACKING pc=0x00007f12d12298f9 sp=0x00007f12e7791850
Event: 5.544 Thread 0x00007f12e000a000 DEOPT UNPACKING pc=0x00007f12d1047633 sp=0x00007f12e77915a0 mode 0
Event: 5.669 Executing VM operation: ParallelGCFailedAllocation


Dynamic libraries:
00400000-00401000 r-xp 00000000 08:07 832580                             /usr/lib/jvm/java-8-oracle/bin/java
00600000-00601000 rw-p 00000000 08:07 832580                             /usr/lib/jvm/java-8-oracle/bin/java
01099000-010ba000 rw-p 00000000 00:00 0                                  [heap]
c0000000-c2980000 rw-p 00000000 00:00 0 
c2980000-eab00000 ---p 00000000 00:00 0 
eab00000-eee00000 rw-p 00000000 00:00 0 
f4200000-100000000 ---p 00000000 00:00 0 
100000000-1000c0000 rw-p 00000000 00:00 0 
1000c0000-140000000 ---p 00000000 00:00 0 
7f1280000000-7f1280023000 rw-p 00000000 00:00 0 
7f1280023000-7f1284000000 ---p 00000000 00:00 0 
7f1284000000-7f1284021000 rw-p 00000000 00:00 0 
7f1284021000-7f1288000000 ---p 00000000 00:00 0 
7f1288000000-7f1288034000 rw-p 00000000 00:00 0 
7f1288034000-7f128c000000 ---p 00000000 00:00 0 
7f128c000000-7f128c021000 rw-p 00000000 00:00 0 
7f128c021000-7f1290000000 ---p 00000000 00:00 0 
7f1290000000-7f1290021000 rw-p 00000000 00:00 0 
7f1290021000-7f1294000000 ---p 00000000 00:00 0 
7f1297afb000-7f1297afe000 ---p 00000000 00:00 0 
7f1297afe000-7f1297bfc000 rw-p 00000000 00:00 0                          [stack:14871]
7f1297bfc000-7f1297bff000 ---p 00000000 00:00 0 
7f1297bff000-7f1297cfd000 rw-p 00000000 00:00 0                          [stack:14869]
7f1297cfd000-7f1297d00000 ---p 00000000 00:00 0 
7f1297d00000-7f1297dfe000 rw-p 00000000 00:00 0                          [stack:14866]
7f1297dfe000-7f1297e01000 ---p 00000000 00:00 0 
7f1297e01000-7f1297eff000 rw-p 00000000 00:00 0                          [stack:14865]
7f1297eff000-7f1297f02000 ---p 00000000 00:00 0 
7f1297f02000-7f1298000000 rw-p 00000000 00:00 0                          [stack:14862]
7f1298000000-7f1298021000 rw-p 00000000 00:00 0 
7f1298021000-7f129c000000 ---p 00000000 00:00 0 
7f129c000000-7f129c021000 rw-p 00000000 00:00 0 
7f129c021000-7f12a0000000 ---p 00000000 00:00 0 
7f12a0000000-7f12a0816000 rw-p 00000000 00:00 0 
7f12a0816000-7f12a4000000 ---p 00000000 00:00 0 
7f12a4000000-7f12a4990000 rw-p 00000000 00:00 0 
7f12a4990000-7f12a8000000 ---p 00000000 00:00 0 
7f12a8000000-7f12a8021000 rw-p 00000000 00:00 0 
7f12a8021000-7f12ac000000 ---p 00000000 00:00 0 
7f12ac000000-7f12ac4a8000 rw-p 00000000 00:00 0 
7f12ac4a8000-7f12b0000000 ---p 00000000 00:00 0 
7f12b0000000-7f12b0021000 rw-p 00000000 00:00 0 
7f12b0021000-7f12b4000000 ---p 00000000 00:00 0 
7f12b4000000-7f12b4021000 rw-p 00000000 00:00 0 
7f12b4021000-7f12b8000000 ---p 00000000 00:00 0 
7f12b8000000-7f12b8021000 rw-p 00000000 00:00 0 
7f12b8021000-7f12bc000000 ---p 00000000 00:00 0 
7f12bc000000-7f12bc28d000 rw-p 00000000 00:00 0 
7f12bc28d000-7f12c0000000 ---p 00000000 00:00 0 
7f12c0000000-7f12c0021000 rw-p 00000000 00:00 0 
7f12c0021000-7f12c4000000 ---p 00000000 00:00 0 
7f12c4000000-7f12c4021000 rw-p 00000000 00:00 0 
7f12c4021000-7f12c8000000 ---p 00000000 00:00 0 
7f12c8000000-7f12c8021000 rw-p 00000000 00:00 0 
7f12c8021000-7f12cc000000 ---p 00000000 00:00 0 
7f12cc0f0000-7f12cc0f9000 r--s 0008c000 08:08 935552                     /home/suraj/AndroidstudioProjects/INC16 User/XposedTest/app/build/intermediates/exploded-aar/com.android.support/appcompat-v7/23.4.0/jars/classes.jar
7f12cc0f9000-7f12cc108000 r--s 000df000 08:08 674005                     /home/suraj/android/android-sdk-linux/build-tools/23.0.2/lib/dx.jar
7f12cc108000-7f12cc109000 ---p 00000000 00:00 0 
7f12cc109000-7f12cc209000 rw-p 00000000 00:00 0                          [stack:14847]
7f12cc209000-7f12cc20c000 ---p 00000000 00:00 0 
7f12cc20c000-7f12cc30a000 rw-p 00000000 00:00 0                          [stack:14846]
7f12cc30a000-7f12cc30d000 ---p 00000000 00:00 0 
7f12cc30d000-7f12cc40b000 rw-p 00000000 00:00 0                          [stack:14843]
7f12cc40b000-7f12cc40e000 ---p 00000000 00:00 0 
7f12cc40e000-7f12cc50c000 rw-p 00000000 00:00 0                          [stack:14840]
7f12cc50c000-7f12cc50f000 ---p 00000000 00:00 0 
7f12cc50f000-7f12cc60d000 rw-p 00000000 00:00 0                          [stack:14834]
7f12cc60d000-7f12cc610000 ---p 00000000 00:00 0 
7f12cc610000-7f12cc70e000 rw-p 00000000 00:00 0                          [stack:14830]
7f12cc70e000-7f12ccdf0000 r--p 00000000 08:07 400878                     /usr/lib/locale/locale-archive
7f12ccdf0000-7f12ccdf3000 ---p 00000000 00:00 0 
7f12ccdf3000-7f12ccef1000 rw-p 00000000 00:00 0                          [stack:14826]
7f12ccef1000-7f12ccef4000 ---p 00000000 00:00 0 
7f12ccef4000-7f12ccff2000 rw-p 00000000 00:00 0                          [stack:14817]
7f12ccff2000-7f12ccff3000 ---p 00000000 00:00 0 
7f12ccff3000-7f12ce023000 rw-p 00000000 00:00 0                          [stack:14814]
7f12ce023000-7f12ce1fc000 r--s 03d29000 08:07 835701                     /usr/lib/jvm/java-8-oracle/jre/lib/rt.jar
7f12ce1fc000-7f12ce83c000 rw-p 00000000 00:00 0 
7f12ce83c000-7f12ce9fc000 ---p 00000000 00:00 0 
7f12ce9fc000-7f12d0bfc000 rw-p 00000000 00:00 0 
7f12d0bfc000-7f12d0bfd000 ---p 00000000 00:00 0 
7f12d0bfd000-7f12d0cfd000 rw-p 00000000 00:00 0                          [stack:14805]
7f12d0cfd000-7f12d0cfe000 ---p 00000000 00:00 0 
7f12d0cfe000-7f12d0dfe000 rw-p 00000000 00:00 0                          [stack:14800]
7f12d0dfe000-7f12d0dff000 ---p 00000000 00:00 0 
7f12d0dff000-7f12d0eff000 rw-p 00000000 00:00 0                          [stack:14799]
7f12d0eff000-7f12d0f00000 ---p 00000000 00:00 0 
7f12d0f00000-7f12d1000000 rw-p 00000000 00:00 0                          [stack:14794]
7f12d1000000-7f12d14e0000 rwxp 00000000 00:00 0 
7f12d14e0000-7f12e0000000 ---p 00000000 00:00 0 
7f12e0000000-7f12e038c000 rw-p 00000000 00:00 0 
7f12e038c000-7f12e4000000 ---p 00000000 00:00 0 
7f12e4000000-7f12e410f000 rw-p 00000000 00:00 0 
7f12e410f000-7f12e4250000 ---p 00000000 00:00 0 
7f12e4250000-7f12e4265000 rw-p 00000000 00:00 0 
7f12e4265000-7f12e43a5000 ---p 00000000 00:00 0 
7f12e43a5000-7f12e43c7000 rw-p 00000000 00:00 0 
7f12e43c7000-7f12e4450000 ---p 00000000 00:00 0 
7f12e4450000-7f12e4465000 rw-p 00000000 00:00 0 
7f12e4465000-7f12e4811000 ---p 00000000 00:00 0 
7f12e4811000-7f12e482b000 r-xp 00000000 08:07 835317                     /usr/lib/jvm/java-8-oracle/jre/lib/amd64/libzip.so
7f12e482b000-7f12e4a2b000 ---p 0001a000 08:07 835317                     /usr/lib/jvm/java-8-oracle/jre/lib/amd64/libzip.so
7f12e4a2b000-7f12e4a2c000 rw-p 0001a000 08:07 835317                     /usr/lib/jvm/java-8-oracle/jre/lib/amd64/libzip.so
7f12e4a2c000-7f12e4a36000 r-xp 00000000 08:07 12252                      /lib/x86_64-linux-gnu/libnss_files-2.19.so
7f12e4a36000-7f12e4c35000 ---p 0000a000 08:07 12252                      /lib/x86_64-linux-gnu/libnss_files-2.19.so
7f12e4c35000-7f12e4c36000 r--p 00009000 08:07 12252                      /lib/x86_64-linux-gnu/libnss_files-2.19.so
7f12e4c36000-7f12e4c37000 rw-p 0000a000 08:07 12252                      /lib/x86_64-linux-gnu/libnss_files-2.19.so
7f12e4c37000-7f12e4c42000 r-xp 00000000 08:07 12244                      /lib/x86_64-linux-gnu/libnss_nis-2.19.so
7f12e4c42000-7f12e4e41000 ---p 0000b000 08:07 12244                      /lib/x86_64-linux-gnu/libnss_nis-2.19.so
7f12e4e41000-7f12e4e42000 r--p 0000a000 08:07 12244                      /lib/x86_64-linux-gnu/libnss_nis-2.19.so
7f12e4e42000-7f12e4e43000 rw-p 0000b000 08:07 12244                      /lib/x86_64-linux-gnu/libnss_nis-2.19.so
7f12e4e43000-7f12e4e5a000 r-xp 00000000 08:07 12240                      /lib/x86_64-linux-gnu/libnsl-2.19.so
7f12e4e5a000-7f12e5059000 ---p 00017000 08:07 12240                      /lib/x86_64-linux-gnu/libnsl-2.19.so
7f12e5059000-7f12e505a000 r--p 00016000 08:07 12240                      /lib/x86_64-linux-gnu/libnsl-2.19.so
7f12e505a000-7f12e505b000 rw-p 00017000 08:07 12240                      /lib/x86_64-linux-gnu/libnsl-2.19.so
7f12e505b000-7f12e505d000 rw-p 00000000 00:00 0 
7f12e505d000-7f12e5066000 r-xp 00000000 08:07 12239                      /lib/x86_64-linux-gnu/libnss_compat-2.19.so
7f12e5066000-7f12e5265000 ---p 00009000 08:07 12239                      /lib/x86_64-linux-gnu/libnss_compat-2.19.so
7f12e5265000-7f12e5266000 r--p 00008000 08:07 12239                      /lib/x86_64-linux-gnu/libnss_compat-2.19.so
7f12e5266000-7f12e5267000 rw-p 00009000 08:07 12239                      /lib/x86_64-linux-gnu/libnss_compat-2.19.so
7f12e5267000-7f12e5291000 r-xp 00000000 08:07 835365                     /usr/lib/jvm/java-8-oracle/jre/lib/amd64/libjava.so
7f12e5291000-7f12e5491000 ---p 0002a000 08:07 835365                     /usr/lib/jvm/java-8-oracle/jre/lib/amd64/libjava.so
7f12e5491000-7f12e5493000 rw-p 0002a000 08:07 835365                     /usr/lib/jvm/java-8-oracle/jre/lib/amd64/libjava.so
7f12e5493000-7f12e54a0000 r-xp 00000000 08:07 835429                     /usr/lib/jvm/java-8-oracle/jre/lib/amd64/libverify.so
7f12e54a0000-7f12e56a0000 ---p 0000d000 08:07 835429                     /usr/lib/jvm/java-8-oracle/jre/lib/amd64/libverify.so
7f12e56a0000-7f12e56a2000 rw-p 0000d000 08:07 835429                     /usr/lib/jvm/java-8-oracle/jre/lib/amd64/libverify.so
7f12e56a2000-7f12e56a9000 r-xp 00000000 08:07 12248                      /lib/x86_64-linux-gnu/librt-2.19.so
7f12e56a9000-7f12e58a8000 ---p 00007000 08:07 12248                      /lib/x86_64-linux-gnu/librt-2.19.so
7f12e58a8000-7f12e58a9000 r--p 00006000 08:07 12248                      /lib/x86_64-linux-gnu/librt-2.19.so
7f12e58a9000-7f12e58aa000 rw-p 00007000 08:07 12248                      /lib/x86_64-linux-gnu/librt-2.19.so
7f12e58aa000-7f12e59af000 r-xp 00000000 08:07 10642                      /lib/x86_64-linux-gnu/libm-2.19.so
7f12e59af000-7f12e5bae000 ---p 00105000 08:07 10642                      /lib/x86_64-linux-gnu/libm-2.19.so
7f12e5bae000-7f12e5baf000 r--p 00104000 08:07 10642                      /lib/x86_64-linux-gnu/libm-2.19.so
7f12e5baf000-7f12e5bb0000 rw-p 00105000 08:07 10642                      /lib/x86_64-linux-gnu/libm-2.19.so
7f12e5bb0000-7f12e687b000 r-xp 00000000 08:07 835403                     /usr/lib/jvm/java-8-oracle/jre/lib/amd64/server/libjvm.so
7f12e687b000-7f12e6a7a000 ---p 00ccb000 08:07 835403                     /usr/lib/jvm/java-8-oracle/jre/lib/amd64/server/libjvm.so
7f12e6a7a000-7f12e6b53000 rw-p 00cca000 08:07 835403                     /usr/lib/jvm/java-8-oracle/jre/lib/amd64/server/libjvm.so
7f12e6b53000-7f12e6b9e000 rw-p 00000000 00:00 0 
7f12e6b9e000-7f12e6d58000 r-xp 00000000 08:07 12249                      /lib/x86_64-linux-gnu/libc-2.19.so
7f12e6d58000-7f12e6f58000 ---p 001ba000 08:07 12249                      /lib/x86_64-linux-gnu/libc-2.19.so
7f12e6f58000-7f12e6f5c000 r--p 001ba000 08:07 12249                      /lib/x86_64-linux-gnu/libc-2.19.so
7f12e6f5c000-7f12e6f5e000 rw-p 001be000 08:07 12249                      /lib/x86_64-linux-gnu/libc-2.19.so
7f12e6f5e000-7f12e6f63000 rw-p 00000000 00:00 0 
7f12e6f63000-7f12e6f66000 r-xp 00000000 08:07 12236                      /lib/x86_64-linux-gnu/libdl-2.19.so
7f12e6f66000-7f12e7165000 ---p 00003000 08:07 12236                      /lib/x86_64-linux-gnu/libdl-2.19.so
7f12e7165000-7f12e7166000 r--p 00002000 08:07 12236                      /lib/x86_64-linux-gnu/libdl-2.19.so
7f12e7166000-7f12e7167000 rw-p 00003000 08:07 12236                      /lib/x86_64-linux-gnu/libdl-2.19.so
7f12e7167000-7f12e717c000 r-xp 00000000 08:07 832692                     /usr/lib/jvm/java-8-oracle/lib/amd64/jli/libjli.so
7f12e717c000-7f12e737c000 ---p 00015000 08:07 832692                     /usr/lib/jvm/java-8-oracle/lib/amd64/jli/libjli.so
7f12e737c000-7f12e737d000 rw-p 00015000 08:07 832692                     /usr/lib/jvm/java-8-oracle/lib/amd64/jli/libjli.so
7f12e737d000-7f12e7396000 r-xp 00000000 08:07 12241                      /lib/x86_64-linux-gnu/libpthread-2.19.so
7f12e7396000-7f12e7595000 ---p 00019000 08:07 12241                      /lib/x86_64-linux-gnu/libpthread-2.19.so
7f12e7595000-7f12e7596000 r--p 00018000 08:07 12241                      /lib/x86_64-linux-gnu/libpthread-2.19.so
7f12e7596000-7f12e7597000 rw-p 00019000 08:07 12241                      /lib/x86_64-linux-gnu/libpthread-2.19.so
7f12e7597000-7f12e759b000 rw-p 00000000 00:00 0 
7f12e759b000-7f12e75be000 r-xp 00000000 08:07 12242                      /lib/x86_64-linux-gnu/ld-2.19.so
7f12e75c1000-7f12e7693000 rw-p 00000000 00:00 0 
7f12e7693000-7f12e7696000 ---p 00000000 00:00 0 
7f12e7696000-7f12e7798000 rw-p 00000000 00:00 0                          [stack:14781]
7f12e779c000-7f12e77b1000 rw-p 00000000 00:00 0 
7f12e77b1000-7f12e77b9000 rw-s 00000000 08:07 132931                     /tmp/hsperfdata_suraj/14772
7f12e77b9000-7f12e77ba000 rw-p 00000000 00:00 0 
7f12e77ba000-7f12e77bb000 ---p 00000000 00:00 0 
7f12e77bb000-7f12e77bd000 rw-p 00000000 00:00 0 
7f12e77bd000-7f12e77be000 r--p 00022000 08:07 12242                      /lib/x86_64-linux-gnu/ld-2.19.so
7f12e77be000-7f12e77bf000 rw-p 00023000 08:07 12242                      /lib/x86_64-linux-gnu/ld-2.19.so
7f12e77bf000-7f12e77c0000 rw-p 00000000 00:00 0 
7fff8b442000-7fff8b464000 rw-p 00000000 00:00 0                          [stack]
7fff8b4ba000-7fff8b4bc000 r--p 00000000 00:00 0                          [vvar]
7fff8b4bc000-7fff8b4be000 r-xp 00000000 00:00 0                          [vdso]
ffffffffff600000-ffffffffff601000 r-xp 00000000 00:00 0                  [vsyscall]

VM Arguments:
jvm_args: -Djava.awt.headless=true -Xmx1024M -Dfile.encoding=UTF-8 -Duser.country=IN -Duser.language=en -Duser.variant 
java_command: com.android.dx.command.Main --dex --num-threads=4 --output /home/suraj/AndroidstudioProjects/INC16 User/XposedTest/app/build/intermediates/pre-dexed/debug/com.android.support-appcompat-v7-23.4.0_981c9b2855867cfdd2459ee07aaed4157488c5e7.jar /home/suraj/AndroidstudioProjects/INC16 User/XposedTest/app/build/intermediates/exploded-aar/com.android.support/appcompat-v7/23.4.0/jars/classes.jar
java_class_path (initial): /home/suraj/android/android-sdk-linux/build-tools/23.0.2/lib/dx.jar
Launcher Type: SUN_STANDARD

Environment Variables:
JAVA_HOME=/usr/lib/jvm/java-8-oracle
PATH=/usr/local/heroku/bin:/home/suraj/.rbenv/plugins/ruby-build/bin:/home/suraj/.rbenv/shims:/home/suraj/.rbenv/bin:/usr/local/sbin:/usr/local/bin:/usr/sbin:/usr/bin:/sbin:/bin:/usr/games:/usr/local/games:/usr/lib/jvm/java-8-oracle/bin:/usr/lib/jvm/java-8-oracle/db/bin:/usr/lib/jvm/java-8-oracle/jre/bin:/home/suraj/scripts/:/home/suraj/android/toolchain/arm-cortex_a8-linux-gnueabi-linaro_4.7.4-2014.04/bin:/home/suraj/android/android-sdk-linux/tools:/home/suraj/android/android-sdk-linux/platform-tools
LD_LIBRARY_PATH=/home/suraj/android-studio/bin::/usr/local/lib
SHELL=/bin/bash
DISPLAY=:0
ARCH=arm

Signal Handlers:
SIGSEGV: [libjvm.so+0xac4790], sa_mask[0]=11111111011111111101111111111110, sa_flags=SA_RESTART|SA_SIGINFO
SIGBUS: [libjvm.so+0xac4790], sa_mask[0]=11111111011111111101111111111110, sa_flags=SA_RESTART|SA_SIGINFO
SIGFPE: [libjvm.so+0x91f140], sa_mask[0]=11111111011111111101111111111110, sa_flags=SA_RESTART|SA_SIGINFO
SIGPIPE: [libjvm.so+0x91f140], sa_mask[0]=11111111011111111101111111111110, sa_flags=SA_RESTART|SA_SIGINFO
SIGXFSZ: [libjvm.so+0x91f140], sa_mask[0]=11111111011111111101111111111110, sa_flags=SA_RESTART|SA_SIGINFO
SIGILL: [libjvm.so+0x91f140], sa_mask[0]=11111111011111111101111111111110, sa_flags=SA_RESTART|SA_SIGINFO
SIGUSR1: SIG_DFL, sa_mask[0]=00000000000000000000000000000000, sa_flags=none
SIGUSR2: [libjvm.so+0x920770], sa_mask[0]=00100000000000000000000000000000, sa_flags=SA_RESTART|SA_SIGINFO
SIGHUP: [libjvm.so+0x921b70], sa_mask[0]=11111111011111111101111111111110, sa_flags=SA_RESTART|SA_SIGINFO
SIGINT: [libjvm.so+0x921b70], sa_mask[0]=11111111011111111101111111111110, sa_flags=SA_RESTART|SA_SIGINFO
SIGTERM: [libjvm.so+0x921b70], sa_mask[0]=11111111011111111101111111111110, sa_flags=SA_RESTART|SA_SIGINFO
SIGQUIT: [libjvm.so+0x921b70], sa_mask[0]=11111111011111111101111111111110, sa_flags=SA_RESTART|SA_SIGINFO


---------------  S Y S T E M  ---------------

OS:DISTRIB_ID=Ubuntu
DISTRIB_RELEASE=14.04
DISTRIB_CODENAME=trusty
DISTRIB_DESCRIPTION="Ubuntu 14.04.5 LTS"

uname:Linux 3.17.0-031700-generic #201410060605 SMP Mon Oct 6 10:07:09 UTC 2014 x86_64
libc:glibc 2.19 NPTL 2.19 
rlimit: STACK 8192k, CORE 0k, NPROC 15261, NOFILE 4096, AS infinity
load average:2.83 1.33 0.91

/proc/meminfo:
MemTotal:        3952400 kB
MemFree:          107224 kB
MemAvailable:      61880 kB
Buffers:             968 kB
Cached:           431496 kB
SwapCached:            0 kB
Active:          3262108 kB
Inactive:         391276 kB
Active(anon):    3243700 kB
Inactive(anon):   375800 kB
Active(file):      18408 kB
Inactive(file):    15476 kB
Unevictable:          32 kB
Mlocked:              32 kB
SwapTotal:             0 kB
SwapFree:              0 kB
Dirty:                68 kB
Writeback:             0 kB
AnonPages:       3221940 kB
Mapped:           128348 kB
Shmem:            397532 kB
Slab:              80888 kB
SReclaimable:      44352 kB
SUnreclaim:        36536 kB
KernelStack:       12384 kB
PageTables:        37680 kB
NFS_Unstable:          0 kB
Bounce:                0 kB
WritebackTmp:          0 kB
CommitLimit:     1976200 kB
Committed_AS:    7623756 kB
VmallocTotal:   34359738367 kB
VmallocUsed:      352484 kB
VmallocChunk:   34359304968 kB
HardwareCorrupted:     0 kB
AnonHugePages:   1124352 kB
HugePages_Total:       0
HugePages_Free:        0
HugePages_Rsvd:        0
HugePages_Surp:        0
Hugepagesize:       2048 kB
DirectMap4k:       87316 kB
DirectMap2M:     2963456 kB
DirectMap1G:     1048576 kB


CPU:total 4 (2 cores per cpu, 2 threads per core) family 6 model 69 stepping 1, cmov, cx8, fxsr, mmx, sse, sse2, sse3, ssse3, sse4.1, sse4.2, popcnt, avx, avx2, aes, clmul, erms, lzcnt, ht, tsc, tscinvbit, bmi1, bmi2

/proc/cpuinfo:
processor	: 0
vendor_id	: GenuineIntel
cpu family	: 6
model		: 69
model name	: Intel(R) Core(TM) i5-4200U CPU @ 1.60GHz
stepping	: 1
microcode	: 0x16
cpu MHz		: 2300.000
cache size	: 3072 KB
physical id	: 0
siblings	: 4
core id		: 0
cpu cores	: 2
apicid		: 0
initial apicid	: 0
fpu		: yes
fpu_exception	: yes
cpuid level	: 13
wp		: yes
flags		: fpu vme de pse tsc msr pae mce cx8 apic sep mtrr pge mca cmov pat pse36 clflush dts acpi mmx fxsr sse sse2 ss ht tm pbe syscall nx pdpe1gb rdtscp lm constant_tsc arch_perfmon pebs bts rep_good nopl xtopology nonstop_tsc aperfmperf eagerfpu pni pclmulqdq dtes64 monitor ds_cpl vmx est tm2 ssse3 fma cx16 xtpr pdcm pcid sse4_1 sse4_2 movbe popcnt tsc_deadline_timer aes xsave avx f16c rdrand lahf_lm abm ida arat epb pln pts dtherm tpr_shadow vnmi flexpriority ept vpid fsgsbase tsc_adjust bmi1 avx2 smep bmi2 erms invpcid xsaveopt
bugs		:
bogomips	: 4589.53
clflush size	: 64
cache_alignment	: 64
address sizes	: 39 bits physical, 48 bits virtual
power management:

processor	: 1
vendor_id	: GenuineIntel
cpu family	: 6
model		: 69
model name	: Intel(R) Core(TM) i5-4200U CPU @ 1.60GHz
stepping	: 1
microcode	: 0x16
cpu MHz		: 2299.910
cache size	: 3072 KB
physical id	: 0
siblings	: 4
core id		: 1
cpu cores	: 2
apicid		: 2
initial apicid	: 2
fpu		: yes
fpu_exception	: yes
cpuid level	: 13
wp		: yes
flags		: fpu vme de pse tsc msr pae mce cx8 apic sep mtrr pge mca cmov pat pse36 clflush dts acpi mmx fxsr sse sse2 ss ht tm pbe syscall nx pdpe1gb rdtscp lm constant_tsc arch_perfmon pebs bts rep_good nopl xtopology nonstop_tsc aperfmperf eagerfpu pni pclmulqdq dtes64 monitor ds_cpl vmx est tm2 ssse3 fma cx16 xtpr pdcm pcid sse4_1 sse4_2 movbe popcnt tsc_deadline_timer aes xsave avx f16c rdrand lahf_lm abm ida arat epb pln pts dtherm tpr_shadow vnmi flexpriority ept vpid fsgsbase tsc_adjust bmi1 avx2 smep bmi2 erms invpcid xsaveopt
bugs		:
bogomips	: 4589.53
clflush size	: 64
cache_alignment	: 64
address sizes	: 39 bits physical, 48 bits virtual
power management:

processor	: 2
vendor_id	: GenuineIntel
cpu family	: 6
model		: 69
model name	: Intel(R) Core(TM) i5-4200U CPU @ 1.60GHz
stepping	: 1
microcode	: 0x16
cpu MHz		: 2299.910
cache size	: 3072 KB
physical id	: 0
siblings	: 4
core id		: 0
cpu cores	: 2
apicid		: 1
initial apicid	: 1
fpu		: yes
fpu_exception	: yes
cpuid level	: 13
wp		: yes
flags		: fpu vme de pse tsc msr pae mce cx8 apic sep mtrr pge mca cmov pat pse36 clflush dts acpi mmx fxsr sse sse2 ss ht tm pbe syscall nx pdpe1gb rdtscp lm constant_tsc arch_perfmon pebs bts rep_good nopl xtopology nonstop_tsc aperfmperf eagerfpu pni pclmulqdq dtes64 monitor ds_cpl vmx est tm2 ssse3 fma cx16 xtpr pdcm pcid sse4_1 sse4_2 movbe popcnt tsc_deadline_timer aes xsave avx f16c rdrand lahf_lm abm ida arat epb pln pts dtherm tpr_shadow vnmi flexpriority ept vpid fsgsbase tsc_adjust bmi1 avx2 smep bmi2 erms invpcid xsaveopt
bugs		:
bogomips	: 4589.53
clflush size	: 64
cache_alignment	: 64
address sizes	: 39 bits physical, 48 bits virtual
power management:

processor	: 3
vendor_id	: GenuineIntel
cpu family	: 6
model		: 69
model name	: Intel(R) Core(TM) i5-4200U CPU @ 1.60GHz
stepping	: 1
microcode	: 0x16
cpu MHz		: 2299.910
cache size	: 3072 KB
physical id	: 0
siblings	: 4
core id		: 1
cpu cores	: 2
apicid		: 3
initial apicid	: 3
fpu		: yes
fpu_exception	: yes
cpuid level	: 13
wp		: yes
flags		: fpu vme de pse tsc msr pae mce cx8 apic sep mtrr pge mca cmov pat pse36 clflush dts acpi mmx fxsr sse sse2 ss ht tm pbe syscall nx pdpe1gb rdtscp lm constant_tsc arch_perfmon pebs bts rep_good nopl xtopology nonstop_tsc aperfmperf eagerfpu pni pclmulqdq dtes64 monitor ds_cpl vmx est tm2 ssse3 fma cx16 xtpr pdcm pcid sse4_1 sse4_2 movbe popcnt tsc_deadline_timer aes xsave avx f16c rdrand lahf_lm abm ida arat epb pln pts dtherm tpr_shadow vnmi flexpriority ept vpid fsgsbase tsc_adjust bmi1 avx2 smep bmi2 erms invpcid xsaveopt
bugs		:
bogomips	: 4589.53
clflush size	: 64
cache_alignment	: 64
address sizes	: 39 bits physical, 48 bits virtual
power management:



Memory: 4k page, physical 3952400k(107224k free), swap 0k(0k free)

vm_info: Java HotSpot(TM) 64-Bit Server VM (25.101-b13) for linux-amd64 JRE (1.8.0_101-b13), built on Jun 22 2016 02:59:44 by "java_re" with gcc 4.3.0 20080428 (Red Hat 4.3.0-8)

time: Sat Sep  3 14:00:19 2016
elapsed time: 5 seconds (0d 0h 0m 5s)

