#
# There is insufficient memory for the Java Runtime Environment to continue.
# Native memory allocation (mmap) failed to map 32505856 bytes for committing reserved memory.
# Possible reasons:
#   The system is out of physical RAM or swap space
#   In 32 bit mode, the process size limit was hit
# Possible solutions:
#   Reduce memory load on the system
#   Increase physical memory or swap space
#   Check if swap backing store is full
#   Use 64 bit Java on a 64 bit OS
#   Decrease Java heap size (-Xmx/-Xms)
#   Decrease number of Java threads
#   Decrease Java thread stack sizes (-Xss)
#   Set larger code cache with -XX:ReservedCodeCacheSize=
# This output file may be truncated or incomplete.
#
#  Out of Memory Error (os_linux.cpp:2627), pid=22487, tid=0x00007fdbc0cfc700
#
# JRE version: Java(TM) SE Runtime Environment (8.0_121-b13) (build 1.8.0_121-b13)
# Java VM: Java HotSpot(TM) 64-Bit Server VM (25.121-b13 mixed mode linux-amd64 compressed oops)
# Failed to write core dump. Core dumps have been disabled. To enable core dumping, try "ulimit -c unlimited" before starting Java again
#

---------------  T H R E A D  ---------------

Current thread (0x00007fdbd0078000):  VMThread [stack: 0x00007fdbc0bfc000,0x00007fdbc0cfd000] [id=22497]

Stack: [0x00007fdbc0bfc000,0x00007fdbc0cfd000],  sp=0x00007fdbc0cfb160,  free space=1020k
Native frames: (J=compiled Java code, j=interpreted, Vv=VM code, C=native code)
V  [libjvm.so+0xac703a]  VMError::report_and_die()+0x2ba
V  [libjvm.so+0x4fc7eb]  report_vm_out_of_memory(char const*, int, unsigned long, VMErrorType, char const*)+0x8b
V  [libjvm.so+0x923c43]  os::Linux::commit_memory_impl(char*, unsigned long, bool)+0x103
V  [libjvm.so+0x924199]  os::pd_commit_memory(char*, unsigned long, unsigned long, bool)+0x29
V  [libjvm.so+0x91e4aa]  os::commit_memory(char*, unsigned long, unsigned long, bool)+0x2a
V  [libjvm.so+0x992f03]  PSVirtualSpace::expand_by(unsigned long)+0x53
V  [libjvm.so+0x994308]  PSYoungGen::resize_generation(unsigned long, unsigned long)+0xf8
V  [libjvm.so+0x993462]  PSYoungGen::resize(unsigned long, unsigned long)+0x22
V  [libjvm.so+0x99073b]  PSScavenge::invoke_no_policy()+0xf3b
V  [libjvm.so+0x990ec1]  PSScavenge::invoke()+0x41
V  [libjvm.so+0x947c10]  ParallelScavengeHeap::failed_mem_allocate(unsigned long)+0x70
V  [libjvm.so+0xac8a57]  VM_ParallelGCFailedAllocation::doit()+0x97
V  [libjvm.so+0xad0535]  VM_Operation::evaluate()+0x55
V  [libjvm.so+0xace90a]  VMThread::evaluate_operation(VM_Operation*)+0xba
V  [libjvm.so+0xacec8e]  VMThread::loop()+0x1ce
V  [libjvm.so+0xacf100]  VMThread::run()+0x70
V  [libjvm.so+0x926268]  java_start(Thread*)+0x108

VM_Operation (0x00007fdbd93cb790): ParallelGCFailedAllocation, mode: safepoint, requested by thread 0x00007fdbd000a000


---------------  P R O C E S S  ---------------

Java Threads: ( => current thread )
  0x00007fdbd015e800 JavaThread "pool-1-thread-4" [_thread_blocked, id=22510, stack(0x00007fdbb97f8000,0x00007fdbb98f9000)]
  0x00007fdbd015c800 JavaThread "pool-1-thread-3" [_thread_blocked, id=22509, stack(0x00007fdbb98f9000,0x00007fdbb99fa000)]
  0x00007fdbd015b000 JavaThread "pool-1-thread-2" [_thread_blocked, id=22508, stack(0x00007fdbb99fa000,0x00007fdbb9afb000)]
  0x00007fdbd014e000 JavaThread "pool-2-thread-1" [_thread_blocked, id=22507, stack(0x00007fdbb9afb000,0x00007fdbb9bfc000)]
  0x00007fdbd014c000 JavaThread "pool-1-thread-1" [_thread_blocked, id=22506, stack(0x00007fdbb9bfc000,0x00007fdbb9cfd000)]
  0x00007fdbd00d2800 JavaThread "Service Thread" daemon [_thread_blocked, id=22504, stack(0x00007fdbb9dfe000,0x00007fdbb9eff000)]
  0x00007fdbd00bd000 JavaThread "C1 CompilerThread2" daemon [_thread_blocked, id=22503, stack(0x00007fdbb9eff000,0x00007fdbba000000)]
  0x00007fdbd00bb800 JavaThread "C2 CompilerThread1" daemon [_thread_blocked, id=22502, stack(0x00007fdbc0015000,0x00007fdbc0116000)]
  0x00007fdbd00b8800 JavaThread "C2 CompilerThread0" daemon [_thread_blocked, id=22501, stack(0x00007fdbc0116000,0x00007fdbc0217000)]
  0x00007fdbd00b7000 JavaThread "Signal Dispatcher" daemon [_thread_blocked, id=22500, stack(0x00007fdbc0217000,0x00007fdbc0318000)]
  0x00007fdbd0084000 JavaThread "Finalizer" daemon [_thread_blocked, id=22499, stack(0x00007fdbc09fa000,0x00007fdbc0afb000)]
  0x00007fdbd007f800 JavaThread "Reference Handler" daemon [_thread_blocked, id=22498, stack(0x00007fdbc0afb000,0x00007fdbc0bfc000)]
  0x00007fdbd000a000 JavaThread "main" [_thread_blocked, id=22492, stack(0x00007fdbd92cd000,0x00007fdbd93ce000)]

Other Threads:
=>0x00007fdbd0078000 VMThread [stack: 0x00007fdbc0bfc000,0x00007fdbc0cfd000] [id=22497]
  0x00007fdbd00d5000 WatcherThread [stack: 0x00007fdbb9cfd000,0x00007fdbb9dfe000] [id=22505]

VM state:at safepoint (normal execution)

VM Mutex/Monitor currently owned by a thread:  ([mutex/lock_event])
[0x00007fdbd00064d0] Threads_lock - owner thread: 0x00007fdbd0078000
[0x00007fdbd00069d0] Heap_lock - owner thread: 0x00007fdbd000a000

Heap:
 PSYoungGen      total 34304K, used 2539K [0x00000000eab00000, 0x00000000ecf00000, 0x0000000100000000)
  eden space 31744K, 0% used [0x00000000eab00000,0x00000000eab00000,0x00000000eca00000)
  from space 2560K, 99% used [0x00000000eca00000,0x00000000ecc7ae30,0x00000000ecc80000)
  to   space 2560K, 0% used [0x00000000ecc80000,0x00000000ecc80000,0x00000000ecf00000)
 ParOldGen       total 42496K, used 10189K [0x00000000c0000000, 0x00000000c2980000, 0x00000000eab00000)
  object space 42496K, 23% used [0x00000000c0000000,0x00000000c09f36d0,0x00000000c2980000)
 Metaspace       used 5764K, capacity 6832K, committed 7040K, reserved 1056768K
  class space    used 588K, capacity 616K, committed 640K, reserved 1048576K

Card table byte_map: [0x00007fdbd5e86000,0x00007fdbd6087000] byte_map_base: 0x00007fdbd5886000

Marking Bits: (ParMarkBitMap*) 0x00007fdbd87a9c80
 Begin Bits: [0x00007fdbba000000, 0x00007fdbbb000000)
 End Bits:   [0x00007fdbbb000000, 0x00007fdbbc000000)

Polling page: 0x00007fdbd93f3000

