#
# There is insufficient memory for the Java Runtime Environment to continue.
# Native memory allocation (mmap) failed to map 137363456 bytes for committing reserved memory.
# Possible reasons:
#   The system is out of physical RAM or swap space
#   In 32 bit mode, the process size limit was hit
# Possible solutions:
#   Reduce memory load on the system
#   Increase physical memory or swap space
#   Check if swap backing store is full
#   Use 64 bit Java on a 64 bit OS
#   Decrease Java heap size (-Xmx/-Xms)
#   Decrease number of Java threads
#   Decrease Java thread stack sizes (-Xss)
#   Set larger code cache with -XX:ReservedCodeCacheSize=
# This output file may be truncated or incomplete.
#
#  Out of Memory Error (os_linux.cpp:2627), pid=7927, tid=0x00007f2264c91700
#
# JRE version: Java(TM) SE Runtime Environment (8.0_101-b13) (build 1.8.0_101-b13)
# Java VM: Java HotSpot(TM) 64-Bit Server VM (25.101-b13 mixed mode linux-amd64 compressed oops)
# Failed to write core dump. Core dumps have been disabled. To enable core dumping, try "ulimit -c unlimited" before starting Java again
#

---------------  T H R E A D  ---------------

Current thread (0x00007f227c078000):  VMThread [stack: 0x00007f2264b91000,0x00007f2264c92000] [id=7952]

Stack: [0x00007f2264b91000,0x00007f2264c92000],  sp=0x00007f2264c90160,  free space=1020k
Native frames: (J=compiled Java code, j=interpreted, Vv=VM code, C=native code)
V  [libjvm.so+0xac3f0a]  VMError::report_and_die()+0x2ba
V  [libjvm.so+0x4fbf9b]  report_vm_out_of_memory(char const*, int, unsigned long, VMErrorType, char const*)+0x8b
V  [libjvm.so+0x9222d3]  os::Linux::commit_memory_impl(char*, unsigned long, bool)+0x103
V  [libjvm.so+0x922829]  os::pd_commit_memory(char*, unsigned long, unsigned long, bool)+0x29
V  [libjvm.so+0x91cb2a]  os::commit_memory(char*, unsigned long, unsigned long, bool)+0x2a
V  [libjvm.so+0x991053]  PSVirtualSpace::expand_by(unsigned long)+0x53
V  [libjvm.so+0x992458]  PSYoungGen::resize_generation(unsigned long, unsigned long)+0xf8
V  [libjvm.so+0x9915b2]  PSYoungGen::resize(unsigned long, unsigned long)+0x22
V  [libjvm.so+0x98e88b]  PSScavenge::invoke_no_policy()+0xf3b
V  [libjvm.so+0x98f011]  PSScavenge::invoke()+0x41
V  [libjvm.so+0x945fc0]  ParallelScavengeHeap::failed_mem_allocate(unsigned long)+0x70
V  [libjvm.so+0xac5927]  VM_ParallelGCFailedAllocation::doit()+0x97
V  [libjvm.so+0xacd405]  VM_Operation::evaluate()+0x55
V  [libjvm.so+0xacb7da]  VMThread::evaluate_operation(VM_Operation*)+0xba
V  [libjvm.so+0xacbb5e]  VMThread::loop()+0x1ce
V  [libjvm.so+0xacbfd0]  VMThread::run()+0x70
V  [libjvm.so+0x924698]  java_start(Thread*)+0x108

VM_Operation (0x00007f225faf8b10): ParallelGCFailedAllocation, mode: safepoint, requested by thread 0x00007f227c138800


---------------  P R O C E S S  ---------------

Java Threads: ( => current thread )
  0x00007f227c138800 JavaThread "pool-1-thread-1" [_thread_blocked, id=8107, stack(0x00007f225f9fa000,0x00007f225fafb000)]
  0x00007f227c0c0000 JavaThread "Service Thread" daemon [_thread_blocked, id=7963, stack(0x00007f225fcfd000,0x00007f225fdfe000)]
  0x00007f227c0bd000 JavaThread "C1 CompilerThread2" daemon [_thread_blocked, id=7962, stack(0x00007f225fdfe000,0x00007f225feff000)]
  0x00007f227c0bb800 JavaThread "C2 CompilerThread1" daemon [_thread_blocked, id=7961, stack(0x00007f225feff000,0x00007f2260000000)]
  0x00007f227c0b8800 JavaThread "C2 CompilerThread0" daemon [_thread_blocked, id=7960, stack(0x00007f22640ab000,0x00007f22641ac000)]
  0x00007f227c0b7000 JavaThread "Signal Dispatcher" daemon [_thread_blocked, id=7959, stack(0x00007f22641ac000,0x00007f22642ad000)]
  0x00007f227c084000 JavaThread "Finalizer" daemon [_thread_blocked, id=7954, stack(0x00007f226498f000,0x00007f2264a90000)]
  0x00007f227c07f800 JavaThread "Reference Handler" daemon [_thread_blocked, id=7953, stack(0x00007f2264a90000,0x00007f2264b91000)]
  0x00007f227c00a000 JavaThread "main" [_thread_blocked, id=7930, stack(0x00007f2283259000,0x00007f228335a000)]

Other Threads:
=>0x00007f227c078000 VMThread [stack: 0x00007f2264b91000,0x00007f2264c92000] [id=7952]
  0x00007f227c0c3000 WatcherThread [stack: 0x00007f225fbfc000,0x00007f225fcfd000] [id=7964]

VM state:at safepoint (normal execution)

VM Mutex/Monitor currently owned by a thread:  ([mutex/lock_event])
[0x00007f227c0065d0] Threads_lock - owner thread: 0x00007f227c078000
[0x00007f227c006ad0] Heap_lock - owner thread: 0x00007f227c138800

Heap:
 PSYoungGen      total 140288K, used 14845K [0x00000000eab00000, 0x00000000f4400000, 0x0000000100000000)
  eden space 125440K, 0% used [0x00000000eab00000,0x00000000eab00000,0x00000000f2580000)
  from space 14848K, 99% used [0x00000000f2580000,0x00000000f33ff528,0x00000000f3400000)
  to   space 13312K, 0% used [0x00000000f3400000,0x00000000f3400000,0x00000000f4100000)
 ParOldGen       total 42496K, used 28026K [0x00000000c0000000, 0x00000000c2980000, 0x00000000eab00000)
  object space 42496K, 65% used [0x00000000c0000000,0x00000000c1b5eb78,0x00000000c2980000)
 Metaspace       used 6617K, capacity 7480K, committed 7680K, reserved 1056768K
  class space    used 632K, capacity 688K, committed 768K, reserved 1048576K

Card table byte_map: [0x00007f226cdff000,0x00007f226d000000] byte_map_base: 0x00007f226c7ff000

Marking Bits: (ParMarkBitMap*) 0x00007f2282737120
 Begin Bits: [0x00007f2266000000, 0x00007f2267000000)
 End Bits:   [0x00007f2267000000, 0x00007f2268000000)

Polling page: 0x00007f2283380000

CodeCache: size=245760Kb used=8050Kb max_used=8050Kb free=237709Kb
 bounds [0x00007f226d000000, 0x00007f226d7f0000, 0x00007f227c000000]
 total_blobs=2372 nmethods=2101 adapters=182
 compilation: enabled

Compilation events (10 events):
Event: 10.775 Thread 0x00007f227c0bd000 2386       1       com.android.dx.dex.code.CatchHandlerList$Entry::getExceptionType (5 bytes)
Event: 10.775 Thread 0x00007f227c0bd000 nmethod 2386 0x00007f226d7b8110 code [0x00007f226d7b8260, 0x00007f226d7b8370]
Event: 10.802 Thread 0x00007f227c0bd000 2387       2       com.android.dx.dex.file.StringIdsSection::get (49 bytes)
Event: 10.802 Thread 0x00007f227c0bd000 nmethod 2387 0x00007f226d7b78d0 code [0x00007f226d7b7a80, 0x00007f226d7b7e78]
Event: 10.840 Thread 0x00007f227c0bb800 nmethod 2134 0x00007f226d7dcb50 code [0x00007f226d7dcd00, 0x00007f226d7dd6a8]
Event: 10.840 Thread 0x00007f227c0bb800 2188   !   4       com.android.dx.rop.code.RegisterSpecSet::get (18 bytes)
Event: 10.842 Thread 0x00007f227c0bb800 nmethod 2188 0x00007f226d7db390 code [0x00007f226d7db4e0, 0x00007f226d7db578]
Event: 10.842 Thread 0x00007f227c0bb800 2180       4       com.android.dx.rop.code.InsnList::getLast (11 bytes)
Event: 10.845 Thread 0x00007f227c0bb800 nmethod 2180 0x00007f226d7db010 code [0x00007f226d7db160, 0x00007f226d7db258]
Event: 10.845 Thread 0x00007f227c0bb800 1365       4       com.android.dx.rop.code.RopMethod::labelToPredecessors (54 bytes)

GC Heap History (10 events):
Event: 1.658 GC heap after
Heap after GC invocations=2 (full 0):
 PSYoungGen      total 34304K, used 2535K [0x00000000eab00000, 0x00000000ecf00000, 0x0000000100000000)
  eden space 31744K, 0% used [0x00000000eab00000,0x00000000eab00000,0x00000000eca00000)
  from space 2560K, 99% used [0x00000000ecc80000,0x00000000ecef9e88,0x00000000ecf00000)
  to   space 2560K, 0% used [0x00000000eca00000,0x00000000eca00000,0x00000000ecc80000)
 ParOldGen       total 42496K, used 3036K [0x00000000c0000000, 0x00000000c2980000, 0x00000000eab00000)
  object space 42496K, 7% used [0x00000000c0000000,0x00000000c02f7300,0x00000000c2980000)
 Metaspace       used 5773K, capacity 6768K, committed 7040K, reserved 1056768K
  class space    used 593K, capacity 616K, committed 640K, reserved 1048576K
}
Event: 2.619 GC heap before
{Heap before GC invocations=3 (full 0):
 PSYoungGen      total 34304K, used 34279K [0x00000000eab00000, 0x00000000ecf00000, 0x0000000100000000)
  eden space 31744K, 100% used [0x00000000eab00000,0x00000000eca00000,0x00000000eca00000)
  from space 2560K, 99% used [0x00000000ecc80000,0x00000000ecef9e88,0x00000000ecf00000)
  to   space 2560K, 0% used [0x00000000eca00000,0x00000000eca00000,0x00000000ecc80000)
 ParOldGen       total 42496K, used 3036K [0x00000000c0000000, 0x00000000c2980000, 0x00000000eab00000)
  object space 42496K, 7% used [0x00000000c0000000,0x00000000c02f7300,0x00000000c2980000)
 Metaspace       used 5927K, capacity 6896K, committed 7040K, reserved 1056768K
  class space    used 593K, capacity 616K, committed 640K, reserved 1048576K
Event: 2.641 GC heap after
Heap after GC invocations=3 (full 0):
 PSYoungGen      total 34304K, used 2552K [0x00000000eab00000, 0x00000000eee00000, 0x0000000100000000)
  eden space 31744K, 0% used [0x00000000eab00000,0x00000000eab00000,0x00000000eca00000)
  from space 2560K, 99% used [0x00000000eca00000,0x00000000ecc7e040,0x00000000ecc80000)
  to   space 2560K, 0% used [0x00000000eeb80000,0x00000000eeb80000,0x00000000eee00000)
 ParOldGen       total 42496K, used 7938K [0x00000000c0000000, 0x00000000c2980000, 0x00000000eab00000)
  object space 42496K, 18% used [0x00000000c0000000,0x00000000c07c0848,0x00000000c2980000)
 Metaspace       used 5927K, capacity 6896K, committed 7040K, reserved 1056768K
  class space    used 593K, capacity 616K, committed 640K, reserved 1048576K
}
Event: 2.916 GC heap before
{Heap before GC invocations=4 (full 0):
 PSYoungGen      total 34304K, used 34296K [0x00000000eab00000, 0x00000000eee00000, 0x0000000100000000)
  eden space 31744K, 100% used [0x00000000eab00000,0x00000000eca00000,0x00000000eca00000)
  from space 2560K, 99% used [0x00000000eca00000,0x00000000ecc7e040,0x00000000ecc80000)
  to   space 2560K, 0% used [0x00000000eeb80000,0x00000000eeb80000,0x00000000eee00000)
 ParOldGen       total 42496K, used 7938K [0x00000000c0000000, 0x00000000c2980000, 0x00000000eab00000)
  object space 42496K, 18% used [0x00000000c0000000,0x00000000c07c0848,0x00000000c2980000)
 Metaspace       used 5961K, capacity 6960K, committed 7040K, reserved 1056768K
  class space    used 594K, capacity 616K, committed 640K, reserved 1048576K
Event: 2.969 GC heap after
Heap after GC invocations=4 (full 0):
 PSYoungGen      total 66048K, used 2537K [0x00000000eab00000, 0x00000000eee00000, 0x0000000100000000)
  eden space 63488K, 0% used [0x00000000eab00000,0x00000000eab00000,0x00000000ee900000)
  from space 2560K, 99% used [0x00000000eeb80000,0x00000000eedfa670,0x00000000eee00000)
  to   space 2560K, 0% used [0x00000000ee900000,0x00000000ee900000,0x00000000eeb80000)
 ParOldGen       total 42496K, used 13073K [0x00000000c0000000, 0x00000000c2980000, 0x00000000eab00000)
  object space 42496K, 30% used [0x00000000c0000000,0x00000000c0cc47e0,0x00000000c2980000)
 Metaspace       used 5961K, capacity 6960K, committed 7040K, reserved 1056768K
  class space    used 594K, capacity 616K, committed 640K, reserved 1048576K
}
Event: 3.884 GC heap before
{Heap before GC invocations=5 (full 0):
 PSYoungGen      total 66048K, used 66025K [0x00000000eab00000, 0x00000000eee00000, 0x0000000100000000)
  eden space 63488K, 100% used [0x00000000eab00000,0x00000000ee900000,0x00000000ee900000)
  from space 2560K, 99% used [0x00000000eeb80000,0x00000000eedfa670,0x00000000eee00000)
  to   space 2560K, 0% used [0x00000000ee900000,0x00000000ee900000,0x00000000eeb80000)
 ParOldGen       total 42496K, used 13073K [0x00000000c0000000, 0x00000000c2980000, 0x00000000eab00000)
  object space 42496K, 30% used [0x00000000c0000000,0x00000000c0cc47e0,0x00000000c2980000)
 Metaspace       used 5965K, capacity 6960K, committed 7040K, reserved 1056768K
  class space    used 594K, capacity 616K, committed 640K, reserved 1048576K
Event: 4.089 GC heap after
Heap after GC invocations=5 (full 0):
 PSYoungGen      total 66048K, used 2536K [0x00000000eab00000, 0x00000000f4100000, 0x0000000100000000)
  eden space 63488K, 0% used [0x00000000eab00000,0x00000000eab00000,0x00000000ee900000)
  from space 2560K, 99% used [0x00000000ee900000,0x00000000eeb7a358,0x00000000eeb80000)
  to   space 13312K, 0% used [0x00000000f3400000,0x00000000f3400000,0x00000000f4100000)
 ParOldGen       total 42496K, used 22940K [0x00000000c0000000, 0x00000000c2980000, 0x00000000eab00000)
  object space 42496K, 53% used [0x00000000c0000000,0x00000000c1667368,0x00000000c2980000)
 Metaspace       used 5965K, capacity 6960K, committed 7040K, reserved 1056768K
  class space    used 594K, capacity 616K, committed 640K, reserved 1048576K
}
Event: 5.259 GC heap before
{Heap before GC invocations=6 (full 0):
 PSYoungGen      total 66048K, used 66024K [0x00000000eab00000, 0x00000000f4100000, 0x0000000100000000)
  eden space 63488K, 100% used [0x00000000eab00000,0x00000000ee900000,0x00000000ee900000)
  from space 2560K, 99% used [0x00000000ee900000,0x00000000eeb7a358,0x00000000eeb80000)
  to   space 13312K, 0% used [0x00000000f3400000,0x00000000f3400000,0x00000000f4100000)
 ParOldGen       total 42496K, used 22940K [0x00000000c0000000, 0x00000000c2980000, 0x00000000eab00000)
  object space 42496K, 53% used [0x00000000c0000000,0x00000000c1667368,0x00000000c2980000)
 Metaspace       used 6143K, capacity 7064K, committed 7424K, reserved 1056768K
  class space    used 614K, capacity 656K, committed 768K, reserved 1048576K
Event: 5.437 GC heap after
Heap after GC invocations=6 (full 0):
 PSYoungGen      total 138752K, used 11737K [0x00000000eab00000, 0x00000000f4400000, 0x0000000100000000)
  eden space 125440K, 0% used [0x00000000eab00000,0x00000000eab00000,0x00000000f2580000)
  from space 13312K, 88% used [0x00000000f3400000,0x00000000f3f76690,0x00000000f4100000)
  to   space 14848K, 0% used [0x00000000f2580000,0x00000000f2580000,0x00000000f3400000)
 ParOldGen       total 42496K, used 22940K [0x00000000c0000000, 0x00000000c2980000, 0x00000000eab00000)
  object space 42496K, 53% used [0x00000000c0000000,0x00000000c1667368,0x00000000c2980000)
 Metaspace       used 6143K, capacity 7064K, committed 7424K, reserved 1056768K
  class space    used 614K, capacity 656K, committed 768K, reserved 1048576K
}
Event: 10.918 GC heap before
{Heap before GC invocations=7 (full 0):
 PSYoungGen      total 138752K, used 137177K [0x00000000eab00000, 0x00000000f4400000, 0x0000000100000000)
  eden space 125440K, 100% used [0x00000000eab00000,0x00000000f2580000,0x00000000f2580000)
  from space 13312K, 88% used [0x00000000f3400000,0x00000000f3f76690,0x00000000f4100000)
  to   space 14848K, 0% used [0x00000000f2580000,0x00000000f2580000,0x00000000f3400000)
 ParOldGen       total 42496K, used 22940K [0x00000000c0000000, 0x00000000c2980000, 0x00000000eab00000)
  object space 42496K, 53% used [0x00000000c0000000,0x00000000c1667368,0x00000000c2980000)
 Metaspace       used 6617K, capacity 7480K, committed 7680K, reserved 1056768K
  class space    used 632K, capacity 688K, committed 768K, reserved 1048576K

Deoptimization events (10 events):
Event: 4.143 Thread 0x00007f227c00a000 Uncommon trap: reason=unstable_if action=reinterpret pc=0x00007f226d452930 method=java.util.HashMap.putVal(ILjava/lang/Object;Ljava/lang/Object;ZZ)Ljava/lang/Object; @ 109
Event: 4.821 Thread 0x00007f227c13c800 Uncommon trap: reason=bimorphic action=maybe_recompile pc=0x00007f226d58eec8 method=com.android.dx.ssa.LiteralOpUpgrader.tryReplacingWithConstant(Lcom/android/dx/ssa/NormalSsaInsn;)Z @ 62
Event: 5.944 Thread 0x00007f227c13c800 Uncommon trap: reason=unstable_if action=reinterpret pc=0x00007f226d4366c8 method=com.android.dx.dex.code.OutputFinisher.hasLocalInfo(Lcom/android/dx/dex/code/DalvInsn;)Z @ 24
Event: 6.710 Thread 0x00007f227c138800 Uncommon trap: reason=bimorphic action=maybe_recompile pc=0x00007f226d58eec8 method=com.android.dx.ssa.LiteralOpUpgrader.tryReplacingWithConstant(Lcom/android/dx/ssa/NormalSsaInsn;)Z @ 62
Event: 7.754 Thread 0x00007f227c138800 Uncommon trap: reason=class_check action=maybe_recompile pc=0x00007f226d460374 method=java.util.Arrays.hashCode([Ljava/lang/Object;)I @ 43
Event: 7.754 Thread 0x00007f227c138800 Uncommon trap: reason=class_check action=maybe_recompile pc=0x00007f226d460374 method=java.util.Arrays.hashCode([Ljava/lang/Object;)I @ 43
Event: 7.754 Thread 0x00007f227c138800 Uncommon trap: reason=class_check action=maybe_recompile pc=0x00007f226d460374 method=java.util.Arrays.hashCode([Ljava/lang/Object;)I @ 43
Event: 7.754 Thread 0x00007f227c138800 Uncommon trap: reason=class_check action=maybe_recompile pc=0x00007f226d460374 method=java.util.Arrays.hashCode([Ljava/lang/Object;)I @ 43
Event: 9.076 Thread 0x00007f227c138800 Uncommon trap: reason=unstable_if action=reinterpret pc=0x00007f226d3e511c method=java.util.Arrays.equals([Ljava/lang/Object;[Ljava/lang/Object;)Z @ 23
Event: 10.747 Thread 0x00007f227c138800 Uncommon trap: reason=unstable_if action=reinterpret pc=0x00007f226d7d979c method=com.android.dx.rop.code.RegisterSpec.equalsUsingSimpleType(Lcom/android/dx/rop/code/RegisterSpec;)Z @ 5

Internal exceptions (6 events):
Event: 0.089 Thread 0x00007f227c00a000 Exception <a 'java/lang/NoSuchMethodError': Method sun.misc.Unsafe.defineClass(Ljava/lang/String;[BII)Ljava/lang/Class; name or signature does not match> (0x00000000eab07cc0) thrown at [/HUDSON3/workspace/8-2-build-linux-amd64/jdk8u101/7261/hotspot/src/sh
Event: 0.090 Thread 0x00007f227c00a000 Exception <a 'java/lang/NoSuchMethodError': Method sun.misc.Unsafe.prefetchRead(Ljava/lang/Object;J)V name or signature does not match> (0x00000000eab07fa8) thrown at [/HUDSON3/workspace/8-2-build-linux-amd64/jdk8u101/7261/hotspot/src/share/vm/prims/jni.c
Event: 1.759 Thread 0x00007f227c13f800 Implicit null exception at 0x00007f226d2c9fac to 0x00007f226d2ccfad
Event: 4.115 Thread 0x00007f227c00a000 Exception <a 'java/lang/ArrayIndexOutOfBoundsException': 18> (0x00000000eabbe3c0) thrown at [/HUDSON3/workspace/8-2-build-linux-amd64/jdk8u101/7261/hotspot/src/share/vm/interpreter/interpreterRuntime.cpp, line 366]
Event: 4.116 Thread 0x00007f227c00a000 Exception <a 'java/lang/ArrayIndexOutOfBoundsException': 145> (0x00000000eabbff40) thrown at [/HUDSON3/workspace/8-2-build-linux-amd64/jdk8u101/7261/hotspot/src/share/vm/interpreter/interpreterRuntime.cpp, line 366]
Event: 4.118 Thread 0x00007f227c00a000 Exception <a 'java/lang/ArrayIndexOutOfBoundsException': 40> (0x00000000eabc1228) thrown at [/HUDSON3/workspace/8-2-build-linux-amd64/jdk8u101/7261/hotspot/src/share/vm/interpreter/interpreterRuntime.cpp, line 366]

Events (10 events):
Event: 9.555 Thread 0x00007f227c138800 DEOPT PACKING pc=0x00007f226d7565f9 sp=0x00007f225faf8fd0
Event: 9.555 Thread 0x00007f227c138800 DEOPT UNPACKING pc=0x00007f226d047633 sp=0x00007f225faf8d68 mode 0
Event: 9.794 Thread 0x00007f227c138800 DEOPT PACKING pc=0x00007f226d77dbfd sp=0x00007f225faf8ec0
Event: 9.794 Thread 0x00007f227c138800 DEOPT UNPACKING pc=0x00007f226d047633 sp=0x00007f225faf8c08 mode 0
Event: 10.530 Thread 0x00007f227c138800 DEOPT PACKING pc=0x00007f226d782f01 sp=0x00007f225faf8fc0
Event: 10.530 Thread 0x00007f227c138800 DEOPT UNPACKING pc=0x00007f226d047633 sp=0x00007f225faf8d58 mode 0
Event: 10.747 Thread 0x00007f227c138800 Uncommon trap: trap_request=0xffffff65 fr.pc=0x00007f226d7d979c
Event: 10.747 Thread 0x00007f227c138800 DEOPT PACKING pc=0x00007f226d7d979c sp=0x00007f225faf8fd0
Event: 10.747 Thread 0x00007f227c138800 DEOPT UNPACKING pc=0x00007f226d005229 sp=0x00007f225faf8ed0 mode 2
Event: 10.905 Executing VM operation: ParallelGCFailedAllocation


Dynamic libraries:
00400000-00401000 r-xp 00000000 08:07 832580                             /usr/lib/jvm/java-8-oracle/bin/java
00600000-00601000 rw-p 00000000 08:07 832580                             /usr/lib/jvm/java-8-oracle/bin/java
01368000-01389000 rw-p 00000000 00:00 0                                  [heap]
c0000000-c2980000 rw-p 00000000 00:00 0 
c2980000-eab00000 ---p 00000000 00:00 0 
eab00000-f4400000 rw-p 00000000 00:00 0 
fc700000-100000000 ---p 00000000 00:00 0 
100000000-1000c0000 rw-p 00000000 00:00 0 
1000c0000-140000000 ---p 00000000 00:00 0 
7f2218000000-7f2218021000 rw-p 00000000 00:00 0 
7f2218021000-7f221c000000 ---p 00000000 00:00 0 
7f2220000000-7f2220031000 rw-p 00000000 00:00 0 
7f2220031000-7f2224000000 ---p 00000000 00:00 0 
7f2224000000-7f2224021000 rw-p 00000000 00:00 0 
7f2224021000-7f2228000000 ---p 00000000 00:00 0 
7f2228000000-7f222803f000 rw-p 00000000 00:00 0 
7f222803f000-7f222c000000 ---p 00000000 00:00 0 
7f222c000000-7f222c021000 rw-p 00000000 00:00 0 
7f222c021000-7f2230000000 ---p 00000000 00:00 0 
7f2230000000-7f2230021000 rw-p 00000000 00:00 0 
7f2230021000-7f2234000000 ---p 00000000 00:00 0 
7f2234000000-7f2234021000 rw-p 00000000 00:00 0 
7f2234021000-7f2238000000 ---p 00000000 00:00 0 
7f2238000000-7f223893f000 rw-p 00000000 00:00 0 
7f223893f000-7f223c000000 ---p 00000000 00:00 0 
7f223c000000-7f223c9ef000 rw-p 00000000 00:00 0 
7f223c9ef000-7f2240000000 ---p 00000000 00:00 0 
7f2240000000-7f2240021000 rw-p 00000000 00:00 0 
7f2240021000-7f2244000000 ---p 00000000 00:00 0 
7f2244000000-7f2244b46000 rw-p 00000000 00:00 0 
7f2244b46000-7f2248000000 ---p 00000000 00:00 0 
7f2248000000-7f2248021000 rw-p 00000000 00:00 0 
7f2248021000-7f224c000000 ---p 00000000 00:00 0 
7f224c000000-7f224c021000 rw-p 00000000 00:00 0 
7f224c021000-7f2250000000 ---p 00000000 00:00 0 
7f2250000000-7f2250021000 rw-p 00000000 00:00 0 
7f2250021000-7f2254000000 ---p 00000000 00:00 0 
7f2254000000-7f225428d000 rw-p 00000000 00:00 0 
7f225428d000-7f2258000000 ---p 00000000 00:00 0 
7f2258000000-7f2258021000 rw-p 00000000 00:00 0 
7f2258021000-7f225c000000 ---p 00000000 00:00 0 
7f225f6f7000-7f225f6fa000 ---p 00000000 00:00 0 
7f225f6fa000-7f225f7f8000 rw-p 00000000 00:00 0 
7f225f7f8000-7f225f7fb000 ---p 00000000 00:00 0 
7f225f7fb000-7f225f8f9000 rw-p 00000000 00:00 0 
7f225f8f9000-7f225f8fc000 ---p 00000000 00:00 0 
7f225f8fc000-7f225f9fa000 rw-p 00000000 00:00 0 
7f225f9fa000-7f225f9fd000 ---p 00000000 00:00 0 
7f225f9fd000-7f225fafb000 rw-p 00000000 00:00 0                          [stack:8107]
7f225fafb000-7f225fafe000 ---p 00000000 00:00 0 
7f225fafe000-7f225fbfc000 rw-p 00000000 00:00 0 
7f225fbfc000-7f225fbfd000 ---p 00000000 00:00 0 
7f225fbfd000-7f225fcfd000 rw-p 00000000 00:00 0                          [stack:7964]
7f225fcfd000-7f225fd00000 ---p 00000000 00:00 0 
7f225fd00000-7f225fdfe000 rw-p 00000000 00:00 0                          [stack:7963]
7f225fdfe000-7f225fe01000 ---p 00000000 00:00 0 
7f225fe01000-7f225feff000 rw-p 00000000 00:00 0                          [stack:7962]
7f225feff000-7f225ff02000 ---p 00000000 00:00 0 
7f225ff02000-7f2260000000 rw-p 00000000 00:00 0                          [stack:7961]
7f2260000000-7f2260021000 rw-p 00000000 00:00 0 
7f2260021000-7f2264000000 ---p 00000000 00:00 0 
7f22640ab000-7f22640ae000 ---p 00000000 00:00 0 
7f22640ae000-7f22641ac000 rw-p 00000000 00:00 0                          [stack:7960]
7f22641ac000-7f22641af000 ---p 00000000 00:00 0 
7f22641af000-7f22642ad000 rw-p 00000000 00:00 0                          [stack:7959]
7f22642ad000-7f226498f000 r--p 00000000 08:07 400878                     /usr/lib/locale/locale-archive
7f226498f000-7f2264992000 ---p 00000000 00:00 0 
7f2264992000-7f2264a90000 rw-p 00000000 00:00 0                          [stack:7954]
7f2264a90000-7f2264a93000 ---p 00000000 00:00 0 
7f2264a93000-7f2264b91000 rw-p 00000000 00:00 0                          [stack:7953]
7f2264b91000-7f2264b92000 ---p 00000000 00:00 0 
7f2264b92000-7f2265ec0000 rw-p 00000000 00:00 0                          [stack:7952]
7f2265ec0000-7f2266000000 ---p 00000000 00:00 0 
7f2266000000-7f2268000000 rw-p 00000000 00:00 0 
7f2268000000-7f2268021000 rw-p 00000000 00:00 0 
7f2268021000-7f226c000000 ---p 00000000 00:00 0 
7f226c010000-7f226c456000 rw-p 00000000 00:00 0 
7f226c456000-7f226c62f000 r--s 03d29000 08:07 835701                     /usr/lib/jvm/java-8-oracle/jre/lib/rt.jar
7f226c62f000-7f226c8a5000 rw-p 00000000 00:00 0 
7f226c8a5000-7f226c8a6000 ---p 00000000 00:00 0 
7f226c8a6000-7f226c9a6000 rw-p 00000000 00:00 0                          [stack:7945]
7f226c9a6000-7f226c9a7000 ---p 00000000 00:00 0 
7f226c9a7000-7f226caa7000 rw-p 00000000 00:00 0                          [stack:7944]
7f226caa7000-7f226caa8000 ---p 00000000 00:00 0 
7f226caa8000-7f226cba8000 rw-p 00000000 00:00 0                          [stack:7943]
7f226cba8000-7f226cba9000 ---p 00000000 00:00 0 
7f226cba9000-7f226ccbe000 rw-p 00000000 00:00 0                          [stack:7936]
7f226ccbe000-7f226cdff000 ---p 00000000 00:00 0 
7f226cdff000-7f226ce14000 rw-p 00000000 00:00 0 
7f226ce14000-7f226cf54000 ---p 00000000 00:00 0 
7f226cf54000-7f226cfa1000 rw-p 00000000 00:00 0 
7f226cfa1000-7f226cfff000 ---p 00000000 00:00 0 
7f226cfff000-7f226d000000 rw-p 00000000 00:00 0 
7f226d000000-7f226d7f0000 rwxp 00000000 00:00 0 
7f226d7f0000-7f227c000000 ---p 00000000 00:00 0 
7f227c000000-7f227c38f000 rw-p 00000000 00:00 0 
7f227c38f000-7f2280000000 ---p 00000000 00:00 0 
7f2280008000-7f2280017000 r--s 000df000 08:08 674005                     /home/suraj/android/android-sdk-linux/build-tools/23.0.2/lib/dx.jar
7f2280017000-7f2280037000 rw-p 00000000 00:00 0 
7f2280037000-7f22803d7000 ---p 00000000 00:00 0 
7f22803d7000-7f22803f1000 r-xp 00000000 08:07 835317                     /usr/lib/jvm/java-8-oracle/jre/lib/amd64/libzip.so
7f22803f1000-7f22805f1000 ---p 0001a000 08:07 835317                     /usr/lib/jvm/java-8-oracle/jre/lib/amd64/libzip.so
7f22805f1000-7f22805f2000 rw-p 0001a000 08:07 835317                     /usr/lib/jvm/java-8-oracle/jre/lib/amd64/libzip.so
7f22805f2000-7f22805fc000 r-xp 00000000 08:07 12252                      /lib/x86_64-linux-gnu/libnss_files-2.19.so
7f22805fc000-7f22807fb000 ---p 0000a000 08:07 12252                      /lib/x86_64-linux-gnu/libnss_files-2.19.so
7f22807fb000-7f22807fc000 r--p 00009000 08:07 12252                      /lib/x86_64-linux-gnu/libnss_files-2.19.so
7f22807fc000-7f22807fd000 rw-p 0000a000 08:07 12252                      /lib/x86_64-linux-gnu/libnss_files-2.19.so
7f22807fd000-7f2280808000 r-xp 00000000 08:07 12244                      /lib/x86_64-linux-gnu/libnss_nis-2.19.so
7f2280808000-7f2280a07000 ---p 0000b000 08:07 12244                      /lib/x86_64-linux-gnu/libnss_nis-2.19.so
7f2280a07000-7f2280a08000 r--p 0000a000 08:07 12244                      /lib/x86_64-linux-gnu/libnss_nis-2.19.so
7f2280a08000-7f2280a09000 rw-p 0000b000 08:07 12244                      /lib/x86_64-linux-gnu/libnss_nis-2.19.so
7f2280a09000-7f2280a20000 r-xp 00000000 08:07 12240                      /lib/x86_64-linux-gnu/libnsl-2.19.so
7f2280a20000-7f2280c1f000 ---p 00017000 08:07 12240                      /lib/x86_64-linux-gnu/libnsl-2.19.so
7f2280c1f000-7f2280c20000 r--p 00016000 08:07 12240                      /lib/x86_64-linux-gnu/libnsl-2.19.so
7f2280c20000-7f2280c21000 rw-p 00017000 08:07 12240                      /lib/x86_64-linux-gnu/libnsl-2.19.so
7f2280c21000-7f2280c23000 rw-p 00000000 00:00 0 
7f2280c23000-7f2280c2c000 r-xp 00000000 08:07 12239                      /lib/x86_64-linux-gnu/libnss_compat-2.19.so
7f2280c2c000-7f2280e2b000 ---p 00009000 08:07 12239                      /lib/x86_64-linux-gnu/libnss_compat-2.19.so
7f2280e2b000-7f2280e2c000 r--p 00008000 08:07 12239                      /lib/x86_64-linux-gnu/libnss_compat-2.19.so
7f2280e2c000-7f2280e2d000 rw-p 00009000 08:07 12239                      /lib/x86_64-linux-gnu/libnss_compat-2.19.so
7f2280e2d000-7f2280e57000 r-xp 00000000 08:07 835365                     /usr/lib/jvm/java-8-oracle/jre/lib/amd64/libjava.so
7f2280e57000-7f2281057000 ---p 0002a000 08:07 835365                     /usr/lib/jvm/java-8-oracle/jre/lib/amd64/libjava.so
7f2281057000-7f2281059000 rw-p 0002a000 08:07 835365                     /usr/lib/jvm/java-8-oracle/jre/lib/amd64/libjava.so
7f2281059000-7f2281066000 r-xp 00000000 08:07 835429                     /usr/lib/jvm/java-8-oracle/jre/lib/amd64/libverify.so
7f2281066000-7f2281266000 ---p 0000d000 08:07 835429                     /usr/lib/jvm/java-8-oracle/jre/lib/amd64/libverify.so
7f2281266000-7f2281268000 rw-p 0000d000 08:07 835429                     /usr/lib/jvm/java-8-oracle/jre/lib/amd64/libverify.so
7f2281268000-7f228126f000 r-xp 00000000 08:07 12248                      /lib/x86_64-linux-gnu/librt-2.19.so
7f228126f000-7f228146e000 ---p 00007000 08:07 12248                      /lib/x86_64-linux-gnu/librt-2.19.so
7f228146e000-7f228146f000 r--p 00006000 08:07 12248                      /lib/x86_64-linux-gnu/librt-2.19.so
7f228146f000-7f2281470000 rw-p 00007000 08:07 12248                      /lib/x86_64-linux-gnu/librt-2.19.so
7f2281470000-7f2281575000 r-xp 00000000 08:07 10642                      /lib/x86_64-linux-gnu/libm-2.19.so
7f2281575000-7f2281774000 ---p 00105000 08:07 10642                      /lib/x86_64-linux-gnu/libm-2.19.so
7f2281774000-7f2281775000 r--p 00104000 08:07 10642                      /lib/x86_64-linux-gnu/libm-2.19.so
7f2281775000-7f2281776000 rw-p 00105000 08:07 10642                      /lib/x86_64-linux-gnu/libm-2.19.so
7f2281776000-7f2282441000 r-xp 00000000 08:07 835403                     /usr/lib/jvm/java-8-oracle/jre/lib/amd64/server/libjvm.so
7f2282441000-7f2282640000 ---p 00ccb000 08:07 835403                     /usr/lib/jvm/java-8-oracle/jre/lib/amd64/server/libjvm.so
7f2282640000-7f2282719000 rw-p 00cca000 08:07 835403                     /usr/lib/jvm/java-8-oracle/jre/lib/amd64/server/libjvm.so
7f2282719000-7f2282764000 rw-p 00000000 00:00 0 
7f2282764000-7f228291e000 r-xp 00000000 08:07 12249                      /lib/x86_64-linux-gnu/libc-2.19.so
7f228291e000-7f2282b1e000 ---p 001ba000 08:07 12249                      /lib/x86_64-linux-gnu/libc-2.19.so
7f2282b1e000-7f2282b22000 r--p 001ba000 08:07 12249                      /lib/x86_64-linux-gnu/libc-2.19.so
7f2282b22000-7f2282b24000 rw-p 001be000 08:07 12249                      /lib/x86_64-linux-gnu/libc-2.19.so
7f2282b24000-7f2282b29000 rw-p 00000000 00:00 0 
7f2282b29000-7f2282b2c000 r-xp 00000000 08:07 12236                      /lib/x86_64-linux-gnu/libdl-2.19.so
7f2282b2c000-7f2282d2b000 ---p 00003000 08:07 12236                      /lib/x86_64-linux-gnu/libdl-2.19.so
7f2282d2b000-7f2282d2c000 r--p 00002000 08:07 12236                      /lib/x86_64-linux-gnu/libdl-2.19.so
7f2282d2c000-7f2282d2d000 rw-p 00003000 08:07 12236                      /lib/x86_64-linux-gnu/libdl-2.19.so
7f2282d2d000-7f2282d42000 r-xp 00000000 08:07 832692                     /usr/lib/jvm/java-8-oracle/lib/amd64/jli/libjli.so
7f2282d42000-7f2282f42000 ---p 00015000 08:07 832692                     /usr/lib/jvm/java-8-oracle/lib/amd64/jli/libjli.so
7f2282f42000-7f2282f43000 rw-p 00015000 08:07 832692                     /usr/lib/jvm/java-8-oracle/lib/amd64/jli/libjli.so
7f2282f43000-7f2282f5c000 r-xp 00000000 08:07 12241                      /lib/x86_64-linux-gnu/libpthread-2.19.so
7f2282f5c000-7f228315b000 ---p 00019000 08:07 12241                      /lib/x86_64-linux-gnu/libpthread-2.19.so
7f228315b000-7f228315c000 r--p 00018000 08:07 12241                      /lib/x86_64-linux-gnu/libpthread-2.19.so
7f228315c000-7f228315d000 rw-p 00019000 08:07 12241                      /lib/x86_64-linux-gnu/libpthread-2.19.so
7f228315d000-7f2283161000 rw-p 00000000 00:00 0 
7f2283161000-7f2283184000 r-xp 00000000 08:07 12242                      /lib/x86_64-linux-gnu/ld-2.19.so
7f2283187000-7f2283259000 rw-p 00000000 00:00 0 
7f2283259000-7f228325c000 ---p 00000000 00:00 0 
7f228325c000-7f228335e000 rw-p 00000000 00:00 0                          [stack:7930]
7f2283362000-7f2283377000 rw-p 00000000 00:00 0 
7f2283377000-7f228337f000 rw-s 00000000 08:07 135079                     /tmp/hsperfdata_suraj/7927
7f228337f000-7f2283380000 rw-p 00000000 00:00 0 
7f2283380000-7f2283381000 ---p 00000000 00:00 0 
7f2283381000-7f2283383000 rw-p 00000000 00:00 0 
7f2283383000-7f2283384000 r--p 00022000 08:07 12242                      /lib/x86_64-linux-gnu/ld-2.19.so
7f2283384000-7f2283385000 rw-p 00023000 08:07 12242                      /lib/x86_64-linux-gnu/ld-2.19.so
7f2283385000-7f2283386000 rw-p 00000000 00:00 0 
7fff6be59000-7fff6be7b000 rw-p 00000000 00:00 0                          [stack]
7fff6bfe5000-7fff6bfe7000 r--p 00000000 00:00 0                          [vvar]
7fff6bfe7000-7fff6bfe9000 r-xp 00000000 00:00 0                          [vdso]
ffffffffff600000-ffffffffff601000 r-xp 00000000 00:00 0                  [vsyscall]

VM Arguments:
jvm_args: -Djava.awt.headless=true -Xmx1024M -Dfile.encoding=UTF-8 -Duser.country=IN -Duser.language=en -Duser.variant 
java_command: com.android.dx.command.Main --dex --force-jumbo --num-threads=4 --multi-dex --output /home/suraj/AndroidstudioProjects/INC16 User/XposedTest/app/build/intermediates/transforms/dex/debug/folders/1000/10/com.android.support-appcompat-v7-23.1.1_ec66577b479e507dcfc7dd2e80dc8b488b210dfd /home/suraj/AndroidstudioProjects/INC16 User/XposedTest/app/build/intermediates/exploded-aar/com.android.support/appcompat-v7/23.1.1/jars/classes.jar
java_class_path (initial): /home/suraj/android/android-sdk-linux/build-tools/23.0.2/lib/dx.jar
Launcher Type: SUN_STANDARD

Environment Variables:
JAVA_HOME=/usr/lib/jvm/java-8-oracle
PATH=/usr/local/heroku/bin:/home/suraj/.rbenv/plugins/ruby-build/bin:/home/suraj/.rbenv/shims:/home/suraj/.rbenv/bin:/usr/local/sbin:/usr/local/bin:/usr/sbin:/usr/bin:/sbin:/bin:/usr/games:/usr/local/games:/usr/lib/jvm/java-8-oracle/bin:/usr/lib/jvm/java-8-oracle/db/bin:/usr/lib/jvm/java-8-oracle/jre/bin:/home/suraj/scripts/:/home/suraj/android/toolchain/arm-cortex_a8-linux-gnueabi-linaro_4.7.4-2014.04/bin:/home/suraj/android/android-sdk-linux/tools:/home/suraj/android/android-sdk-linux/platform-tools
LD_LIBRARY_PATH=/home/suraj/android-studio/bin::/usr/local/lib
SHELL=/bin/bash
DISPLAY=:0
ARCH=arm

Signal Handlers:
SIGSEGV: [libjvm.so+0xac4790], sa_mask[0]=11111111011111111101111111111110, sa_flags=SA_RESTART|SA_SIGINFO
SIGBUS: [libjvm.so+0xac4790], sa_mask[0]=11111111011111111101111111111110, sa_flags=SA_RESTART|SA_SIGINFO
SIGFPE: [libjvm.so+0x91f140], sa_mask[0]=11111111011111111101111111111110, sa_flags=SA_RESTART|SA_SIGINFO
SIGPIPE: [libjvm.so+0x91f140], sa_mask[0]=11111111011111111101111111111110, sa_flags=SA_RESTART|SA_SIGINFO
SIGXFSZ: [libjvm.so+0x91f140], sa_mask[0]=11111111011111111101111111111110, sa_flags=SA_RESTART|SA_SIGINFO
SIGILL: [libjvm.so+0x91f140], sa_mask[0]=11111111011111111101111111111110, sa_flags=SA_RESTART|SA_SIGINFO
SIGUSR1: SIG_DFL, sa_mask[0]=00000000000000000000000000000000, sa_flags=none
SIGUSR2: [libjvm.so+0x920770], sa_mask[0]=00100000000000000000000000000000, sa_flags=SA_RESTART|SA_SIGINFO
SIGHUP: [libjvm.so+0x921b70], sa_mask[0]=11111111011111111101111111111110, sa_flags=SA_RESTART|SA_SIGINFO
SIGINT: [libjvm.so+0x921b70], sa_mask[0]=11111111011111111101111111111110, sa_flags=SA_RESTART|SA_SIGINFO
SIGTERM: [libjvm.so+0x921b70], sa_mask[0]=11111111011111111101111111111110, sa_flags=SA_RESTART|SA_SIGINFO
SIGQUIT: [libjvm.so+0x921b70], sa_mask[0]=11111111011111111101111111111110, sa_flags=SA_RESTART|SA_SIGINFO


---------------  S Y S T E M  ---------------

OS:DISTRIB_ID=Ubuntu
DISTRIB_RELEASE=14.04
DISTRIB_CODENAME=trusty
DISTRIB_DESCRIPTION="Ubuntu 14.04.5 LTS"

uname:Linux 3.17.0-031700-generic #201410060605 SMP Mon Oct 6 10:07:09 UTC 2014 x86_64
libc:glibc 2.19 NPTL 2.19 
rlimit: STACK 8192k, CORE 0k, NPROC 15261, NOFILE 4096, AS infinity
load average:6.51 6.16 4.01

/proc/meminfo:
MemTotal:        3952400 kB
MemFree:          215820 kB
MemAvailable:     167772 kB
Buffers:            1116 kB
Cached:           341400 kB
SwapCached:            0 kB
Active:          3229900 kB
Inactive:         306912 kB
Active(anon):    3215404 kB
Inactive(anon):   292588 kB
Active(file):      14496 kB
Inactive(file):    14324 kB
Unevictable:          32 kB
Mlocked:              32 kB
SwapTotal:             0 kB
SwapFree:              0 kB
Dirty:              2508 kB
Writeback:             0 kB
AnonPages:       3194892 kB
Mapped:           109016 kB
Shmem:            312832 kB
Slab:              80680 kB
SReclaimable:      44008 kB
SUnreclaim:        36672 kB
KernelStack:       12496 kB
PageTables:        36968 kB
NFS_Unstable:          0 kB
Bounce:                0 kB
WritebackTmp:          0 kB
CommitLimit:     1976200 kB
Committed_AS:    7309148 kB
VmallocTotal:   34359738367 kB
VmallocUsed:      352420 kB
VmallocChunk:   34359332880 kB
HardwareCorrupted:     0 kB
AnonHugePages:   1316864 kB
HugePages_Total:       0
HugePages_Free:        0
HugePages_Rsvd:        0
HugePages_Surp:        0
Hugepagesize:       2048 kB
DirectMap4k:       87316 kB
DirectMap2M:     2963456 kB
DirectMap1G:     1048576 kB


CPU:total 4 (2 cores per cpu, 2 threads per core) family 6 model 69 stepping 1, cmov, cx8, fxsr, mmx, sse, sse2, sse3, ssse3, sse4.1, sse4.2, popcnt, avx, avx2, aes, clmul, erms, lzcnt, ht, tsc, tscinvbit, bmi1, bmi2

/proc/cpuinfo:
processor	: 0
vendor_id	: GenuineIntel
cpu family	: 6
model		: 69
model name	: Intel(R) Core(TM) i5-4200U CPU @ 1.60GHz
stepping	: 1
microcode	: 0x16
cpu MHz		: 1750.156
cache size	: 3072 KB
physical id	: 0
siblings	: 4
core id		: 0
cpu cores	: 2
apicid		: 0
initial apicid	: 0
fpu		: yes
fpu_exception	: yes
cpuid level	: 13
wp		: yes
flags		: fpu vme de pse tsc msr pae mce cx8 apic sep mtrr pge mca cmov pat pse36 clflush dts acpi mmx fxsr sse sse2 ss ht tm pbe syscall nx pdpe1gb rdtscp lm constant_tsc arch_perfmon pebs bts rep_good nopl xtopology nonstop_tsc aperfmperf eagerfpu pni pclmulqdq dtes64 monitor ds_cpl vmx est tm2 ssse3 fma cx16 xtpr pdcm pcid sse4_1 sse4_2 movbe popcnt tsc_deadline_timer aes xsave avx f16c rdrand lahf_lm abm ida arat epb pln pts dtherm tpr_shadow vnmi flexpriority ept vpid fsgsbase tsc_adjust bmi1 avx2 smep bmi2 erms invpcid xsaveopt
bugs		:
bogomips	: 4589.50
clflush size	: 64
cache_alignment	: 64
address sizes	: 39 bits physical, 48 bits virtual
power management:

processor	: 1
vendor_id	: GenuineIntel
cpu family	: 6
model		: 69
model name	: Intel(R) Core(TM) i5-4200U CPU @ 1.60GHz
stepping	: 1
microcode	: 0x16
cpu MHz		: 1749.886
cache size	: 3072 KB
physical id	: 0
siblings	: 4
core id		: 1
cpu cores	: 2
apicid		: 2
initial apicid	: 2
fpu		: yes
fpu_exception	: yes
cpuid level	: 13
wp		: yes
flags		: fpu vme de pse tsc msr pae mce cx8 apic sep mtrr pge mca cmov pat pse36 clflush dts acpi mmx fxsr sse sse2 ss ht tm pbe syscall nx pdpe1gb rdtscp lm constant_tsc arch_perfmon pebs bts rep_good nopl xtopology nonstop_tsc aperfmperf eagerfpu pni pclmulqdq dtes64 monitor ds_cpl vmx est tm2 ssse3 fma cx16 xtpr pdcm pcid sse4_1 sse4_2 movbe popcnt tsc_deadline_timer aes xsave avx f16c rdrand lahf_lm abm ida arat epb pln pts dtherm tpr_shadow vnmi flexpriority ept vpid fsgsbase tsc_adjust bmi1 avx2 smep bmi2 erms invpcid xsaveopt
bugs		:
bogomips	: 4589.50
clflush size	: 64
cache_alignment	: 64
address sizes	: 39 bits physical, 48 bits virtual
power management:

processor	: 2
vendor_id	: GenuineIntel
cpu family	: 6
model		: 69
model name	: Intel(R) Core(TM) i5-4200U CPU @ 1.60GHz
stepping	: 1
microcode	: 0x16
cpu MHz		: 1767.046
cache size	: 3072 KB
physical id	: 0
siblings	: 4
core id		: 0
cpu cores	: 2
apicid		: 1
initial apicid	: 1
fpu		: yes
fpu_exception	: yes
cpuid level	: 13
wp		: yes
flags		: fpu vme de pse tsc msr pae mce cx8 apic sep mtrr pge mca cmov pat pse36 clflush dts acpi mmx fxsr sse sse2 ss ht tm pbe syscall nx pdpe1gb rdtscp lm constant_tsc arch_perfmon pebs bts rep_good nopl xtopology nonstop_tsc aperfmperf eagerfpu pni pclmulqdq dtes64 monitor ds_cpl vmx est tm2 ssse3 fma cx16 xtpr pdcm pcid sse4_1 sse4_2 movbe popcnt tsc_deadline_timer aes xsave avx f16c rdrand lahf_lm abm ida arat epb pln pts dtherm tpr_shadow vnmi flexpriority ept vpid fsgsbase tsc_adjust bmi1 avx2 smep bmi2 erms invpcid xsaveopt
bugs		:
bogomips	: 4589.50
clflush size	: 64
cache_alignment	: 64
address sizes	: 39 bits physical, 48 bits virtual
power management:

processor	: 3
vendor_id	: GenuineIntel
cpu family	: 6
model		: 69
model name	: Intel(R) Core(TM) i5-4200U CPU @ 1.60GHz
stepping	: 1
microcode	: 0x16
cpu MHz		: 1749.886
cache size	: 3072 KB
physical id	: 0
siblings	: 4
core id		: 1
cpu cores	: 2
apicid		: 3
initial apicid	: 3
fpu		: yes
fpu_exception	: yes
cpuid level	: 13
wp		: yes
flags		: fpu vme de pse tsc msr pae mce cx8 apic sep mtrr pge mca cmov pat pse36 clflush dts acpi mmx fxsr sse sse2 ss ht tm pbe syscall nx pdpe1gb rdtscp lm constant_tsc arch_perfmon pebs bts rep_good nopl xtopology nonstop_tsc aperfmperf eagerfpu pni pclmulqdq dtes64 monitor ds_cpl vmx est tm2 ssse3 fma cx16 xtpr pdcm pcid sse4_1 sse4_2 movbe popcnt tsc_deadline_timer aes xsave avx f16c rdrand lahf_lm abm ida arat epb pln pts dtherm tpr_shadow vnmi flexpriority ept vpid fsgsbase tsc_adjust bmi1 avx2 smep bmi2 erms invpcid xsaveopt
bugs		:
bogomips	: 4589.50
clflush size	: 64
cache_alignment	: 64
address sizes	: 39 bits physical, 48 bits virtual
power management:



Memory: 4k page, physical 3952400k(215820k free), swap 0k(0k free)

vm_info: Java HotSpot(TM) 64-Bit Server VM (25.101-b13) for linux-amd64 JRE (1.8.0_101-b13), built on Jun 22 2016 02:59:44 by "java_re" with gcc 4.3.0 20080428 (Red Hat 4.3.0-8)

time: Wed Aug 31 10:24:34 2016
elapsed time: 11 seconds (0d 0h 0m 11s)

