#
# There is insufficient memory for the Java Runtime Environment to continue.
# Native memory allocation (mmap) failed to map 21495808 bytes for committing reserved memory.
# Possible reasons:
#   The system is out of physical RAM or swap space
#   In 32 bit mode, the process size limit was hit
# Possible solutions:
#   Reduce memory load on the system
#   Increase physical memory or swap space
#   Check if swap backing store is full
#   Use 64 bit Java on a 64 bit OS
#   Decrease Java heap size (-Xmx/-Xms)
#   Decrease number of Java threads
#   Decrease Java thread stack sizes (-Xss)
#   Set larger code cache with -XX:ReservedCodeCacheSize=
# This output file may be truncated or incomplete.
#
#  Out of Memory Error (os_linux.cpp:2627), pid=13162, tid=0x00007f04a4ea5700
#
# JRE version:  (8.0_101-b13) (build )
# Java VM: Java HotSpot(TM) 64-Bit Server VM (25.101-b13 mixed mode linux-amd64 compressed oops)
# Failed to write core dump. Core dumps have been disabled. To enable core dumping, try "ulimit -c unlimited" before starting Java again
#

---------------  T H R E A D  ---------------

Current thread (0x00007f049c00a000):  JavaThread "Unknown thread" [_thread_in_vm, id=13185, stack(0x00007f04a4da5000,0x00007f04a4ea6000)]

Stack: [0x00007f04a4da5000,0x00007f04a4ea6000],  sp=0x00007f04a4ea43c0,  free space=1020k
Native frames: (J=compiled Java code, j=interpreted, Vv=VM code, C=native code)
V  [libjvm.so+0xac3f0a]  VMError::report_and_die()+0x2ba
V  [libjvm.so+0x4fbf9b]  report_vm_out_of_memory(char const*, int, unsigned long, VMErrorType, char const*)+0x8b
V  [libjvm.so+0x9222d3]  os::Linux::commit_memory_impl(char*, unsigned long, bool)+0x103
V  [libjvm.so+0x922829]  os::pd_commit_memory(char*, unsigned long, unsigned long, bool)+0x29
V  [libjvm.so+0x91cb2a]  os::commit_memory(char*, unsigned long, unsigned long, bool)+0x2a
V  [libjvm.so+0x991053]  PSVirtualSpace::expand_by(unsigned long)+0x53
V  [libjvm.so+0x992015]  PSYoungGen::initialize_virtual_space(ReservedSpace, unsigned long)+0x75
V  [libjvm.so+0x99297e]  PSYoungGen::initialize(ReservedSpace, unsigned long)+0x3e
V  [libjvm.so+0x2d87f5]  AdjoiningGenerations::AdjoiningGenerations(ReservedSpace, GenerationSizer*, unsigned long)+0x345
V  [libjvm.so+0x945686]  ParallelScavengeHeap::initialize()+0x1d6
V  [libjvm.so+0xa8c753]  Universe::initialize_heap()+0xf3
V  [libjvm.so+0xa8c99e]  universe_init()+0x3e
V  [libjvm.so+0x63bdf5]  init_globals()+0x65
V  [libjvm.so+0xa70bfe]  Threads::create_vm(JavaVMInitArgs*, bool*)+0x23e
V  [libjvm.so+0x6d08f4]  JNI_CreateJavaVM+0x74
C  [libjli.so+0x745e]  JavaMain+0x9e
C  [libpthread.so.0+0x8184]  start_thread+0xc4


---------------  P R O C E S S  ---------------

Java Threads: ( => current thread )

Other Threads:

=>0x00007f049c00a000 (exited) JavaThread "Unknown thread" [_thread_in_vm, id=13185, stack(0x00007f04a4da5000,0x00007f04a4ea6000)]

VM state:not at safepoint (not fully initialized)

VM Mutex/Monitor currently owned by a thread: None

GC Heap History (0 events):
No events

Deoptimization events (0 events):
No events

Internal exceptions (0 events):
No events

Events (0 events):
No events


Dynamic libraries:
00400000-00401000 r-xp 00000000 08:07 832580                             /usr/lib/jvm/java-8-oracle/bin/java
00600000-00601000 rw-p 00000000 08:07 832580                             /usr/lib/jvm/java-8-oracle/bin/java
018ea000-0190b000 rw-p 00000000 00:00 0                                  [heap]
c0000000-eab00000 ---p 00000000 00:00 0 
ebf80000-100000000 ---p 00000000 00:00 0 
7f048d000000-7f048d270000 rwxp 00000000 00:00 0 
7f048d270000-7f049c000000 ---p 00000000 00:00 0 
7f049c000000-7f049c031000 rw-p 00000000 00:00 0 
7f049c031000-7f04a0000000 ---p 00000000 00:00 0 
7f04a16db000-7f04a1962000 rw-p 00000000 00:00 0 
7f04a1962000-7f04a1b62000 ---p 00000000 00:00 0 
7f04a1b62000-7f04a1b6d000 rw-p 00000000 00:00 0 
7f04a1b6d000-7f04a1f23000 ---p 00000000 00:00 0 
7f04a1f23000-7f04a1f3d000 r-xp 00000000 08:07 835317                     /usr/lib/jvm/java-8-oracle/jre/lib/amd64/libzip.so
7f04a1f3d000-7f04a213d000 ---p 0001a000 08:07 835317                     /usr/lib/jvm/java-8-oracle/jre/lib/amd64/libzip.so
7f04a213d000-7f04a213e000 rw-p 0001a000 08:07 835317                     /usr/lib/jvm/java-8-oracle/jre/lib/amd64/libzip.so
7f04a213e000-7f04a2148000 r-xp 00000000 08:07 12252                      /lib/x86_64-linux-gnu/libnss_files-2.19.so
7f04a2148000-7f04a2347000 ---p 0000a000 08:07 12252                      /lib/x86_64-linux-gnu/libnss_files-2.19.so
7f04a2347000-7f04a2348000 r--p 00009000 08:07 12252                      /lib/x86_64-linux-gnu/libnss_files-2.19.so
7f04a2348000-7f04a2349000 rw-p 0000a000 08:07 12252                      /lib/x86_64-linux-gnu/libnss_files-2.19.so
7f04a2349000-7f04a2354000 r-xp 00000000 08:07 12244                      /lib/x86_64-linux-gnu/libnss_nis-2.19.so
7f04a2354000-7f04a2553000 ---p 0000b000 08:07 12244                      /lib/x86_64-linux-gnu/libnss_nis-2.19.so
7f04a2553000-7f04a2554000 r--p 0000a000 08:07 12244                      /lib/x86_64-linux-gnu/libnss_nis-2.19.so
7f04a2554000-7f04a2555000 rw-p 0000b000 08:07 12244                      /lib/x86_64-linux-gnu/libnss_nis-2.19.so
7f04a2555000-7f04a256c000 r-xp 00000000 08:07 12240                      /lib/x86_64-linux-gnu/libnsl-2.19.so
7f04a256c000-7f04a276b000 ---p 00017000 08:07 12240                      /lib/x86_64-linux-gnu/libnsl-2.19.so
7f04a276b000-7f04a276c000 r--p 00016000 08:07 12240                      /lib/x86_64-linux-gnu/libnsl-2.19.so
7f04a276c000-7f04a276d000 rw-p 00017000 08:07 12240                      /lib/x86_64-linux-gnu/libnsl-2.19.so
7f04a276d000-7f04a276f000 rw-p 00000000 00:00 0 
7f04a276f000-7f04a2778000 r-xp 00000000 08:07 12239                      /lib/x86_64-linux-gnu/libnss_compat-2.19.so
7f04a2778000-7f04a2977000 ---p 00009000 08:07 12239                      /lib/x86_64-linux-gnu/libnss_compat-2.19.so
7f04a2977000-7f04a2978000 r--p 00008000 08:07 12239                      /lib/x86_64-linux-gnu/libnss_compat-2.19.so
7f04a2978000-7f04a2979000 rw-p 00009000 08:07 12239                      /lib/x86_64-linux-gnu/libnss_compat-2.19.so
7f04a2979000-7f04a29a3000 r-xp 00000000 08:07 835365                     /usr/lib/jvm/java-8-oracle/jre/lib/amd64/libjava.so
7f04a29a3000-7f04a2ba3000 ---p 0002a000 08:07 835365                     /usr/lib/jvm/java-8-oracle/jre/lib/amd64/libjava.so
7f04a2ba3000-7f04a2ba5000 rw-p 0002a000 08:07 835365                     /usr/lib/jvm/java-8-oracle/jre/lib/amd64/libjava.so
7f04a2ba5000-7f04a2bb2000 r-xp 00000000 08:07 835429                     /usr/lib/jvm/java-8-oracle/jre/lib/amd64/libverify.so
7f04a2bb2000-7f04a2db2000 ---p 0000d000 08:07 835429                     /usr/lib/jvm/java-8-oracle/jre/lib/amd64/libverify.so
7f04a2db2000-7f04a2db4000 rw-p 0000d000 08:07 835429                     /usr/lib/jvm/java-8-oracle/jre/lib/amd64/libverify.so
7f04a2db4000-7f04a2dbb000 r-xp 00000000 08:07 12248                      /lib/x86_64-linux-gnu/librt-2.19.so
7f04a2dbb000-7f04a2fba000 ---p 00007000 08:07 12248                      /lib/x86_64-linux-gnu/librt-2.19.so
7f04a2fba000-7f04a2fbb000 r--p 00006000 08:07 12248                      /lib/x86_64-linux-gnu/librt-2.19.so
7f04a2fbb000-7f04a2fbc000 rw-p 00007000 08:07 12248                      /lib/x86_64-linux-gnu/librt-2.19.so
7f04a2fbc000-7f04a30c1000 r-xp 00000000 08:07 10642                      /lib/x86_64-linux-gnu/libm-2.19.so
7f04a30c1000-7f04a32c0000 ---p 00105000 08:07 10642                      /lib/x86_64-linux-gnu/libm-2.19.so
7f04a32c0000-7f04a32c1000 r--p 00104000 08:07 10642                      /lib/x86_64-linux-gnu/libm-2.19.so
7f04a32c1000-7f04a32c2000 rw-p 00105000 08:07 10642                      /lib/x86_64-linux-gnu/libm-2.19.so
7f04a32c2000-7f04a3f8d000 r-xp 00000000 08:07 835403                     /usr/lib/jvm/java-8-oracle/jre/lib/amd64/server/libjvm.so
7f04a3f8d000-7f04a418c000 ---p 00ccb000 08:07 835403                     /usr/lib/jvm/java-8-oracle/jre/lib/amd64/server/libjvm.so
7f04a418c000-7f04a4265000 rw-p 00cca000 08:07 835403                     /usr/lib/jvm/java-8-oracle/jre/lib/amd64/server/libjvm.so
7f04a4265000-7f04a42b0000 rw-p 00000000 00:00 0 
7f04a42b0000-7f04a446a000 r-xp 00000000 08:07 12249                      /lib/x86_64-linux-gnu/libc-2.19.so
7f04a446a000-7f04a466a000 ---p 001ba000 08:07 12249                      /lib/x86_64-linux-gnu/libc-2.19.so
7f04a466a000-7f04a466e000 r--p 001ba000 08:07 12249                      /lib/x86_64-linux-gnu/libc-2.19.so
7f04a466e000-7f04a4670000 rw-p 001be000 08:07 12249                      /lib/x86_64-linux-gnu/libc-2.19.so
7f04a4670000-7f04a4675000 rw-p 00000000 00:00 0 
7f04a4675000-7f04a4678000 r-xp 00000000 08:07 12236                      /lib/x86_64-linux-gnu/libdl-2.19.so
7f04a4678000-7f04a4877000 ---p 00003000 08:07 12236                      /lib/x86_64-linux-gnu/libdl-2.19.so
7f04a4877000-7f04a4878000 r--p 00002000 08:07 12236                      /lib/x86_64-linux-gnu/libdl-2.19.so
7f04a4878000-7f04a4879000 rw-p 00003000 08:07 12236                      /lib/x86_64-linux-gnu/libdl-2.19.so
7f04a4879000-7f04a488e000 r-xp 00000000 08:07 832692                     /usr/lib/jvm/java-8-oracle/lib/amd64/jli/libjli.so
7f04a488e000-7f04a4a8e000 ---p 00015000 08:07 832692                     /usr/lib/jvm/java-8-oracle/lib/amd64/jli/libjli.so
7f04a4a8e000-7f04a4a8f000 rw-p 00015000 08:07 832692                     /usr/lib/jvm/java-8-oracle/lib/amd64/jli/libjli.so
7f04a4a8f000-7f04a4aa8000 r-xp 00000000 08:07 12241                      /lib/x86_64-linux-gnu/libpthread-2.19.so
7f04a4aa8000-7f04a4ca7000 ---p 00019000 08:07 12241                      /lib/x86_64-linux-gnu/libpthread-2.19.so
7f04a4ca7000-7f04a4ca8000 r--p 00018000 08:07 12241                      /lib/x86_64-linux-gnu/libpthread-2.19.so
7f04a4ca8000-7f04a4ca9000 rw-p 00019000 08:07 12241                      /lib/x86_64-linux-gnu/libpthread-2.19.so
7f04a4ca9000-7f04a4cad000 rw-p 00000000 00:00 0 
7f04a4cad000-7f04a4cd0000 r-xp 00000000 08:07 12242                      /lib/x86_64-linux-gnu/ld-2.19.so
7f04a4da5000-7f04a4da8000 ---p 00000000 00:00 0 
7f04a4da8000-7f04a4eaa000 rw-p 00000000 00:00 0                          [stack:13185]
7f04a4ec0000-7f04a4ec3000 rw-p 00000000 00:00 0 
7f04a4ec3000-7f04a4ecb000 rw-s 00000000 08:07 135159                     /tmp/hsperfdata_suraj/13162
7f04a4ecb000-7f04a4ecc000 rw-p 00000000 00:00 0 
7f04a4ecc000-7f04a4ecd000 r--p 00000000 00:00 0 
7f04a4ecd000-7f04a4ecf000 rw-p 00000000 00:00 0 
7f04a4ecf000-7f04a4ed0000 r--p 00022000 08:07 12242                      /lib/x86_64-linux-gnu/ld-2.19.so
7f04a4ed0000-7f04a4ed1000 rw-p 00023000 08:07 12242                      /lib/x86_64-linux-gnu/ld-2.19.so
7f04a4ed1000-7f04a4ed2000 rw-p 00000000 00:00 0 
7fff52dd5000-7fff52df7000 rw-p 00000000 00:00 0                          [stack]
7fff52dfc000-7fff52dfe000 r--p 00000000 00:00 0                          [vvar]
7fff52dfe000-7fff52e00000 r-xp 00000000 00:00 0                          [vdso]
ffffffffff600000-ffffffffff601000 r-xp 00000000 00:00 0                  [vsyscall]

VM Arguments:
jvm_args: -Djava.awt.headless=true -Xmx1024M -Dfile.encoding=UTF-8 -Duser.country=IN -Duser.language=en -Duser.variant 
java_command: com.android.dx.command.Main --dex --num-threads=4 --output /home/suraj/AndroidstudioProjects/INC16 User/XposedTest/app/build/intermediates/pre-dexed/debug/com.android.support-animated-vector-drawable-23.4.0_be07353bb16ccf0fef505a69943d9fc09dc9642f.jar /home/suraj/AndroidstudioProjects/INC16 User/XposedTest/app/build/intermediates/exploded-aar/com.android.support/animated-vector-drawable/23.4.0/jars/classes.jar
java_class_path (initial): /home/suraj/android/android-sdk-linux/build-tools/23.0.2/lib/dx.jar
Launcher Type: SUN_STANDARD

Environment Variables:
JAVA_HOME=/usr/lib/jvm/java-8-oracle
PATH=/usr/local/heroku/bin:/home/suraj/.rbenv/plugins/ruby-build/bin:/home/suraj/.rbenv/shims:/home/suraj/.rbenv/bin:/usr/local/sbin:/usr/local/bin:/usr/sbin:/usr/bin:/sbin:/bin:/usr/games:/usr/local/games:/usr/lib/jvm/java-8-oracle/bin:/usr/lib/jvm/java-8-oracle/db/bin:/usr/lib/jvm/java-8-oracle/jre/bin:/home/suraj/scripts/:/home/suraj/android/toolchain/arm-cortex_a8-linux-gnueabi-linaro_4.7.4-2014.04/bin:/home/suraj/android/android-sdk-linux/tools:/home/suraj/android/android-sdk-linux/platform-tools
LD_LIBRARY_PATH=/home/suraj/android-studio/bin::/usr/local/lib
SHELL=/bin/bash
DISPLAY=:0
ARCH=arm

Signal Handlers:
SIGSEGV: [libjvm.so+0xac4790], sa_mask[0]=11111111011111111101111111111110, sa_flags=SA_RESTART|SA_SIGINFO
SIGBUS: [libjvm.so+0xac4790], sa_mask[0]=11111111011111111101111111111110, sa_flags=SA_RESTART|SA_SIGINFO
SIGFPE: [libjvm.so+0x91f140], sa_mask[0]=11111111011111111101111111111110, sa_flags=SA_RESTART|SA_SIGINFO
SIGPIPE: [libjvm.so+0x91f140], sa_mask[0]=11111111011111111101111111111110, sa_flags=SA_RESTART|SA_SIGINFO
SIGXFSZ: [libjvm.so+0x91f140], sa_mask[0]=11111111011111111101111111111110, sa_flags=SA_RESTART|SA_SIGINFO
SIGILL: [libjvm.so+0x91f140], sa_mask[0]=11111111011111111101111111111110, sa_flags=SA_RESTART|SA_SIGINFO
SIGUSR1: SIG_DFL, sa_mask[0]=00000000000000000000000000000000, sa_flags=none
SIGUSR2: [libjvm.so+0x920770], sa_mask[0]=00100000000000000000000000000000, sa_flags=SA_RESTART|SA_SIGINFO
SIGHUP: SIG_DFL, sa_mask[0]=00000000000000000000000000000000, sa_flags=none
SIGINT: SIG_DFL, sa_mask[0]=00000000000000000000000000000000, sa_flags=none
SIGTERM: SIG_DFL, sa_mask[0]=00000000000000000000000000000000, sa_flags=none
SIGQUIT: SIG_DFL, sa_mask[0]=00000000000000000000000000000000, sa_flags=none


---------------  S Y S T E M  ---------------

OS:DISTRIB_ID=Ubuntu
DISTRIB_RELEASE=14.04
DISTRIB_CODENAME=trusty
DISTRIB_DESCRIPTION="Ubuntu 14.04.5 LTS"

uname:Linux 3.17.0-031700-generic #201410060605 SMP Mon Oct 6 10:07:09 UTC 2014 x86_64
libc:glibc 2.19 NPTL 2.19 
rlimit: STACK 8192k, CORE 0k, NPROC 15261, NOFILE 4096, AS infinity
load average:9.59 2.60 1.08

/proc/meminfo:
MemTotal:        3952400 kB
MemFree:           89908 kB
MemAvailable:      25872 kB
Buffers:             244 kB
Cached:           511472 kB
SwapCached:            0 kB
Active:          3181436 kB
Inactive:         465288 kB
Active(anon):    3179592 kB
Inactive(anon):   463804 kB
Active(file):       1844 kB
Inactive(file):     1484 kB
Unevictable:          32 kB
Mlocked:              32 kB
SwapTotal:             0 kB
SwapFree:              0 kB
Dirty:                96 kB
Writeback:             0 kB
AnonPages:       3135936 kB
Mapped:            98736 kB
Shmem:            507492 kB
Slab:              73248 kB
SReclaimable:      37528 kB
SUnreclaim:        35720 kB
KernelStack:       11312 kB
PageTables:        37344 kB
NFS_Unstable:          0 kB
Bounce:                0 kB
WritebackTmp:          0 kB
CommitLimit:     1976200 kB
Committed_AS:    6857560 kB
VmallocTotal:   34359738367 kB
VmallocUsed:      352548 kB
VmallocChunk:   34359315236 kB
HardwareCorrupted:     0 kB
AnonHugePages:   1540096 kB
HugePages_Total:       0
HugePages_Free:        0
HugePages_Rsvd:        0
HugePages_Surp:        0
Hugepagesize:       2048 kB
DirectMap4k:       87316 kB
DirectMap2M:     2963456 kB
DirectMap1G:     1048576 kB


CPU:total 4 (2 cores per cpu, 2 threads per core) family 6 model 69 stepping 1, cmov, cx8, fxsr, mmx, sse, sse2, sse3, ssse3, sse4.1, sse4.2, popcnt, avx, avx2, aes, clmul, erms, lzcnt, ht, tsc, tscinvbit, bmi1, bmi2

/proc/cpuinfo:
processor	: 0
vendor_id	: GenuineIntel
cpu family	: 6
model		: 69
model name	: Intel(R) Core(TM) i5-4200U CPU @ 1.60GHz
stepping	: 1
microcode	: 0x16
cpu MHz		: 2299.910
cache size	: 3072 KB
physical id	: 0
siblings	: 4
core id		: 0
cpu cores	: 2
apicid		: 0
initial apicid	: 0
fpu		: yes
fpu_exception	: yes
cpuid level	: 13
wp		: yes
flags		: fpu vme de pse tsc msr pae mce cx8 apic sep mtrr pge mca cmov pat pse36 clflush dts acpi mmx fxsr sse sse2 ss ht tm pbe syscall nx pdpe1gb rdtscp lm constant_tsc arch_perfmon pebs bts rep_good nopl xtopology nonstop_tsc aperfmperf eagerfpu pni pclmulqdq dtes64 monitor ds_cpl vmx est tm2 ssse3 fma cx16 xtpr pdcm pcid sse4_1 sse4_2 movbe popcnt tsc_deadline_timer aes xsave avx f16c rdrand lahf_lm abm ida arat epb pln pts dtherm tpr_shadow vnmi flexpriority ept vpid fsgsbase tsc_adjust bmi1 avx2 smep bmi2 erms invpcid xsaveopt
bugs		:
bogomips	: 4589.11
clflush size	: 64
cache_alignment	: 64
address sizes	: 39 bits physical, 48 bits virtual
power management:

processor	: 1
vendor_id	: GenuineIntel
cpu family	: 6
model		: 69
model name	: Intel(R) Core(TM) i5-4200U CPU @ 1.60GHz
stepping	: 1
microcode	: 0x16
cpu MHz		: 2105.757
cache size	: 3072 KB
physical id	: 0
siblings	: 4
core id		: 1
cpu cores	: 2
apicid		: 2
initial apicid	: 2
fpu		: yes
fpu_exception	: yes
cpuid level	: 13
wp		: yes
flags		: fpu vme de pse tsc msr pae mce cx8 apic sep mtrr pge mca cmov pat pse36 clflush dts acpi mmx fxsr sse sse2 ss ht tm pbe syscall nx pdpe1gb rdtscp lm constant_tsc arch_perfmon pebs bts rep_good nopl xtopology nonstop_tsc aperfmperf eagerfpu pni pclmulqdq dtes64 monitor ds_cpl vmx est tm2 ssse3 fma cx16 xtpr pdcm pcid sse4_1 sse4_2 movbe popcnt tsc_deadline_timer aes xsave avx f16c rdrand lahf_lm abm ida arat epb pln pts dtherm tpr_shadow vnmi flexpriority ept vpid fsgsbase tsc_adjust bmi1 avx2 smep bmi2 erms invpcid xsaveopt
bugs		:
bogomips	: 4589.11
clflush size	: 64
cache_alignment	: 64
address sizes	: 39 bits physical, 48 bits virtual
power management:

processor	: 2
vendor_id	: GenuineIntel
cpu family	: 6
model		: 69
model name	: Intel(R) Core(TM) i5-4200U CPU @ 1.60GHz
stepping	: 1
microcode	: 0x16
cpu MHz		: 2299.910
cache size	: 3072 KB
physical id	: 0
siblings	: 4
core id		: 0
cpu cores	: 2
apicid		: 1
initial apicid	: 1
fpu		: yes
fpu_exception	: yes
cpuid level	: 13
wp		: yes
flags		: fpu vme de pse tsc msr pae mce cx8 apic sep mtrr pge mca cmov pat pse36 clflush dts acpi mmx fxsr sse sse2 ss ht tm pbe syscall nx pdpe1gb rdtscp lm constant_tsc arch_perfmon pebs bts rep_good nopl xtopology nonstop_tsc aperfmperf eagerfpu pni pclmulqdq dtes64 monitor ds_cpl vmx est tm2 ssse3 fma cx16 xtpr pdcm pcid sse4_1 sse4_2 movbe popcnt tsc_deadline_timer aes xsave avx f16c rdrand lahf_lm abm ida arat epb pln pts dtherm tpr_shadow vnmi flexpriority ept vpid fsgsbase tsc_adjust bmi1 avx2 smep bmi2 erms invpcid xsaveopt
bugs		:
bogomips	: 4589.11
clflush size	: 64
cache_alignment	: 64
address sizes	: 39 bits physical, 48 bits virtual
power management:

processor	: 3
vendor_id	: GenuineIntel
cpu family	: 6
model		: 69
model name	: Intel(R) Core(TM) i5-4200U CPU @ 1.60GHz
stepping	: 1
microcode	: 0x16
cpu MHz		: 2300.000
cache size	: 3072 KB
physical id	: 0
siblings	: 4
core id		: 1
cpu cores	: 2
apicid		: 3
initial apicid	: 3
fpu		: yes
fpu_exception	: yes
cpuid level	: 13
wp		: yes
flags		: fpu vme de pse tsc msr pae mce cx8 apic sep mtrr pge mca cmov pat pse36 clflush dts acpi mmx fxsr sse sse2 ss ht tm pbe syscall nx pdpe1gb rdtscp lm constant_tsc arch_perfmon pebs bts rep_good nopl xtopology nonstop_tsc aperfmperf eagerfpu pni pclmulqdq dtes64 monitor ds_cpl vmx est tm2 ssse3 fma cx16 xtpr pdcm pcid sse4_1 sse4_2 movbe popcnt tsc_deadline_timer aes xsave avx f16c rdrand lahf_lm abm ida arat epb pln pts dtherm tpr_shadow vnmi flexpriority ept vpid fsgsbase tsc_adjust bmi1 avx2 smep bmi2 erms invpcid xsaveopt
bugs		:
bogomips	: 4589.11
clflush size	: 64
cache_alignment	: 64
address sizes	: 39 bits physical, 48 bits virtual
power management:



Memory: 4k page, physical 3952400k(89144k free), swap 0k(0k free)

vm_info: Java HotSpot(TM) 64-Bit Server VM (25.101-b13) for linux-amd64 JRE (1.8.0_101-b13), built on Jun 22 2016 02:59:44 by "java_re" with gcc 4.3.0 20080428 (Red Hat 4.3.0-8)

time: Thu Sep  1 00:08:54 2016
elapsed time: 9 seconds (0d 0h 0m 9s)

