#
# There is insufficient memory for the Java Runtime Environment to continue.
# Native memory allocation (mmap) failed to map 32505856 bytes for committing reserved memory.
# Possible reasons:
#   The system is out of physical RAM or swap space
#   In 32 bit mode, the process size limit was hit
# Possible solutions:
#   Reduce memory load on the system
#   Increase physical memory or swap space
#   Check if swap backing store is full
#   Use 64 bit Java on a 64 bit OS
#   Decrease Java heap size (-Xmx/-Xms)
#   Decrease number of Java threads
#   Decrease Java thread stack sizes (-Xss)
#   Set larger code cache with -XX:ReservedCodeCacheSize=
# This output file may be truncated or incomplete.
#
#  Out of Memory Error (os_linux.cpp:2627), pid=19159, tid=0x00007f5b74fff700
#
# JRE version: Java(TM) SE Runtime Environment (8.0_101-b13) (build 1.8.0_101-b13)
# Java VM: Java HotSpot(TM) 64-Bit Server VM (25.101-b13 mixed mode linux-amd64 compressed oops)
# Failed to write core dump. Core dumps have been disabled. To enable core dumping, try "ulimit -c unlimited" before starting Java again
#

---------------  T H R E A D  ---------------

Current thread (0x00007f5b84078800):  VMThread [stack: 0x00007f5b74eff000,0x00007f5b75000000] [id=19169]

Stack: [0x00007f5b74eff000,0x00007f5b75000000],  sp=0x00007f5b74ffe160,  free space=1020k
Native frames: (J=compiled Java code, j=interpreted, Vv=VM code, C=native code)
V  [libjvm.so+0xac3f0a]  VMError::report_and_die()+0x2ba
V  [libjvm.so+0x4fbf9b]  report_vm_out_of_memory(char const*, int, unsigned long, VMErrorType, char const*)+0x8b
V  [libjvm.so+0x9222d3]  os::Linux::commit_memory_impl(char*, unsigned long, bool)+0x103
V  [libjvm.so+0x922829]  os::pd_commit_memory(char*, unsigned long, unsigned long, bool)+0x29
V  [libjvm.so+0x91cb2a]  os::commit_memory(char*, unsigned long, unsigned long, bool)+0x2a
V  [libjvm.so+0x991053]  PSVirtualSpace::expand_by(unsigned long)+0x53
V  [libjvm.so+0x992458]  PSYoungGen::resize_generation(unsigned long, unsigned long)+0xf8
V  [libjvm.so+0x9915b2]  PSYoungGen::resize(unsigned long, unsigned long)+0x22
V  [libjvm.so+0x98e88b]  PSScavenge::invoke_no_policy()+0xf3b
V  [libjvm.so+0x98f011]  PSScavenge::invoke()+0x41
V  [libjvm.so+0x945fc0]  ParallelScavengeHeap::failed_mem_allocate(unsigned long)+0x70
V  [libjvm.so+0xac5927]  VM_ParallelGCFailedAllocation::doit()+0x97
V  [libjvm.so+0xacd405]  VM_Operation::evaluate()+0x55
V  [libjvm.so+0xacb7da]  VMThread::evaluate_operation(VM_Operation*)+0xba
V  [libjvm.so+0xacbb5e]  VMThread::loop()+0x1ce
V  [libjvm.so+0xacbfd0]  VMThread::run()+0x70
V  [libjvm.so+0x924698]  java_start(Thread*)+0x108

VM_Operation (0x00007f5b8d6fb580): ParallelGCFailedAllocation, mode: safepoint, requested by thread 0x00007f5b8400a800


---------------  P R O C E S S  ---------------

Java Threads: ( => current thread )
  0x00007f5b840db000 JavaThread "Service Thread" daemon [_thread_blocked, id=19176, stack(0x00007f5b74116000,0x00007f5b74217000)]
  0x00007f5b840be000 JavaThread "C1 CompilerThread2" daemon [_thread_blocked, id=19175, stack(0x00007f5b74217000,0x00007f5b74318000)]
  0x00007f5b840bc000 JavaThread "C2 CompilerThread1" daemon [_thread_blocked, id=19174, stack(0x00007f5b74318000,0x00007f5b74419000)]
  0x00007f5b840b9000 JavaThread "C2 CompilerThread0" daemon [_thread_blocked, id=19173, stack(0x00007f5b74419000,0x00007f5b7451a000)]
  0x00007f5b840b7800 JavaThread "Signal Dispatcher" daemon [_thread_blocked, id=19172, stack(0x00007f5b7451a000,0x00007f5b7461b000)]
  0x00007f5b84085000 JavaThread "Finalizer" daemon [_thread_blocked, id=19171, stack(0x00007f5b74cfd000,0x00007f5b74dfe000)]
  0x00007f5b84080800 JavaThread "Reference Handler" daemon [_thread_blocked, id=19170, stack(0x00007f5b74dfe000,0x00007f5b74eff000)]
  0x00007f5b8400a800 JavaThread "main" [_thread_blocked, id=19164, stack(0x00007f5b8d5fc000,0x00007f5b8d6fd000)]

Other Threads:
=>0x00007f5b84078800 VMThread [stack: 0x00007f5b74eff000,0x00007f5b75000000] [id=19169]
  0x00007f5b840de000 WatcherThread [stack: 0x00007f5b74015000,0x00007f5b74116000] [id=19177]

VM state:at safepoint (normal execution)

VM Mutex/Monitor currently owned by a thread:  ([mutex/lock_event])
[0x00007f5b84007030] Threads_lock - owner thread: 0x00007f5b84078800
[0x00007f5b84007530] Heap_lock - owner thread: 0x00007f5b8400a800

Heap:
 PSYoungGen      total 34304K, used 2528K [0x00000000eab00000, 0x00000000ecf00000, 0x0000000100000000)
  eden space 31744K, 0% used [0x00000000eab00000,0x00000000eab00000,0x00000000eca00000)
  from space 2560K, 98% used [0x00000000eca00000,0x00000000ecc782d0,0x00000000ecc80000)
  to   space 2560K, 0% used [0x00000000ecc80000,0x00000000ecc80000,0x00000000ecf00000)
 ParOldGen       total 42496K, used 10276K [0x00000000c0000000, 0x00000000c2980000, 0x00000000eab00000)
  object space 42496K, 24% used [0x00000000c0000000,0x00000000c0a09390,0x00000000c2980000)
 Metaspace       used 5108K, capacity 5528K, committed 5760K, reserved 1056768K
  class space    used 560K, capacity 592K, committed 640K, reserved 1048576K

Card table byte_map: [0x00007f5b8a1b9000,0x00007f5b8a3ba000] byte_map_base: 0x00007f5b89bb9000

Marking Bits: (ParMarkBitMap*) 0x00007f5b8cada120
 Begin Bits: [0x00007f5b6e000000, 0x00007f5b6f000000)
 End Bits:   [0x00007f5b6f000000, 0x00007f5b70000000)

Polling page: 0x00007f5b8d723000

CodeCache: size=245760Kb used=2910Kb max_used=2910Kb free=242849Kb
 bounds [0x00007f5b75000000, 0x00007f5b752e0000, 0x00007f5b84000000]
 total_blobs=1176 nmethods=893 adapters=197
 compilation: enabled

Compilation events (10 events):
Event: 25.110 Thread 0x00007f5b840be000  944       3       java.util.regex.Pattern$Single::isSatisfiedBy (14 bytes)
Event: 25.110 Thread 0x00007f5b840be000 nmethod 944 0x00007f5b752daa10 code [0x00007f5b752dab80, 0x00007f5b752dad30]
Event: 25.110 Thread 0x00007f5b840be000  945       3       java.nio.ByteBuffer::arrayOffset (35 bytes)
Event: 25.113 Thread 0x00007f5b840be000 nmethod 945 0x00007f5b752da410 code [0x00007f5b752da5a0, 0x00007f5b752da8b8]
Event: 25.113 Thread 0x00007f5b840be000  946       3       java.util.regex.Matcher::reset (83 bytes)
Event: 25.114 Thread 0x00007f5b840be000 nmethod 946 0x00007f5b752d9c10 code [0x00007f5b752d9da0, 0x00007f5b752da248]
Event: 25.114 Thread 0x00007f5b840be000  947       3       java.util.concurrent.ConcurrentHashMap::spread (10 bytes)
Event: 25.114 Thread 0x00007f5b840be000 nmethod 947 0x00007f5b752d9910 code [0x00007f5b752d9a60, 0x00007f5b752d9bb0]
Event: 25.114 Thread 0x00007f5b840be000  948       3       java.lang.ThreadLocal$ThreadLocalMap::access$000 (6 bytes)
Event: 25.115 Thread 0x00007f5b840be000 nmethod 948 0x00007f5b752d9550 code [0x00007f5b752d96c0, 0x00007f5b752d9828]

GC Heap History (5 events):
Event: 0.479 GC heap before
{Heap before GC invocations=1 (full 0):
 PSYoungGen      total 18432K, used 15872K [0x00000000eab00000, 0x00000000ebf80000, 0x0000000100000000)
  eden space 15872K, 100% used [0x00000000eab00000,0x00000000eba80000,0x00000000eba80000)
  from space 2560K, 0% used [0x00000000ebd00000,0x00000000ebd00000,0x00000000ebf80000)
  to   space 2560K, 0% used [0x00000000eba80000,0x00000000eba80000,0x00000000ebd00000)
 ParOldGen       total 42496K, used 0K [0x00000000c0000000, 0x00000000c2980000, 0x00000000eab00000)
  object space 42496K, 0% used [0x00000000c0000000,0x00000000c0000000,0x00000000c2980000)
 Metaspace       used 3740K, capacity 4944K, committed 5120K, reserved 1056768K
  class space    used 406K, capacity 456K, committed 512K, reserved 1048576K
Event: 0.493 GC heap after
Heap after GC invocations=1 (full 0):
 PSYoungGen      total 18432K, used 2551K [0x00000000eab00000, 0x00000000ecf00000, 0x0000000100000000)
  eden space 15872K, 0% used [0x00000000eab00000,0x00000000eab00000,0x00000000eba80000)
  from space 2560K, 99% used [0x00000000eba80000,0x00000000ebcfde90,0x00000000ebd00000)
  to   space 2560K, 0% used [0x00000000ecc80000,0x00000000ecc80000,0x00000000ecf00000)
 ParOldGen       total 42496K, used 8491K [0x00000000c0000000, 0x00000000c2980000, 0x00000000eab00000)
  object space 42496K, 19% used [0x00000000c0000000,0x00000000c084ae08,0x00000000c2980000)
 Metaspace       used 3740K, capacity 4944K, committed 5120K, reserved 1056768K
  class space    used 406K, capacity 456K, committed 512K, reserved 1048576K
}
Event: 0.848 GC heap before
{Heap before GC invocations=2 (full 0):
 PSYoungGen      total 18432K, used 18423K [0x00000000eab00000, 0x00000000ecf00000, 0x0000000100000000)
  eden space 15872K, 100% used [0x00000000eab00000,0x00000000eba80000,0x00000000eba80000)
  from space 2560K, 99% used [0x00000000eba80000,0x00000000ebcfde90,0x00000000ebd00000)
  to   space 2560K, 0% used [0x00000000ecc80000,0x00000000ecc80000,0x00000000ecf00000)
 ParOldGen       total 42496K, used 8491K [0x00000000c0000000, 0x00000000c2980000, 0x00000000eab00000)
  object space 42496K, 19% used [0x00000000c0000000,0x00000000c084ae08,0x00000000c2980000)
 Metaspace       used 3830K, capacity 5008K, committed 5120K, reserved 1056768K
  class space    used 412K, capacity 456K, committed 512K, reserved 1048576K
Event: 0.895 GC heap after
Heap after GC invocations=2 (full 0):
 PSYoungGen      total 34304K, used 2535K [0x00000000eab00000, 0x00000000ecf00000, 0x0000000100000000)
  eden space 31744K, 0% used [0x00000000eab00000,0x00000000eab00000,0x00000000eca00000)
  from space 2560K, 99% used [0x00000000ecc80000,0x00000000ecef9c90,0x00000000ecf00000)
  to   space 2560K, 0% used [0x00000000eca00000,0x00000000eca00000,0x00000000ecc80000)
 ParOldGen       total 42496K, used 8723K [0x00000000c0000000, 0x00000000c2980000, 0x00000000eab00000)
  object space 42496K, 20% used [0x00000000c0000000,0x00000000c0884e08,0x00000000c2980000)
 Metaspace       used 3830K, capacity 5008K, committed 5120K, reserved 1056768K
  class space    used 412K, capacity 456K, committed 512K, reserved 1048576K
}
Event: 25.124 GC heap before
{Heap before GC invocations=3 (full 0):
 PSYoungGen      total 34304K, used 33636K [0x00000000eab00000, 0x00000000ecf00000, 0x0000000100000000)
  eden space 31744K, 97% used [0x00000000eab00000,0x00000000ec95f590,0x00000000eca00000)
  from space 2560K, 99% used [0x00000000ecc80000,0x00000000ecef9c90,0x00000000ecf00000)
  to   space 2560K, 0% used [0x00000000eca00000,0x00000000eca00000,0x00000000ecc80000)
 ParOldGen       total 42496K, used 8723K [0x00000000c0000000, 0x00000000c2980000, 0x00000000eab00000)
  object space 42496K, 20% used [0x00000000c0000000,0x00000000c0884e08,0x00000000c2980000)
 Metaspace       used 5108K, capacity 5528K, committed 5760K, reserved 1056768K
  class space    used 560K, capacity 592K, committed 640K, reserved 1048576K

Deoptimization events (10 events):
Event: 0.680 Thread 0x00007f5b8400a800 Uncommon trap: reason=predicate action=maybe_recompile pc=0x00007f5b7519e49c method=java.util.TreeMap.getEntry(Ljava/lang/Object;)Ljava/util/TreeMap$Entry; @ 39
Event: 0.684 Thread 0x00007f5b8400a800 Uncommon trap: reason=predicate action=maybe_recompile pc=0x00007f5b751a198c method=java.util.TreeMap.put(Ljava/lang/Object;Ljava/lang/Object;)Ljava/lang/Object; @ 132
Event: 1.290 Thread 0x00007f5b8400a800 Uncommon trap: reason=class_check action=maybe_recompile pc=0x00007f5b75188ed4 method=com.android.dex.Leb128.readUnsignedLeb128(Lcom/android/dex/util/ByteInput;)I @ 5
Event: 1.290 Thread 0x00007f5b8400a800 Uncommon trap: reason=class_check action=maybe_recompile pc=0x00007f5b75188ed4 method=com.android.dex.Leb128.readUnsignedLeb128(Lcom/android/dex/util/ByteInput;)I @ 5
Event: 1.290 Thread 0x00007f5b8400a800 Uncommon trap: reason=class_check action=maybe_recompile pc=0x00007f5b75188ed4 method=com.android.dex.Leb128.readUnsignedLeb128(Lcom/android/dex/util/ByteInput;)I @ 5
Event: 1.292 Thread 0x00007f5b8400a800 Uncommon trap: reason=class_check action=maybe_recompile pc=0x00007f5b75188ed4 method=com.android.dex.Leb128.readUnsignedLeb128(Lcom/android/dex/util/ByteInput;)I @ 5
Event: 2.321 Thread 0x00007f5b8400a800 Uncommon trap: reason=unstable_if action=reinterpret pc=0x00007f5b75209000 method=java.util.HashMap.getNode(ILjava/lang/Object;)Ljava/util/HashMap$Node; @ 84
Event: 2.323 Thread 0x00007f5b8400a800 Uncommon trap: reason=unstable_if action=reinterpret pc=0x00007f5b7521005c method=java.util.HashMap.getNode(ILjava/lang/Object;)Ljava/util/HashMap$Node; @ 84
Event: 2.367 Thread 0x00007f5b8400a800 Uncommon trap: reason=unstable_if action=reinterpret pc=0x00007f5b751c10d4 method=com.android.dx.merge.IndexMap.adjustString(I)I @ 2
Event: 24.170 Thread 0x00007f5b8400a800 Uncommon trap: reason=unstable_if action=reinterpret pc=0x00007f5b75231d84 method=java.lang.String.indexOf(II)I @ 49

Internal exceptions (6 events):
Event: 0.107 Thread 0x00007f5b8400a800 Exception <a 'java/lang/NoSuchMethodError': Method sun.misc.Unsafe.defineClass(Ljava/lang/String;[BII)Ljava/lang/Class; name or signature does not match> (0x00000000eab07cc0) thrown at [/HUDSON3/workspace/8-2-build-linux-amd64/jdk8u101/7261/hotspot/src/sh
Event: 0.107 Thread 0x00007f5b8400a800 Exception <a 'java/lang/NoSuchMethodError': Method sun.misc.Unsafe.prefetchRead(Ljava/lang/Object;J)V name or signature does not match> (0x00000000eab07fa8) thrown at [/HUDSON3/workspace/8-2-build-linux-amd64/jdk8u101/7261/hotspot/src/share/vm/prims/jni.c
Event: 24.960 Thread 0x00007f5b8400a800 Exception <a 'java/security/PrivilegedActionException'> (0x00000000ec901220) thrown at [/HUDSON3/workspace/8-2-build-linux-amd64/jdk8u101/7261/hotspot/src/share/vm/prims/jvm.cpp, line 1386]
Event: 24.960 Thread 0x00007f5b8400a800 Exception <a 'java/security/PrivilegedActionException'> (0x00000000ec901618) thrown at [/HUDSON3/workspace/8-2-build-linux-amd64/jdk8u101/7261/hotspot/src/share/vm/prims/jvm.cpp, line 1386]
Event: 24.962 Thread 0x00007f5b8400a800 Exception <a 'java/security/PrivilegedActionException'> (0x00000000ec903e28) thrown at [/HUDSON3/workspace/8-2-build-linux-amd64/jdk8u101/7261/hotspot/src/share/vm/prims/jvm.cpp, line 1386]
Event: 24.962 Thread 0x00007f5b8400a800 Exception <a 'java/security/PrivilegedActionException'> (0x00000000ec904220) thrown at [/HUDSON3/workspace/8-2-build-linux-amd64/jdk8u101/7261/hotspot/src/share/vm/prims/jvm.cpp, line 1386]

Events (10 events):
Event: 25.089 loading class java/util/Formatter$Conversion done
Event: 25.093 loading class sun/misc/FormattedFloatingDecimal$Form
Event: 25.095 loading class sun/misc/FormattedFloatingDecimal$Form done
Event: 25.096 loading class sun/misc/FormattedFloatingDecimal
Event: 25.097 loading class sun/misc/FormattedFloatingDecimal done
Event: 25.097 loading class sun/misc/FormattedFloatingDecimal$1
Event: 25.097 loading class sun/misc/FormattedFloatingDecimal$1 done
Event: 25.098 loading class sun/misc/FormattedFloatingDecimal$2
Event: 25.098 loading class sun/misc/FormattedFloatingDecimal$2 done
Event: 25.121 Executing VM operation: ParallelGCFailedAllocation


Dynamic libraries:
00400000-00401000 r-xp 00000000 08:07 832580                             /usr/lib/jvm/java-8-oracle/bin/java
00600000-00601000 rw-p 00000000 08:07 832580                             /usr/lib/jvm/java-8-oracle/bin/java
00980000-009a1000 rw-p 00000000 00:00 0                                  [heap]
c0000000-c2980000 rw-p 00000000 00:00 0 
c2980000-eab00000 ---p 00000000 00:00 0 
eab00000-ecf00000 rw-p 00000000 00:00 0 
eee00000-100000000 ---p 00000000 00:00 0 
100000000-1000a0000 rw-p 00000000 00:00 0 
1000a0000-140000000 ---p 00000000 00:00 0 
7f5b38000000-7f5b38021000 rw-p 00000000 00:00 0 
7f5b38021000-7f5b3c000000 ---p 00000000 00:00 0 
7f5b3c000000-7f5b3c021000 rw-p 00000000 00:00 0 
7f5b3c021000-7f5b40000000 ---p 00000000 00:00 0 
7f5b40000000-7f5b40444000 rw-p 00000000 00:00 0 
7f5b40444000-7f5b44000000 ---p 00000000 00:00 0 
7f5b44000000-7f5b441c9000 rw-p 00000000 00:00 0 
7f5b441c9000-7f5b48000000 ---p 00000000 00:00 0 
7f5b48000000-7f5b48021000 rw-p 00000000 00:00 0 
7f5b48021000-7f5b4c000000 ---p 00000000 00:00 0 
7f5b4c000000-7f5b4c2cf000 rw-p 00000000 00:00 0 
7f5b4c2cf000-7f5b50000000 ---p 00000000 00:00 0 
7f5b50000000-7f5b50021000 rw-p 00000000 00:00 0 
7f5b50021000-7f5b54000000 ---p 00000000 00:00 0 
7f5b54000000-7f5b54021000 rw-p 00000000 00:00 0 
7f5b54021000-7f5b58000000 ---p 00000000 00:00 0 
7f5b58000000-7f5b58021000 rw-p 00000000 00:00 0 
7f5b58021000-7f5b5c000000 ---p 00000000 00:00 0 
7f5b5c000000-7f5b5c28d000 rw-p 00000000 00:00 0 
7f5b5c28d000-7f5b60000000 ---p 00000000 00:00 0 
7f5b60000000-7f5b60021000 rw-p 00000000 00:00 0 
7f5b60021000-7f5b64000000 ---p 00000000 00:00 0 
7f5b68000000-7f5b68021000 rw-p 00000000 00:00 0 
7f5b68021000-7f5b6c000000 ---p 00000000 00:00 0 
7f5b6e000000-7f5b70000000 rw-p 00000000 00:00 0 
7f5b70000000-7f5b70021000 rw-p 00000000 00:00 0 
7f5b70021000-7f5b74000000 ---p 00000000 00:00 0 
7f5b74015000-7f5b74016000 ---p 00000000 00:00 0 
7f5b74016000-7f5b74116000 rw-p 00000000 00:00 0                          [stack:19177]
7f5b74116000-7f5b74119000 ---p 00000000 00:00 0 
7f5b74119000-7f5b74217000 rw-p 00000000 00:00 0                          [stack:19176]
7f5b74217000-7f5b7421a000 ---p 00000000 00:00 0 
7f5b7421a000-7f5b74318000 rw-p 00000000 00:00 0                          [stack:19175]
7f5b74318000-7f5b7431b000 ---p 00000000 00:00 0 
7f5b7431b000-7f5b74419000 rw-p 00000000 00:00 0                          [stack:19174]
7f5b74419000-7f5b7441c000 ---p 00000000 00:00 0 
7f5b7441c000-7f5b7451a000 rw-p 00000000 00:00 0                          [stack:19173]
7f5b7451a000-7f5b7451d000 ---p 00000000 00:00 0 
7f5b7451d000-7f5b7461b000 rw-p 00000000 00:00 0                          [stack:19172]
7f5b7461b000-7f5b74cfd000 r--p 00000000 08:07 400878                     /usr/lib/locale/locale-archive
7f5b74cfd000-7f5b74d00000 ---p 00000000 00:00 0 
7f5b74d00000-7f5b74dfe000 rw-p 00000000 00:00 0                          [stack:19171]
7f5b74dfe000-7f5b74e01000 ---p 00000000 00:00 0 
7f5b74e01000-7f5b74eff000 rw-p 00000000 00:00 0                          [stack:19170]
7f5b74eff000-7f5b74f00000 ---p 00000000 00:00 0 
7f5b74f00000-7f5b75000000 rw-p 00000000 00:00 0                          [stack:19169]
7f5b75000000-7f5b752e0000 rwxp 00000000 00:00 0 
7f5b752e0000-7f5b84000000 ---p 00000000 00:00 0 
7f5b84000000-7f5b843ad000 rw-p 00000000 00:00 0 
7f5b843ad000-7f5b88000000 ---p 00000000 00:00 0 
7f5b8804d000-7f5b8805c000 r--s 000df000 08:08 674005                     /home/suraj/android/android-sdk-linux/build-tools/23.0.2/lib/dx.jar
7f5b8805c000-7f5b89010000 rw-p 00000000 00:00 0 
7f5b89010000-7f5b891e9000 r--s 03d29000 08:07 835701                     /usr/lib/jvm/java-8-oracle/jre/lib/rt.jar
7f5b891e9000-7f5b8975f000 rw-p 00000000 00:00 0 
7f5b8975f000-7f5b89a5f000 ---p 00000000 00:00 0 
7f5b89a5f000-7f5b89c5f000 rw-p 00000000 00:00 0 
7f5b89c5f000-7f5b89c60000 ---p 00000000 00:00 0 
7f5b89c60000-7f5b89d60000 rw-p 00000000 00:00 0                          [stack:19168]
7f5b89d60000-7f5b89d61000 ---p 00000000 00:00 0 
7f5b89d61000-7f5b89e61000 rw-p 00000000 00:00 0                          [stack:19167]
7f5b89e61000-7f5b89e62000 ---p 00000000 00:00 0 
7f5b89e62000-7f5b89f62000 rw-p 00000000 00:00 0                          [stack:19166]
7f5b89f62000-7f5b89f63000 ---p 00000000 00:00 0 
7f5b89f63000-7f5b8a078000 rw-p 00000000 00:00 0                          [stack:19165]
7f5b8a078000-7f5b8a1b9000 ---p 00000000 00:00 0 
7f5b8a1b9000-7f5b8a1ce000 rw-p 00000000 00:00 0 
7f5b8a1ce000-7f5b8a30e000 ---p 00000000 00:00 0 
7f5b8a30e000-7f5b8a321000 rw-p 00000000 00:00 0 
7f5b8a321000-7f5b8a3b9000 ---p 00000000 00:00 0 
7f5b8a3b9000-7f5b8a3c6000 rw-p 00000000 00:00 0 
7f5b8a3c6000-7f5b8a77a000 ---p 00000000 00:00 0 
7f5b8a77a000-7f5b8a794000 r-xp 00000000 08:07 835317                     /usr/lib/jvm/java-8-oracle/jre/lib/amd64/libzip.so
7f5b8a794000-7f5b8a994000 ---p 0001a000 08:07 835317                     /usr/lib/jvm/java-8-oracle/jre/lib/amd64/libzip.so
7f5b8a994000-7f5b8a995000 rw-p 0001a000 08:07 835317                     /usr/lib/jvm/java-8-oracle/jre/lib/amd64/libzip.so
7f5b8a995000-7f5b8a99f000 r-xp 00000000 08:07 12252                      /lib/x86_64-linux-gnu/libnss_files-2.19.so
7f5b8a99f000-7f5b8ab9e000 ---p 0000a000 08:07 12252                      /lib/x86_64-linux-gnu/libnss_files-2.19.so
7f5b8ab9e000-7f5b8ab9f000 r--p 00009000 08:07 12252                      /lib/x86_64-linux-gnu/libnss_files-2.19.so
7f5b8ab9f000-7f5b8aba0000 rw-p 0000a000 08:07 12252                      /lib/x86_64-linux-gnu/libnss_files-2.19.so
7f5b8aba0000-7f5b8abab000 r-xp 00000000 08:07 12244                      /lib/x86_64-linux-gnu/libnss_nis-2.19.so
7f5b8abab000-7f5b8adaa000 ---p 0000b000 08:07 12244                      /lib/x86_64-linux-gnu/libnss_nis-2.19.so
7f5b8adaa000-7f5b8adab000 r--p 0000a000 08:07 12244                      /lib/x86_64-linux-gnu/libnss_nis-2.19.so
7f5b8adab000-7f5b8adac000 rw-p 0000b000 08:07 12244                      /lib/x86_64-linux-gnu/libnss_nis-2.19.so
7f5b8adac000-7f5b8adc3000 r-xp 00000000 08:07 12240                      /lib/x86_64-linux-gnu/libnsl-2.19.so
7f5b8adc3000-7f5b8afc2000 ---p 00017000 08:07 12240                      /lib/x86_64-linux-gnu/libnsl-2.19.so
7f5b8afc2000-7f5b8afc3000 r--p 00016000 08:07 12240                      /lib/x86_64-linux-gnu/libnsl-2.19.so
7f5b8afc3000-7f5b8afc4000 rw-p 00017000 08:07 12240                      /lib/x86_64-linux-gnu/libnsl-2.19.so
7f5b8afc4000-7f5b8afc6000 rw-p 00000000 00:00 0 
7f5b8afc6000-7f5b8afcf000 r-xp 00000000 08:07 12239                      /lib/x86_64-linux-gnu/libnss_compat-2.19.so
7f5b8afcf000-7f5b8b1ce000 ---p 00009000 08:07 12239                      /lib/x86_64-linux-gnu/libnss_compat-2.19.so
7f5b8b1ce000-7f5b8b1cf000 r--p 00008000 08:07 12239                      /lib/x86_64-linux-gnu/libnss_compat-2.19.so
7f5b8b1cf000-7f5b8b1d0000 rw-p 00009000 08:07 12239                      /lib/x86_64-linux-gnu/libnss_compat-2.19.so
7f5b8b1d0000-7f5b8b1fa000 r-xp 00000000 08:07 835365                     /usr/lib/jvm/java-8-oracle/jre/lib/amd64/libjava.so
7f5b8b1fa000-7f5b8b3fa000 ---p 0002a000 08:07 835365                     /usr/lib/jvm/java-8-oracle/jre/lib/amd64/libjava.so
7f5b8b3fa000-7f5b8b3fc000 rw-p 0002a000 08:07 835365                     /usr/lib/jvm/java-8-oracle/jre/lib/amd64/libjava.so
7f5b8b3fc000-7f5b8b409000 r-xp 00000000 08:07 835429                     /usr/lib/jvm/java-8-oracle/jre/lib/amd64/libverify.so
7f5b8b409000-7f5b8b609000 ---p 0000d000 08:07 835429                     /usr/lib/jvm/java-8-oracle/jre/lib/amd64/libverify.so
7f5b8b609000-7f5b8b60b000 rw-p 0000d000 08:07 835429                     /usr/lib/jvm/java-8-oracle/jre/lib/amd64/libverify.so
7f5b8b60b000-7f5b8b612000 r-xp 00000000 08:07 12248                      /lib/x86_64-linux-gnu/librt-2.19.so
7f5b8b612000-7f5b8b811000 ---p 00007000 08:07 12248                      /lib/x86_64-linux-gnu/librt-2.19.so
7f5b8b811000-7f5b8b812000 r--p 00006000 08:07 12248                      /lib/x86_64-linux-gnu/librt-2.19.so
7f5b8b812000-7f5b8b813000 rw-p 00007000 08:07 12248                      /lib/x86_64-linux-gnu/librt-2.19.so
7f5b8b813000-7f5b8b918000 r-xp 00000000 08:07 10642                      /lib/x86_64-linux-gnu/libm-2.19.so
7f5b8b918000-7f5b8bb17000 ---p 00105000 08:07 10642                      /lib/x86_64-linux-gnu/libm-2.19.so
7f5b8bb17000-7f5b8bb18000 r--p 00104000 08:07 10642                      /lib/x86_64-linux-gnu/libm-2.19.so
7f5b8bb18000-7f5b8bb19000 rw-p 00105000 08:07 10642                      /lib/x86_64-linux-gnu/libm-2.19.so
7f5b8bb19000-7f5b8c7e4000 r-xp 00000000 08:07 835403                     /usr/lib/jvm/java-8-oracle/jre/lib/amd64/server/libjvm.so
7f5b8c7e4000-7f5b8c9e3000 ---p 00ccb000 08:07 835403                     /usr/lib/jvm/java-8-oracle/jre/lib/amd64/server/libjvm.so
7f5b8c9e3000-7f5b8cabc000 rw-p 00cca000 08:07 835403                     /usr/lib/jvm/java-8-oracle/jre/lib/amd64/server/libjvm.so
7f5b8cabc000-7f5b8cb07000 rw-p 00000000 00:00 0 
7f5b8cb07000-7f5b8ccc1000 r-xp 00000000 08:07 12249                      /lib/x86_64-linux-gnu/libc-2.19.so
7f5b8ccc1000-7f5b8cec1000 ---p 001ba000 08:07 12249                      /lib/x86_64-linux-gnu/libc-2.19.so
7f5b8cec1000-7f5b8cec5000 r--p 001ba000 08:07 12249                      /lib/x86_64-linux-gnu/libc-2.19.so
7f5b8cec5000-7f5b8cec7000 rw-p 001be000 08:07 12249                      /lib/x86_64-linux-gnu/libc-2.19.so
7f5b8cec7000-7f5b8cecc000 rw-p 00000000 00:00 0 
7f5b8cecc000-7f5b8cecf000 r-xp 00000000 08:07 12236                      /lib/x86_64-linux-gnu/libdl-2.19.so
7f5b8cecf000-7f5b8d0ce000 ---p 00003000 08:07 12236                      /lib/x86_64-linux-gnu/libdl-2.19.so
7f5b8d0ce000-7f5b8d0cf000 r--p 00002000 08:07 12236                      /lib/x86_64-linux-gnu/libdl-2.19.so
7f5b8d0cf000-7f5b8d0d0000 rw-p 00003000 08:07 12236                      /lib/x86_64-linux-gnu/libdl-2.19.so
7f5b8d0d0000-7f5b8d0e5000 r-xp 00000000 08:07 832692                     /usr/lib/jvm/java-8-oracle/lib/amd64/jli/libjli.so
7f5b8d0e5000-7f5b8d2e5000 ---p 00015000 08:07 832692                     /usr/lib/jvm/java-8-oracle/lib/amd64/jli/libjli.so
7f5b8d2e5000-7f5b8d2e6000 rw-p 00015000 08:07 832692                     /usr/lib/jvm/java-8-oracle/lib/amd64/jli/libjli.so
7f5b8d2e6000-7f5b8d2ff000 r-xp 00000000 08:07 12241                      /lib/x86_64-linux-gnu/libpthread-2.19.so
7f5b8d2ff000-7f5b8d4fe000 ---p 00019000 08:07 12241                      /lib/x86_64-linux-gnu/libpthread-2.19.so
7f5b8d4fe000-7f5b8d4ff000 r--p 00018000 08:07 12241                      /lib/x86_64-linux-gnu/libpthread-2.19.so
7f5b8d4ff000-7f5b8d500000 rw-p 00019000 08:07 12241                      /lib/x86_64-linux-gnu/libpthread-2.19.so
7f5b8d500000-7f5b8d504000 rw-p 00000000 00:00 0 
7f5b8d504000-7f5b8d527000 r-xp 00000000 08:07 12242                      /lib/x86_64-linux-gnu/ld-2.19.so
7f5b8d52a000-7f5b8d5fc000 rw-p 00000000 00:00 0 
7f5b8d5fc000-7f5b8d5ff000 ---p 00000000 00:00 0 
7f5b8d5ff000-7f5b8d702000 rw-p 00000000 00:00 0                          [stack:19164]
7f5b8d702000-7f5b8d706000 r--s 00097000 08:07 835182                     /usr/lib/jvm/java-8-oracle/jre/lib/jsse.jar
7f5b8d706000-7f5b8d71a000 rw-p 00000000 00:00 0 
7f5b8d71a000-7f5b8d722000 rw-s 00000000 08:07 132931                     /tmp/hsperfdata_suraj/19159
7f5b8d722000-7f5b8d723000 rw-p 00000000 00:00 0 
7f5b8d723000-7f5b8d724000 ---p 00000000 00:00 0 
7f5b8d724000-7f5b8d726000 rw-p 00000000 00:00 0 
7f5b8d726000-7f5b8d727000 r--p 00022000 08:07 12242                      /lib/x86_64-linux-gnu/ld-2.19.so
7f5b8d727000-7f5b8d728000 rw-p 00023000 08:07 12242                      /lib/x86_64-linux-gnu/ld-2.19.so
7f5b8d728000-7f5b8d729000 rw-p 00000000 00:00 0 
7fff1d620000-7fff1d642000 rw-p 00000000 00:00 0                          [stack]
7fff1d6f0000-7fff1d6f2000 r--p 00000000 00:00 0                          [vvar]
7fff1d6f2000-7fff1d6f4000 r-xp 00000000 00:00 0                          [vdso]
ffffffffff600000-ffffffffff601000 r-xp 00000000 00:00 0                  [vsyscall]

VM Arguments:
jvm_args: -Djava.awt.headless=true -Xmx1024M -Dfile.encoding=UTF-8 -Duser.country=IN -Duser.language=en -Duser.variant 
java_command: com.android.dx.command.Main --dex --num-threads=4 --output /home/suraj/AndroidstudioProjects/INC16 User/XposedTest/app/build/intermediates/transforms/dex/debug/folders/1000/1f/main /home/suraj/AndroidstudioProjects/INC16 User/XposedTest/app/build/intermediates/pre-dexed/debug/com.android.support-animated-vector-drawable-23.4.0_be07353bb16ccf0fef505a69943d9fc09dc9642f.jar /home/suraj/AndroidstudioProjects/INC16 User/XposedTest/app/build/intermediates/pre-dexed/debug/support-annotations-23.4.0_a3d745a1bf1a04805be999cf311c31524f1d1636.jar /home/suraj/AndroidstudioProjects/INC16 User/XposedTest/app/build/intermediates/pre-dexed/debug/com.android.support-support-vector-drawable-23.4.0_676447daa75c9db9d8d35a0d5a51b5319efb8353.jar /home/suraj/AndroidstudioProjects/INC16 User/XposedTest/app/build/intermediates/pre-dexed/debug/com.android.support-appcompat-v7-23.4.0_981c9b2855867cfdd2459ee07aaed4157488c5e7.jar /home/suraj/AndroidstudioProjects/INC16 User/XposedTest/app/build/intermediates/pre-dexed/debug/com.android.support-recyclerview-v7-23.4.0_60f4a804d294ac777e8e7b246198bcdea18d9228.jar /home/suraj/AndroidstudioProjects/INC16 User/XposedTest/app/build/intermediates/pre-dexed/debug/com.android.support-design-23.4.0_487aa70fa98c1fda507e1c0a0ea7e84278685d12.jar /home/suraj/AndroidstudioProjects/INC16 User/XposedTest/app/build/intermediates/pre-dexed/debug/com.android.support-support-v4-23.4.0_5fd6493f1f433588c7e5dee639f964f183a31c78.jar /home/suraj/AndroidstudioProjects/INC16 User/XposedTest/app/build/intermediates/pre-dexed/debug/internal_impl-23.4.0_7b80d44c2ff9553ffe60d6c56827fc31271eb388.jar /home/suraj/AndroidstudioProjects/INC16 User/XposedTest/app/build/intermediates/pre-dexed/debug/debug_a49f1966680b8c3065ab574a6ac6bbcc37a1639c.jar
java_class_path (initial): /home/suraj/android/android-sdk-linux/build-tools/23.0.2/lib/dx.jar
Launcher Type: SUN_STANDARD

Environment Variables:
JAVA_HOME=/usr/lib/jvm/java-8-oracle
PATH=/usr/local/heroku/bin:/home/suraj/.rbenv/plugins/ruby-build/bin:/home/suraj/.rbenv/shims:/home/suraj/.rbenv/bin:/usr/local/sbin:/usr/local/bin:/usr/sbin:/usr/bin:/sbin:/bin:/usr/games:/usr/local/games:/usr/lib/jvm/java-8-oracle/bin:/usr/lib/jvm/java-8-oracle/db/bin:/usr/lib/jvm/java-8-oracle/jre/bin:/home/suraj/scripts/:/home/suraj/android/toolchain/arm-cortex_a8-linux-gnueabi-linaro_4.7.4-2014.04/bin:/home/suraj/android/android-sdk-linux/tools:/home/suraj/android/android-sdk-linux/platform-tools
LD_LIBRARY_PATH=/home/suraj/android-studio/bin::/usr/local/lib
SHELL=/bin/bash
DISPLAY=:0
ARCH=arm

Signal Handlers:
SIGSEGV: [libjvm.so+0xac4790], sa_mask[0]=11111111011111111101111111111110, sa_flags=SA_RESTART|SA_SIGINFO
SIGBUS: [libjvm.so+0xac4790], sa_mask[0]=11111111011111111101111111111110, sa_flags=SA_RESTART|SA_SIGINFO
SIGFPE: [libjvm.so+0x91f140], sa_mask[0]=11111111011111111101111111111110, sa_flags=SA_RESTART|SA_SIGINFO
SIGPIPE: [libjvm.so+0x91f140], sa_mask[0]=11111111011111111101111111111110, sa_flags=SA_RESTART|SA_SIGINFO
SIGXFSZ: [libjvm.so+0x91f140], sa_mask[0]=11111111011111111101111111111110, sa_flags=SA_RESTART|SA_SIGINFO
SIGILL: [libjvm.so+0x91f140], sa_mask[0]=11111111011111111101111111111110, sa_flags=SA_RESTART|SA_SIGINFO
SIGUSR1: SIG_DFL, sa_mask[0]=00000000000000000000000000000000, sa_flags=none
SIGUSR2: [libjvm.so+0x920770], sa_mask[0]=00100000000000000000000000000000, sa_flags=SA_RESTART|SA_SIGINFO
SIGHUP: [libjvm.so+0x921b70], sa_mask[0]=11111111011111111101111111111110, sa_flags=SA_RESTART|SA_SIGINFO
SIGINT: [libjvm.so+0x921b70], sa_mask[0]=11111111011111111101111111111110, sa_flags=SA_RESTART|SA_SIGINFO
SIGTERM: [libjvm.so+0x921b70], sa_mask[0]=11111111011111111101111111111110, sa_flags=SA_RESTART|SA_SIGINFO
SIGQUIT: [libjvm.so+0x921b70], sa_mask[0]=11111111011111111101111111111110, sa_flags=SA_RESTART|SA_SIGINFO


---------------  S Y S T E M  ---------------

OS:DISTRIB_ID=Ubuntu
DISTRIB_RELEASE=14.04
DISTRIB_CODENAME=trusty
DISTRIB_DESCRIPTION="Ubuntu 14.04.5 LTS"

uname:Linux 3.17.0-031700-generic #201410060605 SMP Mon Oct 6 10:07:09 UTC 2014 x86_64
libc:glibc 2.19 NPTL 2.19 
rlimit: STACK 8192k, CORE 0k, NPROC 15261, NOFILE 4096, AS infinity
load average:7.44 2.79 1.63

/proc/meminfo:
MemTotal:        3952400 kB
MemFree:           85312 kB
MemAvailable:      31580 kB
Buffers:             704 kB
Cached:           426820 kB
SwapCached:            0 kB
Active:          3257508 kB
Inactive:         391332 kB
Active(anon):    3246988 kB
Inactive(anon):   380576 kB
Active(file):      10520 kB
Inactive(file):    10756 kB
Unevictable:          32 kB
Mlocked:              32 kB
SwapTotal:             0 kB
SwapFree:              0 kB
Dirty:                52 kB
Writeback:             0 kB
AnonPages:       3221224 kB
Mapped:           106644 kB
Shmem:            406160 kB
Slab:              75740 kB
SReclaimable:      40180 kB
SUnreclaim:        35560 kB
KernelStack:       11632 kB
PageTables:        37872 kB
NFS_Unstable:          0 kB
Bounce:                0 kB
WritebackTmp:          0 kB
CommitLimit:     1976200 kB
Committed_AS:    7412624 kB
VmallocTotal:   34359738367 kB
VmallocUsed:      352408 kB
VmallocChunk:   34359360852 kB
HardwareCorrupted:     0 kB
AnonHugePages:   1488896 kB
HugePages_Total:       0
HugePages_Free:        0
HugePages_Rsvd:        0
HugePages_Surp:        0
Hugepagesize:       2048 kB
DirectMap4k:       81172 kB
DirectMap2M:     2969600 kB
DirectMap1G:     1048576 kB


CPU:total 4 (2 cores per cpu, 2 threads per core) family 6 model 69 stepping 1, cmov, cx8, fxsr, mmx, sse, sse2, sse3, ssse3, sse4.1, sse4.2, popcnt, avx, avx2, aes, clmul, erms, lzcnt, ht, tsc, tscinvbit, bmi1, bmi2

/proc/cpuinfo:
processor	: 0
vendor_id	: GenuineIntel
cpu family	: 6
model		: 69
model name	: Intel(R) Core(TM) i5-4200U CPU @ 1.60GHz
stepping	: 1
microcode	: 0x16
cpu MHz		: 799.968
cache size	: 3072 KB
physical id	: 0
siblings	: 4
core id		: 0
cpu cores	: 2
apicid		: 0
initial apicid	: 0
fpu		: yes
fpu_exception	: yes
cpuid level	: 13
wp		: yes
flags		: fpu vme de pse tsc msr pae mce cx8 apic sep mtrr pge mca cmov pat pse36 clflush dts acpi mmx fxsr sse sse2 ss ht tm pbe syscall nx pdpe1gb rdtscp lm constant_tsc arch_perfmon pebs bts rep_good nopl xtopology nonstop_tsc aperfmperf eagerfpu pni pclmulqdq dtes64 monitor ds_cpl vmx est tm2 ssse3 fma cx16 xtpr pdcm pcid sse4_1 sse4_2 movbe popcnt tsc_deadline_timer aes xsave avx f16c rdrand lahf_lm abm ida arat epb pln pts dtherm tpr_shadow vnmi flexpriority ept vpid fsgsbase tsc_adjust bmi1 avx2 smep bmi2 erms invpcid xsaveopt
bugs		:
bogomips	: 4589.43
clflush size	: 64
cache_alignment	: 64
address sizes	: 39 bits physical, 48 bits virtual
power management:

processor	: 1
vendor_id	: GenuineIntel
cpu family	: 6
model		: 69
model name	: Intel(R) Core(TM) i5-4200U CPU @ 1.60GHz
stepping	: 1
microcode	: 0x16
cpu MHz		: 799.968
cache size	: 3072 KB
physical id	: 0
siblings	: 4
core id		: 1
cpu cores	: 2
apicid		: 2
initial apicid	: 2
fpu		: yes
fpu_exception	: yes
cpuid level	: 13
wp		: yes
flags		: fpu vme de pse tsc msr pae mce cx8 apic sep mtrr pge mca cmov pat pse36 clflush dts acpi mmx fxsr sse sse2 ss ht tm pbe syscall nx pdpe1gb rdtscp lm constant_tsc arch_perfmon pebs bts rep_good nopl xtopology nonstop_tsc aperfmperf eagerfpu pni pclmulqdq dtes64 monitor ds_cpl vmx est tm2 ssse3 fma cx16 xtpr pdcm pcid sse4_1 sse4_2 movbe popcnt tsc_deadline_timer aes xsave avx f16c rdrand lahf_lm abm ida arat epb pln pts dtherm tpr_shadow vnmi flexpriority ept vpid fsgsbase tsc_adjust bmi1 avx2 smep bmi2 erms invpcid xsaveopt
bugs		:
bogomips	: 4589.43
clflush size	: 64
cache_alignment	: 64
address sizes	: 39 bits physical, 48 bits virtual
power management:

processor	: 2
vendor_id	: GenuineIntel
cpu family	: 6
model		: 69
model name	: Intel(R) Core(TM) i5-4200U CPU @ 1.60GHz
stepping	: 1
microcode	: 0x16
cpu MHz		: 799.968
cache size	: 3072 KB
physical id	: 0
siblings	: 4
core id		: 0
cpu cores	: 2
apicid		: 1
initial apicid	: 1
fpu		: yes
fpu_exception	: yes
cpuid level	: 13
wp		: yes
flags		: fpu vme de pse tsc msr pae mce cx8 apic sep mtrr pge mca cmov pat pse36 clflush dts acpi mmx fxsr sse sse2 ss ht tm pbe syscall nx pdpe1gb rdtscp lm constant_tsc arch_perfmon pebs bts rep_good nopl xtopology nonstop_tsc aperfmperf eagerfpu pni pclmulqdq dtes64 monitor ds_cpl vmx est tm2 ssse3 fma cx16 xtpr pdcm pcid sse4_1 sse4_2 movbe popcnt tsc_deadline_timer aes xsave avx f16c rdrand lahf_lm abm ida arat epb pln pts dtherm tpr_shadow vnmi flexpriority ept vpid fsgsbase tsc_adjust bmi1 avx2 smep bmi2 erms invpcid xsaveopt
bugs		:
bogomips	: 4589.43
clflush size	: 64
cache_alignment	: 64
address sizes	: 39 bits physical, 48 bits virtual
power management:

processor	: 3
vendor_id	: GenuineIntel
cpu family	: 6
model		: 69
model name	: Intel(R) Core(TM) i5-4200U CPU @ 1.60GHz
stepping	: 1
microcode	: 0x16
cpu MHz		: 799.968
cache size	: 3072 KB
physical id	: 0
siblings	: 4
core id		: 1
cpu cores	: 2
apicid		: 3
initial apicid	: 3
fpu		: yes
fpu_exception	: yes
cpuid level	: 13
wp		: yes
flags		: fpu vme de pse tsc msr pae mce cx8 apic sep mtrr pge mca cmov pat pse36 clflush dts acpi mmx fxsr sse sse2 ss ht tm pbe syscall nx pdpe1gb rdtscp lm constant_tsc arch_perfmon pebs bts rep_good nopl xtopology nonstop_tsc aperfmperf eagerfpu pni pclmulqdq dtes64 monitor ds_cpl vmx est tm2 ssse3 fma cx16 xtpr pdcm pcid sse4_1 sse4_2 movbe popcnt tsc_deadline_timer aes xsave avx f16c rdrand lahf_lm abm ida arat epb pln pts dtherm tpr_shadow vnmi flexpriority ept vpid fsgsbase tsc_adjust bmi1 avx2 smep bmi2 erms invpcid xsaveopt
bugs		:
bogomips	: 4589.43
clflush size	: 64
cache_alignment	: 64
address sizes	: 39 bits physical, 48 bits virtual
power management:



Memory: 4k page, physical 3952400k(85948k free), swap 0k(0k free)

vm_info: Java HotSpot(TM) 64-Bit Server VM (25.101-b13) for linux-amd64 JRE (1.8.0_101-b13), built on Jun 22 2016 02:59:44 by "java_re" with gcc 4.3.0 20080428 (Red Hat 4.3.0-8)

time: Fri Sep  2 18:59:53 2016
elapsed time: 25 seconds (0d 0h 0m 25s)

