#
# There is insufficient memory for the Java Runtime Environment to continue.
# Native memory allocation (mmap) failed to map 32505856 bytes for committing reserved memory.
# Possible reasons:
#   The system is out of physical RAM or swap space
#   In 32 bit mode, the process size limit was hit
# Possible solutions:
#   Reduce memory load on the system
#   Increase physical memory or swap space
#   Check if swap backing store is full
#   Use 64 bit Java on a 64 bit OS
#   Decrease Java heap size (-Xmx/-Xms)
#   Decrease number of Java threads
#   Decrease Java thread stack sizes (-Xss)
#   Set larger code cache with -XX:ReservedCodeCacheSize=
# This output file may be truncated or incomplete.
#
#  Out of Memory Error (os_linux.cpp:2627), pid=7774, tid=0x00007f7355efe700
#
# JRE version: Java(TM) SE Runtime Environment (8.0_111-b14) (build 1.8.0_111-b14)
# Java VM: Java HotSpot(TM) 64-Bit Server VM (25.111-b14 mixed mode linux-amd64 compressed oops)
# Failed to write core dump. Core dumps have been disabled. To enable core dumping, try "ulimit -c unlimited" before starting Java again
#

---------------  T H R E A D  ---------------

Current thread (0x00007f736c079000):  VMThread [stack: 0x00007f7355dfe000,0x00007f7355eff000] [id=7784]

Stack: [0x00007f7355dfe000,0x00007f7355eff000],  sp=0x00007f7355efd1e0,  free space=1020k
Native frames: (J=compiled Java code, j=interpreted, Vv=VM code, C=native code)
V  [libjvm.so+0xac5c2a]  VMError::report_and_die()+0x2ba
V  [libjvm.so+0x4fc50b]  report_vm_out_of_memory(char const*, int, unsigned long, VMErrorType, char const*)+0x8b
V  [libjvm.so+0x922ae3]  os::Linux::commit_memory_impl(char*, unsigned long, bool)+0x103
V  [libjvm.so+0x923039]  os::pd_commit_memory(char*, unsigned long, unsigned long, bool)+0x29
V  [libjvm.so+0x91d33a]  os::commit_memory(char*, unsigned long, unsigned long, bool)+0x2a
V  [libjvm.so+0x991ac3]  PSVirtualSpace::expand_by(unsigned long)+0x53
V  [libjvm.so+0x992ec8]  PSYoungGen::resize_generation(unsigned long, unsigned long)+0xf8
V  [libjvm.so+0x992022]  PSYoungGen::resize(unsigned long, unsigned long)+0x22
V  [libjvm.so+0x98f2fb]  PSScavenge::invoke_no_policy()+0xf3b
V  [libjvm.so+0x98fa81]  PSScavenge::invoke()+0x41
V  [libjvm.so+0x9467d0]  ParallelScavengeHeap::failed_mem_allocate(unsigned long)+0x70
V  [libjvm.so+0xac7647]  VM_ParallelGCFailedAllocation::doit()+0x97
V  [libjvm.so+0xacf125]  VM_Operation::evaluate()+0x55
V  [libjvm.so+0xacd4fa]  VMThread::evaluate_operation(VM_Operation*)+0xba
V  [libjvm.so+0xacd87e]  VMThread::loop()+0x1ce
V  [libjvm.so+0xacdcf0]  VMThread::run()+0x70
V  [libjvm.so+0x924ea8]  java_start(Thread*)+0x108

VM_Operation (0x00007f737469af30): ParallelGCFailedAllocation, mode: safepoint, requested by thread 0x00007f736c00b000


---------------  P R O C E S S  ---------------

Java Threads: ( => current thread )
  0x00007f736c0db000 JavaThread "Service Thread" daemon [_thread_blocked, id=7791, stack(0x00007f7355015000,0x00007f7355116000)]
  0x00007f736c0be000 JavaThread "C1 CompilerThread2" daemon [_thread_blocked, id=7790, stack(0x00007f7355116000,0x00007f7355217000)]
  0x00007f736c0bc800 JavaThread "C2 CompilerThread1" daemon [_thread_blocked, id=7789, stack(0x00007f7355217000,0x00007f7355318000)]
  0x00007f736c0b9800 JavaThread "C2 CompilerThread0" daemon [_thread_blocked, id=7788, stack(0x00007f7355318000,0x00007f7355419000)]
  0x00007f736c0b8000 JavaThread "Signal Dispatcher" daemon [_thread_blocked, id=7787, stack(0x00007f7355419000,0x00007f735551a000)]
  0x00007f736c085000 JavaThread "Finalizer" daemon [_thread_blocked, id=7786, stack(0x00007f7355bfc000,0x00007f7355cfd000)]
  0x00007f736c080800 JavaThread "Reference Handler" daemon [_thread_blocked, id=7785, stack(0x00007f7355cfd000,0x00007f7355dfe000)]
  0x00007f736c00b000 JavaThread "main" [_thread_blocked, id=7779, stack(0x00007f737459c000,0x00007f737469d000)]

Other Threads:
=>0x00007f736c079000 VMThread [stack: 0x00007f7355dfe000,0x00007f7355eff000] [id=7784]
  0x00007f736c0de000 WatcherThread [stack: 0x00007f7354f14000,0x00007f7355015000] [id=7792]

VM state:at safepoint (normal execution)

VM Mutex/Monitor currently owned by a thread:  ([mutex/lock_event])
[0x00007f736c007430] Threads_lock - owner thread: 0x00007f736c079000
[0x00007f736c007930] Heap_lock - owner thread: 0x00007f736c00b000

Heap:
 PSYoungGen      total 34304K, used 2538K [0x00000000eab00000, 0x00000000ecf00000, 0x0000000100000000)
  eden space 31744K, 0% used [0x00000000eab00000,0x00000000eab00000,0x00000000eca00000)
  from space 2560K, 99% used [0x00000000eca00000,0x00000000ecc7aac8,0x00000000ecc80000)
  to   space 2560K, 0% used [0x00000000ecc80000,0x00000000ecc80000,0x00000000ecf00000)
 ParOldGen       total 42496K, used 13096K [0x00000000c0000000, 0x00000000c2980000, 0x00000000eab00000)
  object space 42496K, 30% used [0x00000000c0000000,0x00000000c0cca3e0,0x00000000c2980000)
 Metaspace       used 4448K, capacity 5424K, committed 5632K, reserved 1056768K
  class space    used 479K, capacity 488K, committed 512K, reserved 1048576K

Card table byte_map: [0x00007f7371158000,0x00007f7371359000] byte_map_base: 0x00007f7370b58000

Marking Bits: (ParMarkBitMap*) 0x00007f7373a7a220
 Begin Bits: [0x00007f7356000000, 0x00007f7357000000)
 End Bits:   [0x00007f7357000000, 0x00007f7358000000)

Polling page: 0x00007f73746c3000

CodeCache: size=245760Kb used=2832Kb max_used=2846Kb free=242927Kb
 bounds [0x00007f735d000000, 0x00007f735d2d0000, 0x00007f736c000000]
 total_blobs=1097 nmethods=836 adapters=175
 compilation: enabled

Compilation events (10 events):
Event: 1.128 Thread 0x00007f736c0bc800 nmethod 859 0x00007f735d2c2490 code [0x00007f735d2c2600, 0x00007f735d2c27b8]
Event: 1.128 Thread 0x00007f736c0bc800  858       4       com.android.dx.io.instructions.InstructionCodec$25::decode (7 bytes)
Event: 1.141 Thread 0x00007f736c0bc800 nmethod 858 0x00007f735d2c8010 code [0x00007f735d2c81e0, 0x00007f735d2c8af8]
Event: 1.141 Thread 0x00007f736c0bc800  861       4       com.android.dx.io.instructions.InstructionCodec::decodeRegisterList (265 bytes)
Event: 1.148 Thread 0x00007f736c0be000  868       1       com.android.dx.io.instructions.PackedSwitchPayloadDecodedInstruction::getTargets (5 bytes)
Event: 1.149 Thread 0x00007f736c0be000 nmethod 868 0x00007f735d2bd590 code [0x00007f735d2bd6e0, 0x00007f735d2bd7f0]
Event: 1.149 Thread 0x00007f736c0be000  869       1       com.android.dx.io.instructions.PackedSwitchPayloadDecodedInstruction::getFirstKey (5 bytes)
Event: 1.149 Thread 0x00007f736c0be000 nmethod 869 0x00007f735d2c21d0 code [0x00007f735d2c2320, 0x00007f735d2c2430]
Event: 1.157 Thread 0x00007f736c0bc800 nmethod 861 0x00007f735d2c9510 code [0x00007f735d2c96e0, 0x00007f735d2ca0d8]
Event: 1.157 Thread 0x00007f736c0bc800  857 %     4       com.android.dex.Dex$Section::readShortArray @ 14 (34 bytes)

GC Heap History (5 events):
Event: 0.396 GC heap before
{Heap before GC invocations=1 (full 0):
 PSYoungGen      total 18432K, used 15872K [0x00000000eab00000, 0x00000000ebf80000, 0x0000000100000000)
  eden space 15872K, 100% used [0x00000000eab00000,0x00000000eba80000,0x00000000eba80000)
  from space 2560K, 0% used [0x00000000ebd00000,0x00000000ebd00000,0x00000000ebf80000)
  to   space 2560K, 0% used [0x00000000eba80000,0x00000000eba80000,0x00000000ebd00000)
 ParOldGen       total 42496K, used 0K [0x00000000c0000000, 0x00000000c2980000, 0x00000000eab00000)
  object space 42496K, 0% used [0x00000000c0000000,0x00000000c0000000,0x00000000c2980000)
 Metaspace       used 3864K, capacity 4944K, committed 5120K, reserved 1056768K
  class space    used 425K, capacity 456K, committed 512K, reserved 1048576K
Event: 0.413 GC heap after
Heap after GC invocations=1 (full 0):
 PSYoungGen      total 18432K, used 2541K [0x00000000eab00000, 0x00000000ecf00000, 0x0000000100000000)
  eden space 15872K, 0% used [0x00000000eab00000,0x00000000eab00000,0x00000000eba80000)
  from space 2560K, 99% used [0x00000000eba80000,0x00000000ebcfb738,0x00000000ebd00000)
  to   space 2560K, 0% used [0x00000000ecc80000,0x00000000ecc80000,0x00000000ecf00000)
 ParOldGen       total 42496K, used 11523K [0x00000000c0000000, 0x00000000c2980000, 0x00000000eab00000)
  object space 42496K, 27% used [0x00000000c0000000,0x00000000c0b40f20,0x00000000c2980000)
 Metaspace       used 3864K, capacity 4944K, committed 5120K, reserved 1056768K
  class space    used 425K, capacity 456K, committed 512K, reserved 1048576K
}
Event: 0.626 GC heap before
{Heap before GC invocations=2 (full 0):
 PSYoungGen      total 18432K, used 18413K [0x00000000eab00000, 0x00000000ecf00000, 0x0000000100000000)
  eden space 15872K, 100% used [0x00000000eab00000,0x00000000eba80000,0x00000000eba80000)
  from space 2560K, 99% used [0x00000000eba80000,0x00000000ebcfb738,0x00000000ebd00000)
  to   space 2560K, 0% used [0x00000000ecc80000,0x00000000ecc80000,0x00000000ecf00000)
 ParOldGen       total 42496K, used 11523K [0x00000000c0000000, 0x00000000c2980000, 0x00000000eab00000)
  object space 42496K, 27% used [0x00000000c0000000,0x00000000c0b40f20,0x00000000c2980000)
 Metaspace       used 3963K, capacity 5008K, committed 5120K, reserved 1056768K
  class space    used 431K, capacity 456K, committed 512K, reserved 1048576K
Event: 0.635 GC heap after
Heap after GC invocations=2 (full 0):
 PSYoungGen      total 34304K, used 2339K [0x00000000eab00000, 0x00000000ecf00000, 0x0000000100000000)
  eden space 31744K, 0% used [0x00000000eab00000,0x00000000eab00000,0x00000000eca00000)
  from space 2560K, 91% used [0x00000000ecc80000,0x00000000ecec8f40,0x00000000ecf00000)
  to   space 2560K, 0% used [0x00000000eca00000,0x00000000eca00000,0x00000000ecc80000)
 ParOldGen       total 42496K, used 13006K [0x00000000c0000000, 0x00000000c2980000, 0x00000000eab00000)
  object space 42496K, 30% used [0x00000000c0000000,0x00000000c0cb3ba8,0x00000000c2980000)
 Metaspace       used 3963K, capacity 5008K, committed 5120K, reserved 1056768K
  class space    used 431K, capacity 456K, committed 512K, reserved 1048576K
}
Event: 1.189 GC heap before
{Heap before GC invocations=3 (full 0):
 PSYoungGen      total 34304K, used 34083K [0x00000000eab00000, 0x00000000ecf00000, 0x0000000100000000)
  eden space 31744K, 100% used [0x00000000eab00000,0x00000000eca00000,0x00000000eca00000)
  from space 2560K, 91% used [0x00000000ecc80000,0x00000000ecec8f40,0x00000000ecf00000)
  to   space 2560K, 0% used [0x00000000eca00000,0x00000000eca00000,0x00000000ecc80000)
 ParOldGen       total 42496K, used 13006K [0x00000000c0000000, 0x00000000c2980000, 0x00000000eab00000)
  object space 42496K, 30% used [0x00000000c0000000,0x00000000c0cb3ba8,0x00000000c2980000)
 Metaspace       used 4448K, capacity 5424K, committed 5632K, reserved 1056768K
  class space    used 479K, capacity 488K, committed 512K, reserved 1048576K

Deoptimization events (10 events):
Event: 0.588 Thread 0x00007f736c00b000 Uncommon trap: reason=predicate action=maybe_recompile pc=0x00007f735d1b42ac method=java.util.TreeMap.put(Ljava/lang/Object;Ljava/lang/Object;)Ljava/lang/Object; @ 132
Event: 0.681 Thread 0x00007f736c00b000 Uncommon trap: reason=class_check action=maybe_recompile pc=0x00007f735d1a6858 method=com.android.dex.Leb128.readUnsignedLeb128(Lcom/android/dex/util/ByteInput;)I @ 5
Event: 0.681 Thread 0x00007f736c00b000 Uncommon trap: reason=class_check action=maybe_recompile pc=0x00007f735d1a6858 method=com.android.dex.Leb128.readUnsignedLeb128(Lcom/android/dex/util/ByteInput;)I @ 5
Event: 0.681 Thread 0x00007f736c00b000 Uncommon trap: reason=class_check action=maybe_recompile pc=0x00007f735d1a6858 method=com.android.dex.Leb128.readUnsignedLeb128(Lcom/android/dex/util/ByteInput;)I @ 5
Event: 0.681 Thread 0x00007f736c00b000 Uncommon trap: reason=class_check action=maybe_recompile pc=0x00007f735d1a6858 method=com.android.dex.Leb128.readUnsignedLeb128(Lcom/android/dex/util/ByteInput;)I @ 5
Event: 0.704 Thread 0x00007f736c00b000 Uncommon trap: reason=predicate action=maybe_recompile pc=0x00007f735d1f3ac4 method=com.android.dex.Leb128.readUnsignedLeb128(Lcom/android/dex/util/ByteInput;)I @ 41
Event: 0.772 Thread 0x00007f736c00b000 Uncommon trap: reason=unstable_if action=reinterpret pc=0x00007f735d21e300 method=java.util.HashMap.putVal(ILjava/lang/Object;Ljava/lang/Object;ZZ)Ljava/lang/Object; @ 109
Event: 0.775 Thread 0x00007f736c00b000 Uncommon trap: reason=unstable_if action=reinterpret pc=0x00007f735d2080d8 method=com.android.dex.EncodedValueCodec.readUnsignedInt(Lcom/android/dex/util/ByteInput;IZ)I @ 3
Event: 0.899 Thread 0x00007f736c00b000 Uncommon trap: reason=unstable_if action=reinterpret pc=0x00007f735d227640 method=java.util.HashMap.getNode(ILjava/lang/Object;)Ljava/util/HashMap$Node; @ 84
Event: 0.901 Thread 0x00007f736c00b000 Uncommon trap: reason=unstable_if action=reinterpret pc=0x00007f735d217b9c method=java.util.HashMap.getNode(ILjava/lang/Object;)Ljava/util/HashMap$Node; @ 84

Internal exceptions (2 events):
Event: 0.069 Thread 0x00007f736c00b000 Exception <a 'java/lang/NoSuchMethodError': Method sun.misc.Unsafe.defineClass(Ljava/lang/String;[BII)Ljava/lang/Class; name or signature does not match> (0x00000000eab07c78) thrown at [/HUDSON3/workspace/8-2-build-linux-amd64/jdk8u111/7883/hotspot/src/sh
Event: 0.069 Thread 0x00007f736c00b000 Exception <a 'java/lang/NoSuchMethodError': Method sun.misc.Unsafe.prefetchRead(Ljava/lang/Object;J)V name or signature does not match> (0x00000000eab07f60) thrown at [/HUDSON3/workspace/8-2-build-linux-amd64/jdk8u111/7883/hotspot/src/share/vm/prims/jni.c

Events (10 events):
Event: 0.901 Thread 0x00007f736c00b000 Uncommon trap: trap_request=0xffffff65 fr.pc=0x00007f735d217b9c
Event: 0.901 Thread 0x00007f736c00b000 DEOPT PACKING pc=0x00007f735d217b9c sp=0x00007f737469b3f0
Event: 0.901 Thread 0x00007f736c00b000 DEOPT UNPACKING pc=0x00007f735d005229 sp=0x00007f737469b3a0 mode 2
Event: 0.988 Thread 0x00007f736c00b000 DEOPT PACKING pc=0x00007f735d275768 sp=0x00007f737469b180
Event: 0.988 Thread 0x00007f736c00b000 DEOPT UNPACKING pc=0x00007f735d047633 sp=0x00007f737469aeb8 mode 0
Event: 0.989 Thread 0x00007f736c00b000 DEOPT PACKING pc=0x00007f735d2814d4 sp=0x00007f737469b2e0
Event: 0.989 Thread 0x00007f736c00b000 DEOPT UNPACKING pc=0x00007f735d047633 sp=0x00007f737469b018 mode 0
Event: 1.028 Thread 0x00007f736c00b000 DEOPT PACKING pc=0x00007f735d27a145 sp=0x00007f737469b240
Event: 1.028 Thread 0x00007f736c00b000 DEOPT UNPACKING pc=0x00007f735d047633 sp=0x00007f737469af70 mode 0
Event: 1.170 Executing VM operation: ParallelGCFailedAllocation


Dynamic libraries:
00400000-00401000 r-xp 00000000 08:07 550402                             /usr/lib/jvm/java-8-oracle/bin/java
00600000-00601000 rw-p 00000000 08:07 550402                             /usr/lib/jvm/java-8-oracle/bin/java
0190a000-0192b000 rw-p 00000000 00:00 0                                  [heap]
c0000000-c2980000 rw-p 00000000 00:00 0 
c2980000-eab00000 ---p 00000000 00:00 0 
eab00000-ecf00000 rw-p 00000000 00:00 0 
eee00000-100000000 ---p 00000000 00:00 0 
100000000-100080000 rw-p 00000000 00:00 0 
100080000-140000000 ---p 00000000 00:00 0 
7f7320000000-7f7320021000 rw-p 00000000 00:00 0 
7f7320021000-7f7324000000 ---p 00000000 00:00 0 
7f7324000000-7f7324021000 rw-p 00000000 00:00 0 
7f7324021000-7f7328000000 ---p 00000000 00:00 0 
7f7328000000-7f73284bb000 rw-p 00000000 00:00 0 
7f73284bb000-7f732c000000 ---p 00000000 00:00 0 
7f732c000000-7f732c491000 rw-p 00000000 00:00 0 
7f732c491000-7f7330000000 ---p 00000000 00:00 0 
7f7330000000-7f7330021000 rw-p 00000000 00:00 0 
7f7330021000-7f7334000000 ---p 00000000 00:00 0 
7f7334000000-7f73346be000 rw-p 00000000 00:00 0 
7f73346be000-7f7338000000 ---p 00000000 00:00 0 
7f7338000000-7f7338021000 rw-p 00000000 00:00 0 
7f7338021000-7f733c000000 ---p 00000000 00:00 0 
7f733c000000-7f733c021000 rw-p 00000000 00:00 0 
7f733c021000-7f7340000000 ---p 00000000 00:00 0 
7f7340000000-7f7340021000 rw-p 00000000 00:00 0 
7f7340021000-7f7344000000 ---p 00000000 00:00 0 
7f7344000000-7f734428d000 rw-p 00000000 00:00 0 
7f734428d000-7f7348000000 ---p 00000000 00:00 0 
7f7348000000-7f7348021000 rw-p 00000000 00:00 0 
7f7348021000-7f734c000000 ---p 00000000 00:00 0 
7f7350000000-7f7350021000 rw-p 00000000 00:00 0 
7f7350021000-7f7354000000 ---p 00000000 00:00 0 
7f7354f14000-7f7354f15000 ---p 00000000 00:00 0 
7f7354f15000-7f7355015000 rw-p 00000000 00:00 0                          [stack:7792]
7f7355015000-7f7355018000 ---p 00000000 00:00 0 
7f7355018000-7f7355116000 rw-p 00000000 00:00 0                          [stack:7791]
7f7355116000-7f7355119000 ---p 00000000 00:00 0 
7f7355119000-7f7355217000 rw-p 00000000 00:00 0                          [stack:7790]
7f7355217000-7f735521a000 ---p 00000000 00:00 0 
7f735521a000-7f7355318000 rw-p 00000000 00:00 0                          [stack:7789]
7f7355318000-7f735531b000 ---p 00000000 00:00 0 
7f735531b000-7f7355419000 rw-p 00000000 00:00 0                          [stack:7788]
7f7355419000-7f735541c000 ---p 00000000 00:00 0 
7f735541c000-7f735551a000 rw-p 00000000 00:00 0                          [stack:7787]
7f735551a000-7f7355bfc000 r--p 00000000 08:07 400878                     /usr/lib/locale/locale-archive
7f7355bfc000-7f7355bff000 ---p 00000000 00:00 0 
7f7355bff000-7f7355cfd000 rw-p 00000000 00:00 0                          [stack:7786]
7f7355cfd000-7f7355d00000 ---p 00000000 00:00 0 
7f7355d00000-7f7355dfe000 rw-p 00000000 00:00 0                          [stack:7785]
7f7355dfe000-7f7355dff000 ---p 00000000 00:00 0 
7f7355dff000-7f7358000000 rw-p 00000000 00:00 0                          [stack:7784]
7f7358000000-7f7358021000 rw-p 00000000 00:00 0 
7f7358021000-7f735c000000 ---p 00000000 00:00 0 
7f735c0eb000-7f735c0fa000 r--s 000df000 08:08 674005                     /home/suraj/android/android-sdk-linux/build-tools/23.0.2/lib/dx.jar
7f735c0fa000-7f735ce28000 rw-p 00000000 00:00 0 
7f735ce28000-7f735d000000 r--s 03d2a000 08:07 911911                     /usr/lib/jvm/java-8-oracle/jre/lib/rt.jar
7f735d000000-7f735d2d0000 rwxp 00000000 00:00 0 
7f735d2d0000-7f736c000000 ---p 00000000 00:00 0 
7f736c000000-7f736c3ab000 rw-p 00000000 00:00 0 
7f736c3ab000-7f7370000000 ---p 00000000 00:00 0 
7f7370003000-7f73706fe000 rw-p 00000000 00:00 0 
7f73706fe000-7f73709fe000 ---p 00000000 00:00 0 
7f73709fe000-7f7370bfe000 rw-p 00000000 00:00 0 
7f7370bfe000-7f7370bff000 ---p 00000000 00:00 0 
7f7370bff000-7f7370cff000 rw-p 00000000 00:00 0                          [stack:7783]
7f7370cff000-7f7370d00000 ---p 00000000 00:00 0 
7f7370d00000-7f7370e00000 rw-p 00000000 00:00 0                          [stack:7782]
7f7370e00000-7f7370e01000 ---p 00000000 00:00 0 
7f7370e01000-7f7370f01000 rw-p 00000000 00:00 0                          [stack:7781]
7f7370f01000-7f7370f02000 ---p 00000000 00:00 0 
7f7370f02000-7f7371017000 rw-p 00000000 00:00 0                          [stack:7780]
7f7371017000-7f7371158000 ---p 00000000 00:00 0 
7f7371158000-7f737116d000 rw-p 00000000 00:00 0 
7f737116d000-7f73712ad000 ---p 00000000 00:00 0 
7f73712ad000-7f73712c0000 rw-p 00000000 00:00 0 
7f73712c0000-7f7371358000 ---p 00000000 00:00 0 
7f7371358000-7f7371365000 rw-p 00000000 00:00 0 
7f7371365000-7f7371719000 ---p 00000000 00:00 0 
7f7371719000-7f7371733000 r-xp 00000000 08:07 911506                     /usr/lib/jvm/java-8-oracle/jre/lib/amd64/libzip.so
7f7371733000-7f7371933000 ---p 0001a000 08:07 911506                     /usr/lib/jvm/java-8-oracle/jre/lib/amd64/libzip.so
7f7371933000-7f7371934000 rw-p 0001a000 08:07 911506                     /usr/lib/jvm/java-8-oracle/jre/lib/amd64/libzip.so
7f7371934000-7f737193e000 r-xp 00000000 08:07 12252                      /lib/x86_64-linux-gnu/libnss_files-2.19.so
7f737193e000-7f7371b3d000 ---p 0000a000 08:07 12252                      /lib/x86_64-linux-gnu/libnss_files-2.19.so
7f7371b3d000-7f7371b3e000 r--p 00009000 08:07 12252                      /lib/x86_64-linux-gnu/libnss_files-2.19.so
7f7371b3e000-7f7371b3f000 rw-p 0000a000 08:07 12252                      /lib/x86_64-linux-gnu/libnss_files-2.19.so
7f7371b3f000-7f7371b4a000 r-xp 00000000 08:07 12244                      /lib/x86_64-linux-gnu/libnss_nis-2.19.so
7f7371b4a000-7f7371d49000 ---p 0000b000 08:07 12244                      /lib/x86_64-linux-gnu/libnss_nis-2.19.so
7f7371d49000-7f7371d4a000 r--p 0000a000 08:07 12244                      /lib/x86_64-linux-gnu/libnss_nis-2.19.so
7f7371d4a000-7f7371d4b000 rw-p 0000b000 08:07 12244                      /lib/x86_64-linux-gnu/libnss_nis-2.19.so
7f7371d4b000-7f7371d62000 r-xp 00000000 08:07 12240                      /lib/x86_64-linux-gnu/libnsl-2.19.so
7f7371d62000-7f7371f61000 ---p 00017000 08:07 12240                      /lib/x86_64-linux-gnu/libnsl-2.19.so
7f7371f61000-7f7371f62000 r--p 00016000 08:07 12240                      /lib/x86_64-linux-gnu/libnsl-2.19.so
7f7371f62000-7f7371f63000 rw-p 00017000 08:07 12240                      /lib/x86_64-linux-gnu/libnsl-2.19.so
7f7371f63000-7f7371f65000 rw-p 00000000 00:00 0 
7f7371f65000-7f7371f6e000 r-xp 00000000 08:07 12239                      /lib/x86_64-linux-gnu/libnss_compat-2.19.so
7f7371f6e000-7f737216d000 ---p 00009000 08:07 12239                      /lib/x86_64-linux-gnu/libnss_compat-2.19.so
7f737216d000-7f737216e000 r--p 00008000 08:07 12239                      /lib/x86_64-linux-gnu/libnss_compat-2.19.so
7f737216e000-7f737216f000 rw-p 00009000 08:07 12239                      /lib/x86_64-linux-gnu/libnss_compat-2.19.so
7f737216f000-7f737219a000 r-xp 00000000 08:07 911578                     /usr/lib/jvm/java-8-oracle/jre/lib/amd64/libjava.so
7f737219a000-7f7372399000 ---p 0002b000 08:07 911578                     /usr/lib/jvm/java-8-oracle/jre/lib/amd64/libjava.so
7f7372399000-7f737239b000 rw-p 0002a000 08:07 911578                     /usr/lib/jvm/java-8-oracle/jre/lib/amd64/libjava.so
7f737239b000-7f73723a8000 r-xp 00000000 08:07 911690                     /usr/lib/jvm/java-8-oracle/jre/lib/amd64/libverify.so
7f73723a8000-7f73725a7000 ---p 0000d000 08:07 911690                     /usr/lib/jvm/java-8-oracle/jre/lib/amd64/libverify.so
7f73725a7000-7f73725a9000 rw-p 0000c000 08:07 911690                     /usr/lib/jvm/java-8-oracle/jre/lib/amd64/libverify.so
7f73725a9000-7f73725b0000 r-xp 00000000 08:07 12248                      /lib/x86_64-linux-gnu/librt-2.19.so
7f73725b0000-7f73727af000 ---p 00007000 08:07 12248                      /lib/x86_64-linux-gnu/librt-2.19.so
7f73727af000-7f73727b0000 r--p 00006000 08:07 12248                      /lib/x86_64-linux-gnu/librt-2.19.so
7f73727b0000-7f73727b1000 rw-p 00007000 08:07 12248                      /lib/x86_64-linux-gnu/librt-2.19.so
7f73727b1000-7f73728b6000 r-xp 00000000 08:07 10642                      /lib/x86_64-linux-gnu/libm-2.19.so
7f73728b6000-7f7372ab5000 ---p 00105000 08:07 10642                      /lib/x86_64-linux-gnu/libm-2.19.so
7f7372ab5000-7f7372ab6000 r--p 00104000 08:07 10642                      /lib/x86_64-linux-gnu/libm-2.19.so
7f7372ab6000-7f7372ab7000 rw-p 00105000 08:07 10642                      /lib/x86_64-linux-gnu/libm-2.19.so
7f7372ab7000-7f7373784000 r-xp 00000000 08:07 911638                     /usr/lib/jvm/java-8-oracle/jre/lib/amd64/server/libjvm.so
7f7373784000-7f7373983000 ---p 00ccd000 08:07 911638                     /usr/lib/jvm/java-8-oracle/jre/lib/amd64/server/libjvm.so
7f7373983000-7f7373a5c000 rw-p 00ccc000 08:07 911638                     /usr/lib/jvm/java-8-oracle/jre/lib/amd64/server/libjvm.so
7f7373a5c000-7f7373aa7000 rw-p 00000000 00:00 0 
7f7373aa7000-7f7373c61000 r-xp 00000000 08:07 12249                      /lib/x86_64-linux-gnu/libc-2.19.so
7f7373c61000-7f7373e61000 ---p 001ba000 08:07 12249                      /lib/x86_64-linux-gnu/libc-2.19.so
7f7373e61000-7f7373e65000 r--p 001ba000 08:07 12249                      /lib/x86_64-linux-gnu/libc-2.19.so
7f7373e65000-7f7373e67000 rw-p 001be000 08:07 12249                      /lib/x86_64-linux-gnu/libc-2.19.so
7f7373e67000-7f7373e6c000 rw-p 00000000 00:00 0 
7f7373e6c000-7f7373e6f000 r-xp 00000000 08:07 12236                      /lib/x86_64-linux-gnu/libdl-2.19.so
7f7373e6f000-7f737406e000 ---p 00003000 08:07 12236                      /lib/x86_64-linux-gnu/libdl-2.19.so
7f737406e000-7f737406f000 r--p 00002000 08:07 12236                      /lib/x86_64-linux-gnu/libdl-2.19.so
7f737406f000-7f7374070000 rw-p 00003000 08:07 12236                      /lib/x86_64-linux-gnu/libdl-2.19.so
7f7374070000-7f7374085000 r-xp 00000000 08:07 550623                     /usr/lib/jvm/java-8-oracle/lib/amd64/jli/libjli.so
7f7374085000-7f7374285000 ---p 00015000 08:07 550623                     /usr/lib/jvm/java-8-oracle/lib/amd64/jli/libjli.so
7f7374285000-7f7374286000 rw-p 00015000 08:07 550623                     /usr/lib/jvm/java-8-oracle/lib/amd64/jli/libjli.so
7f7374286000-7f737429f000 r-xp 00000000 08:07 12241                      /lib/x86_64-linux-gnu/libpthread-2.19.so
7f737429f000-7f737449e000 ---p 00019000 08:07 12241                      /lib/x86_64-linux-gnu/libpthread-2.19.so
7f737449e000-7f737449f000 r--p 00018000 08:07 12241                      /lib/x86_64-linux-gnu/libpthread-2.19.so
7f737449f000-7f73744a0000 rw-p 00019000 08:07 12241                      /lib/x86_64-linux-gnu/libpthread-2.19.so
7f73744a0000-7f73744a4000 rw-p 00000000 00:00 0 
7f73744a4000-7f73744c7000 r-xp 00000000 08:07 12242                      /lib/x86_64-linux-gnu/ld-2.19.so
7f73744ca000-7f737459c000 rw-p 00000000 00:00 0 
7f737459c000-7f737459f000 ---p 00000000 00:00 0 
7f737459f000-7f73746a1000 rw-p 00000000 00:00 0                          [stack:7779]
7f73746a5000-7f73746ba000 rw-p 00000000 00:00 0 
7f73746ba000-7f73746c2000 rw-s 00000000 08:07 138432                     /tmp/hsperfdata_suraj/7774
7f73746c2000-7f73746c3000 rw-p 00000000 00:00 0 
7f73746c3000-7f73746c4000 ---p 00000000 00:00 0 
7f73746c4000-7f73746c6000 rw-p 00000000 00:00 0 
7f73746c6000-7f73746c7000 r--p 00022000 08:07 12242                      /lib/x86_64-linux-gnu/ld-2.19.so
7f73746c7000-7f73746c8000 rw-p 00023000 08:07 12242                      /lib/x86_64-linux-gnu/ld-2.19.so
7f73746c8000-7f73746c9000 rw-p 00000000 00:00 0 
7fffb5690000-7fffb56b2000 rw-p 00000000 00:00 0                          [stack]
7fffb56f0000-7fffb56f2000 r--p 00000000 00:00 0                          [vvar]
7fffb56f2000-7fffb56f4000 r-xp 00000000 00:00 0                          [vdso]
ffffffffff600000-ffffffffff601000 r-xp 00000000 00:00 0                  [vsyscall]

VM Arguments:
jvm_args: -Djava.awt.headless=true -Xmx1024M -Dfile.encoding=UTF-8 -Duser.country=IN -Duser.language=en -Duser.variant 
java_command: com.android.dx.command.Main --dex --num-threads=4 --output /home/suraj/AndroidstudioProjects/INC16 User/XposedTest/app/build/intermediates/transforms/dex/debug/folders/1000/1f/main /home/suraj/AndroidstudioProjects/INC16 User/XposedTest/app/build/intermediates/pre-dexed/debug/com.android.support-animated-vector-drawable-23.4.0_be07353bb16ccf0fef505a69943d9fc09dc9642f.jar /home/suraj/AndroidstudioProjects/INC16 User/XposedTest/app/build/intermediates/pre-dexed/debug/support-annotations-23.4.0_a3d745a1bf1a04805be999cf311c31524f1d1636.jar /home/suraj/AndroidstudioProjects/INC16 User/XposedTest/app/build/intermediates/pre-dexed/debug/com.android.support-support-vector-drawable-23.4.0_676447daa75c9db9d8d35a0d5a51b5319efb8353.jar /home/suraj/AndroidstudioProjects/INC16 User/XposedTest/app/build/intermediates/pre-dexed/debug/com.android.support-appcompat-v7-23.4.0_981c9b2855867cfdd2459ee07aaed4157488c5e7.jar /home/suraj/AndroidstudioProjects/INC16 User/XposedTest/app/build/intermediates/pre-dexed/debug/com.android.support-recyclerview-v7-23.4.0_60f4a804d294ac777e8e7b246198bcdea18d9228.jar /home/suraj/AndroidstudioProjects/INC16 User/XposedTest/app/build/intermediates/pre-dexed/debug/com.android.support-design-23.4.0_487aa70fa98c1fda507e1c0a0ea7e84278685d12.jar /home/suraj/AndroidstudioProjects/INC16 User/XposedTest/app/build/intermediates/pre-dexed/debug/library-1.2.1_a9bf2a182df75226315f1e1aaec82d17cec0acea.jar /home/suraj/AndroidstudioProjects/INC16 User/XposedTest/app/build/intermediates/pre-dexed/debug/com.android.support-support-v4-23.4.0_5fd6493f1f433588c7e5dee639f964f183a31c78.jar /home/suraj/AndroidstudioProjects/INC16 User/XposedTest/app/build/intermediates/pre-dexed/debug/internal_impl-23.4.0_7b80d44c2ff9553ffe60d6c56827fc31271eb388.jar /home/suraj/AndroidstudioProjects/INC16 User/XposedTest/app/build/intermediates/pre-dexed/debug/com.rarepebble-colorpicker-2.0.0_963a616bf0207e9f5c137440c961c492dbad42c7.jar /home/suraj/AndroidstudioProjects/INC16 
java_class_path (initial): /home/suraj/android/android-sdk-linux/build-tools/23.0.2/lib/dx.jar
Launcher Type: SUN_STANDARD

Environment Variables:
JAVA_HOME=/usr/lib/jvm/java-8-oracle
PATH=/usr/local/heroku/bin:/home/suraj/.rbenv/plugins/ruby-build/bin:/home/suraj/.rbenv/shims:/home/suraj/.rbenv/bin:/usr/local/sbin:/usr/local/bin:/usr/sbin:/usr/bin:/sbin:/bin:/usr/games:/usr/local/games:/usr/lib/jvm/java-8-oracle/bin:/usr/lib/jvm/java-8-oracle/db/bin:/usr/lib/jvm/java-8-oracle/jre/bin:/home/suraj/scripts/:/home/suraj/scala-2.11.8/bin/:/home/suraj/android/toolchain/arm-cortex_a8-linux-gnueabi-linaro_4.7.4-2014.04/bin:/home/suraj/android/android-sdk-linux/tools:/home/suraj/android/android-sdk-linux/platform-tools
LD_LIBRARY_PATH=/home/suraj/android-studio/bin::/usr/local/lib
SHELL=/bin/bash
DISPLAY=:0
ARCH=arm

Signal Handlers:
SIGSEGV: [libjvm.so+0xac64b0], sa_mask[0]=11111111011111111101111111111110, sa_flags=SA_RESTART|SA_SIGINFO
SIGBUS: [libjvm.so+0xac64b0], sa_mask[0]=11111111011111111101111111111110, sa_flags=SA_RESTART|SA_SIGINFO
SIGFPE: [libjvm.so+0x91f950], sa_mask[0]=11111111011111111101111111111110, sa_flags=SA_RESTART|SA_SIGINFO
SIGPIPE: [libjvm.so+0x91f950], sa_mask[0]=11111111011111111101111111111110, sa_flags=SA_RESTART|SA_SIGINFO
SIGXFSZ: [libjvm.so+0x91f950], sa_mask[0]=11111111011111111101111111111110, sa_flags=SA_RESTART|SA_SIGINFO
SIGILL: [libjvm.so+0x91f950], sa_mask[0]=11111111011111111101111111111110, sa_flags=SA_RESTART|SA_SIGINFO
SIGUSR1: SIG_DFL, sa_mask[0]=00000000000000000000000000000000, sa_flags=none
SIGUSR2: [libjvm.so+0x920f80], sa_mask[0]=00100000000000000000000000000000, sa_flags=SA_RESTART|SA_SIGINFO
SIGHUP: [libjvm.so+0x922380], sa_mask[0]=11111111011111111101111111111110, sa_flags=SA_RESTART|SA_SIGINFO
SIGINT: [libjvm.so+0x922380], sa_mask[0]=11111111011111111101111111111110, sa_flags=SA_RESTART|SA_SIGINFO
SIGTERM: [libjvm.so+0x922380], sa_mask[0]=11111111011111111101111111111110, sa_flags=SA_RESTART|SA_SIGINFO
SIGQUIT: [libjvm.so+0x922380], sa_mask[0]=11111111011111111101111111111110, sa_flags=SA_RESTART|SA_SIGINFO


---------------  S Y S T E M  ---------------

OS:DISTRIB_ID=Ubuntu
DISTRIB_RELEASE=14.04
DISTRIB_CODENAME=trusty
DISTRIB_DESCRIPTION="Ubuntu 14.04.5 LTS"

uname:Linux 3.17.0-031700-generic #201410060605 SMP Mon Oct 6 10:07:09 UTC 2014 x86_64
libc:glibc 2.19 NPTL 2.19 
rlimit: STACK 8192k, CORE 0k, NPROC 15261, NOFILE 4096, AS infinity
load average:1.71 1.13 1.03

/proc/meminfo:
MemTotal:        3952400 kB
MemFree:          104868 kB
MemAvailable:      45224 kB
Buffers:             712 kB
Cached:           437488 kB
SwapCached:            0 kB
Active:          3251392 kB
Inactive:         405516 kB
Active(anon):    3244184 kB
Inactive(anon):   398304 kB
Active(file):       7208 kB
Inactive(file):     7212 kB
Unevictable:          32 kB
Mlocked:              32 kB
SwapTotal:             0 kB
SwapFree:              0 kB
Dirty:                52 kB
Writeback:             0 kB
AnonPages:       3220688 kB
Mapped:           118548 kB
Shmem:            421836 kB
Slab:              69412 kB
SReclaimable:      35216 kB
SUnreclaim:        34196 kB
KernelStack:       11504 kB
PageTables:        37304 kB
NFS_Unstable:          0 kB
Bounce:                0 kB
WritebackTmp:          0 kB
CommitLimit:     1976200 kB
Committed_AS:    7284216 kB
VmallocTotal:   34359738367 kB
VmallocUsed:      352452 kB
VmallocChunk:   34359293896 kB
HardwareCorrupted:     0 kB
AnonHugePages:   1353728 kB
HugePages_Total:       0
HugePages_Free:        0
HugePages_Rsvd:        0
HugePages_Surp:        0
Hugepagesize:       2048 kB
DirectMap4k:       70932 kB
DirectMap2M:     2979840 kB
DirectMap1G:     1048576 kB


CPU:total 4 (2 cores per cpu, 2 threads per core) family 6 model 69 stepping 1, cmov, cx8, fxsr, mmx, sse, sse2, sse3, ssse3, sse4.1, sse4.2, popcnt, avx, avx2, aes, clmul, erms, lzcnt, ht, tsc, tscinvbit, bmi1, bmi2

/proc/cpuinfo:
processor	: 0
vendor_id	: GenuineIntel
cpu family	: 6
model		: 69
model name	: Intel(R) Core(TM) i5-4200U CPU @ 1.60GHz
stepping	: 1
microcode	: 0x16
cpu MHz		: 1415.398
cache size	: 3072 KB
physical id	: 0
siblings	: 4
core id		: 0
cpu cores	: 2
apicid		: 0
initial apicid	: 0
fpu		: yes
fpu_exception	: yes
cpuid level	: 13
wp		: yes
flags		: fpu vme de pse tsc msr pae mce cx8 apic sep mtrr pge mca cmov pat pse36 clflush dts acpi mmx fxsr sse sse2 ss ht tm pbe syscall nx pdpe1gb rdtscp lm constant_tsc arch_perfmon pebs bts rep_good nopl xtopology nonstop_tsc aperfmperf eagerfpu pni pclmulqdq dtes64 monitor ds_cpl vmx est tm2 ssse3 fma cx16 xtpr pdcm pcid sse4_1 sse4_2 movbe popcnt tsc_deadline_timer aes xsave avx f16c rdrand lahf_lm abm ida arat epb pln pts dtherm tpr_shadow vnmi flexpriority ept vpid fsgsbase tsc_adjust bmi1 avx2 smep bmi2 erms invpcid xsaveopt
bugs		:
bogomips	: 4589.31
clflush size	: 64
cache_alignment	: 64
address sizes	: 39 bits physical, 48 bits virtual
power management:

processor	: 1
vendor_id	: GenuineIntel
cpu family	: 6
model		: 69
model name	: Intel(R) Core(TM) i5-4200U CPU @ 1.60GHz
stepping	: 1
microcode	: 0x16
cpu MHz		: 2300.000
cache size	: 3072 KB
physical id	: 0
siblings	: 4
core id		: 1
cpu cores	: 2
apicid		: 2
initial apicid	: 2
fpu		: yes
fpu_exception	: yes
cpuid level	: 13
wp		: yes
flags		: fpu vme de pse tsc msr pae mce cx8 apic sep mtrr pge mca cmov pat pse36 clflush dts acpi mmx fxsr sse sse2 ss ht tm pbe syscall nx pdpe1gb rdtscp lm constant_tsc arch_perfmon pebs bts rep_good nopl xtopology nonstop_tsc aperfmperf eagerfpu pni pclmulqdq dtes64 monitor ds_cpl vmx est tm2 ssse3 fma cx16 xtpr pdcm pcid sse4_1 sse4_2 movbe popcnt tsc_deadline_timer aes xsave avx f16c rdrand lahf_lm abm ida arat epb pln pts dtherm tpr_shadow vnmi flexpriority ept vpid fsgsbase tsc_adjust bmi1 avx2 smep bmi2 erms invpcid xsaveopt
bugs		:
bogomips	: 4589.31
clflush size	: 64
cache_alignment	: 64
address sizes	: 39 bits physical, 48 bits virtual
power management:

processor	: 2
vendor_id	: GenuineIntel
cpu family	: 6
model		: 69
model name	: Intel(R) Core(TM) i5-4200U CPU @ 1.60GHz
stepping	: 1
microcode	: 0x16
cpu MHz		: 2005.671
cache size	: 3072 KB
physical id	: 0
siblings	: 4
core id		: 0
cpu cores	: 2
apicid		: 1
initial apicid	: 1
fpu		: yes
fpu_exception	: yes
cpuid level	: 13
wp		: yes
flags		: fpu vme de pse tsc msr pae mce cx8 apic sep mtrr pge mca cmov pat pse36 clflush dts acpi mmx fxsr sse sse2 ss ht tm pbe syscall nx pdpe1gb rdtscp lm constant_tsc arch_perfmon pebs bts rep_good nopl xtopology nonstop_tsc aperfmperf eagerfpu pni pclmulqdq dtes64 monitor ds_cpl vmx est tm2 ssse3 fma cx16 xtpr pdcm pcid sse4_1 sse4_2 movbe popcnt tsc_deadline_timer aes xsave avx f16c rdrand lahf_lm abm ida arat epb pln pts dtherm tpr_shadow vnmi flexpriority ept vpid fsgsbase tsc_adjust bmi1 avx2 smep bmi2 erms invpcid xsaveopt
bugs		:
bogomips	: 4589.31
clflush size	: 64
cache_alignment	: 64
address sizes	: 39 bits physical, 48 bits virtual
power management:

processor	: 3
vendor_id	: GenuineIntel
cpu family	: 6
model		: 69
model name	: Intel(R) Core(TM) i5-4200U CPU @ 1.60GHz
stepping	: 1
microcode	: 0x16
cpu MHz		: 799.968
cache size	: 3072 KB
physical id	: 0
siblings	: 4
core id		: 1
cpu cores	: 2
apicid		: 3
initial apicid	: 3
fpu		: yes
fpu_exception	: yes
cpuid level	: 13
wp		: yes
flags		: fpu vme de pse tsc msr pae mce cx8 apic sep mtrr pge mca cmov pat pse36 clflush dts acpi mmx fxsr sse sse2 ss ht tm pbe syscall nx pdpe1gb rdtscp lm constant_tsc arch_perfmon pebs bts rep_good nopl xtopology nonstop_tsc aperfmperf eagerfpu pni pclmulqdq dtes64 monitor ds_cpl vmx est tm2 ssse3 fma cx16 xtpr pdcm pcid sse4_1 sse4_2 movbe popcnt tsc_deadline_timer aes xsave avx f16c rdrand lahf_lm abm ida arat epb pln pts dtherm tpr_shadow vnmi flexpriority ept vpid fsgsbase tsc_adjust bmi1 avx2 smep bmi2 erms invpcid xsaveopt
bugs		:
bogomips	: 4589.31
clflush size	: 64
cache_alignment	: 64
address sizes	: 39 bits physical, 48 bits virtual
power management:



Memory: 4k page, physical 3952400k(104516k free), swap 0k(0k free)

vm_info: Java HotSpot(TM) 64-Bit Server VM (25.111-b14) for linux-amd64 JRE (1.8.0_111-b14), built on Sep 22 2016 16:14:03 by "java_re" with gcc 4.3.0 20080428 (Red Hat 4.3.0-8)

time: Fri Nov  4 10:26:11 2016
elapsed time: 1 seconds (0d 0h 0m 1s)

