#
# There is insufficient memory for the Java Runtime Environment to continue.
# Native memory allocation (mmap) failed to map 142606336 bytes for committing reserved memory.
# Possible reasons:
#   The system is out of physical RAM or swap space
#   In 32 bit mode, the process size limit was hit
# Possible solutions:
#   Reduce memory load on the system
#   Increase physical memory or swap space
#   Check if swap backing store is full
#   Use 64 bit Java on a 64 bit OS
#   Decrease Java heap size (-Xmx/-Xms)
#   Decrease number of Java threads
#   Decrease Java thread stack sizes (-Xss)
#   Set larger code cache with -XX:ReservedCodeCacheSize=
# This output file may be truncated or incomplete.
#
#  Out of Memory Error (os_linux.cpp:2627), pid=8397, tid=0x00007f0b31493700
#
# JRE version: Java(TM) SE Runtime Environment (8.0_101-b13) (build 1.8.0_101-b13)
# Java VM: Java HotSpot(TM) 64-Bit Server VM (25.101-b13 mixed mode linux-amd64 compressed oops)
# Failed to write core dump. Core dumps have been disabled. To enable core dumping, try "ulimit -c unlimited" before starting Java again
#

---------------  T H R E A D  ---------------

Current thread (0x00007f0b44078000):  VMThread [stack: 0x00007f0b31393000,0x00007f0b31494000] [id=8420]

Stack: [0x00007f0b31393000,0x00007f0b31494000],  sp=0x00007f0b31492260,  free space=1020k
Native frames: (J=compiled Java code, j=interpreted, Vv=VM code, C=native code)
V  [libjvm.so+0xac3f0a]  VMError::report_and_die()+0x2ba
V  [libjvm.so+0x4fbf9b]  report_vm_out_of_memory(char const*, int, unsigned long, VMErrorType, char const*)+0x8b
V  [libjvm.so+0x9222d3]  os::Linux::commit_memory_impl(char*, unsigned long, bool)+0x103
V  [libjvm.so+0x922829]  os::pd_commit_memory(char*, unsigned long, unsigned long, bool)+0x29
V  [libjvm.so+0x91cb2a]  os::commit_memory(char*, unsigned long, unsigned long, bool)+0x2a
V  [libjvm.so+0x991053]  PSVirtualSpace::expand_by(unsigned long)+0x53
V  [libjvm.so+0x992458]  PSYoungGen::resize_generation(unsigned long, unsigned long)+0xf8
V  [libjvm.so+0x9915b2]  PSYoungGen::resize(unsigned long, unsigned long)+0x22
V  [libjvm.so+0x98e88b]  PSScavenge::invoke_no_policy()+0xf3b
V  [libjvm.so+0x98f011]  PSScavenge::invoke()+0x41
V  [libjvm.so+0x945fc0]  ParallelScavengeHeap::failed_mem_allocate(unsigned long)+0x70
V  [libjvm.so+0xac5927]  VM_ParallelGCFailedAllocation::doit()+0x97
V  [libjvm.so+0xacd405]  VM_Operation::evaluate()+0x55
V  [libjvm.so+0xacb7da]  VMThread::evaluate_operation(VM_Operation*)+0xba
V  [libjvm.so+0xacbb5e]  VMThread::loop()+0x1ce
V  [libjvm.so+0xacbfd0]  VMThread::run()+0x70
V  [libjvm.so+0x924698]  java_start(Thread*)+0x108

VM_Operation (0x00007f0b3039cb20): ParallelGCFailedAllocation, mode: safepoint, requested by thread 0x00007f0b4415f800


---------------  P R O C E S S  ---------------

Java Threads: ( => current thread )
  0x00007f0b4415f800 JavaThread "pool-1-thread-1" [_thread_blocked, id=8579, stack(0x00007f0b3029e000,0x00007f0b3039f000)]
  0x00007f0b440c0000 JavaThread "Service Thread" daemon [_thread_blocked, id=8427, stack(0x00007f0b305aa000,0x00007f0b306ab000)]
  0x00007f0b440bd000 JavaThread "C1 CompilerThread2" daemon [_thread_blocked, id=8426, stack(0x00007f0b306ab000,0x00007f0b307ac000)]
  0x00007f0b440bb800 JavaThread "C2 CompilerThread1" daemon [_thread_blocked, id=8425, stack(0x00007f0b307ac000,0x00007f0b308ad000)]
  0x00007f0b440b8800 JavaThread "C2 CompilerThread0" daemon [_thread_blocked, id=8424, stack(0x00007f0b308ad000,0x00007f0b309ae000)]
  0x00007f0b440b7000 JavaThread "Signal Dispatcher" daemon [_thread_blocked, id=8423, stack(0x00007f0b309ae000,0x00007f0b30aaf000)]
  0x00007f0b44084000 JavaThread "Finalizer" daemon [_thread_blocked, id=8422, stack(0x00007f0b31191000,0x00007f0b31292000)]
  0x00007f0b4407f800 JavaThread "Reference Handler" daemon [_thread_blocked, id=8421, stack(0x00007f0b31292000,0x00007f0b31393000)]
  0x00007f0b4400a000 JavaThread "main" [_thread_blocked, id=8402, stack(0x00007f0b4ba4b000,0x00007f0b4bb4c000)]

Other Threads:
=>0x00007f0b44078000 VMThread [stack: 0x00007f0b31393000,0x00007f0b31494000] [id=8420]
  0x00007f0b440c3000 WatcherThread [stack: 0x00007f0b304a9000,0x00007f0b305aa000] [id=8428]

VM state:at safepoint (normal execution)

VM Mutex/Monitor currently owned by a thread:  ([mutex/lock_event])
[0x00007f0b440065d0] Threads_lock - owner thread: 0x00007f0b44078000
[0x00007f0b44006ad0] Heap_lock - owner thread: 0x00007f0b4415f800

Heap:
 PSYoungGen      total 140288K, used 14847K [0x00000000eab00000, 0x00000000f4400000, 0x0000000100000000)
  eden space 125440K, 0% used [0x00000000eab00000,0x00000000eab00000,0x00000000f2580000)
  from space 14848K, 99% used [0x00000000f2580000,0x00000000f33ffda8,0x00000000f3400000)
  to   space 13312K, 0% used [0x00000000f3400000,0x00000000f3400000,0x00000000f4100000)
 ParOldGen       total 42496K, used 32607K [0x00000000c0000000, 0x00000000c2980000, 0x00000000eab00000)
  object space 42496K, 76% used [0x00000000c0000000,0x00000000c1fd7d88,0x00000000c2980000)
 Metaspace       used 6593K, capacity 7416K, committed 7680K, reserved 1056768K
  class space    used 632K, capacity 688K, committed 768K, reserved 1048576K

Card table byte_map: [0x00007f0b48608000,0x00007f0b48809000] byte_map_base: 0x00007f0b48008000

Marking Bits: (ParMarkBitMap*) 0x00007f0b4af29120
 Begin Bits: [0x00007f0b33000000, 0x00007f0b34000000)
 End Bits:   [0x00007f0b34000000, 0x00007f0b35000000)

Polling page: 0x00007f0b4bb72000

CodeCache: size=245760Kb used=7342Kb max_used=7342Kb free=238417Kb
 bounds [0x00007f0b35000000, 0x00007f0b35730000, 0x00007f0b44000000]
 total_blobs=2231 nmethods=1962 adapters=182
 compilation: enabled

Compilation events (10 events):
Event: 9.581 Thread 0x00007f0b440bd000 2345       2       com.android.dx.dex.code.CatchHandlerList$Entry::compareTo (38 bytes)
Event: 9.582 Thread 0x00007f0b440bd000 nmethod 2345 0x00007f0b3572cc10 code [0x00007f0b3572cdc0, 0x00007f0b3572d0b8]
Event: 9.582 Thread 0x00007f0b440bd000 2346       2       com.android.dx.dex.code.CatchHandlerList$Entry::equals (26 bytes)
Event: 9.582 Thread 0x00007f0b440bd000 nmethod 2346 0x00007f0b3572d410 code [0x00007f0b3572d580, 0x00007f0b3572d788]
Event: 9.583 Thread 0x00007f0b440bd000 2347       2       com.android.dx.util.ByteArrayAnnotatedOutput::ensureCapacity (39 bytes)
Event: 9.584 Thread 0x00007f0b440bd000 nmethod 2347 0x00007f0b3572d850 code [0x00007f0b3572d9c0, 0x00007f0b3572dc88]
Event: 9.627 Thread 0x00007f0b440bd000 2348       2       com.android.dx.dex.code.StdCatchBuilder::rangeIsValid (62 bytes)
Event: 9.628 Thread 0x00007f0b440bd000 nmethod 2348 0x00007f0b3572dd90 code [0x00007f0b3572df60, 0x00007f0b3572e3d8]
Event: 9.631 Thread 0x00007f0b440bd000 2349       1       java.util.TreeMap$Entry::getKey (5 bytes)
Event: 9.632 Thread 0x00007f0b440bd000 nmethod 2349 0x00007f0b3572e890 code [0x00007f0b3572e9e0, 0x00007f0b3572eaf0]

GC Heap History (10 events):
Event: 1.793 GC heap after
Heap after GC invocations=2 (full 0):
 PSYoungGen      total 34304K, used 2542K [0x00000000eab00000, 0x00000000ecf00000, 0x0000000100000000)
  eden space 31744K, 0% used [0x00000000eab00000,0x00000000eab00000,0x00000000eca00000)
  from space 2560K, 99% used [0x00000000ecc80000,0x00000000ecefbad8,0x00000000ecf00000)
  to   space 2560K, 0% used [0x00000000eca00000,0x00000000eca00000,0x00000000ecc80000)
 ParOldGen       total 42496K, used 2886K [0x00000000c0000000, 0x00000000c2980000, 0x00000000eab00000)
  object space 42496K, 6% used [0x00000000c0000000,0x00000000c02d1ad0,0x00000000c2980000)
 Metaspace       used 5781K, capacity 6768K, committed 7040K, reserved 1056768K
  class space    used 593K, capacity 616K, committed 640K, reserved 1048576K
}
Event: 2.548 GC heap before
{Heap before GC invocations=3 (full 0):
 PSYoungGen      total 34304K, used 34286K [0x00000000eab00000, 0x00000000ecf00000, 0x0000000100000000)
  eden space 31744K, 100% used [0x00000000eab00000,0x00000000eca00000,0x00000000eca00000)
  from space 2560K, 99% used [0x00000000ecc80000,0x00000000ecefbad8,0x00000000ecf00000)
  to   space 2560K, 0% used [0x00000000eca00000,0x00000000eca00000,0x00000000ecc80000)
 ParOldGen       total 42496K, used 2886K [0x00000000c0000000, 0x00000000c2980000, 0x00000000eab00000)
  object space 42496K, 6% used [0x00000000c0000000,0x00000000c02d1ad0,0x00000000c2980000)
 Metaspace       used 5848K, capacity 6832K, committed 7040K, reserved 1056768K
  class space    used 593K, capacity 616K, committed 640K, reserved 1048576K
Event: 2.607 GC heap after
Heap after GC invocations=3 (full 0):
 PSYoungGen      total 34304K, used 2532K [0x00000000eab00000, 0x00000000eee00000, 0x0000000100000000)
  eden space 31744K, 0% used [0x00000000eab00000,0x00000000eab00000,0x00000000eca00000)
  from space 2560K, 98% used [0x00000000eca00000,0x00000000ecc79158,0x00000000ecc80000)
  to   space 2560K, 0% used [0x00000000eeb80000,0x00000000eeb80000,0x00000000eee00000)
 ParOldGen       total 42496K, used 8170K [0x00000000c0000000, 0x00000000c2980000, 0x00000000eab00000)
  object space 42496K, 19% used [0x00000000c0000000,0x00000000c07fa820,0x00000000c2980000)
 Metaspace       used 5848K, capacity 6832K, committed 7040K, reserved 1056768K
  class space    used 593K, capacity 616K, committed 640K, reserved 1048576K
}
Event: 3.111 GC heap before
{Heap before GC invocations=4 (full 0):
 PSYoungGen      total 34304K, used 34276K [0x00000000eab00000, 0x00000000eee00000, 0x0000000100000000)
  eden space 31744K, 100% used [0x00000000eab00000,0x00000000eca00000,0x00000000eca00000)
  from space 2560K, 98% used [0x00000000eca00000,0x00000000ecc79158,0x00000000ecc80000)
  to   space 2560K, 0% used [0x00000000eeb80000,0x00000000eeb80000,0x00000000eee00000)
 ParOldGen       total 42496K, used 8170K [0x00000000c0000000, 0x00000000c2980000, 0x00000000eab00000)
  object space 42496K, 19% used [0x00000000c0000000,0x00000000c07fa820,0x00000000c2980000)
 Metaspace       used 5916K, capacity 6896K, committed 7040K, reserved 1056768K
  class space    used 593K, capacity 616K, committed 640K, reserved 1048576K
Event: 3.160 GC heap after
Heap after GC invocations=4 (full 0):
 PSYoungGen      total 66048K, used 2532K [0x00000000eab00000, 0x00000000eee00000, 0x0000000100000000)
  eden space 63488K, 0% used [0x00000000eab00000,0x00000000eab00000,0x00000000ee900000)
  from space 2560K, 98% used [0x00000000eeb80000,0x00000000eedf9158,0x00000000eee00000)
  to   space 2560K, 0% used [0x00000000ee900000,0x00000000ee900000,0x00000000eeb80000)
 ParOldGen       total 42496K, used 12872K [0x00000000c0000000, 0x00000000c2980000, 0x00000000eab00000)
  object space 42496K, 30% used [0x00000000c0000000,0x00000000c0c92028,0x00000000c2980000)
 Metaspace       used 5916K, capacity 6896K, committed 7040K, reserved 1056768K
  class space    used 593K, capacity 616K, committed 640K, reserved 1048576K
}
Event: 4.054 GC heap before
{Heap before GC invocations=5 (full 0):
 PSYoungGen      total 66048K, used 66020K [0x00000000eab00000, 0x00000000eee00000, 0x0000000100000000)
  eden space 63488K, 100% used [0x00000000eab00000,0x00000000ee900000,0x00000000ee900000)
  from space 2560K, 98% used [0x00000000eeb80000,0x00000000eedf9158,0x00000000eee00000)
  to   space 2560K, 0% used [0x00000000ee900000,0x00000000ee900000,0x00000000eeb80000)
 ParOldGen       total 42496K, used 12872K [0x00000000c0000000, 0x00000000c2980000, 0x00000000eab00000)
  object space 42496K, 30% used [0x00000000c0000000,0x00000000c0c92028,0x00000000c2980000)
 Metaspace       used 5935K, capacity 6896K, committed 7040K, reserved 1056768K
  class space    used 594K, capacity 616K, committed 640K, reserved 1048576K
Event: 4.140 GC heap after
Heap after GC invocations=5 (full 0):
 PSYoungGen      total 66048K, used 2549K [0x00000000eab00000, 0x00000000f4100000, 0x0000000100000000)
  eden space 63488K, 0% used [0x00000000eab00000,0x00000000eab00000,0x00000000ee900000)
  from space 2560K, 99% used [0x00000000ee900000,0x00000000eeb7d5b8,0x00000000eeb80000)
  to   space 13312K, 0% used [0x00000000f3400000,0x00000000f3400000,0x00000000f4100000)
 ParOldGen       total 42496K, used 22350K [0x00000000c0000000, 0x00000000c2980000, 0x00000000eab00000)
  object space 42496K, 52% used [0x00000000c0000000,0x00000000c15d3948,0x00000000c2980000)
 Metaspace       used 5935K, capacity 6896K, committed 7040K, reserved 1056768K
  class space    used 594K, capacity 616K, committed 640K, reserved 1048576K
}
Event: 5.368 GC heap before
{Heap before GC invocations=6 (full 0):
 PSYoungGen      total 66048K, used 66037K [0x00000000eab00000, 0x00000000f4100000, 0x0000000100000000)
  eden space 63488K, 100% used [0x00000000eab00000,0x00000000ee900000,0x00000000ee900000)
  from space 2560K, 99% used [0x00000000ee900000,0x00000000eeb7d5b8,0x00000000eeb80000)
  to   space 13312K, 0% used [0x00000000f3400000,0x00000000f3400000,0x00000000f4100000)
 ParOldGen       total 42496K, used 22350K [0x00000000c0000000, 0x00000000c2980000, 0x00000000eab00000)
  object space 42496K, 52% used [0x00000000c0000000,0x00000000c15d3948,0x00000000c2980000)
 Metaspace       used 6068K, capacity 7000K, committed 7168K, reserved 1056768K
  class space    used 614K, capacity 656K, committed 768K, reserved 1048576K
Event: 5.562 GC heap after
Heap after GC invocations=6 (full 0):
 PSYoungGen      total 138752K, used 11633K [0x00000000eab00000, 0x00000000f4400000, 0x0000000100000000)
  eden space 125440K, 0% used [0x00000000eab00000,0x00000000eab00000,0x00000000f2580000)
  from space 13312K, 87% used [0x00000000f3400000,0x00000000f3f5c458,0x00000000f4100000)
  to   space 14848K, 0% used [0x00000000f2580000,0x00000000f2580000,0x00000000f3400000)
 ParOldGen       total 42496K, used 22350K [0x00000000c0000000, 0x00000000c2980000, 0x00000000eab00000)
  object space 42496K, 52% used [0x00000000c0000000,0x00000000c15d3948,0x00000000c2980000)
 Metaspace       used 6068K, capacity 7000K, committed 7168K, reserved 1056768K
  class space    used 614K, capacity 656K, committed 768K, reserved 1048576K
}
Event: 9.656 GC heap before
{Heap before GC invocations=7 (full 0):
 PSYoungGen      total 138752K, used 137073K [0x00000000eab00000, 0x00000000f4400000, 0x0000000100000000)
  eden space 125440K, 100% used [0x00000000eab00000,0x00000000f2580000,0x00000000f2580000)
  from space 13312K, 87% used [0x00000000f3400000,0x00000000f3f5c458,0x00000000f4100000)
  to   space 14848K, 0% used [0x00000000f2580000,0x00000000f2580000,0x00000000f3400000)
 ParOldGen       total 42496K, used 22350K [0x00000000c0000000, 0x00000000c2980000, 0x00000000eab00000)
  object space 42496K, 52% used [0x00000000c0000000,0x00000000c15d3948,0x00000000c2980000)
 Metaspace       used 6593K, capacity 7416K, committed 7680K, reserved 1056768K
  class space    used 632K, capacity 688K, committed 768K, reserved 1048576K

Deoptimization events (10 events):
Event: 7.465 Thread 0x00007f0b4415f800 Uncommon trap: reason=class_check action=maybe_recompile pc=0x00007f0b354187b8 method=java.util.Arrays.hashCode([Ljava/lang/Object;)I @ 43
Event: 7.465 Thread 0x00007f0b4415f800 Uncommon trap: reason=class_check action=maybe_recompile pc=0x00007f0b354187b8 method=java.util.Arrays.hashCode([Ljava/lang/Object;)I @ 43
Event: 7.465 Thread 0x00007f0b4415f800 Uncommon trap: reason=class_check action=maybe_recompile pc=0x00007f0b354187b8 method=java.util.Arrays.hashCode([Ljava/lang/Object;)I @ 43
Event: 7.465 Thread 0x00007f0b4415f800 Uncommon trap: reason=class_check action=maybe_recompile pc=0x00007f0b354187b8 method=java.util.Arrays.hashCode([Ljava/lang/Object;)I @ 43
Event: 7.465 Thread 0x00007f0b4415f800 Uncommon trap: reason=class_check action=maybe_recompile pc=0x00007f0b35417f38 method=java.util.Arrays.hashCode([Ljava/lang/Object;)I @ 43
Event: 8.450 Thread 0x00007f0b4415f800 Uncommon trap: reason=speculate_class_check action=maybe_recompile pc=0x00007f0b352f8dd4 method=com.android.dx.util.FixedSizeList.equals(Ljava/lang/Object;)Z @ 25
Event: 8.450 Thread 0x00007f0b4415f800 Uncommon trap: reason=unstable_if action=reinterpret pc=0x00007f0b352e849c method=java.util.Arrays.equals([Ljava/lang/Object;[Ljava/lang/Object;)Z @ 23
Event: 8.551 Thread 0x00007f0b4415f800 Uncommon trap: reason=speculate_class_check action=maybe_recompile pc=0x00007f0b352f8dd4 method=com.android.dx.util.FixedSizeList.equals(Ljava/lang/Object;)Z @ 25
Event: 8.551 Thread 0x00007f0b4415f800 Uncommon trap: reason=speculate_class_check action=maybe_recompile pc=0x00007f0b352f8dd4 method=com.android.dx.util.FixedSizeList.equals(Ljava/lang/Object;)Z @ 25
Event: 8.551 Thread 0x00007f0b4415f800 Uncommon trap: reason=speculate_class_check action=maybe_recompile pc=0x00007f0b352f8dd4 method=com.android.dx.util.FixedSizeList.equals(Ljava/lang/Object;)Z @ 25

Internal exceptions (6 events):
Event: 0.116 Thread 0x00007f0b4400a000 Exception <a 'java/lang/NoSuchMethodError': Method sun.misc.Unsafe.defineClass(Ljava/lang/String;[BII)Ljava/lang/Class; name or signature does not match> (0x00000000eab07cc0) thrown at [/HUDSON3/workspace/8-2-build-linux-amd64/jdk8u101/7261/hotspot/src/sh
Event: 0.116 Thread 0x00007f0b4400a000 Exception <a 'java/lang/NoSuchMethodError': Method sun.misc.Unsafe.prefetchRead(Ljava/lang/Object;J)V name or signature does not match> (0x00000000eab07fa8) thrown at [/HUDSON3/workspace/8-2-build-linux-amd64/jdk8u101/7261/hotspot/src/share/vm/prims/jni.c
Event: 2.059 Thread 0x00007f0b4415c800 Implicit null exception at 0x00007f0b352d04fd to 0x00007f0b352d3575
Event: 4.170 Thread 0x00007f0b4400a000 Exception <a 'java/lang/ArrayIndexOutOfBoundsException': 18> (0x00000000eaf05e40) thrown at [/HUDSON3/workspace/8-2-build-linux-amd64/jdk8u101/7261/hotspot/src/share/vm/interpreter/interpreterRuntime.cpp, line 366]
Event: 4.170 Thread 0x00007f0b4400a000 Exception <a 'java/lang/ArrayIndexOutOfBoundsException': 145> (0x00000000eaf5c350) thrown at [/HUDSON3/workspace/8-2-build-linux-amd64/jdk8u101/7261/hotspot/src/share/vm/interpreter/interpreterRuntime.cpp, line 366]
Event: 4.171 Thread 0x00007f0b4400a000 Exception <a 'java/lang/ArrayIndexOutOfBoundsException': 40> (0x00000000eaf5d638) thrown at [/HUDSON3/workspace/8-2-build-linux-amd64/jdk8u101/7261/hotspot/src/share/vm/interpreter/interpreterRuntime.cpp, line 366]

Events (10 events):
Event: 8.755 Thread 0x00007f0b4415f800 DEOPT UNPACKING pc=0x00007f0b35047633 sp=0x00007f0b3039cc88 mode 0
Event: 8.756 Thread 0x00007f0b4415f800 DEOPT PACKING pc=0x00007f0b356caeb9 sp=0x00007f0b3039cfa0
Event: 8.756 Thread 0x00007f0b4415f800 DEOPT UNPACKING pc=0x00007f0b35047633 sp=0x00007f0b3039cd40 mode 0
Event: 8.783 Thread 0x00007f0b4415f800 DEOPT PACKING pc=0x00007f0b356b1140 sp=0x00007f0b3039cd70
Event: 8.783 Thread 0x00007f0b4415f800 DEOPT UNPACKING pc=0x00007f0b35047633 sp=0x00007f0b3039cb10 mode 0
Event: 8.813 Thread 0x00007f0b4415f800 DEOPT PACKING pc=0x00007f0b356c6440 sp=0x00007f0b3039cec0
Event: 8.813 Thread 0x00007f0b4415f800 DEOPT UNPACKING pc=0x00007f0b35047633 sp=0x00007f0b3039cc40 mode 0
Event: 8.926 Thread 0x00007f0b4415f800 DEOPT PACKING pc=0x00007f0b356c0a79 sp=0x00007f0b3039ced0
Event: 8.926 Thread 0x00007f0b4415f800 DEOPT UNPACKING pc=0x00007f0b35047633 sp=0x00007f0b3039cc68 mode 0
Event: 9.656 Executing VM operation: ParallelGCFailedAllocation


Dynamic libraries:
00400000-00401000 r-xp 00000000 08:07 832580                             /usr/lib/jvm/java-8-oracle/bin/java
00600000-00601000 rw-p 00000000 08:07 832580                             /usr/lib/jvm/java-8-oracle/bin/java
01b7d000-01b9e000 rw-p 00000000 00:00 0                                  [heap]
c0000000-c2980000 rw-p 00000000 00:00 0 
c2980000-eab00000 ---p 00000000 00:00 0 
eab00000-f4400000 rw-p 00000000 00:00 0 
fcc00000-100000000 ---p 00000000 00:00 0 
100000000-1000c0000 rw-p 00000000 00:00 0 
1000c0000-140000000 ---p 00000000 00:00 0 
7f0ae0000000-7f0ae0021000 rw-p 00000000 00:00 0 
7f0ae0021000-7f0ae4000000 ---p 00000000 00:00 0 
7f0ae8000000-7f0ae8022000 rw-p 00000000 00:00 0 
7f0ae8022000-7f0aec000000 ---p 00000000 00:00 0 
7f0aec000000-7f0aec022000 rw-p 00000000 00:00 0 
7f0aec022000-7f0af0000000 ---p 00000000 00:00 0 
7f0af3eff000-7f0af3f02000 ---p 00000000 00:00 0 
7f0af3f02000-7f0af4000000 rw-p 00000000 00:00 0 
7f0af4000000-7f0af404a000 rw-p 00000000 00:00 0 
7f0af404a000-7f0af8000000 ---p 00000000 00:00 0 
7f0af8000000-7f0af8021000 rw-p 00000000 00:00 0 
7f0af8021000-7f0afc000000 ---p 00000000 00:00 0 
7f0afc000000-7f0afc021000 rw-p 00000000 00:00 0 
7f0afc021000-7f0b00000000 ---p 00000000 00:00 0 
7f0b00000000-7f0b00021000 rw-p 00000000 00:00 0 
7f0b00021000-7f0b04000000 ---p 00000000 00:00 0 
7f0b04000000-7f0b04937000 rw-p 00000000 00:00 0 
7f0b04937000-7f0b08000000 ---p 00000000 00:00 0 
7f0b08000000-7f0b08b44000 rw-p 00000000 00:00 0 
7f0b08b44000-7f0b0c000000 ---p 00000000 00:00 0 
7f0b0c000000-7f0b0c021000 rw-p 00000000 00:00 0 
7f0b0c021000-7f0b10000000 ---p 00000000 00:00 0 
7f0b10000000-7f0b10cc8000 rw-p 00000000 00:00 0 
7f0b10cc8000-7f0b14000000 ---p 00000000 00:00 0 
7f0b14000000-7f0b14021000 rw-p 00000000 00:00 0 
7f0b14021000-7f0b18000000 ---p 00000000 00:00 0 
7f0b18000000-7f0b18021000 rw-p 00000000 00:00 0 
7f0b18021000-7f0b1c000000 ---p 00000000 00:00 0 
7f0b1c000000-7f0b1c021000 rw-p 00000000 00:00 0 
7f0b1c021000-7f0b20000000 ---p 00000000 00:00 0 
7f0b20000000-7f0b2028d000 rw-p 00000000 00:00 0 
7f0b2028d000-7f0b24000000 ---p 00000000 00:00 0 
7f0b24000000-7f0b24021000 rw-p 00000000 00:00 0 
7f0b24021000-7f0b28000000 ---p 00000000 00:00 0 
7f0b28000000-7f0b28021000 rw-p 00000000 00:00 0 
7f0b28021000-7f0b2c000000 ---p 00000000 00:00 0 
7f0b2c000000-7f0b2c021000 rw-p 00000000 00:00 0 
7f0b2c021000-7f0b30000000 ---p 00000000 00:00 0 
7f0b3009c000-7f0b3009f000 ---p 00000000 00:00 0 
7f0b3009f000-7f0b3019d000 rw-p 00000000 00:00 0 
7f0b3019d000-7f0b301a0000 ---p 00000000 00:00 0 
7f0b301a0000-7f0b3029e000 rw-p 00000000 00:00 0 
7f0b3029e000-7f0b302a1000 ---p 00000000 00:00 0 
7f0b302a1000-7f0b3039f000 rw-p 00000000 00:00 0                          [stack:8579]
7f0b3039f000-7f0b303a2000 ---p 00000000 00:00 0 
7f0b303a2000-7f0b304a0000 rw-p 00000000 00:00 0 
7f0b304a9000-7f0b304aa000 ---p 00000000 00:00 0 
7f0b304aa000-7f0b305aa000 rw-p 00000000 00:00 0                          [stack:8428]
7f0b305aa000-7f0b305ad000 ---p 00000000 00:00 0 
7f0b305ad000-7f0b306ab000 rw-p 00000000 00:00 0                          [stack:8427]
7f0b306ab000-7f0b306ae000 ---p 00000000 00:00 0 
7f0b306ae000-7f0b307ac000 rw-p 00000000 00:00 0                          [stack:8426]
7f0b307ac000-7f0b307af000 ---p 00000000 00:00 0 
7f0b307af000-7f0b308ad000 rw-p 00000000 00:00 0                          [stack:8425]
7f0b308ad000-7f0b308b0000 ---p 00000000 00:00 0 
7f0b308b0000-7f0b309ae000 rw-p 00000000 00:00 0                          [stack:8424]
7f0b309ae000-7f0b309b1000 ---p 00000000 00:00 0 
7f0b309b1000-7f0b30aaf000 rw-p 00000000 00:00 0                          [stack:8423]
7f0b30aaf000-7f0b31191000 r--p 00000000 08:07 400878                     /usr/lib/locale/locale-archive
7f0b31191000-7f0b31194000 ---p 00000000 00:00 0 
7f0b31194000-7f0b31292000 rw-p 00000000 00:00 0                          [stack:8422]
7f0b31292000-7f0b31295000 ---p 00000000 00:00 0 
7f0b31295000-7f0b31393000 rw-p 00000000 00:00 0                          [stack:8421]
7f0b31393000-7f0b31394000 ---p 00000000 00:00 0 
7f0b31394000-7f0b32427000 rw-p 00000000 00:00 0                          [stack:8420]
7f0b32427000-7f0b32600000 r--s 03d29000 08:07 835701                     /usr/lib/jvm/java-8-oracle/jre/lib/rt.jar
7f0b32600000-7f0b32cc0000 rw-p 00000000 00:00 0 
7f0b32cc0000-7f0b32e00000 ---p 00000000 00:00 0 
7f0b32e00000-7f0b35000000 rw-p 00000000 00:00 0 
7f0b35000000-7f0b35730000 rwxp 00000000 00:00 0 
7f0b35730000-7f0b44000000 ---p 00000000 00:00 0 
7f0b44000000-7f0b443af000 rw-p 00000000 00:00 0 
7f0b443af000-7f0b48000000 ---p 00000000 00:00 0 
7f0b48008000-7f0b48017000 r--s 000df000 08:08 674005                     /home/suraj/android/android-sdk-linux/build-tools/23.0.2/lib/dx.jar
7f0b48017000-7f0b480ae000 rw-p 00000000 00:00 0 
7f0b480ae000-7f0b480af000 ---p 00000000 00:00 0 
7f0b480af000-7f0b481af000 rw-p 00000000 00:00 0                          [stack:8415]
7f0b481af000-7f0b481b0000 ---p 00000000 00:00 0 
7f0b481b0000-7f0b482b0000 rw-p 00000000 00:00 0                          [stack:8413]
7f0b482b0000-7f0b482b1000 ---p 00000000 00:00 0 
7f0b482b1000-7f0b483b1000 rw-p 00000000 00:00 0                          [stack:8412]
7f0b483b1000-7f0b483b2000 ---p 00000000 00:00 0 
7f0b483b2000-7f0b484c7000 rw-p 00000000 00:00 0                          [stack:8409]
7f0b484c7000-7f0b48608000 ---p 00000000 00:00 0 
7f0b48608000-7f0b4861d000 rw-p 00000000 00:00 0 
7f0b4861d000-7f0b4875d000 ---p 00000000 00:00 0 
7f0b4875d000-7f0b487aa000 rw-p 00000000 00:00 0 
7f0b487aa000-7f0b48808000 ---p 00000000 00:00 0 
7f0b48808000-7f0b48826000 rw-p 00000000 00:00 0 
7f0b48826000-7f0b48bc9000 ---p 00000000 00:00 0 
7f0b48bc9000-7f0b48be3000 r-xp 00000000 08:07 835317                     /usr/lib/jvm/java-8-oracle/jre/lib/amd64/libzip.so
7f0b48be3000-7f0b48de3000 ---p 0001a000 08:07 835317                     /usr/lib/jvm/java-8-oracle/jre/lib/amd64/libzip.so
7f0b48de3000-7f0b48de4000 rw-p 0001a000 08:07 835317                     /usr/lib/jvm/java-8-oracle/jre/lib/amd64/libzip.so
7f0b48de4000-7f0b48dee000 r-xp 00000000 08:07 12252                      /lib/x86_64-linux-gnu/libnss_files-2.19.so
7f0b48dee000-7f0b48fed000 ---p 0000a000 08:07 12252                      /lib/x86_64-linux-gnu/libnss_files-2.19.so
7f0b48fed000-7f0b48fee000 r--p 00009000 08:07 12252                      /lib/x86_64-linux-gnu/libnss_files-2.19.so
7f0b48fee000-7f0b48fef000 rw-p 0000a000 08:07 12252                      /lib/x86_64-linux-gnu/libnss_files-2.19.so
7f0b48fef000-7f0b48ffa000 r-xp 00000000 08:07 12244                      /lib/x86_64-linux-gnu/libnss_nis-2.19.so
7f0b48ffa000-7f0b491f9000 ---p 0000b000 08:07 12244                      /lib/x86_64-linux-gnu/libnss_nis-2.19.so
7f0b491f9000-7f0b491fa000 r--p 0000a000 08:07 12244                      /lib/x86_64-linux-gnu/libnss_nis-2.19.so
7f0b491fa000-7f0b491fb000 rw-p 0000b000 08:07 12244                      /lib/x86_64-linux-gnu/libnss_nis-2.19.so
7f0b491fb000-7f0b49212000 r-xp 00000000 08:07 12240                      /lib/x86_64-linux-gnu/libnsl-2.19.so
7f0b49212000-7f0b49411000 ---p 00017000 08:07 12240                      /lib/x86_64-linux-gnu/libnsl-2.19.so
7f0b49411000-7f0b49412000 r--p 00016000 08:07 12240                      /lib/x86_64-linux-gnu/libnsl-2.19.so
7f0b49412000-7f0b49413000 rw-p 00017000 08:07 12240                      /lib/x86_64-linux-gnu/libnsl-2.19.so
7f0b49413000-7f0b49415000 rw-p 00000000 00:00 0 
7f0b49415000-7f0b4941e000 r-xp 00000000 08:07 12239                      /lib/x86_64-linux-gnu/libnss_compat-2.19.so
7f0b4941e000-7f0b4961d000 ---p 00009000 08:07 12239                      /lib/x86_64-linux-gnu/libnss_compat-2.19.so
7f0b4961d000-7f0b4961e000 r--p 00008000 08:07 12239                      /lib/x86_64-linux-gnu/libnss_compat-2.19.so
7f0b4961e000-7f0b4961f000 rw-p 00009000 08:07 12239                      /lib/x86_64-linux-gnu/libnss_compat-2.19.so
7f0b4961f000-7f0b49649000 r-xp 00000000 08:07 835365                     /usr/lib/jvm/java-8-oracle/jre/lib/amd64/libjava.so
7f0b49649000-7f0b49849000 ---p 0002a000 08:07 835365                     /usr/lib/jvm/java-8-oracle/jre/lib/amd64/libjava.so
7f0b49849000-7f0b4984b000 rw-p 0002a000 08:07 835365                     /usr/lib/jvm/java-8-oracle/jre/lib/amd64/libjava.so
7f0b4984b000-7f0b49858000 r-xp 00000000 08:07 835429                     /usr/lib/jvm/java-8-oracle/jre/lib/amd64/libverify.so
7f0b49858000-7f0b49a58000 ---p 0000d000 08:07 835429                     /usr/lib/jvm/java-8-oracle/jre/lib/amd64/libverify.so
7f0b49a58000-7f0b49a5a000 rw-p 0000d000 08:07 835429                     /usr/lib/jvm/java-8-oracle/jre/lib/amd64/libverify.so
7f0b49a5a000-7f0b49a61000 r-xp 00000000 08:07 12248                      /lib/x86_64-linux-gnu/librt-2.19.so
7f0b49a61000-7f0b49c60000 ---p 00007000 08:07 12248                      /lib/x86_64-linux-gnu/librt-2.19.so
7f0b49c60000-7f0b49c61000 r--p 00006000 08:07 12248                      /lib/x86_64-linux-gnu/librt-2.19.so
7f0b49c61000-7f0b49c62000 rw-p 00007000 08:07 12248                      /lib/x86_64-linux-gnu/librt-2.19.so
7f0b49c62000-7f0b49d67000 r-xp 00000000 08:07 10642                      /lib/x86_64-linux-gnu/libm-2.19.so
7f0b49d67000-7f0b49f66000 ---p 00105000 08:07 10642                      /lib/x86_64-linux-gnu/libm-2.19.so
7f0b49f66000-7f0b49f67000 r--p 00104000 08:07 10642                      /lib/x86_64-linux-gnu/libm-2.19.so
7f0b49f67000-7f0b49f68000 rw-p 00105000 08:07 10642                      /lib/x86_64-linux-gnu/libm-2.19.so
7f0b49f68000-7f0b4ac33000 r-xp 00000000 08:07 835403                     /usr/lib/jvm/java-8-oracle/jre/lib/amd64/server/libjvm.so
7f0b4ac33000-7f0b4ae32000 ---p 00ccb000 08:07 835403                     /usr/lib/jvm/java-8-oracle/jre/lib/amd64/server/libjvm.so
7f0b4ae32000-7f0b4af0b000 rw-p 00cca000 08:07 835403                     /usr/lib/jvm/java-8-oracle/jre/lib/amd64/server/libjvm.so
7f0b4af0b000-7f0b4af56000 rw-p 00000000 00:00 0 
7f0b4af56000-7f0b4b110000 r-xp 00000000 08:07 12249                      /lib/x86_64-linux-gnu/libc-2.19.so
7f0b4b110000-7f0b4b310000 ---p 001ba000 08:07 12249                      /lib/x86_64-linux-gnu/libc-2.19.so
7f0b4b310000-7f0b4b314000 r--p 001ba000 08:07 12249                      /lib/x86_64-linux-gnu/libc-2.19.so
7f0b4b314000-7f0b4b316000 rw-p 001be000 08:07 12249                      /lib/x86_64-linux-gnu/libc-2.19.so
7f0b4b316000-7f0b4b31b000 rw-p 00000000 00:00 0 
7f0b4b31b000-7f0b4b31e000 r-xp 00000000 08:07 12236                      /lib/x86_64-linux-gnu/libdl-2.19.so
7f0b4b31e000-7f0b4b51d000 ---p 00003000 08:07 12236                      /lib/x86_64-linux-gnu/libdl-2.19.so
7f0b4b51d000-7f0b4b51e000 r--p 00002000 08:07 12236                      /lib/x86_64-linux-gnu/libdl-2.19.so
7f0b4b51e000-7f0b4b51f000 rw-p 00003000 08:07 12236                      /lib/x86_64-linux-gnu/libdl-2.19.so
7f0b4b51f000-7f0b4b534000 r-xp 00000000 08:07 832692                     /usr/lib/jvm/java-8-oracle/lib/amd64/jli/libjli.so
7f0b4b534000-7f0b4b734000 ---p 00015000 08:07 832692                     /usr/lib/jvm/java-8-oracle/lib/amd64/jli/libjli.so
7f0b4b734000-7f0b4b735000 rw-p 00015000 08:07 832692                     /usr/lib/jvm/java-8-oracle/lib/amd64/jli/libjli.so
7f0b4b735000-7f0b4b74e000 r-xp 00000000 08:07 12241                      /lib/x86_64-linux-gnu/libpthread-2.19.so
7f0b4b74e000-7f0b4b94d000 ---p 00019000 08:07 12241                      /lib/x86_64-linux-gnu/libpthread-2.19.so
7f0b4b94d000-7f0b4b94e000 r--p 00018000 08:07 12241                      /lib/x86_64-linux-gnu/libpthread-2.19.so
7f0b4b94e000-7f0b4b94f000 rw-p 00019000 08:07 12241                      /lib/x86_64-linux-gnu/libpthread-2.19.so
7f0b4b94f000-7f0b4b953000 rw-p 00000000 00:00 0 
7f0b4b953000-7f0b4b976000 r-xp 00000000 08:07 12242                      /lib/x86_64-linux-gnu/ld-2.19.so
7f0b4b979000-7f0b4ba4b000 rw-p 00000000 00:00 0 
7f0b4ba4b000-7f0b4ba4e000 ---p 00000000 00:00 0 
7f0b4ba4e000-7f0b4bb50000 rw-p 00000000 00:00 0                          [stack:8402]
7f0b4bb54000-7f0b4bb69000 rw-p 00000000 00:00 0 
7f0b4bb69000-7f0b4bb71000 rw-s 00000000 08:07 135079                     /tmp/hsperfdata_suraj/8397
7f0b4bb71000-7f0b4bb72000 rw-p 00000000 00:00 0 
7f0b4bb72000-7f0b4bb73000 ---p 00000000 00:00 0 
7f0b4bb73000-7f0b4bb75000 rw-p 00000000 00:00 0 
7f0b4bb75000-7f0b4bb76000 r--p 00022000 08:07 12242                      /lib/x86_64-linux-gnu/ld-2.19.so
7f0b4bb76000-7f0b4bb77000 rw-p 00023000 08:07 12242                      /lib/x86_64-linux-gnu/ld-2.19.so
7f0b4bb77000-7f0b4bb78000 rw-p 00000000 00:00 0 
7fffdcd60000-7fffdcd82000 rw-p 00000000 00:00 0                          [stack]
7fffdcdfc000-7fffdcdfe000 r--p 00000000 00:00 0                          [vvar]
7fffdcdfe000-7fffdce00000 r-xp 00000000 00:00 0                          [vdso]
ffffffffff600000-ffffffffff601000 r-xp 00000000 00:00 0                  [vsyscall]

VM Arguments:
jvm_args: -Djava.awt.headless=true -Xmx1024M -Dfile.encoding=UTF-8 -Duser.country=IN -Duser.language=en -Duser.variant 
java_command: com.android.dx.command.Main --dex --force-jumbo --num-threads=4 --multi-dex --output /home/suraj/AndroidstudioProjects/INC16 User/XposedTest/app/build/intermediates/transforms/dex/debug/folders/1000/10/com.android.support-appcompat-v7-23.1.1_ec66577b479e507dcfc7dd2e80dc8b488b210dfd /home/suraj/AndroidstudioProjects/INC16 User/XposedTest/app/build/intermediates/exploded-aar/com.android.support/appcompat-v7/23.1.1/jars/classes.jar
java_class_path (initial): /home/suraj/android/android-sdk-linux/build-tools/23.0.2/lib/dx.jar
Launcher Type: SUN_STANDARD

Environment Variables:
JAVA_HOME=/usr/lib/jvm/java-8-oracle
PATH=/usr/local/heroku/bin:/home/suraj/.rbenv/plugins/ruby-build/bin:/home/suraj/.rbenv/shims:/home/suraj/.rbenv/bin:/usr/local/sbin:/usr/local/bin:/usr/sbin:/usr/bin:/sbin:/bin:/usr/games:/usr/local/games:/usr/lib/jvm/java-8-oracle/bin:/usr/lib/jvm/java-8-oracle/db/bin:/usr/lib/jvm/java-8-oracle/jre/bin:/home/suraj/scripts/:/home/suraj/android/toolchain/arm-cortex_a8-linux-gnueabi-linaro_4.7.4-2014.04/bin:/home/suraj/android/android-sdk-linux/tools:/home/suraj/android/android-sdk-linux/platform-tools
LD_LIBRARY_PATH=/home/suraj/android-studio/bin::/usr/local/lib
SHELL=/bin/bash
DISPLAY=:0
ARCH=arm

Signal Handlers:
SIGSEGV: [libjvm.so+0xac4790], sa_mask[0]=11111111011111111101111111111110, sa_flags=SA_RESTART|SA_SIGINFO
SIGBUS: [libjvm.so+0xac4790], sa_mask[0]=11111111011111111101111111111110, sa_flags=SA_RESTART|SA_SIGINFO
SIGFPE: [libjvm.so+0x91f140], sa_mask[0]=11111111011111111101111111111110, sa_flags=SA_RESTART|SA_SIGINFO
SIGPIPE: [libjvm.so+0x91f140], sa_mask[0]=11111111011111111101111111111110, sa_flags=SA_RESTART|SA_SIGINFO
SIGXFSZ: [libjvm.so+0x91f140], sa_mask[0]=11111111011111111101111111111110, sa_flags=SA_RESTART|SA_SIGINFO
SIGILL: [libjvm.so+0x91f140], sa_mask[0]=11111111011111111101111111111110, sa_flags=SA_RESTART|SA_SIGINFO
SIGUSR1: SIG_DFL, sa_mask[0]=00000000000000000000000000000000, sa_flags=none
SIGUSR2: [libjvm.so+0x920770], sa_mask[0]=00100000000000000000000000000000, sa_flags=SA_RESTART|SA_SIGINFO
SIGHUP: [libjvm.so+0x921b70], sa_mask[0]=11111111011111111101111111111110, sa_flags=SA_RESTART|SA_SIGINFO
SIGINT: [libjvm.so+0x921b70], sa_mask[0]=11111111011111111101111111111110, sa_flags=SA_RESTART|SA_SIGINFO
SIGTERM: [libjvm.so+0x921b70], sa_mask[0]=11111111011111111101111111111110, sa_flags=SA_RESTART|SA_SIGINFO
SIGQUIT: [libjvm.so+0x921b70], sa_mask[0]=11111111011111111101111111111110, sa_flags=SA_RESTART|SA_SIGINFO


---------------  S Y S T E M  ---------------

OS:DISTRIB_ID=Ubuntu
DISTRIB_RELEASE=14.04
DISTRIB_CODENAME=trusty
DISTRIB_DESCRIPTION="Ubuntu 14.04.5 LTS"

uname:Linux 3.17.0-031700-generic #201410060605 SMP Mon Oct 6 10:07:09 UTC 2014 x86_64
libc:glibc 2.19 NPTL 2.19 
rlimit: STACK 8192k, CORE 0k, NPROC 15261, NOFILE 4096, AS infinity
load average:8.54 6.69 4.27

/proc/meminfo:
MemTotal:        3952400 kB
MemFree:          111152 kB
MemAvailable:      68800 kB
Buffers:            1612 kB
Cached:           346152 kB
SwapCached:            0 kB
Active:          3341708 kB
Inactive:         302304 kB
Active(anon):    3317104 kB
Inactive(anon):   284772 kB
Active(file):      24604 kB
Inactive(file):    17532 kB
Unevictable:          32 kB
Mlocked:              32 kB
SwapTotal:             0 kB
SwapFree:              0 kB
Dirty:              1196 kB
Writeback:             0 kB
AnonPages:       3296508 kB
Mapped:           120348 kB
Shmem:            305488 kB
Slab:              78316 kB
SReclaimable:      42088 kB
SUnreclaim:        36228 kB
KernelStack:       12384 kB
PageTables:        37860 kB
NFS_Unstable:          0 kB
Bounce:                0 kB
WritebackTmp:          0 kB
CommitLimit:     1976200 kB
Committed_AS:    7553988 kB
VmallocTotal:   34359738367 kB
VmallocUsed:      352420 kB
VmallocChunk:   34359332880 kB
HardwareCorrupted:     0 kB
AnonHugePages:   1433600 kB
HugePages_Total:       0
HugePages_Free:        0
HugePages_Rsvd:        0
HugePages_Surp:        0
Hugepagesize:       2048 kB
DirectMap4k:       87316 kB
DirectMap2M:     2963456 kB
DirectMap1G:     1048576 kB


CPU:total 4 (2 cores per cpu, 2 threads per core) family 6 model 69 stepping 1, cmov, cx8, fxsr, mmx, sse, sse2, sse3, ssse3, sse4.1, sse4.2, popcnt, avx, avx2, aes, clmul, erms, lzcnt, ht, tsc, tscinvbit, bmi1, bmi2

/proc/cpuinfo:
processor	: 0
vendor_id	: GenuineIntel
cpu family	: 6
model		: 69
model name	: Intel(R) Core(TM) i5-4200U CPU @ 1.60GHz
stepping	: 1
microcode	: 0x16
cpu MHz		: 1699.933
cache size	: 3072 KB
physical id	: 0
siblings	: 4
core id		: 0
cpu cores	: 2
apicid		: 0
initial apicid	: 0
fpu		: yes
fpu_exception	: yes
cpuid level	: 13
wp		: yes
flags		: fpu vme de pse tsc msr pae mce cx8 apic sep mtrr pge mca cmov pat pse36 clflush dts acpi mmx fxsr sse sse2 ss ht tm pbe syscall nx pdpe1gb rdtscp lm constant_tsc arch_perfmon pebs bts rep_good nopl xtopology nonstop_tsc aperfmperf eagerfpu pni pclmulqdq dtes64 monitor ds_cpl vmx est tm2 ssse3 fma cx16 xtpr pdcm pcid sse4_1 sse4_2 movbe popcnt tsc_deadline_timer aes xsave avx f16c rdrand lahf_lm abm ida arat epb pln pts dtherm tpr_shadow vnmi flexpriority ept vpid fsgsbase tsc_adjust bmi1 avx2 smep bmi2 erms invpcid xsaveopt
bugs		:
bogomips	: 4589.50
clflush size	: 64
cache_alignment	: 64
address sizes	: 39 bits physical, 48 bits virtual
power management:

processor	: 1
vendor_id	: GenuineIntel
cpu family	: 6
model		: 69
model name	: Intel(R) Core(TM) i5-4200U CPU @ 1.60GHz
stepping	: 1
microcode	: 0x16
cpu MHz		: 1699.933
cache size	: 3072 KB
physical id	: 0
siblings	: 4
core id		: 1
cpu cores	: 2
apicid		: 2
initial apicid	: 2
fpu		: yes
fpu_exception	: yes
cpuid level	: 13
wp		: yes
flags		: fpu vme de pse tsc msr pae mce cx8 apic sep mtrr pge mca cmov pat pse36 clflush dts acpi mmx fxsr sse sse2 ss ht tm pbe syscall nx pdpe1gb rdtscp lm constant_tsc arch_perfmon pebs bts rep_good nopl xtopology nonstop_tsc aperfmperf eagerfpu pni pclmulqdq dtes64 monitor ds_cpl vmx est tm2 ssse3 fma cx16 xtpr pdcm pcid sse4_1 sse4_2 movbe popcnt tsc_deadline_timer aes xsave avx f16c rdrand lahf_lm abm ida arat epb pln pts dtherm tpr_shadow vnmi flexpriority ept vpid fsgsbase tsc_adjust bmi1 avx2 smep bmi2 erms invpcid xsaveopt
bugs		:
bogomips	: 4589.50
clflush size	: 64
cache_alignment	: 64
address sizes	: 39 bits physical, 48 bits virtual
power management:

processor	: 2
vendor_id	: GenuineIntel
cpu family	: 6
model		: 69
model name	: Intel(R) Core(TM) i5-4200U CPU @ 1.60GHz
stepping	: 1
microcode	: 0x16
cpu MHz		: 1699.933
cache size	: 3072 KB
physical id	: 0
siblings	: 4
core id		: 0
cpu cores	: 2
apicid		: 1
initial apicid	: 1
fpu		: yes
fpu_exception	: yes
cpuid level	: 13
wp		: yes
flags		: fpu vme de pse tsc msr pae mce cx8 apic sep mtrr pge mca cmov pat pse36 clflush dts acpi mmx fxsr sse sse2 ss ht tm pbe syscall nx pdpe1gb rdtscp lm constant_tsc arch_perfmon pebs bts rep_good nopl xtopology nonstop_tsc aperfmperf eagerfpu pni pclmulqdq dtes64 monitor ds_cpl vmx est tm2 ssse3 fma cx16 xtpr pdcm pcid sse4_1 sse4_2 movbe popcnt tsc_deadline_timer aes xsave avx f16c rdrand lahf_lm abm ida arat epb pln pts dtherm tpr_shadow vnmi flexpriority ept vpid fsgsbase tsc_adjust bmi1 avx2 smep bmi2 erms invpcid xsaveopt
bugs		:
bogomips	: 4589.50
clflush size	: 64
cache_alignment	: 64
address sizes	: 39 bits physical, 48 bits virtual
power management:

processor	: 3
vendor_id	: GenuineIntel
cpu family	: 6
model		: 69
model name	: Intel(R) Core(TM) i5-4200U CPU @ 1.60GHz
stepping	: 1
microcode	: 0x16
cpu MHz		: 1699.933
cache size	: 3072 KB
physical id	: 0
siblings	: 4
core id		: 1
cpu cores	: 2
apicid		: 3
initial apicid	: 3
fpu		: yes
fpu_exception	: yes
cpuid level	: 13
wp		: yes
flags		: fpu vme de pse tsc msr pae mce cx8 apic sep mtrr pge mca cmov pat pse36 clflush dts acpi mmx fxsr sse sse2 ss ht tm pbe syscall nx pdpe1gb rdtscp lm constant_tsc arch_perfmon pebs bts rep_good nopl xtopology nonstop_tsc aperfmperf eagerfpu pni pclmulqdq dtes64 monitor ds_cpl vmx est tm2 ssse3 fma cx16 xtpr pdcm pcid sse4_1 sse4_2 movbe popcnt tsc_deadline_timer aes xsave avx f16c rdrand lahf_lm abm ida arat epb pln pts dtherm tpr_shadow vnmi flexpriority ept vpid fsgsbase tsc_adjust bmi1 avx2 smep bmi2 erms invpcid xsaveopt
bugs		:
bogomips	: 4589.50
clflush size	: 64
cache_alignment	: 64
address sizes	: 39 bits physical, 48 bits virtual
power management:



Memory: 4k page, physical 3952400k(111152k free), swap 0k(0k free)

vm_info: Java HotSpot(TM) 64-Bit Server VM (25.101-b13) for linux-amd64 JRE (1.8.0_101-b13), built on Jun 22 2016 02:59:44 by "java_re" with gcc 4.3.0 20080428 (Red Hat 4.3.0-8)

time: Wed Aug 31 10:25:12 2016
elapsed time: 10 seconds (0d 0h 0m 10s)

