#
# There is insufficient memory for the Java Runtime Environment to continue.
# Native memory allocation (mmap) failed to map 32505856 bytes for committing reserved memory.
# Possible reasons:
#   The system is out of physical RAM or swap space
#   In 32 bit mode, the process size limit was hit
# Possible solutions:
#   Reduce memory load on the system
#   Increase physical memory or swap space
#   Check if swap backing store is full
#   Use 64 bit Java on a 64 bit OS
#   Decrease Java heap size (-Xmx/-Xms)
#   Decrease number of Java threads
#   Decrease Java thread stack sizes (-Xss)
#   Set larger code cache with -XX:ReservedCodeCacheSize=
# This output file may be truncated or incomplete.
#
#  Out of Memory Error (os_linux.cpp:2627), pid=11424, tid=0x00007f8e2c518700
#
# JRE version: Java(TM) SE Runtime Environment (8.0_111-b14) (build 1.8.0_111-b14)
# Java VM: Java HotSpot(TM) 64-Bit Server VM (25.111-b14 mixed mode linux-amd64 compressed oops)
# Failed to write core dump. Core dumps have been disabled. To enable core dumping, try "ulimit -c unlimited" before starting Java again
#

---------------  T H R E A D  ---------------

Current thread (0x00007f8e44079000):  VMThread [stack: 0x00007f8e2c418000,0x00007f8e2c519000] [id=11434]

Stack: [0x00007f8e2c418000,0x00007f8e2c519000],  sp=0x00007f8e2c5170e0,  free space=1020k
Native frames: (J=compiled Java code, j=interpreted, Vv=VM code, C=native code)
V  [libjvm.so+0xac5c2a]  VMError::report_and_die()+0x2ba
V  [libjvm.so+0x4fc50b]  report_vm_out_of_memory(char const*, int, unsigned long, VMErrorType, char const*)+0x8b
V  [libjvm.so+0x922ae3]  os::Linux::commit_memory_impl(char*, unsigned long, bool)+0x103
V  [libjvm.so+0x923039]  os::pd_commit_memory(char*, unsigned long, unsigned long, bool)+0x29
V  [libjvm.so+0x91d33a]  os::commit_memory(char*, unsigned long, unsigned long, bool)+0x2a
V  [libjvm.so+0x991ac3]  PSVirtualSpace::expand_by(unsigned long)+0x53
V  [libjvm.so+0x992ec8]  PSYoungGen::resize_generation(unsigned long, unsigned long)+0xf8
V  [libjvm.so+0x992022]  PSYoungGen::resize(unsigned long, unsigned long)+0x22
V  [libjvm.so+0x98f2fb]  PSScavenge::invoke_no_policy()+0xf3b
V  [libjvm.so+0x98fa81]  PSScavenge::invoke()+0x41
V  [libjvm.so+0x9467d0]  ParallelScavengeHeap::failed_mem_allocate(unsigned long)+0x70
V  [libjvm.so+0xac7647]  VM_ParallelGCFailedAllocation::doit()+0x97
V  [libjvm.so+0xacf125]  VM_Operation::evaluate()+0x55
V  [libjvm.so+0xacd4fa]  VMThread::evaluate_operation(VM_Operation*)+0xba
V  [libjvm.so+0xacd87e]  VMThread::loop()+0x1ce
V  [libjvm.so+0xacdcf0]  VMThread::run()+0x70
V  [libjvm.so+0x924ea8]  java_start(Thread*)+0x108

VM_Operation (0x00007f8e4abf2ea0): ParallelGCFailedAllocation, mode: safepoint, requested by thread 0x00007f8e4400b000


---------------  P R O C E S S  ---------------

Java Threads: ( => current thread )
  0x00007f8e440c1000 JavaThread "Service Thread" daemon [_thread_blocked, id=11441, stack(0x00007f8e1761b000,0x00007f8e1771c000)]
  0x00007f8e440be000 JavaThread "C1 CompilerThread2" daemon [_thread_blocked, id=11440, stack(0x00007f8e1771c000,0x00007f8e1781d000)]
  0x00007f8e440bc800 JavaThread "C2 CompilerThread1" daemon [_thread_blocked, id=11439, stack(0x00007f8e1781d000,0x00007f8e1791e000)]
  0x00007f8e440b9800 JavaThread "C2 CompilerThread0" daemon [_thread_blocked, id=11438, stack(0x00007f8e2c014000,0x00007f8e2c115000)]
  0x00007f8e440b8000 JavaThread "Signal Dispatcher" daemon [_thread_blocked, id=11437, stack(0x00007f8e2c115000,0x00007f8e2c216000)]
  0x00007f8e44085000 JavaThread "Finalizer" daemon [_thread_blocked, id=11436, stack(0x00007f8e2c216000,0x00007f8e2c317000)]
  0x00007f8e44080800 JavaThread "Reference Handler" daemon [_thread_blocked, id=11435, stack(0x00007f8e2c317000,0x00007f8e2c418000)]
  0x00007f8e4400b000 JavaThread "main" [_thread_blocked, id=11429, stack(0x00007f8e4aaf4000,0x00007f8e4abf5000)]

Other Threads:
=>0x00007f8e44079000 VMThread [stack: 0x00007f8e2c418000,0x00007f8e2c519000] [id=11434]
  0x00007f8e440c3800 WatcherThread [stack: 0x00007f8e1751a000,0x00007f8e1761b000] [id=11442]

VM state:at safepoint (normal execution)

VM Mutex/Monitor currently owned by a thread:  ([mutex/lock_event])
[0x00007f8e44007430] Threads_lock - owner thread: 0x00007f8e44079000
[0x00007f8e44007930] Heap_lock - owner thread: 0x00007f8e4400b000

Heap:
 PSYoungGen      total 34304K, used 2545K [0x00000000eab00000, 0x00000000ecf00000, 0x0000000100000000)
  eden space 31744K, 0% used [0x00000000eab00000,0x00000000eab00000,0x00000000eca00000)
  from space 2560K, 99% used [0x00000000eca00000,0x00000000ecc7c698,0x00000000ecc80000)
  to   space 2560K, 0% used [0x00000000ecc80000,0x00000000ecc80000,0x00000000ecf00000)
 ParOldGen       total 42496K, used 13803K [0x00000000c0000000, 0x00000000c2980000, 0x00000000eab00000)
  object space 42496K, 32% used [0x00000000c0000000,0x00000000c0d7afb0,0x00000000c2980000)
 Metaspace       used 4443K, capacity 5424K, committed 5632K, reserved 1056768K
  class space    used 479K, capacity 488K, committed 512K, reserved 1048576K

Card table byte_map: [0x00007f8e34619000,0x00007f8e3481a000] byte_map_base: 0x00007f8e34019000

Marking Bits: (ParMarkBitMap*) 0x00007f8e49fd2220
 Begin Bits: [0x00007f8e2e000000, 0x00007f8e2f000000)
 End Bits:   [0x00007f8e2f000000, 0x00007f8e30000000)

Polling page: 0x00007f8e4ac1b000

CodeCache: size=245760Kb used=2903Kb max_used=2913Kb free=242856Kb
 bounds [0x00007f8e34bda000, 0x00007f8e34eba000, 0x00007f8e43bda000]
 total_blobs=1120 nmethods=859 adapters=175
 compilation: enabled

Compilation events (10 events):
Event: 1.384 Thread 0x00007f8e440be000  876       2       com.android.dx.io.instructions.DecodedInstruction::getLiteralInt (53 bytes)
Event: 1.385 Thread 0x00007f8e440be000 nmethod 876 0x00007f8e34eb0fd0 code [0x00007f8e34eb1180, 0x00007f8e34eb15c8]
Event: 1.390 Thread 0x00007f8e440b9800 nmethod 882 0x00007f8e34eae3d0 code [0x00007f8e34eae540, 0x00007f8e34eae7b8]
Event: 1.390 Thread 0x00007f8e440b9800  844       4       com.android.dx.merge.InstructionTransformer$MethodVisitor::visit (63 bytes)
Event: 1.398 Thread 0x00007f8e440b9800 nmethod 844 0x00007f8e34eb46d0 code [0x00007f8e34eb4840, 0x00007f8e34eb49f8]
Event: 1.398 Thread 0x00007f8e440b9800  840       4       com.android.dx.io.instructions.InstructionCodec$25::decode (7 bytes)
Event: 1.412 Thread 0x00007f8e440be000  886       1       com.android.dx.io.instructions.PackedSwitchPayloadDecodedInstruction::getTargets (5 bytes)
Event: 1.412 Thread 0x00007f8e440be000 nmethod 886 0x00007f8e34eb4410 code [0x00007f8e34eb4560, 0x00007f8e34eb4670]
Event: 1.412 Thread 0x00007f8e440be000  887       1       com.android.dx.io.instructions.PackedSwitchPayloadDecodedInstruction::getFirstKey (5 bytes)
Event: 1.412 Thread 0x00007f8e440be000 nmethod 887 0x00007f8e34eb4150 code [0x00007f8e34eb42a0, 0x00007f8e34eb43b0]

GC Heap History (5 events):
Event: 0.373 GC heap before
{Heap before GC invocations=1 (full 0):
 PSYoungGen      total 18432K, used 15872K [0x00000000eab00000, 0x00000000ebf80000, 0x0000000100000000)
  eden space 15872K, 100% used [0x00000000eab00000,0x00000000eba80000,0x00000000eba80000)
  from space 2560K, 0% used [0x00000000ebd00000,0x00000000ebd00000,0x00000000ebf80000)
  to   space 2560K, 0% used [0x00000000eba80000,0x00000000eba80000,0x00000000ebd00000)
 ParOldGen       total 42496K, used 0K [0x00000000c0000000, 0x00000000c2980000, 0x00000000eab00000)
  object space 42496K, 0% used [0x00000000c0000000,0x00000000c0000000,0x00000000c2980000)
 Metaspace       used 3862K, capacity 4944K, committed 5120K, reserved 1056768K
  class space    used 425K, capacity 456K, committed 512K, reserved 1048576K
Event: 0.385 GC heap after
Heap after GC invocations=1 (full 0):
 PSYoungGen      total 18432K, used 2533K [0x00000000eab00000, 0x00000000ecf00000, 0x0000000100000000)
  eden space 15872K, 0% used [0x00000000eab00000,0x00000000eab00000,0x00000000eba80000)
  from space 2560K, 98% used [0x00000000eba80000,0x00000000ebcf95d0,0x00000000ebd00000)
  to   space 2560K, 0% used [0x00000000ecc80000,0x00000000ecc80000,0x00000000ecf00000)
 ParOldGen       total 42496K, used 11319K [0x00000000c0000000, 0x00000000c2980000, 0x00000000eab00000)
  object space 42496K, 26% used [0x00000000c0000000,0x00000000c0b0dee8,0x00000000c2980000)
 Metaspace       used 3862K, capacity 4944K, committed 5120K, reserved 1056768K
  class space    used 425K, capacity 456K, committed 512K, reserved 1048576K
}
Event: 0.720 GC heap before
{Heap before GC invocations=2 (full 0):
 PSYoungGen      total 18432K, used 18405K [0x00000000eab00000, 0x00000000ecf00000, 0x0000000100000000)
  eden space 15872K, 100% used [0x00000000eab00000,0x00000000eba80000,0x00000000eba80000)
  from space 2560K, 98% used [0x00000000eba80000,0x00000000ebcf95d0,0x00000000ebd00000)
  to   space 2560K, 0% used [0x00000000ecc80000,0x00000000ecc80000,0x00000000ecf00000)
 ParOldGen       total 42496K, used 11319K [0x00000000c0000000, 0x00000000c2980000, 0x00000000eab00000)
  object space 42496K, 26% used [0x00000000c0000000,0x00000000c0b0dee8,0x00000000c2980000)
 Metaspace       used 3960K, capacity 5008K, committed 5120K, reserved 1056768K
  class space    used 431K, capacity 456K, committed 512K, reserved 1048576K
Event: 0.726 GC heap after
Heap after GC invocations=2 (full 0):
 PSYoungGen      total 34304K, used 2549K [0x00000000eab00000, 0x00000000ecf00000, 0x0000000100000000)
  eden space 31744K, 0% used [0x00000000eab00000,0x00000000eab00000,0x00000000eca00000)
  from space 2560K, 99% used [0x00000000ecc80000,0x00000000ecefd5c0,0x00000000ecf00000)
  to   space 2560K, 0% used [0x00000000eca00000,0x00000000eca00000,0x00000000ecc80000)
 ParOldGen       total 42496K, used 12488K [0x00000000c0000000, 0x00000000c2980000, 0x00000000eab00000)
  object space 42496K, 29% used [0x00000000c0000000,0x00000000c0c323a8,0x00000000c2980000)
 Metaspace       used 3960K, capacity 5008K, committed 5120K, reserved 1056768K
  class space    used 431K, capacity 456K, committed 512K, reserved 1048576K
}
Event: 1.481 GC heap before
{Heap before GC invocations=3 (full 0):
 PSYoungGen      total 34304K, used 34293K [0x00000000eab00000, 0x00000000ecf00000, 0x0000000100000000)
  eden space 31744K, 100% used [0x00000000eab00000,0x00000000eca00000,0x00000000eca00000)
  from space 2560K, 99% used [0x00000000ecc80000,0x00000000ecefd5c0,0x00000000ecf00000)
  to   space 2560K, 0% used [0x00000000eca00000,0x00000000eca00000,0x00000000ecc80000)
 ParOldGen       total 42496K, used 12488K [0x00000000c0000000, 0x00000000c2980000, 0x00000000eab00000)
  object space 42496K, 29% used [0x00000000c0000000,0x00000000c0c323a8,0x00000000c2980000)
 Metaspace       used 4443K, capacity 5424K, committed 5632K, reserved 1056768K
  class space    used 479K, capacity 488K, committed 512K, reserved 1048576K

Deoptimization events (10 events):
Event: 0.791 Thread 0x00007f8e4400b000 Uncommon trap: reason=class_check action=maybe_recompile pc=0x00007f8e34d6f794 method=com.android.dex.Leb128.readUnsignedLeb128(Lcom/android/dex/util/ByteInput;)I @ 5
Event: 0.791 Thread 0x00007f8e4400b000 Uncommon trap: reason=class_check action=maybe_recompile pc=0x00007f8e34d6f794 method=com.android.dex.Leb128.readUnsignedLeb128(Lcom/android/dex/util/ByteInput;)I @ 5
Event: 0.821 Thread 0x00007f8e4400b000 Uncommon trap: reason=class_check action=maybe_recompile pc=0x00007f8e34d98d04 method=com.android.dx.merge.DexMerger$IdMerger$UnsortedValue.compareTo(Lcom/android/dx/merge/DexMerger$IdMerger$UnsortedValue;)I @ 8
Event: 0.821 Thread 0x00007f8e4400b000 Uncommon trap: reason=class_check action=maybe_recompile pc=0x00007f8e34d98d04 method=com.android.dx.merge.DexMerger$IdMerger$UnsortedValue.compareTo(Lcom/android/dx/merge/DexMerger$IdMerger$UnsortedValue;)I @ 8
Event: 0.821 Thread 0x00007f8e4400b000 Uncommon trap: reason=class_check action=maybe_recompile pc=0x00007f8e34d98d04 method=com.android.dx.merge.DexMerger$IdMerger$UnsortedValue.compareTo(Lcom/android/dx/merge/DexMerger$IdMerger$UnsortedValue;)I @ 8
Event: 0.821 Thread 0x00007f8e4400b000 Uncommon trap: reason=class_check action=maybe_recompile pc=0x00007f8e34d98d04 method=com.android.dx.merge.DexMerger$IdMerger$UnsortedValue.compareTo(Lcom/android/dx/merge/DexMerger$IdMerger$UnsortedValue;)I @ 8
Event: 0.821 Thread 0x00007f8e4400b000 Uncommon trap: reason=class_check action=maybe_recompile pc=0x00007f8e34d9e520 method=com.android.dx.merge.DexMerger$IdMerger$UnsortedValue.compareTo(Lcom/android/dx/merge/DexMerger$IdMerger$UnsortedValue;)I @ 8
Event: 1.087 Thread 0x00007f8e4400b000 Uncommon trap: reason=unstable_if action=reinterpret pc=0x00007f8e34daf714 method=com.android.dx.merge.IndexMap.adjustString(I)I @ 2
Event: 1.090 Thread 0x00007f8e4400b000 Uncommon trap: reason=unstable_if action=reinterpret pc=0x00007f8e34e1fe94 method=java.util.HashMap.getNode(ILjava/lang/Object;)Ljava/util/HashMap$Node; @ 84
Event: 1.092 Thread 0x00007f8e4400b000 Uncommon trap: reason=unstable_if action=reinterpret pc=0x00007f8e34e1ec0c method=java.util.HashMap.getNode(ILjava/lang/Object;)Ljava/util/HashMap$Node; @ 84

Internal exceptions (2 events):
Event: 0.066 Thread 0x00007f8e4400b000 Exception <a 'java/lang/NoSuchMethodError': Method sun.misc.Unsafe.defineClass(Ljava/lang/String;[BII)Ljava/lang/Class; name or signature does not match> (0x00000000eab07c78) thrown at [/HUDSON3/workspace/8-2-build-linux-amd64/jdk8u111/7883/hotspot/src/sh
Event: 0.066 Thread 0x00007f8e4400b000 Exception <a 'java/lang/NoSuchMethodError': Method sun.misc.Unsafe.prefetchRead(Ljava/lang/Object;J)V name or signature does not match> (0x00000000eab07f60) thrown at [/HUDSON3/workspace/8-2-build-linux-amd64/jdk8u111/7883/hotspot/src/share/vm/prims/jni.c

Events (10 events):
Event: 1.415 Thread 0x00007f8e4400b000 DEOPT UNPACKING pc=0x00007f8e34c21633 sp=0x00007f8e4abf2f80 mode 0
Event: 1.416 Thread 0x00007f8e4400b000 DEOPT PACKING pc=0x00007f8e34e4d26b sp=0x00007f8e4abf3230
Event: 1.416 Thread 0x00007f8e4400b000 DEOPT UNPACKING pc=0x00007f8e34c21633 sp=0x00007f8e4abf2f80 mode 0
Event: 1.420 Thread 0x00007f8e4400b000 DEOPT PACKING pc=0x00007f8e34e4d26b sp=0x00007f8e4abf3230
Event: 1.420 Thread 0x00007f8e4400b000 DEOPT UNPACKING pc=0x00007f8e34c21633 sp=0x00007f8e4abf2f80 mode 0
Event: 1.424 Thread 0x00007f8e4400b000 DEOPT PACKING pc=0x00007f8e34e4be60 sp=0x00007f8e4abf3240
Event: 1.424 Thread 0x00007f8e4400b000 DEOPT UNPACKING pc=0x00007f8e34c21633 sp=0x00007f8e4abf2f80 mode 0
Event: 1.427 Thread 0x00007f8e4400b000 DEOPT PACKING pc=0x00007f8e34e4d26b sp=0x00007f8e4abf3230
Event: 1.427 Thread 0x00007f8e4400b000 DEOPT UNPACKING pc=0x00007f8e34c21633 sp=0x00007f8e4abf2f80 mode 0
Event: 1.449 Executing VM operation: ParallelGCFailedAllocation


Dynamic libraries:
00400000-00401000 r-xp 00000000 08:07 550402                             /usr/lib/jvm/java-8-oracle/bin/java
00600000-00601000 rw-p 00000000 08:07 550402                             /usr/lib/jvm/java-8-oracle/bin/java
01420000-01441000 rw-p 00000000 00:00 0                                  [heap]
c0000000-c2980000 rw-p 00000000 00:00 0 
c2980000-eab00000 ---p 00000000 00:00 0 
eab00000-ecf00000 rw-p 00000000 00:00 0 
eee00000-100000000 ---p 00000000 00:00 0 
100000000-100080000 rw-p 00000000 00:00 0 
100080000-140000000 ---p 00000000 00:00 0 
7f8df4000000-7f8df4021000 rw-p 00000000 00:00 0 
7f8df4021000-7f8df8000000 ---p 00000000 00:00 0 
7f8dfc000000-7f8dfc236000 rw-p 00000000 00:00 0 
7f8dfc236000-7f8e00000000 ---p 00000000 00:00 0 
7f8e00000000-7f8e00021000 rw-p 00000000 00:00 0 
7f8e00021000-7f8e04000000 ---p 00000000 00:00 0 
7f8e04000000-7f8e041ba000 rw-p 00000000 00:00 0 
7f8e041ba000-7f8e08000000 ---p 00000000 00:00 0 
7f8e08000000-7f8e08409000 rw-p 00000000 00:00 0 
7f8e08409000-7f8e0c000000 ---p 00000000 00:00 0 
7f8e0c000000-7f8e0c021000 rw-p 00000000 00:00 0 
7f8e0c021000-7f8e10000000 ---p 00000000 00:00 0 
7f8e10000000-7f8e10021000 rw-p 00000000 00:00 0 
7f8e10021000-7f8e14000000 ---p 00000000 00:00 0 
7f8e1751a000-7f8e1751b000 ---p 00000000 00:00 0 
7f8e1751b000-7f8e1761b000 rw-p 00000000 00:00 0                          [stack:11442]
7f8e1761b000-7f8e1761e000 ---p 00000000 00:00 0 
7f8e1761e000-7f8e1771c000 rw-p 00000000 00:00 0                          [stack:11441]
7f8e1771c000-7f8e1771f000 ---p 00000000 00:00 0 
7f8e1771f000-7f8e1781d000 rw-p 00000000 00:00 0                          [stack:11440]
7f8e1781d000-7f8e17820000 ---p 00000000 00:00 0 
7f8e17820000-7f8e1791e000 rw-p 00000000 00:00 0                          [stack:11439]
7f8e1791e000-7f8e18000000 r--p 00000000 08:07 400878                     /usr/lib/locale/locale-archive
7f8e18000000-7f8e1828d000 rw-p 00000000 00:00 0 
7f8e1828d000-7f8e1c000000 ---p 00000000 00:00 0 
7f8e1c000000-7f8e1c021000 rw-p 00000000 00:00 0 
7f8e1c021000-7f8e20000000 ---p 00000000 00:00 0 
7f8e20000000-7f8e20021000 rw-p 00000000 00:00 0 
7f8e20021000-7f8e24000000 ---p 00000000 00:00 0 
7f8e24000000-7f8e24021000 rw-p 00000000 00:00 0 
7f8e24021000-7f8e28000000 ---p 00000000 00:00 0 
7f8e28000000-7f8e28021000 rw-p 00000000 00:00 0 
7f8e28021000-7f8e2c000000 ---p 00000000 00:00 0 
7f8e2c014000-7f8e2c017000 ---p 00000000 00:00 0 
7f8e2c017000-7f8e2c115000 rw-p 00000000 00:00 0                          [stack:11438]
7f8e2c115000-7f8e2c118000 ---p 00000000 00:00 0 
7f8e2c118000-7f8e2c216000 rw-p 00000000 00:00 0                          [stack:11437]
7f8e2c216000-7f8e2c219000 ---p 00000000 00:00 0 
7f8e2c219000-7f8e2c317000 rw-p 00000000 00:00 0                          [stack:11436]
7f8e2c317000-7f8e2c31a000 ---p 00000000 00:00 0 
7f8e2c31a000-7f8e2c418000 rw-p 00000000 00:00 0                          [stack:11435]
7f8e2c418000-7f8e2c419000 ---p 00000000 00:00 0 
7f8e2c419000-7f8e2d428000 rw-p 00000000 00:00 0                          [stack:11434]
7f8e2d428000-7f8e2d600000 r--s 03d2a000 08:07 911911                     /usr/lib/jvm/java-8-oracle/jre/lib/rt.jar
7f8e2d600000-7f8e2db00000 rw-p 00000000 00:00 0 
7f8e2db00000-7f8e2de00000 ---p 00000000 00:00 0 
7f8e2de00000-7f8e30000000 rw-p 00000000 00:00 0 
7f8e30000000-7f8e30021000 rw-p 00000000 00:00 0 
7f8e30021000-7f8e34000000 ---p 00000000 00:00 0 
7f8e3402c000-7f8e3403b000 r--s 000df000 08:08 674005                     /home/suraj/android/android-sdk-linux/build-tools/23.0.2/lib/dx.jar
7f8e3403b000-7f8e340bf000 rw-p 00000000 00:00 0 
7f8e340bf000-7f8e340c0000 ---p 00000000 00:00 0 
7f8e340c0000-7f8e341c0000 rw-p 00000000 00:00 0                          [stack:11433]
7f8e341c0000-7f8e341c1000 ---p 00000000 00:00 0 
7f8e341c1000-7f8e342c1000 rw-p 00000000 00:00 0                          [stack:11432]
7f8e342c1000-7f8e342c2000 ---p 00000000 00:00 0 
7f8e342c2000-7f8e343c2000 rw-p 00000000 00:00 0                          [stack:11431]
7f8e343c2000-7f8e343c3000 ---p 00000000 00:00 0 
7f8e343c3000-7f8e344d8000 rw-p 00000000 00:00 0                          [stack:11430]
7f8e344d8000-7f8e34619000 ---p 00000000 00:00 0 
7f8e34619000-7f8e3462e000 rw-p 00000000 00:00 0 
7f8e3462e000-7f8e3476e000 ---p 00000000 00:00 0 
7f8e3476e000-7f8e34781000 rw-p 00000000 00:00 0 
7f8e34781000-7f8e34819000 ---p 00000000 00:00 0 
7f8e34819000-7f8e34826000 rw-p 00000000 00:00 0 
7f8e34826000-7f8e34bda000 ---p 00000000 00:00 0 
7f8e34bda000-7f8e34eba000 rwxp 00000000 00:00 0 
7f8e34eba000-7f8e43bda000 ---p 00000000 00:00 0 
7f8e43bda000-7f8e43bf4000 r-xp 00000000 08:07 911506                     /usr/lib/jvm/java-8-oracle/jre/lib/amd64/libzip.so
7f8e43bf4000-7f8e43df4000 ---p 0001a000 08:07 911506                     /usr/lib/jvm/java-8-oracle/jre/lib/amd64/libzip.so
7f8e43df4000-7f8e43df5000 rw-p 0001a000 08:07 911506                     /usr/lib/jvm/java-8-oracle/jre/lib/amd64/libzip.so
7f8e43df5000-7f8e43dff000 r-xp 00000000 08:07 12252                      /lib/x86_64-linux-gnu/libnss_files-2.19.so
7f8e43dff000-7f8e43ffe000 ---p 0000a000 08:07 12252                      /lib/x86_64-linux-gnu/libnss_files-2.19.so
7f8e43ffe000-7f8e43fff000 r--p 00009000 08:07 12252                      /lib/x86_64-linux-gnu/libnss_files-2.19.so
7f8e43fff000-7f8e44000000 rw-p 0000a000 08:07 12252                      /lib/x86_64-linux-gnu/libnss_files-2.19.so
7f8e44000000-7f8e44393000 rw-p 00000000 00:00 0 
7f8e44393000-7f8e48000000 ---p 00000000 00:00 0 
7f8e48000000-7f8e48097000 rw-p 00000000 00:00 0 
7f8e48097000-7f8e480a2000 r-xp 00000000 08:07 12244                      /lib/x86_64-linux-gnu/libnss_nis-2.19.so
7f8e480a2000-7f8e482a1000 ---p 0000b000 08:07 12244                      /lib/x86_64-linux-gnu/libnss_nis-2.19.so
7f8e482a1000-7f8e482a2000 r--p 0000a000 08:07 12244                      /lib/x86_64-linux-gnu/libnss_nis-2.19.so
7f8e482a2000-7f8e482a3000 rw-p 0000b000 08:07 12244                      /lib/x86_64-linux-gnu/libnss_nis-2.19.so
7f8e482a3000-7f8e482ba000 r-xp 00000000 08:07 12240                      /lib/x86_64-linux-gnu/libnsl-2.19.so
7f8e482ba000-7f8e484b9000 ---p 00017000 08:07 12240                      /lib/x86_64-linux-gnu/libnsl-2.19.so
7f8e484b9000-7f8e484ba000 r--p 00016000 08:07 12240                      /lib/x86_64-linux-gnu/libnsl-2.19.so
7f8e484ba000-7f8e484bb000 rw-p 00017000 08:07 12240                      /lib/x86_64-linux-gnu/libnsl-2.19.so
7f8e484bb000-7f8e484bd000 rw-p 00000000 00:00 0 
7f8e484bd000-7f8e484c6000 r-xp 00000000 08:07 12239                      /lib/x86_64-linux-gnu/libnss_compat-2.19.so
7f8e484c6000-7f8e486c5000 ---p 00009000 08:07 12239                      /lib/x86_64-linux-gnu/libnss_compat-2.19.so
7f8e486c5000-7f8e486c6000 r--p 00008000 08:07 12239                      /lib/x86_64-linux-gnu/libnss_compat-2.19.so
7f8e486c6000-7f8e486c7000 rw-p 00009000 08:07 12239                      /lib/x86_64-linux-gnu/libnss_compat-2.19.so
7f8e486c7000-7f8e486f2000 r-xp 00000000 08:07 911578                     /usr/lib/jvm/java-8-oracle/jre/lib/amd64/libjava.so
7f8e486f2000-7f8e488f1000 ---p 0002b000 08:07 911578                     /usr/lib/jvm/java-8-oracle/jre/lib/amd64/libjava.so
7f8e488f1000-7f8e488f3000 rw-p 0002a000 08:07 911578                     /usr/lib/jvm/java-8-oracle/jre/lib/amd64/libjava.so
7f8e488f3000-7f8e48900000 r-xp 00000000 08:07 911690                     /usr/lib/jvm/java-8-oracle/jre/lib/amd64/libverify.so
7f8e48900000-7f8e48aff000 ---p 0000d000 08:07 911690                     /usr/lib/jvm/java-8-oracle/jre/lib/amd64/libverify.so
7f8e48aff000-7f8e48b01000 rw-p 0000c000 08:07 911690                     /usr/lib/jvm/java-8-oracle/jre/lib/amd64/libverify.so
7f8e48b01000-7f8e48b08000 r-xp 00000000 08:07 12248                      /lib/x86_64-linux-gnu/librt-2.19.so
7f8e48b08000-7f8e48d07000 ---p 00007000 08:07 12248                      /lib/x86_64-linux-gnu/librt-2.19.so
7f8e48d07000-7f8e48d08000 r--p 00006000 08:07 12248                      /lib/x86_64-linux-gnu/librt-2.19.so
7f8e48d08000-7f8e48d09000 rw-p 00007000 08:07 12248                      /lib/x86_64-linux-gnu/librt-2.19.so
7f8e48d09000-7f8e48e0e000 r-xp 00000000 08:07 10642                      /lib/x86_64-linux-gnu/libm-2.19.so
7f8e48e0e000-7f8e4900d000 ---p 00105000 08:07 10642                      /lib/x86_64-linux-gnu/libm-2.19.so
7f8e4900d000-7f8e4900e000 r--p 00104000 08:07 10642                      /lib/x86_64-linux-gnu/libm-2.19.so
7f8e4900e000-7f8e4900f000 rw-p 00105000 08:07 10642                      /lib/x86_64-linux-gnu/libm-2.19.so
7f8e4900f000-7f8e49cdc000 r-xp 00000000 08:07 911638                     /usr/lib/jvm/java-8-oracle/jre/lib/amd64/server/libjvm.so
7f8e49cdc000-7f8e49edb000 ---p 00ccd000 08:07 911638                     /usr/lib/jvm/java-8-oracle/jre/lib/amd64/server/libjvm.so
7f8e49edb000-7f8e49fb4000 rw-p 00ccc000 08:07 911638                     /usr/lib/jvm/java-8-oracle/jre/lib/amd64/server/libjvm.so
7f8e49fb4000-7f8e49fff000 rw-p 00000000 00:00 0 
7f8e49fff000-7f8e4a1b9000 r-xp 00000000 08:07 12249                      /lib/x86_64-linux-gnu/libc-2.19.so
7f8e4a1b9000-7f8e4a3b9000 ---p 001ba000 08:07 12249                      /lib/x86_64-linux-gnu/libc-2.19.so
7f8e4a3b9000-7f8e4a3bd000 r--p 001ba000 08:07 12249                      /lib/x86_64-linux-gnu/libc-2.19.so
7f8e4a3bd000-7f8e4a3bf000 rw-p 001be000 08:07 12249                      /lib/x86_64-linux-gnu/libc-2.19.so
7f8e4a3bf000-7f8e4a3c4000 rw-p 00000000 00:00 0 
7f8e4a3c4000-7f8e4a3c7000 r-xp 00000000 08:07 12236                      /lib/x86_64-linux-gnu/libdl-2.19.so
7f8e4a3c7000-7f8e4a5c6000 ---p 00003000 08:07 12236                      /lib/x86_64-linux-gnu/libdl-2.19.so
7f8e4a5c6000-7f8e4a5c7000 r--p 00002000 08:07 12236                      /lib/x86_64-linux-gnu/libdl-2.19.so
7f8e4a5c7000-7f8e4a5c8000 rw-p 00003000 08:07 12236                      /lib/x86_64-linux-gnu/libdl-2.19.so
7f8e4a5c8000-7f8e4a5dd000 r-xp 00000000 08:07 550623                     /usr/lib/jvm/java-8-oracle/lib/amd64/jli/libjli.so
7f8e4a5dd000-7f8e4a7dd000 ---p 00015000 08:07 550623                     /usr/lib/jvm/java-8-oracle/lib/amd64/jli/libjli.so
7f8e4a7dd000-7f8e4a7de000 rw-p 00015000 08:07 550623                     /usr/lib/jvm/java-8-oracle/lib/amd64/jli/libjli.so
7f8e4a7de000-7f8e4a7f7000 r-xp 00000000 08:07 12241                      /lib/x86_64-linux-gnu/libpthread-2.19.so
7f8e4a7f7000-7f8e4a9f6000 ---p 00019000 08:07 12241                      /lib/x86_64-linux-gnu/libpthread-2.19.so
7f8e4a9f6000-7f8e4a9f7000 r--p 00018000 08:07 12241                      /lib/x86_64-linux-gnu/libpthread-2.19.so
7f8e4a9f7000-7f8e4a9f8000 rw-p 00019000 08:07 12241                      /lib/x86_64-linux-gnu/libpthread-2.19.so
7f8e4a9f8000-7f8e4a9fc000 rw-p 00000000 00:00 0 
7f8e4a9fc000-7f8e4aa1f000 r-xp 00000000 08:07 12242                      /lib/x86_64-linux-gnu/ld-2.19.so
7f8e4aa22000-7f8e4aaf4000 rw-p 00000000 00:00 0 
7f8e4aaf4000-7f8e4aaf7000 ---p 00000000 00:00 0 
7f8e4aaf7000-7f8e4abf9000 rw-p 00000000 00:00 0                          [stack:11429]
7f8e4abfd000-7f8e4ac12000 rw-p 00000000 00:00 0 
7f8e4ac12000-7f8e4ac1a000 rw-s 00000000 08:07 138432                     /tmp/hsperfdata_suraj/11424
7f8e4ac1a000-7f8e4ac1b000 rw-p 00000000 00:00 0 
7f8e4ac1b000-7f8e4ac1c000 ---p 00000000 00:00 0 
7f8e4ac1c000-7f8e4ac1e000 rw-p 00000000 00:00 0 
7f8e4ac1e000-7f8e4ac1f000 r--p 00022000 08:07 12242                      /lib/x86_64-linux-gnu/ld-2.19.so
7f8e4ac1f000-7f8e4ac20000 rw-p 00023000 08:07 12242                      /lib/x86_64-linux-gnu/ld-2.19.so
7f8e4ac20000-7f8e4ac21000 rw-p 00000000 00:00 0 
7fffbbcf3000-7fffbbd15000 rw-p 00000000 00:00 0                          [stack]
7fffbbdfc000-7fffbbdfe000 r--p 00000000 00:00 0                          [vvar]
7fffbbdfe000-7fffbbe00000 r-xp 00000000 00:00 0                          [vdso]
ffffffffff600000-ffffffffff601000 r-xp 00000000 00:00 0                  [vsyscall]

VM Arguments:
jvm_args: -Djava.awt.headless=true -Xmx1024M -Dfile.encoding=UTF-8 -Duser.country=IN -Duser.language=en -Duser.variant 
java_command: com.android.dx.command.Main --dex --num-threads=4 --output /home/suraj/AndroidstudioProjects/INC16 User/XposedTest/app/build/intermediates/transforms/dex/debug/folders/1000/1f/main /home/suraj/AndroidstudioProjects/INC16 User/XposedTest/app/build/intermediates/pre-dexed/debug/com.android.support-animated-vector-drawable-23.4.0_be07353bb16ccf0fef505a69943d9fc09dc9642f.jar /home/suraj/AndroidstudioProjects/INC16 User/XposedTest/app/build/intermediates/pre-dexed/debug/support-annotations-23.4.0_a3d745a1bf1a04805be999cf311c31524f1d1636.jar /home/suraj/AndroidstudioProjects/INC16 User/XposedTest/app/build/intermediates/pre-dexed/debug/com.android.support-support-vector-drawable-23.4.0_676447daa75c9db9d8d35a0d5a51b5319efb8353.jar /home/suraj/AndroidstudioProjects/INC16 User/XposedTest/app/build/intermediates/pre-dexed/debug/com.android.support-appcompat-v7-23.4.0_981c9b2855867cfdd2459ee07aaed4157488c5e7.jar /home/suraj/AndroidstudioProjects/INC16 User/XposedTest/app/build/intermediates/pre-dexed/debug/com.android.support-recyclerview-v7-23.4.0_60f4a804d294ac777e8e7b246198bcdea18d9228.jar /home/suraj/AndroidstudioProjects/INC16 User/XposedTest/app/build/intermediates/pre-dexed/debug/com.android.support-design-23.4.0_487aa70fa98c1fda507e1c0a0ea7e84278685d12.jar /home/suraj/AndroidstudioProjects/INC16 User/XposedTest/app/build/intermediates/pre-dexed/debug/library-1.2.1_a9bf2a182df75226315f1e1aaec82d17cec0acea.jar /home/suraj/AndroidstudioProjects/INC16 User/XposedTest/app/build/intermediates/pre-dexed/debug/com.android.support-support-v4-23.4.0_5fd6493f1f433588c7e5dee639f964f183a31c78.jar /home/suraj/AndroidstudioProjects/INC16 User/XposedTest/app/build/intermediates/pre-dexed/debug/internal_impl-23.4.0_7b80d44c2ff9553ffe60d6c56827fc31271eb388.jar /home/suraj/AndroidstudioProjects/INC16 User/XposedTest/app/build/intermediates/pre-dexed/debug/com.rarepebble-colorpicker-2.0.0_963a616bf0207e9f5c137440c961c492dbad42c7.jar /home/suraj/AndroidstudioProjects/INC16 
java_class_path (initial): /home/suraj/android/android-sdk-linux/build-tools/23.0.2/lib/dx.jar
Launcher Type: SUN_STANDARD

Environment Variables:
JAVA_HOME=/usr/lib/jvm/java-8-oracle
PATH=/usr/local/heroku/bin:/home/suraj/.rbenv/plugins/ruby-build/bin:/home/suraj/.rbenv/shims:/home/suraj/.rbenv/bin:/usr/local/sbin:/usr/local/bin:/usr/sbin:/usr/bin:/sbin:/bin:/usr/games:/usr/local/games:/usr/lib/jvm/java-8-oracle/bin:/usr/lib/jvm/java-8-oracle/db/bin:/usr/lib/jvm/java-8-oracle/jre/bin:/home/suraj/scripts/:/home/suraj/scala-2.11.8/bin/:/home/suraj/android/toolchain/arm-cortex_a8-linux-gnueabi-linaro_4.7.4-2014.04/bin:/home/suraj/android/android-sdk-linux/tools:/home/suraj/android/android-sdk-linux/platform-tools
LD_LIBRARY_PATH=/home/suraj/android-studio/bin::/usr/local/lib
SHELL=/bin/bash
DISPLAY=:0
ARCH=arm

Signal Handlers:
SIGSEGV: [libjvm.so+0xac64b0], sa_mask[0]=11111111011111111101111111111110, sa_flags=SA_RESTART|SA_SIGINFO
SIGBUS: [libjvm.so+0xac64b0], sa_mask[0]=11111111011111111101111111111110, sa_flags=SA_RESTART|SA_SIGINFO
SIGFPE: [libjvm.so+0x91f950], sa_mask[0]=11111111011111111101111111111110, sa_flags=SA_RESTART|SA_SIGINFO
SIGPIPE: [libjvm.so+0x91f950], sa_mask[0]=11111111011111111101111111111110, sa_flags=SA_RESTART|SA_SIGINFO
SIGXFSZ: [libjvm.so+0x91f950], sa_mask[0]=11111111011111111101111111111110, sa_flags=SA_RESTART|SA_SIGINFO
SIGILL: [libjvm.so+0x91f950], sa_mask[0]=11111111011111111101111111111110, sa_flags=SA_RESTART|SA_SIGINFO
SIGUSR1: SIG_DFL, sa_mask[0]=00000000000000000000000000000000, sa_flags=none
SIGUSR2: [libjvm.so+0x920f80], sa_mask[0]=00100000000000000000000000000000, sa_flags=SA_RESTART|SA_SIGINFO
SIGHUP: [libjvm.so+0x922380], sa_mask[0]=11111111011111111101111111111110, sa_flags=SA_RESTART|SA_SIGINFO
SIGINT: [libjvm.so+0x922380], sa_mask[0]=11111111011111111101111111111110, sa_flags=SA_RESTART|SA_SIGINFO
SIGTERM: [libjvm.so+0x922380], sa_mask[0]=11111111011111111101111111111110, sa_flags=SA_RESTART|SA_SIGINFO
SIGQUIT: [libjvm.so+0x922380], sa_mask[0]=11111111011111111101111111111110, sa_flags=SA_RESTART|SA_SIGINFO


---------------  S Y S T E M  ---------------

OS:DISTRIB_ID=Ubuntu
DISTRIB_RELEASE=14.04
DISTRIB_CODENAME=trusty
DISTRIB_DESCRIPTION="Ubuntu 14.04.5 LTS"

uname:Linux 3.17.0-031700-generic #201410060605 SMP Mon Oct 6 10:07:09 UTC 2014 x86_64
libc:glibc 2.19 NPTL 2.19 
rlimit: STACK 8192k, CORE 0k, NPROC 15261, NOFILE 4096, AS infinity
load average:3.49 1.82 1.44

/proc/meminfo:
MemTotal:        3952400 kB
MemFree:          101716 kB
MemAvailable:      43780 kB
Buffers:             220 kB
Cached:           569088 kB
SwapCached:            0 kB
Active:          3102412 kB
Inactive:         536352 kB
Active(anon):    3098740 kB
Inactive(anon):   525408 kB
Active(file):       3672 kB
Inactive(file):    10944 kB
Unevictable:          32 kB
Mlocked:              32 kB
SwapTotal:             0 kB
SwapFree:              0 kB
Dirty:               160 kB
Writeback:             0 kB
AnonPages:       3070152 kB
Mapped:           122612 kB
Shmem:            554172 kB
Slab:              73680 kB
SReclaimable:      38440 kB
SUnreclaim:        35240 kB
KernelStack:       11616 kB
PageTables:        38696 kB
NFS_Unstable:          0 kB
Bounce:                0 kB
WritebackTmp:          0 kB
CommitLimit:     1976200 kB
Committed_AS:    7611492 kB
VmallocTotal:   34359738367 kB
VmallocUsed:      352420 kB
VmallocChunk:   34359293896 kB
HardwareCorrupted:     0 kB
AnonHugePages:   1091584 kB
HugePages_Total:       0
HugePages_Free:        0
HugePages_Rsvd:        0
HugePages_Surp:        0
Hugepagesize:       2048 kB
DirectMap4k:       70932 kB
DirectMap2M:     2979840 kB
DirectMap1G:     1048576 kB


CPU:total 4 (2 cores per cpu, 2 threads per core) family 6 model 69 stepping 1, cmov, cx8, fxsr, mmx, sse, sse2, sse3, ssse3, sse4.1, sse4.2, popcnt, avx, avx2, aes, clmul, erms, lzcnt, ht, tsc, tscinvbit, bmi1, bmi2

/proc/cpuinfo:
processor	: 0
vendor_id	: GenuineIntel
cpu family	: 6
model		: 69
model name	: Intel(R) Core(TM) i5-4200U CPU @ 1.60GHz
stepping	: 1
microcode	: 0x16
cpu MHz		: 1831.824
cache size	: 3072 KB
physical id	: 0
siblings	: 4
core id		: 0
cpu cores	: 2
apicid		: 0
initial apicid	: 0
fpu		: yes
fpu_exception	: yes
cpuid level	: 13
wp		: yes
flags		: fpu vme de pse tsc msr pae mce cx8 apic sep mtrr pge mca cmov pat pse36 clflush dts acpi mmx fxsr sse sse2 ss ht tm pbe syscall nx pdpe1gb rdtscp lm constant_tsc arch_perfmon pebs bts rep_good nopl xtopology nonstop_tsc aperfmperf eagerfpu pni pclmulqdq dtes64 monitor ds_cpl vmx est tm2 ssse3 fma cx16 xtpr pdcm pcid sse4_1 sse4_2 movbe popcnt tsc_deadline_timer aes xsave avx f16c rdrand lahf_lm abm ida arat epb pln pts dtherm tpr_shadow vnmi flexpriority ept vpid fsgsbase tsc_adjust bmi1 avx2 smep bmi2 erms invpcid xsaveopt
bugs		:
bogomips	: 4589.31
clflush size	: 64
cache_alignment	: 64
address sizes	: 39 bits physical, 48 bits virtual
power management:

processor	: 1
vendor_id	: GenuineIntel
cpu family	: 6
model		: 69
model name	: Intel(R) Core(TM) i5-4200U CPU @ 1.60GHz
stepping	: 1
microcode	: 0x16
cpu MHz		: 845.789
cache size	: 3072 KB
physical id	: 0
siblings	: 4
core id		: 1
cpu cores	: 2
apicid		: 2
initial apicid	: 2
fpu		: yes
fpu_exception	: yes
cpuid level	: 13
wp		: yes
flags		: fpu vme de pse tsc msr pae mce cx8 apic sep mtrr pge mca cmov pat pse36 clflush dts acpi mmx fxsr sse sse2 ss ht tm pbe syscall nx pdpe1gb rdtscp lm constant_tsc arch_perfmon pebs bts rep_good nopl xtopology nonstop_tsc aperfmperf eagerfpu pni pclmulqdq dtes64 monitor ds_cpl vmx est tm2 ssse3 fma cx16 xtpr pdcm pcid sse4_1 sse4_2 movbe popcnt tsc_deadline_timer aes xsave avx f16c rdrand lahf_lm abm ida arat epb pln pts dtherm tpr_shadow vnmi flexpriority ept vpid fsgsbase tsc_adjust bmi1 avx2 smep bmi2 erms invpcid xsaveopt
bugs		:
bogomips	: 4589.31
clflush size	: 64
cache_alignment	: 64
address sizes	: 39 bits physical, 48 bits virtual
power management:

processor	: 2
vendor_id	: GenuineIntel
cpu family	: 6
model		: 69
model name	: Intel(R) Core(TM) i5-4200U CPU @ 1.60GHz
stepping	: 1
microcode	: 0x16
cpu MHz		: 1480.445
cache size	: 3072 KB
physical id	: 0
siblings	: 4
core id		: 0
cpu cores	: 2
apicid		: 1
initial apicid	: 1
fpu		: yes
fpu_exception	: yes
cpuid level	: 13
wp		: yes
flags		: fpu vme de pse tsc msr pae mce cx8 apic sep mtrr pge mca cmov pat pse36 clflush dts acpi mmx fxsr sse sse2 ss ht tm pbe syscall nx pdpe1gb rdtscp lm constant_tsc arch_perfmon pebs bts rep_good nopl xtopology nonstop_tsc aperfmperf eagerfpu pni pclmulqdq dtes64 monitor ds_cpl vmx est tm2 ssse3 fma cx16 xtpr pdcm pcid sse4_1 sse4_2 movbe popcnt tsc_deadline_timer aes xsave avx f16c rdrand lahf_lm abm ida arat epb pln pts dtherm tpr_shadow vnmi flexpriority ept vpid fsgsbase tsc_adjust bmi1 avx2 smep bmi2 erms invpcid xsaveopt
bugs		:
bogomips	: 4589.31
clflush size	: 64
cache_alignment	: 64
address sizes	: 39 bits physical, 48 bits virtual
power management:

processor	: 3
vendor_id	: GenuineIntel
cpu family	: 6
model		: 69
model name	: Intel(R) Core(TM) i5-4200U CPU @ 1.60GHz
stepping	: 1
microcode	: 0x16
cpu MHz		: 799.968
cache size	: 3072 KB
physical id	: 0
siblings	: 4
core id		: 1
cpu cores	: 2
apicid		: 3
initial apicid	: 3
fpu		: yes
fpu_exception	: yes
cpuid level	: 13
wp		: yes
flags		: fpu vme de pse tsc msr pae mce cx8 apic sep mtrr pge mca cmov pat pse36 clflush dts acpi mmx fxsr sse sse2 ss ht tm pbe syscall nx pdpe1gb rdtscp lm constant_tsc arch_perfmon pebs bts rep_good nopl xtopology nonstop_tsc aperfmperf eagerfpu pni pclmulqdq dtes64 monitor ds_cpl vmx est tm2 ssse3 fma cx16 xtpr pdcm pcid sse4_1 sse4_2 movbe popcnt tsc_deadline_timer aes xsave avx f16c rdrand lahf_lm abm ida arat epb pln pts dtherm tpr_shadow vnmi flexpriority ept vpid fsgsbase tsc_adjust bmi1 avx2 smep bmi2 erms invpcid xsaveopt
bugs		:
bogomips	: 4589.31
clflush size	: 64
cache_alignment	: 64
address sizes	: 39 bits physical, 48 bits virtual
power management:



Memory: 4k page, physical 3952400k(100768k free), swap 0k(0k free)

vm_info: Java HotSpot(TM) 64-Bit Server VM (25.111-b14) for linux-amd64 JRE (1.8.0_111-b14), built on Sep 22 2016 16:14:03 by "java_re" with gcc 4.3.0 20080428 (Red Hat 4.3.0-8)

time: Fri Nov  4 11:38:44 2016
elapsed time: 2 seconds (0d 0h 0m 2s)

